#
# There is insufficient memory for the Java Runtime Environment to continue.
# Native memory allocation (malloc) failed to allocate 659456 bytes for Chunk::new
# Possible reasons:
#   The system is out of physical RAM or swap space
#   The process is running with CompressedOops enabled, and the Java Heap may be blocking the growth of the native heap
# Possible solutions:
#   Reduce memory load on the system
#   Increase physical memory or swap space
#   Check if swap backing store is full
#   Decrease Java heap size (-Xmx/-Xms)
#   Decrease number of Java threads
#   Decrease Java thread stack sizes (-Xss)
#   Set larger code cache with -XX:ReservedCodeCacheSize=
#   JVM is running with Unscaled Compressed Oops mode in which the Java heap is
#     placed in the first 4GB address space. The Java Heap base address is the
#     maximum limit for the native heap growth. Please use -XX:HeapBaseMinAddress
#     to set the Java Heap base and to place the Java Heap above 4GB virtual address.
# This output file may be truncated or incomplete.
#
#  Out of Memory Error (./open/src/hotspot/share/memory/arena.cpp:195), pid=14868, tid=6352
#
# JRE version: Java(TM) SE Runtime Environment (15.0.2+7) (build 15.0.2+7-27)
# Java VM: Java HotSpot(TM) 64-Bit Server VM (15.0.2+7-27, mixed mode, sharing, tiered, compressed oops, g1 gc, windows-amd64)
# No core dump will be written. Minidumps are not enabled by default on client versions of Windows
#

---------------  S U M M A R Y ------------

Command Line: -javaagent:C:\Program Files\JetBrains\IntelliJ IDEA Community Edition 2020.3.2\lib\idea_rt.jar=52354:C:\Program Files\JetBrains\IntelliJ IDEA Community Edition 2020.3.2\bin -Dfile.encoding=UTF-8 dev.fenix.application.Application

Host: Intel(R) Core(TM) i7-6500U CPU @ 2.50GHz, 4 cores, 7G,  Windows 10 , 64 bit Build 18362 (10.0.18362.1500)
Time: Thu Dec 16 10:18:56 2021 Maroc (heure d?été) elapsed time: 2.524469 seconds (0d 0h 0m 2s)

---------------  T H R E A D  ---------------

Current thread (0x000002d2723c00a0):  JavaThread "C2 CompilerThread0" daemon [_thread_in_native, id=6352, stack(0x000000d8f0100000,0x000000d8f0200000)]


Current CompileTask:
C2:   2524 1604       4       org.springframework.boot.context.properties.source.ConfigurationPropertyName$ElementsParser::parse (234 bytes)

Stack: [0x000000d8f0100000,0x000000d8f0200000]
Native frames: (J=compiled Java code, j=interpreted, Vv=VM code, C=native code)
V  [jvm.dll+0x62ae9a]
V  [jvm.dll+0x7817a9]
V  [jvm.dll+0x782f03]
V  [jvm.dll+0x783563]
V  [jvm.dll+0x216325]
V  [jvm.dll+0x97f3a]
V  [jvm.dll+0x9861c]
V  [jvm.dll+0x279f9f]
V  [jvm.dll+0x540794]
V  [jvm.dll+0x1f2cd4]
V  [jvm.dll+0x1ec348]
V  [jvm.dll+0x1e9867]
V  [jvm.dll+0x178567]
V  [jvm.dll+0x1f9225]
V  [jvm.dll+0x1f72cc]
V  [jvm.dll+0x74495d]
V  [jvm.dll+0x73d75a]
V  [jvm.dll+0x629c56]
C  [ucrtbase.dll+0x210b2]
C  [KERNEL32.DLL+0x17c24]
C  [ntdll.dll+0x6d721]


---------------  P R O C E S S  ---------------

Threads class SMR info:
_java_thread_list=0x000002d274032ea0, length=14, elements={
0x000002d254176e00, 0x000002d2723a2fa0, 0x000002d2723a3b70, 0x000002d2723b9060,
0x000002d2723bb930, 0x000002d2723bf210, 0x000002d2723c00a0, 0x000002d272d55a20,
0x000002d272d55f30, 0x000002d272380f50, 0x000002d2733b7100, 0x000002d27301bf30,
0x000002d273cab0f0, 0x000002d2740a82d0
}

Java Threads: ( => current thread )
  0x000002d254176e00 JavaThread "main" [_thread_blocked, id=9116, stack(0x000000d8ef500000,0x000000d8ef600000)]
  0x000002d2723a2fa0 JavaThread "Reference Handler" daemon [_thread_blocked, id=12416, stack(0x000000d8efc00000,0x000000d8efd00000)]
  0x000002d2723a3b70 JavaThread "Finalizer" daemon [_thread_blocked, id=8144, stack(0x000000d8efd00000,0x000000d8efe00000)]
  0x000002d2723b9060 JavaThread "Signal Dispatcher" daemon [_thread_blocked, id=17612, stack(0x000000d8efe00000,0x000000d8eff00000)]
  0x000002d2723bb930 JavaThread "Attach Listener" daemon [_thread_blocked, id=14068, stack(0x000000d8eff00000,0x000000d8f0000000)]
  0x000002d2723bf210 JavaThread "Service Thread" daemon [_thread_blocked, id=12356, stack(0x000000d8f0000000,0x000000d8f0100000)]
=>0x000002d2723c00a0 JavaThread "C2 CompilerThread0" daemon [_thread_in_native, id=6352, stack(0x000000d8f0100000,0x000000d8f0200000)]
  0x000002d272d55a20 JavaThread "C1 CompilerThread0" daemon [_thread_in_native, id=7568, stack(0x000000d8f0200000,0x000000d8f0300000)]
  0x000002d272d55f30 JavaThread "Sweeper thread" daemon [_thread_blocked, id=14156, stack(0x000000d8f0300000,0x000000d8f0400000)]
  0x000002d272380f50 JavaThread "Common-Cleaner" daemon [_thread_blocked, id=2700, stack(0x000000d8f0400000,0x000000d8f0500000)]
  0x000002d2733b7100 JavaThread "Monitor Ctrl-Break" daemon [_thread_in_native, id=12032, stack(0x000000d8f0500000,0x000000d8f0600000)]
  0x000002d27301bf30 JavaThread "Notification Thread" daemon [_thread_blocked, id=19120, stack(0x000000d8f0600000,0x000000d8f0700000)]
  0x000002d273cab0f0 JavaThread "C2 CompilerThread1" daemon [_thread_in_native, id=8960, stack(0x000000d8f0b00000,0x000000d8f0c00000)]
  0x000002d2740a82d0 JavaThread "background-preinit" [_thread_in_vm, id=5972, stack(0x000000d8f0c00000,0x000000d8f0d00000)]

Other Threads:
  0x000002d27239d3c0 VMThread "VM Thread" [stack: 0x000000d8efb00000,0x000000d8efc00000] [id=1272] _threads_hazard_ptr=0x000002d274032ea0
  0x000002d27302b110 WatcherThread [stack: 0x000000d8f0700000,0x000000d8f0800000] [id=13136]
  0x000002d2541b5fd0 GCTaskThread "GC Thread#0" [stack: 0x000000d8ef600000,0x000000d8ef700000] [id=16192]
  0x000002d273459430 GCTaskThread "GC Thread#1" [stack: 0x000000d8f0800000,0x000000d8f0900000] [id=2496]
  0x000002d273457de0 GCTaskThread "GC Thread#2" [stack: 0x000000d8f0900000,0x000000d8f0a00000] [id=14648]
  0x000002d2541c7f30 ConcurrentGCThread "G1 Main Marker" [stack: 0x000000d8ef700000,0x000000d8ef800000] [id=17220]
  0x000002d2541c9b30 ConcurrentGCThread "G1 Conc#0" [stack: 0x000000d8ef800000,0x000000d8ef900000] [id=19300]
  0x000002d2722140b0 ConcurrentGCThread "G1 Refine#0" [stack: 0x000000d8ef900000,0x000000d8efa00000] [id=6336]
  0x000002d273728020 ConcurrentGCThread "G1 Refine#1" [stack: 0x000000d8f0a00000,0x000000d8f0b00000] [id=7332]
  0x000002d25422e050 ConcurrentGCThread "G1 Young RemSet Sampling" [stack: 0x000000d8efa00000,0x000000d8efb00000] [id=18292]

Threads with active compile tasks:
C2 CompilerThread0     2588 1604       4       org.springframework.boot.context.properties.source.ConfigurationPropertyName$ElementsParser::parse (234 bytes)
C1 CompilerThread0     2588 1615       3       org.springframework.boot.context.properties.source.SpringConfigurationPropertySources$SourcesIterator::hasNext (13 bytes)
C2 CompilerThread1     2588 1616       4       org.springframework.boot.context.properties.source.ConfigurationPropertyName::getElement (161 bytes)

VM state: synchronizing (normal execution)

VM Mutex/Monitor currently owned by a thread:  ([mutex/lock_event])
[0x000002d254172530] Threads_lock - owner thread: 0x000002d27239d3c0
[0x000002d254171e70] Heap_lock - owner thread: 0x000002d254176e00

Heap address: 0x0000000081800000, size: 2024 MB, Compressed Oops mode: 32-bit
CDS archive(s) mapped at: [0x0000000800000000-0x0000000800b50000-0x0000000800b50000), size 11862016, SharedBaseAddress: 0x0000000800000000, ArchiveRelocationMode: 0.
Compressed class space mapped at: 0x0000000800b50000-0x0000000840b50000, size: 1073741824
Narrow klass base: 0x0000000800000000, Narrow klass shift: 3, Narrow klass range: 0x100000000

GC Precious Log:
 CPUs: 4 total, 4 available
 Memory: 8089M
 Large Page Support: Disabled
 NUMA Support: Disabled
 Compressed Oops: Enabled (32-bit)
 Heap Region Size: 1M
 Heap Min Capacity: 8M
 Heap Initial Capacity: 128M
 Heap Max Capacity: 2024M
 Pre-touch: Disabled
 Parallel Workers: 4
 Concurrent Workers: 1
 Concurrent Refinement Workers: 4
 Periodic GC: Disabled

Heap:
 garbage-first heap   total 131072K, used 22499K [0x0000000081800000, 0x0000000100000000)
  region size 1024K, 17 young (17408K), 1 survivors (1024K)
 Metaspace       used 9547K, capacity 9923K, committed 9984K, reserved 1062912K
  class space    used 1143K, capacity 1241K, committed 1280K, reserved 1048576K

Heap Regions: E=young(eden), S=young(survivor), O=old, HS=humongous(starts), HC=humongous(continues), CS=collection set, F=free, OA=open archive, CA=closed archive, TAMS=top-at-mark-start (previous, next)
|   0|0x0000000081800000, 0x0000000081900000, 0x0000000081900000|100%|HS|  |TAMS 0x0000000081800000, 0x0000000081800000| Complete 
|   1|0x0000000081900000, 0x0000000081a00000, 0x0000000081a00000|100%| O|  |TAMS 0x0000000081900000, 0x0000000081900000| Untracked 
|   2|0x0000000081a00000, 0x0000000081b00000, 0x0000000081b00000|100%| O|  |TAMS 0x0000000081a00000, 0x0000000081a00000| Untracked 
|   3|0x0000000081b00000, 0x0000000081c00000, 0x0000000081c00000|100%| O|  |TAMS 0x0000000081b00000, 0x0000000081b00000| Untracked 
|   4|0x0000000081c00000, 0x0000000081d00000, 0x0000000081d00000|100%| O|  |TAMS 0x0000000081c00000, 0x0000000081c00000| Untracked 
|   5|0x0000000081d00000, 0x0000000081e00000, 0x0000000081e00000|100%| O|  |TAMS 0x0000000081d00000, 0x0000000081d00000| Untracked 
|   6|0x0000000081e00000, 0x0000000081f00000, 0x0000000081f00000|100%| O|  |TAMS 0x0000000081e00000, 0x0000000081e00000| Untracked 
|   7|0x0000000081f00000, 0x0000000081f20e00, 0x0000000082000000| 12%| O|  |TAMS 0x0000000081f00000, 0x0000000081f00000| Untracked 
|   8|0x0000000082000000, 0x0000000082000000, 0x0000000082100000|  0%| F|  |TAMS 0x0000000082000000, 0x0000000082000000| Untracked 
|   9|0x0000000082100000, 0x0000000082100000, 0x0000000082200000|  0%| F|  |TAMS 0x0000000082100000, 0x0000000082100000| Untracked 
|  10|0x0000000082200000, 0x0000000082200000, 0x0000000082300000|  0%| F|  |TAMS 0x0000000082200000, 0x0000000082200000| Untracked 
|  11|0x0000000082300000, 0x0000000082300000, 0x0000000082400000|  0%| F|  |TAMS 0x0000000082300000, 0x0000000082300000| Untracked 
|  12|0x0000000082400000, 0x0000000082400000, 0x0000000082500000|  0%| F|  |TAMS 0x0000000082400000, 0x0000000082400000| Untracked 
|  13|0x0000000082500000, 0x0000000082500000, 0x0000000082600000|  0%| F|  |TAMS 0x0000000082500000, 0x0000000082500000| Untracked 
|  14|0x0000000082600000, 0x0000000082600000, 0x0000000082700000|  0%| F|  |TAMS 0x0000000082600000, 0x0000000082600000| Untracked 
|  15|0x0000000082700000, 0x0000000082700000, 0x0000000082800000|  0%| F|  |TAMS 0x0000000082700000, 0x0000000082700000| Untracked 
|  16|0x0000000082800000, 0x0000000082800000, 0x0000000082900000|  0%| F|  |TAMS 0x0000000082800000, 0x0000000082800000| Untracked 
|  17|0x0000000082900000, 0x0000000082900000, 0x0000000082a00000|  0%| F|  |TAMS 0x0000000082900000, 0x0000000082900000| Untracked 
|  18|0x0000000082a00000, 0x0000000082a00000, 0x0000000082b00000|  0%| F|  |TAMS 0x0000000082a00000, 0x0000000082a00000| Untracked 
|  19|0x0000000082b00000, 0x0000000082b00000, 0x0000000082c00000|  0%| F|  |TAMS 0x0000000082b00000, 0x0000000082b00000| Untracked 
|  20|0x0000000082c00000, 0x0000000082c00000, 0x0000000082d00000|  0%| F|  |TAMS 0x0000000082c00000, 0x0000000082c00000| Untracked 
|  21|0x0000000082d00000, 0x0000000082d00000, 0x0000000082e00000|  0%| F|  |TAMS 0x0000000082d00000, 0x0000000082d00000| Untracked 
|  22|0x0000000082e00000, 0x0000000082e00000, 0x0000000082f00000|  0%| F|  |TAMS 0x0000000082e00000, 0x0000000082e00000| Untracked 
|  23|0x0000000082f00000, 0x0000000082f00000, 0x0000000083000000|  0%| F|  |TAMS 0x0000000082f00000, 0x0000000082f00000| Untracked 
|  24|0x0000000083000000, 0x0000000083000000, 0x0000000083100000|  0%| F|  |TAMS 0x0000000083000000, 0x0000000083000000| Untracked 
|  25|0x0000000083100000, 0x0000000083100000, 0x0000000083200000|  0%| F|  |TAMS 0x0000000083100000, 0x0000000083100000| Untracked 
|  26|0x0000000083200000, 0x0000000083200000, 0x0000000083300000|  0%| F|  |TAMS 0x0000000083200000, 0x0000000083200000| Untracked 
|  27|0x0000000083300000, 0x0000000083300000, 0x0000000083400000|  0%| F|  |TAMS 0x0000000083300000, 0x0000000083300000| Untracked 
|  28|0x0000000083400000, 0x0000000083400000, 0x0000000083500000|  0%| F|  |TAMS 0x0000000083400000, 0x0000000083400000| Untracked 
|  29|0x0000000083500000, 0x0000000083500000, 0x0000000083600000|  0%| F|  |TAMS 0x0000000083500000, 0x0000000083500000| Untracked 
|  30|0x0000000083600000, 0x0000000083600000, 0x0000000083700000|  0%| F|  |TAMS 0x0000000083600000, 0x0000000083600000| Untracked 
|  31|0x0000000083700000, 0x0000000083700000, 0x0000000083800000|  0%| F|  |TAMS 0x0000000083700000, 0x0000000083700000| Untracked 
|  32|0x0000000083800000, 0x0000000083800000, 0x0000000083900000|  0%| F|  |TAMS 0x0000000083800000, 0x0000000083800000| Untracked 
|  33|0x0000000083900000, 0x0000000083900000, 0x0000000083a00000|  0%| F|  |TAMS 0x0000000083900000, 0x0000000083900000| Untracked 
|  34|0x0000000083a00000, 0x0000000083a00000, 0x0000000083b00000|  0%| F|  |TAMS 0x0000000083a00000, 0x0000000083a00000| Untracked 
|  35|0x0000000083b00000, 0x0000000083b00000, 0x0000000083c00000|  0%| F|  |TAMS 0x0000000083b00000, 0x0000000083b00000| Untracked 
|  36|0x0000000083c00000, 0x0000000083c00000, 0x0000000083d00000|  0%| F|  |TAMS 0x0000000083c00000, 0x0000000083c00000| Untracked 
|  37|0x0000000083d00000, 0x0000000083d00000, 0x0000000083e00000|  0%| F|  |TAMS 0x0000000083d00000, 0x0000000083d00000| Untracked 
|  38|0x0000000083e00000, 0x0000000083e00000, 0x0000000083f00000|  0%| F|  |TAMS 0x0000000083e00000, 0x0000000083e00000| Untracked 
|  39|0x0000000083f00000, 0x0000000083f00000, 0x0000000084000000|  0%| F|  |TAMS 0x0000000083f00000, 0x0000000083f00000| Untracked 
|  40|0x0000000084000000, 0x0000000084000000, 0x0000000084100000|  0%| F|  |TAMS 0x0000000084000000, 0x0000000084000000| Untracked 
|  41|0x0000000084100000, 0x0000000084100000, 0x0000000084200000|  0%| F|  |TAMS 0x0000000084100000, 0x0000000084100000| Untracked 
|  42|0x0000000084200000, 0x0000000084200000, 0x0000000084300000|  0%| F|  |TAMS 0x0000000084200000, 0x0000000084200000| Untracked 
|  43|0x0000000084300000, 0x0000000084300000, 0x0000000084400000|  0%| F|  |TAMS 0x0000000084300000, 0x0000000084300000| Untracked 
|  44|0x0000000084400000, 0x0000000084400000, 0x0000000084500000|  0%| F|  |TAMS 0x0000000084400000, 0x0000000084400000| Untracked 
|  45|0x0000000084500000, 0x0000000084500000, 0x0000000084600000|  0%| F|  |TAMS 0x0000000084500000, 0x0000000084500000| Untracked 
|  46|0x0000000084600000, 0x0000000084600000, 0x0000000084700000|  0%| F|  |TAMS 0x0000000084600000, 0x0000000084600000| Untracked 
|  47|0x0000000084700000, 0x0000000084700000, 0x0000000084800000|  0%| F|  |TAMS 0x0000000084700000, 0x0000000084700000| Untracked 
|  48|0x0000000084800000, 0x0000000084800000, 0x0000000084900000|  0%| F|  |TAMS 0x0000000084800000, 0x0000000084800000| Untracked 
|  49|0x0000000084900000, 0x0000000084900000, 0x0000000084a00000|  0%| F|  |TAMS 0x0000000084900000, 0x0000000084900000| Untracked 
|  50|0x0000000084a00000, 0x0000000084a00000, 0x0000000084b00000|  0%| F|  |TAMS 0x0000000084a00000, 0x0000000084a00000| Untracked 
|  51|0x0000000084b00000, 0x0000000084b00000, 0x0000000084c00000|  0%| F|  |TAMS 0x0000000084b00000, 0x0000000084b00000| Untracked 
|  52|0x0000000084c00000, 0x0000000084c00000, 0x0000000084d00000|  0%| F|  |TAMS 0x0000000084c00000, 0x0000000084c00000| Untracked 
|  53|0x0000000084d00000, 0x0000000084d00000, 0x0000000084e00000|  0%| F|  |TAMS 0x0000000084d00000, 0x0000000084d00000| Untracked 
|  54|0x0000000084e00000, 0x0000000084e00000, 0x0000000084f00000|  0%| F|  |TAMS 0x0000000084e00000, 0x0000000084e00000| Untracked 
|  55|0x0000000084f00000, 0x0000000084f00000, 0x0000000085000000|  0%| F|  |TAMS 0x0000000084f00000, 0x0000000084f00000| Untracked 
|  56|0x0000000085000000, 0x0000000085000000, 0x0000000085100000|  0%| F|  |TAMS 0x0000000085000000, 0x0000000085000000| Untracked 
|  57|0x0000000085100000, 0x0000000085100000, 0x0000000085200000|  0%| F|  |TAMS 0x0000000085100000, 0x0000000085100000| Untracked 
|  58|0x0000000085200000, 0x0000000085200000, 0x0000000085300000|  0%| F|  |TAMS 0x0000000085200000, 0x0000000085200000| Untracked 
|  59|0x0000000085300000, 0x0000000085300000, 0x0000000085400000|  0%| F|  |TAMS 0x0000000085300000, 0x0000000085300000| Untracked 
|  60|0x0000000085400000, 0x0000000085400000, 0x0000000085500000|  0%| F|  |TAMS 0x0000000085400000, 0x0000000085400000| Untracked 
|  61|0x0000000085500000, 0x0000000085500000, 0x0000000085600000|  0%| F|  |TAMS 0x0000000085500000, 0x0000000085500000| Untracked 
|  62|0x0000000085600000, 0x0000000085600000, 0x0000000085700000|  0%| F|  |TAMS 0x0000000085600000, 0x0000000085600000| Untracked 
|  63|0x0000000085700000, 0x0000000085700000, 0x0000000085800000|  0%| F|  |TAMS 0x0000000085700000, 0x0000000085700000| Untracked 
|  64|0x0000000085800000, 0x0000000085800000, 0x0000000085900000|  0%| F|  |TAMS 0x0000000085800000, 0x0000000085800000| Untracked 
|  65|0x0000000085900000, 0x0000000085900000, 0x0000000085a00000|  0%| F|  |TAMS 0x0000000085900000, 0x0000000085900000| Untracked 
|  66|0x0000000085a00000, 0x0000000085a00000, 0x0000000085b00000|  0%| F|  |TAMS 0x0000000085a00000, 0x0000000085a00000| Untracked 
|  67|0x0000000085b00000, 0x0000000085b00000, 0x0000000085c00000|  0%| F|  |TAMS 0x0000000085b00000, 0x0000000085b00000| Untracked 
|  68|0x0000000085c00000, 0x0000000085c00000, 0x0000000085d00000|  0%| F|  |TAMS 0x0000000085c00000, 0x0000000085c00000| Untracked 
|  69|0x0000000085d00000, 0x0000000085d00000, 0x0000000085e00000|  0%| F|  |TAMS 0x0000000085d00000, 0x0000000085d00000| Untracked 
|  70|0x0000000085e00000, 0x0000000085e00000, 0x0000000085f00000|  0%| F|  |TAMS 0x0000000085e00000, 0x0000000085e00000| Untracked 
|  71|0x0000000085f00000, 0x0000000085f00000, 0x0000000086000000|  0%| F|  |TAMS 0x0000000085f00000, 0x0000000085f00000| Untracked 
|  72|0x0000000086000000, 0x0000000086000000, 0x0000000086100000|  0%| F|  |TAMS 0x0000000086000000, 0x0000000086000000| Untracked 
|  73|0x0000000086100000, 0x0000000086100000, 0x0000000086200000|  0%| F|  |TAMS 0x0000000086100000, 0x0000000086100000| Untracked 
|  74|0x0000000086200000, 0x0000000086200000, 0x0000000086300000|  0%| F|  |TAMS 0x0000000086200000, 0x0000000086200000| Untracked 
|  75|0x0000000086300000, 0x0000000086300000, 0x0000000086400000|  0%| F|  |TAMS 0x0000000086300000, 0x0000000086300000| Untracked 
|  76|0x0000000086400000, 0x0000000086400000, 0x0000000086500000|  0%| F|  |TAMS 0x0000000086400000, 0x0000000086400000| Untracked 
|  77|0x0000000086500000, 0x0000000086500000, 0x0000000086600000|  0%| F|  |TAMS 0x0000000086500000, 0x0000000086500000| Untracked 
|  78|0x0000000086600000, 0x0000000086600000, 0x0000000086700000|  0%| F|  |TAMS 0x0000000086600000, 0x0000000086600000| Untracked 
|  79|0x0000000086700000, 0x0000000086700000, 0x0000000086800000|  0%| F|  |TAMS 0x0000000086700000, 0x0000000086700000| Untracked 
|  80|0x0000000086800000, 0x0000000086800000, 0x0000000086900000|  0%| F|  |TAMS 0x0000000086800000, 0x0000000086800000| Untracked 
|  81|0x0000000086900000, 0x0000000086900000, 0x0000000086a00000|  0%| F|  |TAMS 0x0000000086900000, 0x0000000086900000| Untracked 
|  82|0x0000000086a00000, 0x0000000086a00000, 0x0000000086b00000|  0%| F|  |TAMS 0x0000000086a00000, 0x0000000086a00000| Untracked 
|  83|0x0000000086b00000, 0x0000000086b00000, 0x0000000086c00000|  0%| F|  |TAMS 0x0000000086b00000, 0x0000000086b00000| Untracked 
|  84|0x0000000086c00000, 0x0000000086c00000, 0x0000000086d00000|  0%| F|  |TAMS 0x0000000086c00000, 0x0000000086c00000| Untracked 
|  85|0x0000000086d00000, 0x0000000086d00000, 0x0000000086e00000|  0%| F|  |TAMS 0x0000000086d00000, 0x0000000086d00000| Untracked 
|  86|0x0000000086e00000, 0x0000000086e00000, 0x0000000086f00000|  0%| F|  |TAMS 0x0000000086e00000, 0x0000000086e00000| Untracked 
|  87|0x0000000086f00000, 0x0000000086f00000, 0x0000000087000000|  0%| F|  |TAMS 0x0000000086f00000, 0x0000000086f00000| Untracked 
|  88|0x0000000087000000, 0x0000000087000000, 0x0000000087100000|  0%| F|  |TAMS 0x0000000087000000, 0x0000000087000000| Untracked 
|  89|0x0000000087100000, 0x0000000087100000, 0x0000000087200000|  0%| F|  |TAMS 0x0000000087100000, 0x0000000087100000| Untracked 
|  90|0x0000000087200000, 0x0000000087200000, 0x0000000087300000|  0%| F|  |TAMS 0x0000000087200000, 0x0000000087200000| Untracked 
|  91|0x0000000087300000, 0x0000000087300000, 0x0000000087400000|  0%| F|  |TAMS 0x0000000087300000, 0x0000000087300000| Untracked 
|  92|0x0000000087400000, 0x0000000087400000, 0x0000000087500000|  0%| F|  |TAMS 0x0000000087400000, 0x0000000087400000| Untracked 
|  93|0x0000000087500000, 0x0000000087500000, 0x0000000087600000|  0%| F|  |TAMS 0x0000000087500000, 0x0000000087500000| Untracked 
|  94|0x0000000087600000, 0x0000000087600000, 0x0000000087700000|  0%| F|  |TAMS 0x0000000087600000, 0x0000000087600000| Untracked 
|  95|0x0000000087700000, 0x0000000087700000, 0x0000000087800000|  0%| F|  |TAMS 0x0000000087700000, 0x0000000087700000| Untracked 
|  96|0x0000000087800000, 0x0000000087800000, 0x0000000087900000|  0%| F|  |TAMS 0x0000000087800000, 0x0000000087800000| Untracked 
|  97|0x0000000087900000, 0x0000000087900000, 0x0000000087a00000|  0%| F|  |TAMS 0x0000000087900000, 0x0000000087900000| Untracked 
|  98|0x0000000087a00000, 0x0000000087a00000, 0x0000000087b00000|  0%| F|  |TAMS 0x0000000087a00000, 0x0000000087a00000| Untracked 
|  99|0x0000000087b00000, 0x0000000087b00000, 0x0000000087c00000|  0%| F|  |TAMS 0x0000000087b00000, 0x0000000087b00000| Untracked 
| 100|0x0000000087c00000, 0x0000000087c00000, 0x0000000087d00000|  0%| F|  |TAMS 0x0000000087c00000, 0x0000000087c00000| Untracked 
| 101|0x0000000087d00000, 0x0000000087d00000, 0x0000000087e00000|  0%| F|  |TAMS 0x0000000087d00000, 0x0000000087d00000| Untracked 
| 102|0x0000000087e00000, 0x0000000087e00000, 0x0000000087f00000|  0%| F|  |TAMS 0x0000000087e00000, 0x0000000087e00000| Untracked 
| 103|0x0000000087f00000, 0x0000000087f00000, 0x0000000088000000|  0%| F|  |TAMS 0x0000000087f00000, 0x0000000087f00000| Untracked 
| 104|0x0000000088000000, 0x0000000088000000, 0x0000000088100000|  0%| F|  |TAMS 0x0000000088000000, 0x0000000088000000| Untracked 
| 105|0x0000000088100000, 0x0000000088100000, 0x0000000088200000|  0%| F|  |TAMS 0x0000000088100000, 0x0000000088100000| Untracked 
| 106|0x0000000088200000, 0x0000000088200000, 0x0000000088300000|  0%| F|  |TAMS 0x0000000088200000, 0x0000000088200000| Untracked 
| 107|0x0000000088300000, 0x0000000088300000, 0x0000000088400000|  0%| F|  |TAMS 0x0000000088300000, 0x0000000088300000| Untracked 
| 108|0x0000000088400000, 0x0000000088400000, 0x0000000088500000|  0%| F|  |TAMS 0x0000000088400000, 0x0000000088400000| Untracked 
| 109|0x0000000088500000, 0x0000000088500000, 0x0000000088600000|  0%| F|  |TAMS 0x0000000088500000, 0x0000000088500000| Untracked 
| 110|0x0000000088600000, 0x0000000088600000, 0x0000000088700000|  0%| F|  |TAMS 0x0000000088600000, 0x0000000088600000| Untracked 
| 111|0x0000000088700000, 0x0000000088800000, 0x0000000088800000|100%| E|  |TAMS 0x0000000088700000, 0x0000000088700000| Complete 
| 112|0x0000000088800000, 0x0000000088900000, 0x0000000088900000|100%| E|CS|TAMS 0x0000000088800000, 0x0000000088800000| Complete 
| 113|0x0000000088900000, 0x0000000088a00000, 0x0000000088a00000|100%| E|  |TAMS 0x0000000088900000, 0x0000000088900000| Complete 
| 114|0x0000000088a00000, 0x0000000088b00000, 0x0000000088b00000|100%| E|CS|TAMS 0x0000000088a00000, 0x0000000088a00000| Complete 
| 115|0x0000000088b00000, 0x0000000088c00000, 0x0000000088c00000|100%| E|CS|TAMS 0x0000000088b00000, 0x0000000088b00000| Complete 
| 116|0x0000000088c00000, 0x0000000088d00000, 0x0000000088d00000|100%| E|CS|TAMS 0x0000000088c00000, 0x0000000088c00000| Complete 
| 117|0x0000000088d00000, 0x0000000088e00000, 0x0000000088e00000|100%| E|CS|TAMS 0x0000000088d00000, 0x0000000088d00000| Complete 
| 118|0x0000000088e00000, 0x0000000088f00000, 0x0000000088f00000|100%| E|CS|TAMS 0x0000000088e00000, 0x0000000088e00000| Complete 
| 119|0x0000000088f00000, 0x0000000089000000, 0x0000000089000000|100%| E|CS|TAMS 0x0000000088f00000, 0x0000000088f00000| Complete 
| 120|0x0000000089000000, 0x00000000890d7f90, 0x0000000089100000| 84%| S|CS|TAMS 0x0000000089000000, 0x0000000089000000| Complete 
| 121|0x0000000089100000, 0x0000000089200000, 0x0000000089200000|100%| E|CS|TAMS 0x0000000089100000, 0x0000000089100000| Complete 
| 122|0x0000000089200000, 0x0000000089300000, 0x0000000089300000|100%| E|CS|TAMS 0x0000000089200000, 0x0000000089200000| Complete 
| 123|0x0000000089300000, 0x0000000089400000, 0x0000000089400000|100%| E|CS|TAMS 0x0000000089300000, 0x0000000089300000| Complete 
| 124|0x0000000089400000, 0x0000000089500000, 0x0000000089500000|100%| E|CS|TAMS 0x0000000089400000, 0x0000000089400000| Complete 
| 125|0x0000000089500000, 0x0000000089600000, 0x0000000089600000|100%| E|CS|TAMS 0x0000000089500000, 0x0000000089500000| Complete 
| 126|0x0000000089600000, 0x0000000089700000, 0x0000000089700000|100%| E|CS|TAMS 0x0000000089600000, 0x0000000089600000| Complete 
| 127|0x0000000089700000, 0x0000000089800000, 0x0000000089800000|100%| E|CS|TAMS 0x0000000089700000, 0x0000000089700000| Complete 

Card table byte_map: [0x000002d26b790000,0x000002d26bb90000] _byte_map_base: 0x000002d26b384000

Marking Bits (Prev, Next): (CMBitMap*) 0x000002d2541b6840, (CMBitMap*) 0x000002d2541b6880
 Prev Bits: [0x000002d26bf90000, 0x000002d26df30000)
 Next Bits: [0x000002d26df30000, 0x000002d26fed0000)

Polling page: 0x000002d251ff0000

Metaspace:

Usage:
  Non-class:      8.48 MB capacity,     8.21 MB ( 97%) used,   264.45 KB (  3%) free+waste,    13.88 KB ( <1%) overhead. 
      Class:      1.21 MB capacity,     1.12 MB ( 92%) used,    90.63 KB (  7%) free+waste,     6.50 KB ( <1%) overhead. 
       Both:      9.69 MB capacity,     9.32 MB ( 96%) used,   355.08 KB (  4%) free+waste,    20.38 KB ( <1%) overhead. 

Virtual space:
  Non-class space:       14.00 MB reserved,       8.50 MB ( 61%) committed 
      Class space:        1.00 GB reserved,       1.25 MB ( <1%) committed 
             Both:        1.01 GB reserved,       9.75 MB ( <1%) committed 

Chunk freelists:
   Non-Class:  22.00 KB
       Class:  7.00 KB
        Both:  29.00 KB

MaxMetaspaceSize: 17179869184.00 GB
CompressedClassSpaceSize: 1.00 GB

CodeHeap 'non-profiled nmethods': size=120000Kb used=586Kb max_used=586Kb free=119413Kb
 bounds [0x000002d263e60000, 0x000002d2640d0000, 0x000002d26b390000]
CodeHeap 'profiled nmethods': size=120000Kb used=2938Kb max_used=2938Kb free=117061Kb
 bounds [0x000002d25c930000, 0x000002d25cc10000, 0x000002d263e60000]
CodeHeap 'non-nmethods': size=5760Kb used=1195Kb max_used=1230Kb free=4565Kb
 bounds [0x000002d25c390000, 0x000002d25c600000, 0x000002d25c930000]
 total_blobs=2066 nmethods=1611 adapters=367
 compilation: enabled
              stopped_count=0, restarted_count=0
 full_count=0

Compilation events (20 events):
Event: 2.468 Thread 0x000002d272d55a20 1605       3       sun.net.www.ParseUtil::firstEncodeIndex (86 bytes)
Event: 2.469 Thread 0x000002d272d55a20 nmethod 1605 0x000002d25cc06210 code [0x000002d25cc06440, 0x000002d25cc06de8]
Event: 2.469 Thread 0x000002d272d55a20 1606       3       org.springframework.core.env.PropertySource::hashCode (8 bytes)
Event: 2.470 Thread 0x000002d272d55a20 nmethod 1606 0x000002d25cc07190 code [0x000002d25cc07340, 0x000002d25cc07508]
Event: 2.470 Thread 0x000002d272d55a20 1607       3       org.springframework.boot.context.properties.source.SpringConfigurationPropertySources$$Lambda$93/0x0000000800c14868::apply (12 bytes)
Event: 2.470 Thread 0x000002d272d55a20 nmethod 1607 0x000002d25cc07590 code [0x000002d25cc07740, 0x000002d25cc07988]
Event: 2.470 Thread 0x000002d272d55a20 1609       3       org.springframework.boot.context.properties.source.SoftReferenceConfigurationPropertyCache::getValue (8 bytes)
Event: 2.470 Thread 0x000002d272d55a20 nmethod 1609 0x000002d25cc07a90 code [0x000002d25cc07c40, 0x000002d25cc07e08]
Event: 2.470 Thread 0x000002d272d55a20 1608       3       org.springframework.core.ResolvableType::resolveType (151 bytes)
Event: 2.472 Thread 0x000002d272d55a20 nmethod 1608 0x000002d25cc07f10 code [0x000002d25cc082c0, 0x000002d25cc0a6e8]
Event: 2.472 Thread 0x000002d272d55a20 1610       3       org.springframework.boot.context.properties.source.SoftReferenceConfigurationPropertyCache::get (67 bytes)
Event: 2.474 Thread 0x000002d272d55a20 nmethod 1610 0x000002d25cc0ad10 code [0x000002d25cc0b0c0, 0x000002d25cc0cc78]
Event: 2.474 Thread 0x000002d272d55a20 1611       3       java.util.HashMap$KeySet::size (8 bytes)
Event: 2.474 Thread 0x000002d272d55a20 nmethod 1611 0x000002d25cc0d590 code [0x000002d25cc0d720, 0x000002d25cc0d838]
Event: 2.476 Thread 0x000002d2723c00a0 nmethod 1594 0x000002d263eecf10 code [0x000002d263eed100, 0x000002d263eedb70]
Event: 2.476 Thread 0x000002d2723c00a0 1604       4       org.springframework.boot.context.properties.source.ConfigurationPropertyName$ElementsParser::parse (234 bytes)
Event: 2.480 Thread 0x000002d272d55a20 1612       3       java.lang.Class::newReflectionData (66 bytes)
Event: 2.481 Thread 0x000002d272d55a20 nmethod 1612 0x000002d25cc0d910 code [0x000002d25cc0db20, 0x000002d25cc0e418]
Event: 2.483 Thread 0x000002d272d55a20 1614       3       java.lang.invoke.MemberName::changeReferenceKind (60 bytes)
Event: 2.483 Thread 0x000002d272d55a20 nmethod 1614 0x000002d25cc0e710 code [0x000002d25cc0e8a0, 0x000002d25cc0e9d8]

GC Heap History (4 events):
Event: 1.088 GC heap before
{Heap before GC invocations=0 (full 0):
 garbage-first heap   total 131072K, used 13312K [0x0000000081800000, 0x0000000100000000)
  region size 1024K, 13 young (13312K), 0 survivors (0K)
 Metaspace       used 2791K, capacity 5457K, committed 5632K, reserved 1056768K
  class space    used 260K, capacity 495K, committed 512K, reserved 1048576K
}
Event: 1.098 GC heap after
{Heap after GC invocations=1 (full 0):
 garbage-first heap   total 131072K, used 7217K [0x0000000081800000, 0x0000000100000000)
  region size 1024K, 2 young (2048K), 2 survivors (2048K)
 Metaspace       used 2791K, capacity 5457K, committed 5632K, reserved 1056768K
  class space    used 260K, capacity 495K, committed 512K, reserved 1048576K
}
Event: 1.605 GC heap before
{Heap before GC invocations=1 (full 0):
 garbage-first heap   total 131072K, used 14385K [0x0000000081800000, 0x0000000100000000)
  region size 1024K, 9 young (9216K), 2 survivors (2048K)
 Metaspace       used 5245K, capacity 6724K, committed 6912K, reserved 1056768K
  class space    used 555K, capacity 682K, committed 768K, reserved 1048576K
}
Event: 1.610 GC heap after
{Heap after GC invocations=2 (full 0):
 garbage-first heap   total 131072K, used 8163K [0x0000000081800000, 0x0000000100000000)
  region size 1024K, 1 young (1024K), 1 survivors (1024K)
 Metaspace       used 5245K, capacity 6724K, committed 6912K, reserved 1056768K
  class space    used 555K, capacity 682K, committed 768K, reserved 1048576K
}

Deoptimization events (20 events):
Event: 2.047 Thread 0x000002d254176e00 Uncommon trap: trap_request=0xffffffde fr.pc=0x000002d263ed1048 relative=0x0000000000000128
Event: 2.047 Thread 0x000002d254176e00 Uncommon trap: reason=class_check action=maybe_recompile pc=0x000002d263ed1048 method=jdk.internal.misc.Unsafe.allocateUninitializedArray(Ljava/lang/Class;I)Ljava/lang/Object; @ 51 c2
Event: 2.047 Thread 0x000002d254176e00 DEOPT PACKING pc=0x000002d263ed1048 sp=0x000000d8ef5fd830
Event: 2.047 Thread 0x000002d254176e00 DEOPT UNPACKING pc=0x000002d25c3de42f sp=0x000000d8ef5fd7b8 mode 2
Event: 2.047 Thread 0x000002d254176e00 Uncommon trap: trap_request=0xffffffde fr.pc=0x000002d263ed1048 relative=0x0000000000000128
Event: 2.047 Thread 0x000002d254176e00 Uncommon trap: reason=class_check action=maybe_recompile pc=0x000002d263ed1048 method=jdk.internal.misc.Unsafe.allocateUninitializedArray(Ljava/lang/Class;I)Ljava/lang/Object; @ 51 c2
Event: 2.047 Thread 0x000002d254176e00 DEOPT PACKING pc=0x000002d263ed1048 sp=0x000000d8ef5fd440
Event: 2.047 Thread 0x000002d254176e00 DEOPT UNPACKING pc=0x000002d25c3de42f sp=0x000000d8ef5fd3c8 mode 2
Event: 2.434 Thread 0x000002d2740a82d0 DEOPT PACKING pc=0x000002d25ca5e4ff sp=0x000000d8f0cfe360
Event: 2.434 Thread 0x000002d2740a82d0 DEOPT UNPACKING pc=0x000002d25c3de23f sp=0x000000d8f0cfd7e8 mode 0
Event: 2.460 Thread 0x000002d2740a82d0 DEOPT PACKING pc=0x000002d25c9be5c5 sp=0x000000d8f0cfad60
Event: 2.460 Thread 0x000002d2740a82d0 DEOPT UNPACKING pc=0x000002d25c3de23f sp=0x000000d8f0cfa1c0 mode 0
Event: 2.467 Thread 0x000002d2740a82d0 Uncommon trap: trap_request=0xffffff45 fr.pc=0x000002d263ec02ac relative=0x000000000000006c
Event: 2.467 Thread 0x000002d2740a82d0 Uncommon trap: reason=unstable_if action=reinterpret pc=0x000002d263ec02ac method=sun.net.www.ParseUtil.firstEncodeIndex(Ljava/lang/String;)I @ 51 c2
Event: 2.467 Thread 0x000002d2740a82d0 DEOPT PACKING pc=0x000002d263ec02ac sp=0x000000d8f0cfcbd0
Event: 2.467 Thread 0x000002d2740a82d0 DEOPT UNPACKING pc=0x000002d25c3de42f sp=0x000000d8f0cfcb58 mode 2
Event: 2.472 Thread 0x000002d2740a82d0 Uncommon trap: trap_request=0xffffff45 fr.pc=0x000002d263eb7d50 relative=0x0000000000000090
Event: 2.472 Thread 0x000002d2740a82d0 Uncommon trap: reason=unstable_if action=reinterpret pc=0x000002d263eb7d50 method=sun.net.www.ParseUtil.firstEncodeIndex(Ljava/lang/String;)I @ 51 c2
Event: 2.472 Thread 0x000002d2740a82d0 DEOPT PACKING pc=0x000002d263eb7d50 sp=0x000000d8f0cfcb80
Event: 2.472 Thread 0x000002d2740a82d0 DEOPT UNPACKING pc=0x000002d25c3de42f sp=0x000000d8f0cfcb28 mode 2

Classes unloaded (0 events):
No events

Classes redefined (0 events):
No events

Internal exceptions (20 events):
Event: 1.755 Thread 0x000002d254176e00 Implicit null exception at 0x000002d263ebeb60 to 0x000002d263ebf668
Event: 1.820 Thread 0x000002d254176e00 Exception <a 'java/lang/NoSuchMethodError'{0x000000008957af40}: 'void java.lang.invoke.DirectMethodHandle$Holder.invokeStatic(java.lang.Object, java.lang.Object, java.lang.Object, java.lang.Object)'> (0x000000008957af40) 
thrown [./open/src/hotspot/share/interpreter/linkResolver.cpp, line 782]
Event: 1.829 Thread 0x000002d254176e00 Exception <a 'java/lang/NoSuchMethodError'{0x00000000895938e8}: 'java.lang.Object java.lang.invoke.Invokers$Holder.invokeExact_MT(java.lang.Object, java.lang.Object, java.lang.Object, java.lang.Object, java.lang.Object, java.lang.Object)'> (0x00000000895938e8) 
thrown [./open/src/hotspot/share/interpreter/linkResolver.cpp, line 782]
Event: 1.836 Thread 0x000002d254176e00 Exception <a 'java/lang/NoSuchMethodError'{0x00000000895a9d00}: 'java.lang.Object java.lang.invoke.DirectMethodHandle$Holder.invokeInterface(java.lang.Object, java.lang.Object, java.lang.Object)'> (0x00000000895a9d00) 
thrown [./open/src/hotspot/share/interpreter/linkResolver.cpp, line 782]
Event: 1.837 Thread 0x000002d254176e00 Exception <a 'java/lang/IncompatibleClassChangeError'{0x00000000895ad598}: Found class java.lang.Object, but interface was expected> (0x00000000895ad598) 
thrown [./open/src/hotspot/share/interpreter/linkResolver.cpp, line 848]
Event: 1.861 Thread 0x000002d254176e00 Exception <a 'java/lang/NoSuchMethodError'{0x0000000089441338}: 'int java.lang.invoke.DirectMethodHandle$Holder.invokeSpecial(java.lang.Object, java.lang.Object, java.lang.Object)'> (0x0000000089441338) 
thrown [./open/src/hotspot/share/interpreter/linkResolver.cpp, line 782]
Event: 1.876 Thread 0x000002d254176e00 Exception <a 'java/lang/NoSuchMethodError'{0x000000008948aaf0}: 'int java.lang.invoke.DirectMethodHandle$Holder.invokeSpecial(java.lang.Object, java.lang.Object, java.lang.Object, java.lang.Object)'> (0x000000008948aaf0) 
thrown [./open/src/hotspot/share/interpreter/linkResolver.cpp, line 782]
Event: 1.934 Thread 0x000002d254176e00 Exception <a 'java/lang/NoSuchMethodError'{0x00000000893fdc08}: 'java.lang.Object java.lang.invoke.DirectMethodHandle$Holder.newInvokeSpecial(java.lang.Object, java.lang.Object, java.lang.Object, java.lang.Object, java.lang.Object, java.lang.Object)'> (0x00000000893fdc08) 
thrown [./open/src/hotspot/share/interpreter/linkResolver.cpp, line 782]
Event: 1.966 Thread 0x000002d254176e00 Exception <a 'java/lang/NoSuchMethodError'{0x00000000892bb798}: 'java.lang.Object java.lang.invoke.DirectMethodHandle$Holder.invokeSpecial(java.lang.Object, java.lang.Object, java.lang.Object, java.lang.Object, java.lang.Object, java.lang.Object, int)'> (0x00000000892bb798) 
thrown [./open/src/hotspot/share/interpreter/linkResolver.cpp, line 782]
Event: 1.967 Thread 0x000002d254176e00 Exception <a 'java/lang/NoSuchMethodError'{0x00000000892c7118}: 'java.lang.Object java.lang.invoke.DirectMethodHandle$Holder.newInvokeSpecial(java.lang.Object, java.lang.Object, java.lang.Object, java.lang.Object, java.lang.Object, java.lang.Object, int)'> (0x00000000892c7118) 
thrown [./open/src/hotspot/share/interpreter/linkResolver.cpp, line 782]
Event: 1.967 Thread 0x000002d254176e00 Exception <a 'java/lang/NoSuchMethodError'{0x00000000892cc260}: 'java.lang.Object java.lang.invoke.DirectMethodHandle$Holder.invokeSpecial(java.lang.Object, java.lang.Object, java.lang.Object, java.lang.Object, java.lang.Object, java.lang.Object, java.lang.Object, int)'> (0x00000000892cc260) 
thrown [./open/src/hotspot/share/interpreter/linkResolver.cpp, line 782]
Event: 2.053 Thread 0x000002d254176e00 Exception <a 'java/lang/NoSuchMethodError'{0x0000000088f22ff8}: 'int java.lang.invoke.DirectMethodHandle$Holder.invokeVirtual(java.lang.Object, java.lang.Object)'> (0x0000000088f22ff8) 
thrown [./open/src/hotspot/share/interpreter/linkResolver.cpp, line 782]
Event: 2.117 Thread 0x000002d254176e00 Exception <a 'java/lang/NoSuchMethodError'{0x0000000088e6e640}: 'java.lang.Object java.lang.invoke.DirectMethodHandle$Holder.invokeInterface(java.lang.Object, java.lang.Object)'> (0x0000000088e6e640) 
thrown [./open/src/hotspot/share/interpreter/linkResolver.cpp, line 782]
Event: 2.124 Thread 0x000002d254176e00 Exception <a 'java/lang/NoSuchMethodError'{0x0000000088e7d030}: 'void java.lang.invoke.DirectMethodHandle$Holder.invokeInterface(java.lang.Object, java.lang.Object, java.lang.Object)'> (0x0000000088e7d030) 
thrown [./open/src/hotspot/share/interpreter/linkResolver.cpp, line 782]
Event: 2.188 Thread 0x000002d254176e00 Exception <a 'java/lang/NoSuchMethodError'{0x0000000088d8a600}: 'void java.lang.invoke.DirectMethodHandle$Holder.invokeStaticInit(java.lang.Object, java.lang.Object)'> (0x0000000088d8a600) 
thrown [./open/src/hotspot/share/interpreter/linkResolver.cpp, line 782]
Event: 2.223 Thread 0x000002d254176e00 Exception <a 'java/lang/NoSuchMethodError'{0x0000000088dc3290}: 'java.lang.Object java.lang.invoke.DirectMethodHandle$Holder.invokeStaticInit(java.lang.Object, java.lang.Object, java.lang.Object)'> (0x0000000088dc3290) 
thrown [./open/src/hotspot/share/interpreter/linkResolver.cpp, line 782]
Event: 2.377 Thread 0x000002d254176e00 Exception <a 'java/lang/NoSuchMethodError'{0x0000000088a34608}: 'void java.lang.invoke.DirectMethodHandle$Holder.invokeSpecial(java.lang.Object, java.lang.Object, java.lang.Object, java.lang.Object, java.lang.Object)'> (0x0000000088a34608) 
thrown [./open/src/hotspot/share/interpreter/linkResolver.cpp, line 782]
Event: 2.403 Thread 0x000002d254176e00 Exception <a 'java/lang/NoSuchMethodError'{0x0000000088aa64c8}: 'java.lang.Object java.lang.invoke.DirectMethodHandle$Holder.invokeStatic(java.lang.Object, java.lang.Object, int)'> (0x0000000088aa64c8) 
thrown [./open/src/hotspot/share/interpreter/linkResolver.cpp, line 782]
Event: 2.405 Thread 0x000002d254176e00 Exception <a 'java/lang/NoSuchMethodError'{0x0000000088ab24a8}: 'void java.lang.invoke.DelegatingMethodHandle$Holder.delegate(java.lang.Object, java.lang.Object, int, java.lang.Object)'> (0x0000000088ab24a8) 
thrown [./open/src/hotspot/share/interpreter/linkResolver.cpp, line 782]
Event: 2.482 Thread 0x000002d254176e00 Exception <a 'java/lang/NoSuchMethodError'{0x0000000088882970}: 'void java.lang.invoke.DirectMethodHandle$Holder.invokeStatic(java.lang.Object, java.lang.Object, int)'> (0x0000000088882970) 
thrown [./open/src/hotspot/share/interpreter/linkResolver.cpp, line 782]

Events (20 events):
Event: 2.450 loading class java/lang/AssertionError done
Event: 2.450 loading class java/util/AbstractList$ListItr
Event: 2.450 loading class java/util/AbstractList$Itr
Event: 2.450 loading class java/util/AbstractList$Itr done
Event: 2.450 loading class java/util/AbstractList$ListItr done
Event: 2.461 Loaded shared library C:\Program Files\Java\jdk-15.0.2\bin\java.dll
Event: 2.479 loading class java/util/function/IntUnaryOperator
Event: 2.480 loading class java/util/function/IntUnaryOperator done
Event: 2.481 loading class java/util/stream/IntPipeline$4
Event: 2.481 loading class java/util/stream/IntPipeline$4 done
Event: 2.483 loading class java/util/stream/ForEachOps$ForEachOp$OfInt
Event: 2.483 loading class java/util/stream/ForEachOps$ForEachOp$OfInt done
Event: 2.483 loading class java/util/stream/IntPipeline$4$1
Event: 2.483 loading class java/util/stream/IntPipeline$4$1 done
Event: 2.483 loading class java/util/RegularEnumSet$EnumSetIterator
Event: 2.484 loading class java/util/RegularEnumSet$EnumSetIterator done
Event: 2.493 loading class javax/xml/stream/XMLStreamException
Event: 2.493 loading class javax/xml/stream/XMLStreamException done
Event: 2.494 loading class java/util/regex/PatternSyntaxException
Event: 2.499 loading class java/util/regex/PatternSyntaxException done


Dynamic libraries:
0x00007ff664970000 - 0x00007ff66497f000 	C:\Program Files\Java\jdk-15.0.2\bin\java.exe
0x00007ff8ee4a0000 - 0x00007ff8ee690000 	C:\Windows\SYSTEM32\ntdll.dll
0x00007ff8ee340000 - 0x00007ff8ee3f2000 	C:\Windows\System32\KERNEL32.DLL
0x00007ff8ec100000 - 0x00007ff8ec3a5000 	C:\Windows\System32\KERNELBASE.dll
0x00007ff8eb520000 - 0x00007ff8eb61a000 	C:\Windows\System32\ucrtbase.dll
0x00007ff8c6e50000 - 0x00007ff8c6e68000 	C:\Program Files\Java\jdk-15.0.2\bin\jli.dll
0x00007ff8bfac0000 - 0x00007ff8bfad9000 	C:\Program Files\Java\jdk-15.0.2\bin\VCRUNTIME140.dll
0x00007ff8ed050000 - 0x00007ff8ed0f3000 	C:\Windows\System32\ADVAPI32.dll
0x00007ff8ec550000 - 0x00007ff8ec5ee000 	C:\Windows\System32\msvcrt.dll
0x00007ff8edfc0000 - 0x00007ff8ee057000 	C:\Windows\System32\sechost.dll
0x00007ff8ecf30000 - 0x00007ff8ed04f000 	C:\Windows\System32\RPCRT4.dll
0x00007ff8ec960000 - 0x00007ff8ecaf4000 	C:\Windows\System32\USER32.dll
0x00007ff8d86f0000 - 0x00007ff8d8974000 	C:\Windows\WinSxS\amd64_microsoft.windows.common-controls_6595b64144ccf1df_6.0.18362.1556_none_9e7e372fe45e41d5\COMCTL32.dll
0x00007ff8eb410000 - 0x00007ff8eb431000 	C:\Windows\System32\win32u.dll
0x00007ff8ecbf0000 - 0x00007ff8ecf26000 	C:\Windows\System32\combase.dll
0x00007ff8ed100000 - 0x00007ff8ed126000 	C:\Windows\System32\GDI32.dll
0x00007ff8ec3b0000 - 0x00007ff8ec548000 	C:\Windows\System32\gdi32full.dll
0x00007ff8eb490000 - 0x00007ff8eb511000 	C:\Windows\System32\bcryptPrimitives.dll
0x00007ff8ec060000 - 0x00007ff8ec0fe000 	C:\Windows\System32\msvcp_win.dll
0x00007ff8e0890000 - 0x00007ff8e089a000 	C:\Windows\SYSTEM32\VERSION.dll
0x00007ff8ecb00000 - 0x00007ff8ecb2e000 	C:\Windows\System32\IMM32.DLL
0x00007ff8e22f0000 - 0x00007ff8e22fc000 	C:\Program Files\Java\jdk-15.0.2\bin\vcruntime140_1.dll
0x00007ff8a3460000 - 0x00007ff8a34f1000 	C:\Program Files\Java\jdk-15.0.2\bin\msvcp140.dll
0x00007ff87b260000 - 0x00007ff87bdbe000 	C:\Program Files\Java\jdk-15.0.2\bin\server\jvm.dll
0x00007ff8ecb30000 - 0x00007ff8ecb38000 	C:\Windows\System32\PSAPI.DLL
0x00007ff8e5b40000 - 0x00007ff8e5b49000 	C:\Windows\SYSTEM32\WSOCK32.dll
0x00007ff8ee140000 - 0x00007ff8ee1af000 	C:\Windows\System32\WS2_32.dll
0x00007ff8e59d0000 - 0x00007ff8e59f4000 	C:\Windows\SYSTEM32\WINMM.dll
0x00007ff8e5970000 - 0x00007ff8e599d000 	C:\Windows\SYSTEM32\WINMMBASE.dll
0x00007ff8eb7e0000 - 0x00007ff8eb82a000 	C:\Windows\System32\cfgmgr32.dll
0x00007ff8eb380000 - 0x00007ff8eb391000 	C:\Windows\System32\kernel.appcore.dll
0x00007ff8dfa90000 - 0x00007ff8dfa9a000 	C:\Program Files\Java\jdk-15.0.2\bin\jimage.dll
0x00007ff8e6bb0000 - 0x00007ff8e6da4000 	C:\Windows\SYSTEM32\DBGHELP.DLL
0x00007ff8ddc70000 - 0x00007ff8ddc9a000 	C:\Windows\SYSTEM32\dbgcore.DLL
0x00007ff8df490000 - 0x00007ff8df49e000 	C:\Program Files\Java\jdk-15.0.2\bin\instrument.dll
0x00007ff8bfa90000 - 0x00007ff8bfab5000 	C:\Program Files\Java\jdk-15.0.2\bin\java.dll
0x00007ff8ed320000 - 0x00007ff8eda07000 	C:\Windows\System32\SHELL32.dll
0x00007ff8ee1b0000 - 0x00007ff8ee258000 	C:\Windows\System32\shcore.dll
0x00007ff8eb830000 - 0x00007ff8ebfab000 	C:\Windows\System32\windows.storage.dll
0x00007ff8eb360000 - 0x00007ff8eb37e000 	C:\Windows\System32\profapi.dll
0x00007ff8eb3c0000 - 0x00007ff8eb40a000 	C:\Windows\System32\powrprof.dll
0x00007ff8eb350000 - 0x00007ff8eb360000 	C:\Windows\System32\UMPDC.dll
0x00007ff8ed150000 - 0x00007ff8ed1a2000 	C:\Windows\System32\shlwapi.dll
0x00007ff8eb470000 - 0x00007ff8eb487000 	C:\Windows\System32\cryptsp.dll
0x00007ff8bf660000 - 0x00007ff8bf678000 	C:\Program Files\Java\jdk-15.0.2\bin\zip.dll
0x00007ff8bf8b0000 - 0x00007ff8bf8c9000 	C:\Program Files\Java\jdk-15.0.2\bin\net.dll
0x00007ff8ddb70000 - 0x00007ff8ddc6a000 	C:\Windows\SYSTEM32\WINHTTP.dll
0x00007ff8eab40000 - 0x00007ff8eaba7000 	C:\Windows\system32\mswsock.dll
0x00007ff8bf680000 - 0x00007ff8bf692000 	C:\Program Files\Java\jdk-15.0.2\bin\nio.dll
0x00007ff8b9a10000 - 0x00007ff8b9a2a000 	C:\Program Files\JetBrains\IntelliJ IDEA Community Edition 2020.3.2\bin\breakgen64.dll
0x00007ff8df470000 - 0x00007ff8df480000 	C:\Program Files\Java\jdk-15.0.2\bin\verify.dll
0x00007ff8df2d0000 - 0x00007ff8df2d9000 	C:\Program Files\Java\jdk-15.0.2\bin\management.dll
0x00007ff8de770000 - 0x00007ff8de77b000 	C:\Program Files\Java\jdk-15.0.2\bin\management_ext.dll
0x00007ff8d4a70000 - 0x00007ff8d4a86000 	C:\Windows\system32\napinsp.dll
0x00007ff8d4a50000 - 0x00007ff8d4a6a000 	C:\Windows\system32\pnrpnsp.dll
0x00007ff8ea8a0000 - 0x00007ff8ea96b000 	C:\Windows\SYSTEM32\DNSAPI.dll
0x00007ff8ee330000 - 0x00007ff8ee338000 	C:\Windows\System32\NSI.dll
0x00007ff8ea860000 - 0x00007ff8ea89a000 	C:\Windows\SYSTEM32\IPHLPAPI.DLL
0x00007ff8d4a40000 - 0x00007ff8d4a4e000 	C:\Windows\System32\winrnr.dll
0x00007ff8e4090000 - 0x00007ff8e40ac000 	C:\Windows\system32\NLAapi.dll
0x00007ff8e2ef0000 - 0x00007ff8e2f05000 	C:\Windows\system32\wshbth.dll
0x000000005fae0000 - 0x000000005fb06000 	C:\Program Files\Bonjour\mdnsNSP.dll
0x00007ff8e0860000 - 0x00007ff8e086a000 	C:\Windows\System32\rasadhlp.dll
0x00007ff8e3940000 - 0x00007ff8e39b7000 	C:\Windows\System32\fwpuclnt.dll
0x00007ff8eb440000 - 0x00007ff8eb466000 	C:\Windows\System32\bcrypt.dll

dbghelp: loaded successfully - version: 4.0.5 - missing functions: none
symbol engine: initialized successfully - sym options: 0x614 - pdb path: .;C:\Program Files\Java\jdk-15.0.2\bin;C:\Windows\SYSTEM32;C:\Windows\WinSxS\amd64_microsoft.windows.common-controls_6595b64144ccf1df_6.0.18362.1556_none_9e7e372fe45e41d5;C:\Program Files\Java\jdk-15.0.2\bin\server;C:\Program Files\JetBrains\IntelliJ IDEA Community Edition 2020.3.2\bin;C:\Program Files\Bonjour

VM Arguments:
jvm_args: -javaagent:C:\Program Files\JetBrains\IntelliJ IDEA Community Edition 2020.3.2\lib\idea_rt.jar=52354:C:\Program Files\JetBrains\IntelliJ IDEA Community Edition 2020.3.2\bin -Dfile.encoding=UTF-8 
java_command: dev.fenix.application.Application
java_class_path (initial): C:\Users\PC-FAYSSAL\IdeaProjects\appProduction_tc\target\classes;C:\Users\PC-FAYSSAL\.m2\repository\org\springframework\boot\spring-boot-starter-data-jpa\2.4.1\spring-boot-starter-data-jpa-2.4.1.jar;C:\Users\PC-FAYSSAL\.m2\repository\org\springframework\boot\spring-boot-starter-aop\2.4.1\spring-boot-starter-aop-2.4.1.jar;C:\Users\PC-FAYSSAL\.m2\repository\org\aspectj\aspectjweaver\1.9.6\aspectjweaver-1.9.6.jar;C:\Users\PC-FAYSSAL\.m2\repository\org\springframework\boot\spring-boot-starter-jdbc\2.4.1\spring-boot-starter-jdbc-2.4.1.jar;C:\Users\PC-FAYSSAL\.m2\repository\com\zaxxer\HikariCP\3.4.5\HikariCP-3.4.5.jar;C:\Users\PC-FAYSSAL\.m2\repository\org\springframework\spring-jdbc\5.3.2\spring-jdbc-5.3.2.jar;C:\Users\PC-FAYSSAL\.m2\repository\jakarta\transaction\jakarta.transaction-api\1.3.3\jakarta.transaction-api-1.3.3.jar;C:\Users\PC-FAYSSAL\.m2\repository\jakarta\persistence\jakarta.persistence-api\2.2.3\jakarta.persistence-api-2.2.3.jar;C:\Users\PC-FAYSSAL\.m2\repository\org\hibernate\hibernate-core\5.4.25.Final\hibernate-core-5.4.25.Final.jar;C:\Users\PC-FAYSSAL\.m2\repository\org\javassist\javassist\3.27.0-GA\javassist-3.27.0-GA.jar;C:\Users\PC-FAYSSAL\.m2\repository\net\bytebuddy\byte-buddy\1.10.18\byte-buddy-1.10.18.jar;C:\Users\PC-FAYSSAL\.m2\repository\antlr\antlr\2.7.7\antlr-2.7.7.jar;C:\Users\PC-FAYSSAL\.m2\repository\org\jboss\jandex\2.1.3.Final\jandex-2.1.3.Final.jar;C:\Users\PC-FAYSSAL\.m2\repository\org\hibernate\common\hibernate-commons-annotations\5.1.2.Final\hibernate-commons-annotations-5.1.2.Final.jar;C:\Users\PC-FAYSSAL\.m2\repository\org\springframework\data\spring-data-jpa\2.4.2\spring-data-jpa-2.4.2.jar;C:\Users\PC-FAYSSAL\.m2\repository\org\springframework\data\spring-data-commons\2.4.2\spring-data-commons-2.4.2.jar;C:\Users\PC-FAYSSAL\.m2\repository\org\springframework\spring-orm\5.3.2\spring-orm-5.3.2.jar;C:\Users\PC-FAYSSAL\.m2\repository\org\springframework\spring-context\5.3.2\spring-context-5.3.2.jar;C:\User
Launcher Type: SUN_STANDARD

[Global flags]
     intx CICompilerCount                          = 3                                         {product} {ergonomic}
     uint ConcGCThreads                            = 1                                         {product} {ergonomic}
     uint G1ConcRefinementThreads                  = 4                                         {product} {ergonomic}
   size_t G1HeapRegionSize                         = 1048576                                   {product} {ergonomic}
    uintx GCDrainStackTargetSize                   = 64                                        {product} {ergonomic}
   size_t InitialHeapSize                          = 134217728                                 {product} {ergonomic}
   size_t MarkStackSize                            = 4194304                                   {product} {ergonomic}
   size_t MaxHeapSize                              = 2122317824                                {product} {ergonomic}
   size_t MaxNewSize                               = 1272971264                                {product} {ergonomic}
   size_t MinHeapDeltaBytes                        = 1048576                                   {product} {ergonomic}
   size_t MinHeapSize                              = 8388608                                   {product} {ergonomic}
    uintx NonNMethodCodeHeapSize                   = 5832780                                {pd product} {ergonomic}
    uintx NonProfiledCodeHeapSize                  = 122912730                              {pd product} {ergonomic}
    uintx ProfiledCodeHeapSize                     = 122912730                              {pd product} {ergonomic}
    uintx ReservedCodeCacheSize                    = 251658240                              {pd product} {ergonomic}
     bool SegmentedCodeCache                       = true                                      {product} {ergonomic}
   size_t SoftMaxHeapSize                          = 2122317824                             {manageable} {ergonomic}
     bool UseCompressedClassPointers               = true                                 {lp64_product} {ergonomic}
     bool UseCompressedOops                        = true                                 {lp64_product} {ergonomic}
     bool UseG1GC                                  = true                                      {product} {ergonomic}
     bool UseLargePagesIndividualAllocation        = false                                  {pd product} {ergonomic}

Logging:
Log output configuration:
 #0: stdout all=warning uptime,level,tags
 #1: stderr all=off uptime,level,tags

Environment Variables:
JAVA_HOME=C:\Program Files\Java\jdk-15.0.2
PATH=C:\Program Files\Common Files\Oracle\Java\javapath;C:\Program Files (x86)\Common Files\Oracle\Java\javapath;C:\Program Files\AdoptOpenJDK\jre-11.0.7.10-hotspot\bin;C:\Program Files\AdoptOpenJDK\jre-8.0.252.09-hotspot\bin;C:\Program Files (x86)\AdoptOpenJDK\jre-8.0.252.09-hotspot\bin;C:\Windows\system32;C:\Windows;C:\Windows\System32\Wbem;C:\Windows\System32\WindowsPowerShell\v1.0\;C:\Windows\System32\OpenSSH\;C:\Program Files (x86)\AMD\ATI.ACE\Core-Static;C:\Program Files\Git\cmd;C:\flutter\bin;C:\xampp\php;C:\ProgramData\ComposerSetup\bin;C:\Program Files\nodejs\;C:\xlaminas\php;C:\Program Files (x86)\Intel\Intel(R) Management Engine Components\DAL;C:\Program Files\Intel\Intel(R) Management Engine Components\DAL;C:\Program Files\PuTTY\;C:\Program Files\Docker\Docker\resources\bin;C:\ProgramData\DockerDesktop\version-bin;C:\Program Files\MySQL\MySQL Shell 8.0\bin\;C:\Users\PC-FAYSSAL\AppData\Local\Microsoft\WindowsApps;C:\Program Files\JetBrains\PhpStorm 2021.1.4\bin;;C:\Users\PC-FAYSSAL\AppData\Roaming\Composer\vendor\bin;C:\Users\PC-FAYSSAL\AppData\Roaming\npm;C:\xlaminas\php;C:\dev\htdocs\laminas-mvc-skeleton;C:\Users\PC-FAYSSAL\AppData\Local\GitHubDesktop\bin;C:\Program Files\JetBrains\IntelliJ IDEA Community Edition 2020.3.2\bin;;C:\src\flutter\bin;C:\Users\PC-FAYSSAL\AppData\Local\Programs\Microsoft VS Code _ 2\bin
USERNAME=PC-FAYSSAL
OS=Windows_NT
PROCESSOR_IDENTIFIER=Intel64 Family 6 Model 78 Stepping 3, GenuineIntel



---------------  S Y S T E M  ---------------

OS:
 Windows 10 , 64 bit Build 18362 (10.0.18362.1500)
OS uptime: 5 days 1:33 hours
HyperV virtualization detected

CPU: total 4 (initial active 4) (2 cores per cpu, 2 threads per core) family 6 model 78 stepping 3 microcode 0xd6, cmov, cx8, fxsr, mmx, sse, sse2, sse3, ssse3, sse4.1, sse4.2, popcnt, vzeroupper, avx, avx2, aes, clmul, erms, 3dnowpref, lzcnt, ht, tsc, tscinvbit, bmi1, bmi2, adx, fma, clflush, clflushopt

Memory: 4k page, system-wide physical 8089M (631M free)
TotalPageFile size 32665M (AvailPageFile size 3M)
current process WorkingSet (physical memory assigned to process): 88M, peak: 88M
current process commit charge ("private bytes"): 231M, peak: 232M

vm_info: Java HotSpot(TM) 64-Bit Server VM (15.0.2+7-27) for windows-amd64 JRE (15.0.2+7-27), built on Dec  7 2020 20:07:01 by "mach5one" with unknown MS VC++:1925

END.
