#
# There is insufficient memory for the Java Runtime Environment to continue.
# Native memory allocation (malloc) failed to allocate 649936 bytes for Chunk::new
# Possible reasons:
#   The system is out of physical RAM or swap space
#   The process is running with CompressedOops enabled, and the Java Heap may be blocking the growth of the native heap
# Possible solutions:
#   Reduce memory load on the system
#   Increase physical memory or swap space
#   Check if swap backing store is full
#   Decrease Java heap size (-Xmx/-Xms)
#   Decrease number of Java threads
#   Decrease Java thread stack sizes (-Xss)
#   Set larger code cache with -XX:ReservedCodeCacheSize=
#   JVM is running with Unscaled Compressed Oops mode in which the Java heap is
#     placed in the first 4GB address space. The Java Heap base address is the
#     maximum limit for the native heap growth. Please use -XX:HeapBaseMinAddress
#     to set the Java Heap base and to place the Java Heap above 4GB virtual address.
# This output file may be truncated or incomplete.
#
#  Out of Memory Error (./open/src/hotspot/share/memory/arena.cpp:195), pid=1900, tid=17500
#
# JRE version: Java(TM) SE Runtime Environment (15.0.2+7) (build 15.0.2+7-27)
# Java VM: Java HotSpot(TM) 64-Bit Server VM (15.0.2+7-27, mixed mode, sharing, tiered, compressed oops, g1 gc, windows-amd64)
# No core dump will be written. Minidumps are not enabled by default on client versions of Windows
#

---------------  S U M M A R Y ------------

Command Line: -ea -Didea.test.cyclic.buffer.size=1048576 -javaagent:C:\Program Files\JetBrains\IntelliJ IDEA Community Edition 2020.3.2\lib\idea_rt.jar=54025:C:\Program Files\JetBrains\IntelliJ IDEA Community Edition 2020.3.2\bin -Dfile.encoding=UTF-8 com.intellij.rt.junit.JUnitStarter -ideVersion5 -junit5 dev.fenix.application.api.treatment.DocumentResourceTest

Host: Intel(R) Core(TM) i7-6500U CPU @ 2.50GHz, 4 cores, 7G,  Windows 10 , 64 bit Build 18362 (10.0.18362.1500)
Time: Fri Apr 22 13:49:50 2022 Maroc elapsed time: 9.432991 seconds (0d 0h 0m 9s)

---------------  T H R E A D  ---------------

Current thread (0x0000027bfbb92420):  JavaThread "C2 CompilerThread0" daemon [_thread_in_native, id=17500, stack(0x00000099dd100000,0x00000099dd200000)]


Current CompileTask:
C2:   9433 1720 %     4       java.io.WinNTFileSystem::normalize @ 22 (143 bytes)

Stack: [0x00000099dd100000,0x00000099dd200000]
Native frames: (J=compiled Java code, j=interpreted, Vv=VM code, C=native code)
V  [jvm.dll+0x62ae9a]
V  [jvm.dll+0x7817a9]
V  [jvm.dll+0x782f03]
V  [jvm.dll+0x783563]
V  [jvm.dll+0x216325]
V  [jvm.dll+0x97f3a]
V  [jvm.dll+0x9861c]
V  [jvm.dll+0x32e2a8]
V  [jvm.dll+0x2f768a]
V  [jvm.dll+0x2f6a4a]
V  [jvm.dll+0x1ea705]
V  [jvm.dll+0x1e996e]
V  [jvm.dll+0x178567]
V  [jvm.dll+0x1f9225]
V  [jvm.dll+0x1f72cc]
V  [jvm.dll+0x74495d]
V  [jvm.dll+0x73d75a]
V  [jvm.dll+0x629c56]
C  [ucrtbase.dll+0x210b2]
C  [KERNEL32.DLL+0x17c24]
C  [ntdll.dll+0x6d721]


---------------  P R O C E S S  ---------------

Threads class SMR info:
_java_thread_list=0x0000027bfc7ae4a0, length=12, elements={
0x0000027bdd94cc00, 0x0000027bfbb781e0, 0x0000027bfbb78db0, 0x0000027bfbb8b000,
0x0000027bfbb8fad0, 0x0000027bfbb91590, 0x0000027bfbb92420, 0x0000027bfbb93fd0,
0x0000027bfc52a7c0, 0x0000027bfbb56900, 0x0000027bfc7c0580, 0x0000027bfc7c0a50
}

Java Threads: ( => current thread )
  0x0000027bdd94cc00 JavaThread "main" [_thread_in_native, id=14072, stack(0x00000099dc500000,0x00000099dc600000)]
  0x0000027bfbb781e0 JavaThread "Reference Handler" daemon [_thread_blocked, id=8656, stack(0x00000099dcc00000,0x00000099dcd00000)]
  0x0000027bfbb78db0 JavaThread "Finalizer" daemon [_thread_blocked, id=21144, stack(0x00000099dcd00000,0x00000099dce00000)]
  0x0000027bfbb8b000 JavaThread "Signal Dispatcher" daemon [_thread_blocked, id=12676, stack(0x00000099dce00000,0x00000099dcf00000)]
  0x0000027bfbb8fad0 JavaThread "Attach Listener" daemon [_thread_blocked, id=22268, stack(0x00000099dcf00000,0x00000099dd000000)]
  0x0000027bfbb91590 JavaThread "Service Thread" daemon [_thread_blocked, id=20940, stack(0x00000099dd000000,0x00000099dd100000)]
=>0x0000027bfbb92420 JavaThread "C2 CompilerThread0" daemon [_thread_in_native, id=17500, stack(0x00000099dd100000,0x00000099dd200000)]
  0x0000027bfbb93fd0 JavaThread "C1 CompilerThread0" daemon [_thread_blocked, id=5736, stack(0x00000099dd200000,0x00000099dd300000)]
  0x0000027bfc52a7c0 JavaThread "Sweeper thread" daemon [_thread_blocked, id=11924, stack(0x00000099dd300000,0x00000099dd400000)]
  0x0000027bfbb56900 JavaThread "Common-Cleaner" daemon [_thread_blocked, id=20268, stack(0x00000099dd400000,0x00000099dd500000)]
  0x0000027bfc7c0580 JavaThread "Monitor Ctrl-Break" daemon [_thread_in_native, id=21424, stack(0x00000099dd500000,0x00000099dd600000)]
  0x0000027bfc7c0a50 JavaThread "Notification Thread" daemon [_thread_blocked, id=17816, stack(0x00000099dd600000,0x00000099dd700000)]

Other Threads:
  0x0000027bfbb73610 VMThread "VM Thread" [stack: 0x00000099dcb00000,0x00000099dcc00000] [id=20844]
  0x0000027bdd94ddb0 WatcherThread [stack: 0x00000099dd700000,0x00000099dd800000] [id=12140]
  0x0000027bdd98bfb0 GCTaskThread "GC Thread#0" [stack: 0x00000099dc600000,0x00000099dc700000] [id=21308]
  0x0000027bfce6ecc0 GCTaskThread "GC Thread#1" [stack: 0x00000099dd800000,0x00000099dd900000] [id=14200]
  0x0000027bfce6eff0 GCTaskThread "GC Thread#2" [stack: 0x00000099dd900000,0x00000099dda00000] [id=16712]
  0x0000027bdd99df90 ConcurrentGCThread "G1 Main Marker" [stack: 0x00000099dc700000,0x00000099dc800000] [id=5548]
  0x0000027bdd99ec00 ConcurrentGCThread "G1 Conc#0" [stack: 0x00000099dc800000,0x00000099dc900000] [id=2712]
  0x0000027bdd9f71b0 ConcurrentGCThread "G1 Refine#0" [stack: 0x00000099dc900000,0x00000099dca00000] [id=20288]
  0x0000027bfcec6630 ConcurrentGCThread "G1 Refine#1" [stack: 0x00000099dda00000,0x00000099ddb00000] [id=19416]
  0x0000027bfb9f00a0 ConcurrentGCThread "G1 Young RemSet Sampling" [stack: 0x00000099dca00000,0x00000099dcb00000] [id=19464]

Threads with active compile tasks:
C2 CompilerThread0     9513 1720 %     4       java.io.WinNTFileSystem::normalize @ 22 (143 bytes)

VM state: not at safepoint (normal execution)

VM Mutex/Monitor currently owned by a thread: None

Heap address: 0x0000000081800000, size: 2024 MB, Compressed Oops mode: 32-bit
CDS archive(s) mapped at: [0x0000000800000000-0x0000000800b50000-0x0000000800b50000), size 11862016, SharedBaseAddress: 0x0000000800000000, ArchiveRelocationMode: 0.
Compressed class space mapped at: 0x0000000800b50000-0x0000000840b50000, size: 1073741824
Narrow klass base: 0x0000000800000000, Narrow klass shift: 3, Narrow klass range: 0x100000000

GC Precious Log:
 CPUs: 4 total, 4 available
 Memory: 8089M
 Large Page Support: Disabled
 NUMA Support: Disabled
 Compressed Oops: Enabled (32-bit)
 Heap Region Size: 1M
 Heap Min Capacity: 8M
 Heap Initial Capacity: 128M
 Heap Max Capacity: 2024M
 Pre-touch: Disabled
 Parallel Workers: 4
 Concurrent Workers: 1
 Concurrent Refinement Workers: 4
 Periodic GC: Disabled

Heap:
 garbage-first heap   total 131072K, used 12136K [0x0000000081800000, 0x0000000100000000)
  region size 1024K, 6 young (6144K), 3 survivors (3072K)
 Metaspace       used 10117K, capacity 10849K, committed 11136K, reserved 1058816K
  class space    used 1228K, capacity 1304K, committed 1408K, reserved 1048576K

Heap Regions: E=young(eden), S=young(survivor), O=old, HS=humongous(starts), HC=humongous(continues), CS=collection set, F=free, OA=open archive, CA=closed archive, TAMS=top-at-mark-start (previous, next)
|   0|0x0000000081800000, 0x0000000081900000, 0x0000000081900000|100%|HS|  |TAMS 0x0000000081800000, 0x0000000081800000| Complete 
|   1|0x0000000081900000, 0x0000000081a00000, 0x0000000081a00000|100%| O|  |TAMS 0x0000000081900000, 0x0000000081900000| Untracked 
|   2|0x0000000081a00000, 0x0000000081b00000, 0x0000000081b00000|100%| O|  |TAMS 0x0000000081a00000, 0x0000000081a00000| Untracked 
|   3|0x0000000081b00000, 0x0000000081c00000, 0x0000000081c00000|100%| O|  |TAMS 0x0000000081b00000, 0x0000000081b00000| Untracked 
|   4|0x0000000081c00000, 0x0000000081d00000, 0x0000000081d00000|100%| O|  |TAMS 0x0000000081c00000, 0x0000000081c00000| Untracked 
|   5|0x0000000081d00000, 0x0000000081e00000, 0x0000000081e00000|100%| O|  |TAMS 0x0000000081d00000, 0x0000000081d00000| Untracked 
|   6|0x0000000081e00000, 0x0000000081f00000, 0x0000000081f00000|100%| O|  |TAMS 0x0000000081e00000, 0x0000000081e00000| Untracked 
|   7|0x0000000081f00000, 0x0000000081f8a600, 0x0000000082000000| 54%| O|  |TAMS 0x0000000081f00000, 0x0000000081f00000| Untracked 
|   8|0x0000000082000000, 0x0000000082000000, 0x0000000082100000|  0%| F|  |TAMS 0x0000000082000000, 0x0000000082000000| Untracked 
|   9|0x0000000082100000, 0x0000000082100000, 0x0000000082200000|  0%| F|  |TAMS 0x0000000082100000, 0x0000000082100000| Untracked 
|  10|0x0000000082200000, 0x0000000082200000, 0x0000000082300000|  0%| F|  |TAMS 0x0000000082200000, 0x0000000082200000| Untracked 
|  11|0x0000000082300000, 0x0000000082300000, 0x0000000082400000|  0%| F|  |TAMS 0x0000000082300000, 0x0000000082300000| Untracked 
|  12|0x0000000082400000, 0x0000000082400000, 0x0000000082500000|  0%| F|  |TAMS 0x0000000082400000, 0x0000000082400000| Untracked 
|  13|0x0000000082500000, 0x0000000082500000, 0x0000000082600000|  0%| F|  |TAMS 0x0000000082500000, 0x0000000082500000| Untracked 
|  14|0x0000000082600000, 0x0000000082600000, 0x0000000082700000|  0%| F|  |TAMS 0x0000000082600000, 0x0000000082600000| Untracked 
|  15|0x0000000082700000, 0x0000000082700000, 0x0000000082800000|  0%| F|  |TAMS 0x0000000082700000, 0x0000000082700000| Untracked 
|  16|0x0000000082800000, 0x0000000082800000, 0x0000000082900000|  0%| F|  |TAMS 0x0000000082800000, 0x0000000082800000| Untracked 
|  17|0x0000000082900000, 0x0000000082900000, 0x0000000082a00000|  0%| F|  |TAMS 0x0000000082900000, 0x0000000082900000| Untracked 
|  18|0x0000000082a00000, 0x0000000082a00000, 0x0000000082b00000|  0%| F|  |TAMS 0x0000000082a00000, 0x0000000082a00000| Untracked 
|  19|0x0000000082b00000, 0x0000000082b00000, 0x0000000082c00000|  0%| F|  |TAMS 0x0000000082b00000, 0x0000000082b00000| Untracked 
|  20|0x0000000082c00000, 0x0000000082c00000, 0x0000000082d00000|  0%| F|  |TAMS 0x0000000082c00000, 0x0000000082c00000| Untracked 
|  21|0x0000000082d00000, 0x0000000082d00000, 0x0000000082e00000|  0%| F|  |TAMS 0x0000000082d00000, 0x0000000082d00000| Untracked 
|  22|0x0000000082e00000, 0x0000000082e00000, 0x0000000082f00000|  0%| F|  |TAMS 0x0000000082e00000, 0x0000000082e00000| Untracked 
|  23|0x0000000082f00000, 0x0000000082f00000, 0x0000000083000000|  0%| F|  |TAMS 0x0000000082f00000, 0x0000000082f00000| Untracked 
|  24|0x0000000083000000, 0x0000000083000000, 0x0000000083100000|  0%| F|  |TAMS 0x0000000083000000, 0x0000000083000000| Untracked 
|  25|0x0000000083100000, 0x0000000083100000, 0x0000000083200000|  0%| F|  |TAMS 0x0000000083100000, 0x0000000083100000| Untracked 
|  26|0x0000000083200000, 0x0000000083200000, 0x0000000083300000|  0%| F|  |TAMS 0x0000000083200000, 0x0000000083200000| Untracked 
|  27|0x0000000083300000, 0x0000000083300000, 0x0000000083400000|  0%| F|  |TAMS 0x0000000083300000, 0x0000000083300000| Untracked 
|  28|0x0000000083400000, 0x0000000083400000, 0x0000000083500000|  0%| F|  |TAMS 0x0000000083400000, 0x0000000083400000| Untracked 
|  29|0x0000000083500000, 0x0000000083500000, 0x0000000083600000|  0%| F|  |TAMS 0x0000000083500000, 0x0000000083500000| Untracked 
|  30|0x0000000083600000, 0x0000000083600000, 0x0000000083700000|  0%| F|  |TAMS 0x0000000083600000, 0x0000000083600000| Untracked 
|  31|0x0000000083700000, 0x0000000083700000, 0x0000000083800000|  0%| F|  |TAMS 0x0000000083700000, 0x0000000083700000| Untracked 
|  32|0x0000000083800000, 0x0000000083800000, 0x0000000083900000|  0%| F|  |TAMS 0x0000000083800000, 0x0000000083800000| Untracked 
|  33|0x0000000083900000, 0x0000000083900000, 0x0000000083a00000|  0%| F|  |TAMS 0x0000000083900000, 0x0000000083900000| Untracked 
|  34|0x0000000083a00000, 0x0000000083a00000, 0x0000000083b00000|  0%| F|  |TAMS 0x0000000083a00000, 0x0000000083a00000| Untracked 
|  35|0x0000000083b00000, 0x0000000083b00000, 0x0000000083c00000|  0%| F|  |TAMS 0x0000000083b00000, 0x0000000083b00000| Untracked 
|  36|0x0000000083c00000, 0x0000000083c00000, 0x0000000083d00000|  0%| F|  |TAMS 0x0000000083c00000, 0x0000000083c00000| Untracked 
|  37|0x0000000083d00000, 0x0000000083d00000, 0x0000000083e00000|  0%| F|  |TAMS 0x0000000083d00000, 0x0000000083d00000| Untracked 
|  38|0x0000000083e00000, 0x0000000083e00000, 0x0000000083f00000|  0%| F|  |TAMS 0x0000000083e00000, 0x0000000083e00000| Untracked 
|  39|0x0000000083f00000, 0x0000000083f00000, 0x0000000084000000|  0%| F|  |TAMS 0x0000000083f00000, 0x0000000083f00000| Untracked 
|  40|0x0000000084000000, 0x0000000084000000, 0x0000000084100000|  0%| F|  |TAMS 0x0000000084000000, 0x0000000084000000| Untracked 
|  41|0x0000000084100000, 0x0000000084100000, 0x0000000084200000|  0%| F|  |TAMS 0x0000000084100000, 0x0000000084100000| Untracked 
|  42|0x0000000084200000, 0x0000000084200000, 0x0000000084300000|  0%| F|  |TAMS 0x0000000084200000, 0x0000000084200000| Untracked 
|  43|0x0000000084300000, 0x0000000084300000, 0x0000000084400000|  0%| F|  |TAMS 0x0000000084300000, 0x0000000084300000| Untracked 
|  44|0x0000000084400000, 0x0000000084400000, 0x0000000084500000|  0%| F|  |TAMS 0x0000000084400000, 0x0000000084400000| Untracked 
|  45|0x0000000084500000, 0x0000000084500000, 0x0000000084600000|  0%| F|  |TAMS 0x0000000084500000, 0x0000000084500000| Untracked 
|  46|0x0000000084600000, 0x0000000084600000, 0x0000000084700000|  0%| F|  |TAMS 0x0000000084600000, 0x0000000084600000| Untracked 
|  47|0x0000000084700000, 0x0000000084700000, 0x0000000084800000|  0%| F|  |TAMS 0x0000000084700000, 0x0000000084700000| Untracked 
|  48|0x0000000084800000, 0x0000000084800000, 0x0000000084900000|  0%| F|  |TAMS 0x0000000084800000, 0x0000000084800000| Untracked 
|  49|0x0000000084900000, 0x0000000084900000, 0x0000000084a00000|  0%| F|  |TAMS 0x0000000084900000, 0x0000000084900000| Untracked 
|  50|0x0000000084a00000, 0x0000000084a00000, 0x0000000084b00000|  0%| F|  |TAMS 0x0000000084a00000, 0x0000000084a00000| Untracked 
|  51|0x0000000084b00000, 0x0000000084b00000, 0x0000000084c00000|  0%| F|  |TAMS 0x0000000084b00000, 0x0000000084b00000| Untracked 
|  52|0x0000000084c00000, 0x0000000084c00000, 0x0000000084d00000|  0%| F|  |TAMS 0x0000000084c00000, 0x0000000084c00000| Untracked 
|  53|0x0000000084d00000, 0x0000000084d00000, 0x0000000084e00000|  0%| F|  |TAMS 0x0000000084d00000, 0x0000000084d00000| Untracked 
|  54|0x0000000084e00000, 0x0000000084e00000, 0x0000000084f00000|  0%| F|  |TAMS 0x0000000084e00000, 0x0000000084e00000| Untracked 
|  55|0x0000000084f00000, 0x0000000084f00000, 0x0000000085000000|  0%| F|  |TAMS 0x0000000084f00000, 0x0000000084f00000| Untracked 
|  56|0x0000000085000000, 0x0000000085000000, 0x0000000085100000|  0%| F|  |TAMS 0x0000000085000000, 0x0000000085000000| Untracked 
|  57|0x0000000085100000, 0x0000000085100000, 0x0000000085200000|  0%| F|  |TAMS 0x0000000085100000, 0x0000000085100000| Untracked 
|  58|0x0000000085200000, 0x0000000085200000, 0x0000000085300000|  0%| F|  |TAMS 0x0000000085200000, 0x0000000085200000| Untracked 
|  59|0x0000000085300000, 0x0000000085300000, 0x0000000085400000|  0%| F|  |TAMS 0x0000000085300000, 0x0000000085300000| Untracked 
|  60|0x0000000085400000, 0x0000000085400000, 0x0000000085500000|  0%| F|  |TAMS 0x0000000085400000, 0x0000000085400000| Untracked 
|  61|0x0000000085500000, 0x0000000085500000, 0x0000000085600000|  0%| F|  |TAMS 0x0000000085500000, 0x0000000085500000| Untracked 
|  62|0x0000000085600000, 0x0000000085600000, 0x0000000085700000|  0%| F|  |TAMS 0x0000000085600000, 0x0000000085600000| Untracked 
|  63|0x0000000085700000, 0x0000000085700000, 0x0000000085800000|  0%| F|  |TAMS 0x0000000085700000, 0x0000000085700000| Untracked 
|  64|0x0000000085800000, 0x0000000085800000, 0x0000000085900000|  0%| F|  |TAMS 0x0000000085800000, 0x0000000085800000| Untracked 
|  65|0x0000000085900000, 0x0000000085900000, 0x0000000085a00000|  0%| F|  |TAMS 0x0000000085900000, 0x0000000085900000| Untracked 
|  66|0x0000000085a00000, 0x0000000085a00000, 0x0000000085b00000|  0%| F|  |TAMS 0x0000000085a00000, 0x0000000085a00000| Untracked 
|  67|0x0000000085b00000, 0x0000000085b00000, 0x0000000085c00000|  0%| F|  |TAMS 0x0000000085b00000, 0x0000000085b00000| Untracked 
|  68|0x0000000085c00000, 0x0000000085c00000, 0x0000000085d00000|  0%| F|  |TAMS 0x0000000085c00000, 0x0000000085c00000| Untracked 
|  69|0x0000000085d00000, 0x0000000085d00000, 0x0000000085e00000|  0%| F|  |TAMS 0x0000000085d00000, 0x0000000085d00000| Untracked 
|  70|0x0000000085e00000, 0x0000000085e00000, 0x0000000085f00000|  0%| F|  |TAMS 0x0000000085e00000, 0x0000000085e00000| Untracked 
|  71|0x0000000085f00000, 0x0000000085f00000, 0x0000000086000000|  0%| F|  |TAMS 0x0000000085f00000, 0x0000000085f00000| Untracked 
|  72|0x0000000086000000, 0x0000000086000000, 0x0000000086100000|  0%| F|  |TAMS 0x0000000086000000, 0x0000000086000000| Untracked 
|  73|0x0000000086100000, 0x0000000086100000, 0x0000000086200000|  0%| F|  |TAMS 0x0000000086100000, 0x0000000086100000| Untracked 
|  74|0x0000000086200000, 0x0000000086200000, 0x0000000086300000|  0%| F|  |TAMS 0x0000000086200000, 0x0000000086200000| Untracked 
|  75|0x0000000086300000, 0x0000000086300000, 0x0000000086400000|  0%| F|  |TAMS 0x0000000086300000, 0x0000000086300000| Untracked 
|  76|0x0000000086400000, 0x0000000086400000, 0x0000000086500000|  0%| F|  |TAMS 0x0000000086400000, 0x0000000086400000| Untracked 
|  77|0x0000000086500000, 0x0000000086500000, 0x0000000086600000|  0%| F|  |TAMS 0x0000000086500000, 0x0000000086500000| Untracked 
|  78|0x0000000086600000, 0x0000000086600000, 0x0000000086700000|  0%| F|  |TAMS 0x0000000086600000, 0x0000000086600000| Untracked 
|  79|0x0000000086700000, 0x0000000086700000, 0x0000000086800000|  0%| F|  |TAMS 0x0000000086700000, 0x0000000086700000| Untracked 
|  80|0x0000000086800000, 0x0000000086800000, 0x0000000086900000|  0%| F|  |TAMS 0x0000000086800000, 0x0000000086800000| Untracked 
|  81|0x0000000086900000, 0x0000000086900000, 0x0000000086a00000|  0%| F|  |TAMS 0x0000000086900000, 0x0000000086900000| Untracked 
|  82|0x0000000086a00000, 0x0000000086a00000, 0x0000000086b00000|  0%| F|  |TAMS 0x0000000086a00000, 0x0000000086a00000| Untracked 
|  83|0x0000000086b00000, 0x0000000086b00000, 0x0000000086c00000|  0%| F|  |TAMS 0x0000000086b00000, 0x0000000086b00000| Untracked 
|  84|0x0000000086c00000, 0x0000000086c00000, 0x0000000086d00000|  0%| F|  |TAMS 0x0000000086c00000, 0x0000000086c00000| Untracked 
|  85|0x0000000086d00000, 0x0000000086d00000, 0x0000000086e00000|  0%| F|  |TAMS 0x0000000086d00000, 0x0000000086d00000| Untracked 
|  86|0x0000000086e00000, 0x0000000086e00000, 0x0000000086f00000|  0%| F|  |TAMS 0x0000000086e00000, 0x0000000086e00000| Untracked 
|  87|0x0000000086f00000, 0x0000000086f00000, 0x0000000087000000|  0%| F|  |TAMS 0x0000000086f00000, 0x0000000086f00000| Untracked 
|  88|0x0000000087000000, 0x0000000087000000, 0x0000000087100000|  0%| F|  |TAMS 0x0000000087000000, 0x0000000087000000| Untracked 
|  89|0x0000000087100000, 0x0000000087100000, 0x0000000087200000|  0%| F|  |TAMS 0x0000000087100000, 0x0000000087100000| Untracked 
|  90|0x0000000087200000, 0x0000000087200000, 0x0000000087300000|  0%| F|  |TAMS 0x0000000087200000, 0x0000000087200000| Untracked 
|  91|0x0000000087300000, 0x0000000087300000, 0x0000000087400000|  0%| F|  |TAMS 0x0000000087300000, 0x0000000087300000| Untracked 
|  92|0x0000000087400000, 0x0000000087400000, 0x0000000087500000|  0%| F|  |TAMS 0x0000000087400000, 0x0000000087400000| Untracked 
|  93|0x0000000087500000, 0x0000000087500000, 0x0000000087600000|  0%| F|  |TAMS 0x0000000087500000, 0x0000000087500000| Untracked 
|  94|0x0000000087600000, 0x0000000087600000, 0x0000000087700000|  0%| F|  |TAMS 0x0000000087600000, 0x0000000087600000| Untracked 
|  95|0x0000000087700000, 0x0000000087700000, 0x0000000087800000|  0%| F|  |TAMS 0x0000000087700000, 0x0000000087700000| Untracked 
|  96|0x0000000087800000, 0x0000000087800000, 0x0000000087900000|  0%| F|  |TAMS 0x0000000087800000, 0x0000000087800000| Untracked 
|  97|0x0000000087900000, 0x0000000087900000, 0x0000000087a00000|  0%| F|  |TAMS 0x0000000087900000, 0x0000000087900000| Untracked 
|  98|0x0000000087a00000, 0x0000000087a00000, 0x0000000087b00000|  0%| F|  |TAMS 0x0000000087a00000, 0x0000000087a00000| Untracked 
|  99|0x0000000087b00000, 0x0000000087b00000, 0x0000000087c00000|  0%| F|  |TAMS 0x0000000087b00000, 0x0000000087b00000| Untracked 
| 100|0x0000000087c00000, 0x0000000087c00000, 0x0000000087d00000|  0%| F|  |TAMS 0x0000000087c00000, 0x0000000087c00000| Untracked 
| 101|0x0000000087d00000, 0x0000000087d00000, 0x0000000087e00000|  0%| F|  |TAMS 0x0000000087d00000, 0x0000000087d00000| Untracked 
| 102|0x0000000087e00000, 0x0000000087e4fc28, 0x0000000087f00000| 31%| S|CS|TAMS 0x0000000087e00000, 0x0000000087e00000| Complete 
| 103|0x0000000087f00000, 0x0000000088000000, 0x0000000088000000|100%| S|CS|TAMS 0x0000000087f00000, 0x0000000087f00000| Complete 
| 104|0x0000000088000000, 0x0000000088100000, 0x0000000088100000|100%| S|CS|TAMS 0x0000000088000000, 0x0000000088000000| Complete 
| 105|0x0000000088100000, 0x0000000088100000, 0x0000000088200000|  0%| F|  |TAMS 0x0000000088100000, 0x0000000088100000| Untracked 
| 106|0x0000000088200000, 0x0000000088200000, 0x0000000088300000|  0%| F|  |TAMS 0x0000000088200000, 0x0000000088200000| Untracked 
| 107|0x0000000088300000, 0x0000000088300000, 0x0000000088400000|  0%| F|  |TAMS 0x0000000088300000, 0x0000000088300000| Untracked 
| 108|0x0000000088400000, 0x0000000088400000, 0x0000000088500000|  0%| F|  |TAMS 0x0000000088400000, 0x0000000088400000| Untracked 
| 109|0x0000000088500000, 0x0000000088500000, 0x0000000088600000|  0%| F|  |TAMS 0x0000000088500000, 0x0000000088500000| Untracked 
| 110|0x0000000088600000, 0x0000000088600000, 0x0000000088700000|  0%| F|  |TAMS 0x0000000088600000, 0x0000000088600000| Untracked 
| 111|0x0000000088700000, 0x0000000088700000, 0x0000000088800000|  0%| F|  |TAMS 0x0000000088700000, 0x0000000088700000| Untracked 
| 112|0x0000000088800000, 0x0000000088800000, 0x0000000088900000|  0%| F|  |TAMS 0x0000000088800000, 0x0000000088800000| Untracked 
| 113|0x0000000088900000, 0x0000000088900000, 0x0000000088a00000|  0%| F|  |TAMS 0x0000000088900000, 0x0000000088900000| Untracked 
| 114|0x0000000088a00000, 0x0000000088a00000, 0x0000000088b00000|  0%| F|  |TAMS 0x0000000088a00000, 0x0000000088a00000| Untracked 
| 115|0x0000000088b00000, 0x0000000088b00000, 0x0000000088c00000|  0%| F|  |TAMS 0x0000000088b00000, 0x0000000088b00000| Untracked 
| 116|0x0000000088c00000, 0x0000000088c00000, 0x0000000088d00000|  0%| F|  |TAMS 0x0000000088c00000, 0x0000000088c00000| Untracked 
| 117|0x0000000088d00000, 0x0000000088d00000, 0x0000000088e00000|  0%| F|  |TAMS 0x0000000088d00000, 0x0000000088d00000| Untracked 
| 118|0x0000000088e00000, 0x0000000088e00000, 0x0000000088f00000|  0%| F|  |TAMS 0x0000000088e00000, 0x0000000088e00000| Untracked 
| 119|0x0000000088f00000, 0x0000000088f00000, 0x0000000089000000|  0%| F|  |TAMS 0x0000000088f00000, 0x0000000088f00000| Untracked 
| 120|0x0000000089000000, 0x0000000089000000, 0x0000000089100000|  0%| F|  |TAMS 0x0000000089000000, 0x0000000089000000| Untracked 
| 121|0x0000000089100000, 0x0000000089100000, 0x0000000089200000|  0%| F|  |TAMS 0x0000000089100000, 0x0000000089100000| Untracked 
| 122|0x0000000089200000, 0x0000000089200000, 0x0000000089300000|  0%| F|  |TAMS 0x0000000089200000, 0x0000000089200000| Untracked 
| 123|0x0000000089300000, 0x0000000089300000, 0x0000000089400000|  0%| F|  |TAMS 0x0000000089300000, 0x0000000089300000| Untracked 
| 124|0x0000000089400000, 0x0000000089400000, 0x0000000089500000|  0%| F|  |TAMS 0x0000000089400000, 0x0000000089400000| Untracked 
| 125|0x0000000089500000, 0x0000000089500800, 0x0000000089600000|  0%| E|  |TAMS 0x0000000089500000, 0x0000000089500000| Complete 
| 126|0x0000000089600000, 0x0000000089700000, 0x0000000089700000|100%| E|CS|TAMS 0x0000000089600000, 0x0000000089600000| Complete 
| 127|0x0000000089700000, 0x0000000089800000, 0x0000000089800000|100%| E|CS|TAMS 0x0000000089700000, 0x0000000089700000| Complete 

Card table byte_map: [0x0000027bf4f60000,0x0000027bf5360000] _byte_map_base: 0x0000027bf4b54000

Marking Bits (Prev, Next): (CMBitMap*) 0x0000027bdd98d830, (CMBitMap*) 0x0000027bdd98d870
 Prev Bits: [0x0000027bf5760000, 0x0000027bf7700000)
 Next Bits: [0x0000027bf7700000, 0x0000027bf96a0000)

Polling page: 0x0000027bdd100000

Metaspace:

Usage:
  Non-class:      9.32 MB capacity,     8.68 MB ( 93%) used,   643.71 KB (  7%) free+waste,    11.56 KB ( <1%) overhead. 
      Class:      1.27 MB capacity,     1.20 MB ( 94%) used,    71.06 KB (  5%) free+waste,     4.94 KB ( <1%) overhead. 
       Both:     10.59 MB capacity,     9.88 MB ( 93%) used,   714.77 KB (  7%) free+waste,    16.50 KB ( <1%) overhead. 

Virtual space:
  Non-class space:       10.00 MB reserved,       9.50 MB ( 95%) committed 
      Class space:        1.00 GB reserved,       1.38 MB ( <1%) committed 
             Both:        1.01 GB reserved,      10.88 MB (  1%) committed 

Chunk freelists:
   Non-Class:  55.00 KB
       Class:  8.00 KB
        Both:  63.00 KB

MaxMetaspaceSize: 17179869184.00 GB
CompressedClassSpaceSize: 1.00 GB

CodeHeap 'non-profiled nmethods': size=120000Kb used=654Kb max_used=654Kb free=119345Kb
 bounds [0x0000027bed630000, 0x0000027bed8a0000, 0x0000027bf4b60000]
CodeHeap 'profiled nmethods': size=120000Kb used=3441Kb max_used=3441Kb free=116558Kb
 bounds [0x0000027be6100000, 0x0000027be6460000, 0x0000027bed630000]
CodeHeap 'non-nmethods': size=5760Kb used=1186Kb max_used=1237Kb free=4573Kb
 bounds [0x0000027be5b60000, 0x0000027be5dd0000, 0x0000027be6100000]
 total_blobs=2177 nmethods=1727 adapters=362
 compilation: enabled
              stopped_count=0, restarted_count=0
 full_count=0

Compilation events (20 events):
Event: 9.406 Thread 0x0000027bfbb93fd0 1724       3       org.springframework.core.annotation.TypeMappedAnnotations::get (52 bytes)
Event: 9.407 Thread 0x0000027bfbb93fd0 nmethod 1724 0x0000027be6456710 code [0x0000027be6456900, 0x0000027be6456f48]
Event: 9.407 Thread 0x0000027bfbb93fd0 1725       3       org.springframework.core.annotation.MergedAnnotations::from (8 bytes)
Event: 9.407 Thread 0x0000027bfbb93fd0 nmethod 1725 0x0000027be6457110 code [0x0000027be6457300, 0x0000027be64577f8]
Event: 9.407 Thread 0x0000027bfbb93fd0 1727       3       org.springframework.core.annotation.AbstractMergedAnnotation::isDirectlyPresent (20 bytes)
Event: 9.407 Thread 0x0000027bfbb93fd0 nmethod 1727 0x0000027be6457a90 code [0x0000027be6457c40, 0x0000027be6457f58]
Event: 9.408 Thread 0x0000027bfbb93fd0 1726       3       org.springframework.core.annotation.RepeatableContainers::findRepeatedAnnotations (18 bytes)
Event: 9.408 Thread 0x0000027bfbb93fd0 nmethod 1726 0x0000027be6458010 code [0x0000027be64581c0, 0x0000027be64583e8]
Event: 9.412 Thread 0x0000027bfbb93fd0 1728       3       java.lang.String::valueOf (15 bytes)
Event: 9.412 Thread 0x0000027bfbb93fd0 nmethod 1728 0x0000027be6458490 code [0x0000027be6458640, 0x0000027be6458848]
Event: 9.413 Thread 0x0000027bfbb93fd0 1729   !   3       java.util.concurrent.ConcurrentHashMap::replaceNode (437 bytes)
Event: 9.415 Thread 0x0000027bfbb93fd0 nmethod 1729 0x0000027be6458910 code [0x0000027be6458c60, 0x0000027be645a558]
Event: 9.415 Thread 0x0000027bfbb93fd0 1732       1       java.util.Spliterators$ArraySpliterator::characteristics (5 bytes)
Event: 9.415 Thread 0x0000027bfbb93fd0 nmethod 1732 0x0000027bed6d3810 code [0x0000027bed6d39a0, 0x0000027bed6d3a58]
Event: 9.415 Thread 0x0000027bfbb93fd0 1730       3       java.lang.reflect.Constructor::setAccessible (21 bytes)
Event: 9.416 Thread 0x0000027bfbb93fd0 nmethod 1730 0x0000027be645b290 code [0x0000027be645b4a0, 0x0000027be645bb98]
Event: 9.416 Thread 0x0000027bfbb93fd0 1731       3       java.lang.reflect.Constructor::checkCanSetAccessible (29 bytes)
Event: 9.416 Thread 0x0000027bfbb93fd0 nmethod 1731 0x0000027be645be10 code [0x0000027be645bfe0, 0x0000027be645c298]
Event: 9.418 Thread 0x0000027bfbb93fd0 1733       3       java.lang.invoke.BoundMethodHandle::<init> (32 bytes)
Event: 9.419 Thread 0x0000027bfbb93fd0 nmethod 1733 0x0000027be645c410 code [0x0000027be645c5c0, 0x0000027be645c708]

GC Heap History (6 events):
Event: 4.049 GC heap before
{Heap before GC invocations=0 (full 0):
 garbage-first heap   total 131072K, used 13312K [0x0000000081800000, 0x0000000100000000)
  region size 1024K, 13 young (13312K), 0 survivors (0K)
 Metaspace       used 2542K, capacity 5219K, committed 5376K, reserved 1056768K
  class space    used 248K, capacity 500K, committed 512K, reserved 1048576K
}
Event: 4.359 GC heap after
{Heap after GC invocations=1 (full 0):
 garbage-first heap   total 131072K, used 7651K [0x0000000081800000, 0x0000000100000000)
  region size 1024K, 2 young (2048K), 2 survivors (2048K)
 Metaspace       used 2542K, capacity 5219K, committed 5376K, reserved 1056768K
  class space    used 248K, capacity 500K, committed 512K, reserved 1048576K
}
Event: 5.698 GC heap before
{Heap before GC invocations=1 (full 0):
 garbage-first heap   total 131072K, used 15843K [0x0000000081800000, 0x0000000100000000)
  region size 1024K, 10 young (10240K), 2 survivors (2048K)
 Metaspace       used 4389K, capacity 6610K, committed 6656K, reserved 1056768K
  class space    used 527K, capacity 746K, committed 768K, reserved 1048576K
}
Event: 5.702 GC heap after
{Heap after GC invocations=2 (full 0):
 garbage-first heap   total 131072K, used 8272K [0x0000000081800000, 0x0000000100000000)
  region size 1024K, 1 young (1024K), 1 survivors (1024K)
 Metaspace       used 4389K, capacity 6610K, committed 6656K, reserved 1056768K
  class space    used 527K, capacity 746K, committed 768K, reserved 1048576K
}
Event: 9.241 GC heap before
{Heap before GC invocations=2 (full 0):
 garbage-first heap   total 131072K, used 29776K [0x0000000081800000, 0x0000000100000000)
  region size 1024K, 23 young (23552K), 1 survivors (1024K)
 Metaspace       used 9763K, capacity 10561K, committed 10752K, reserved 1058816K
  class space    used 1184K, capacity 1272K, committed 1280K, reserved 1048576K
}
Event: 9.247 GC heap after
{Heap after GC invocations=3 (full 0):
 garbage-first heap   total 131072K, used 10088K [0x0000000081800000, 0x0000000100000000)
  region size 1024K, 3 young (3072K), 3 survivors (3072K)
 Metaspace       used 9763K, capacity 10561K, committed 10752K, reserved 1058816K
  class space    used 1184K, capacity 1272K, committed 1280K, reserved 1048576K
}

Deoptimization events (20 events):
Event: 7.906 Thread 0x0000027bdd94cc00 Uncommon trap: trap_request=0xffffff45 fr.pc=0x0000027bed680e40 relative=0x0000000000001900
Event: 7.906 Thread 0x0000027bdd94cc00 Uncommon trap: reason=unstable_if action=reinterpret pc=0x0000027bed680e40 method=java.io.WinNTFileSystem.normalize(Ljava/lang/String;)Ljava/lang/String; @ 128 c2
Event: 7.906 Thread 0x0000027bdd94cc00 DEOPT PACKING pc=0x0000027bed680e40 sp=0x00000099dc5fcb30
Event: 7.906 Thread 0x0000027bdd94cc00 DEOPT UNPACKING pc=0x0000027be5bae42f sp=0x00000099dc5fcb18 mode 2
Event: 8.684 Thread 0x0000027bdd94cc00 Uncommon trap: trap_request=0xffffff45 fr.pc=0x0000027bed66c730 relative=0x0000000000000090
Event: 8.684 Thread 0x0000027bdd94cc00 Uncommon trap: reason=unstable_if action=reinterpret pc=0x0000027bed66c730 method=sun.reflect.generics.parser.SignatureParser.current()C @ 39 c2
Event: 8.684 Thread 0x0000027bdd94cc00 DEOPT PACKING pc=0x0000027bed66c730 sp=0x00000099dc5fbef0
Event: 8.684 Thread 0x0000027bdd94cc00 DEOPT UNPACKING pc=0x0000027be5bae42f sp=0x00000099dc5fbe88 mode 2
Event: 8.685 Thread 0x0000027bdd94cc00 Uncommon trap: trap_request=0xffffff45 fr.pc=0x0000027bed6bf3c8 relative=0x0000000000000268
Event: 8.685 Thread 0x0000027bdd94cc00 Uncommon trap: reason=unstable_if action=reinterpret pc=0x0000027bed6bf3c8 method=sun.reflect.generics.parser.SignatureParser.skipIdentifier()V @ 44 c2
Event: 8.685 Thread 0x0000027bdd94cc00 DEOPT PACKING pc=0x0000027bed6bf3c8 sp=0x00000099dc5fc880
Event: 8.685 Thread 0x0000027bdd94cc00 DEOPT UNPACKING pc=0x0000027be5bae42f sp=0x00000099dc5fc818 mode 2
Event: 9.162 Thread 0x0000027bdd94cc00 Uncommon trap: trap_request=0xffffff45 fr.pc=0x0000027bed6b6a40 relative=0x00000000000000c0
Event: 9.162 Thread 0x0000027bdd94cc00 Uncommon trap: reason=unstable_if action=reinterpret pc=0x0000027bed6b6a40 method=java.lang.ref.SoftReference.get()Ljava/lang/Object; @ 6 c2
Event: 9.162 Thread 0x0000027bdd94cc00 DEOPT PACKING pc=0x0000027bed6b6a40 sp=0x00000099dc5fcfc0
Event: 9.162 Thread 0x0000027bdd94cc00 DEOPT UNPACKING pc=0x0000027be5bae42f sp=0x00000099dc5fcf78 mode 2
Event: 9.412 Thread 0x0000027bdd94cc00 Uncommon trap: trap_request=0xffffff45 fr.pc=0x0000027bed697388 relative=0x0000000000000e68
Event: 9.412 Thread 0x0000027bdd94cc00 Uncommon trap: reason=unstable_if action=reinterpret pc=0x0000027bed697388 method=sun.reflect.annotation.AnnotationInvocationHandler.invoke(Ljava/lang/Object;Ljava/lang/reflect/Method;[Ljava/lang/Object;)Ljava/lang/Object; @ 64 c2
Event: 9.412 Thread 0x0000027bdd94cc00 DEOPT PACKING pc=0x0000027bed697388 sp=0x00000099dc5fcee0
Event: 9.412 Thread 0x0000027bdd94cc00 DEOPT UNPACKING pc=0x0000027be5bae42f sp=0x00000099dc5fceb0 mode 2

Classes unloaded (0 events):
No events

Classes redefined (0 events):
No events

Internal exceptions (20 events):
Event: 5.350 Thread 0x0000027bdd94cc00 Exception <a 'java/lang/NoSuchMethodError'{0x00000000892cde38}: 'java.lang.Object java.lang.invoke.DirectMethodHandle$Holder.newInvokeSpecial(java.lang.Object, java.lang.Object, java.lang.Object, java.lang.Object, java.lang.Object, java.lang.Object)'> (0x00000000892cde38) 
thrown [./open/src/hotspot/share/interpreter/linkResolver.cpp, line 782]
Event: 5.358 Thread 0x0000027bdd94cc00 Exception <a 'java/lang/NoSuchMethodError'{0x0000000089111d58}: 'void java.lang.invoke.DirectMethodHandle$Holder.invokeInterface(java.lang.Object, java.lang.Object, java.lang.Object, java.lang.Object, java.lang.Object)'> (0x0000000089111d58) 
thrown [./open/src/hotspot/share/interpreter/linkResolver.cpp, line 782]
Event: 5.359 Thread 0x0000027bdd94cc00 Exception <a 'java/lang/IncompatibleClassChangeError'{0x0000000089115c28}: Found class java.lang.Object, but interface was expected> (0x0000000089115c28) 
thrown [./open/src/hotspot/share/interpreter/linkResolver.cpp, line 848]
Event: 5.455 Thread 0x0000027bdd94cc00 Exception <a 'java/lang/NoSuchMethodError'{0x000000008918f850}: 'void java.lang.invoke.DirectMethodHandle$Holder.invokeSpecial(java.lang.Object, java.lang.Object, java.lang.Object, java.lang.Object, java.lang.Object)'> (0x000000008918f850) 
thrown [./open/src/hotspot/share/interpreter/linkResolver.cpp, line 782]
Event: 5.571 Thread 0x0000027bdd94cc00 Exception <a 'java/lang/NoSuchMethodError'{0x00000000891e9c60}: 'void java.lang.invoke.DirectMethodHandle$Holder.invokeInterface(java.lang.Object, java.lang.Object, java.lang.Object, java.lang.Object)'> (0x00000000891e9c60) 
thrown [./open/src/hotspot/share/interpreter/linkResolver.cpp, line 782]
Event: 5.574 Thread 0x0000027bdd94cc00 Exception <a 'java/lang/IncompatibleClassChangeError'{0x00000000891ed788}: Found class java.lang.Object, but interface was expected> (0x00000000891ed788) 
thrown [./open/src/hotspot/share/interpreter/linkResolver.cpp, line 848]
Event: 5.578 Thread 0x0000027bdd94cc00 Exception <a 'java/lang/NoSuchMethodError'{0x0000000089006538}: 'void java.lang.invoke.DirectMethodHandle$Holder.invokeStatic(java.lang.Object, java.lang.Object, java.lang.Object, java.lang.Object)'> (0x0000000089006538) 
thrown [./open/src/hotspot/share/interpreter/linkResolver.cpp, line 782]
Event: 5.581 Thread 0x0000027bdd94cc00 Exception <a 'java/lang/NoSuchMethodError'{0x0000000089019360}: 'java.lang.Object java.lang.invoke.DirectMethodHandle$Holder.invokeVirtual(java.lang.Object, java.lang.Object, java.lang.Object)'> (0x0000000089019360) 
thrown [./open/src/hotspot/share/interpreter/linkResolver.cpp, line 782]
Event: 5.696 Thread 0x0000027bdd94cc00 Exception <a 'java/lang/NoSuchMethodError'{0x00000000890f3fb0}: 'int java.lang.invoke.DirectMethodHandle$Holder.invokeStatic(java.lang.Object, java.lang.Object, java.lang.Object, java.lang.Object)'> (0x00000000890f3fb0) 
thrown [./open/src/hotspot/share/interpreter/linkResolver.cpp, line 782]
Event: 5.696 Thread 0x0000027bdd94cc00 Exception <a 'java/lang/NoSuchMethodError'{0x00000000890f7b08}: 'java.lang.Object java.lang.invoke.Invokers$Holder.invokeExact_MT(java.lang.Object, java.lang.Object, java.lang.Object, java.lang.Object, java.lang.Object, java.lang.Object)'> (0x00000000890f7b08) 
thrown [./open/src/hotspot/share/interpreter/linkResolver.cpp, line 782]
Event: 5.705 Thread 0x0000027bdd94cc00 Exception <a 'java/lang/NoSuchMethodError'{0x00000000897082c8}: 'int java.lang.invoke.DirectMethodHandle$Holder.invokeStatic(java.lang.Object, java.lang.Object, java.lang.Object, java.lang.Object, java.lang.Object)'> (0x00000000897082c8) 
thrown [./open/src/hotspot/share/interpreter/linkResolver.cpp, line 782]
Event: 5.848 Thread 0x0000027bdd94cc00 Exception <a 'java/lang/NoSuchMethodError'{0x000000008964c230}: 'int java.lang.invoke.DirectMethodHandle$Holder.invokeStaticInit(java.lang.Object, java.lang.Object, java.lang.Object)'> (0x000000008964c230) 
thrown [./open/src/hotspot/share/interpreter/linkResolver.cpp, line 782]
Event: 5.922 Thread 0x0000027bdd94cc00 Exception <a 'java/lang/NoSuchMethodError'{0x0000000089686140}: 'int java.lang.invoke.DirectMethodHandle$Holder.invokeStaticInit(java.lang.Object, java.lang.Object)'> (0x0000000089686140) 
thrown [./open/src/hotspot/share/interpreter/linkResolver.cpp, line 782]
Event: 6.249 Thread 0x0000027bdd94cc00 Exception <a 'java/lang/ClassNotFoundException'{0x0000000089254628}: javax/smartcardio/CardPermission> (0x0000000089254628) 
thrown [./open/src/hotspot/share/classfile/systemDictionary.cpp, line 295]
Event: 6.267 Thread 0x0000027bdd94cc00 Exception <a 'java/io/FileNotFoundException'{0x0000000089262f60}> (0x0000000089262f60) 
thrown [./open/src/hotspot/share/prims/jni.cpp, line 578]
Event: 6.654 Thread 0x0000027bdd94cc00 Exception <a 'java/lang/NoSuchMethodError'{0x0000000089049350}: 'org.slf4j.impl.StaticMDCBinder org.slf4j.impl.StaticMDCBinder.getSingleton()'> (0x0000000089049350) 
thrown [./open/src/hotspot/share/interpreter/linkResolver.cpp, line 782]
Event: 6.767 Thread 0x0000027bdd94cc00 Exception <a 'java/lang/IncompatibleClassChangeError'{0x00000000890d5fc0}: Found class java.lang.Object, but interface was expected> (0x00000000890d5fc0) 
thrown [./open/src/hotspot/share/interpreter/linkResolver.cpp, line 848]
Event: 6.938 Thread 0x0000027bdd94cc00 Implicit null exception at 0x0000027bed68d861 to 0x0000027bed68ed70
Event: 7.060 Thread 0x0000027bdd94cc00 Exception <a 'java/lang/NoSuchMethodError'{0x0000000088d72dc0}: 'int java.lang.invoke.DirectMethodHandle$Holder.invokeInterface(java.lang.Object, java.lang.Object)'> (0x0000000088d72dc0) 
thrown [./open/src/hotspot/share/interpreter/linkResolver.cpp, line 782]
Event: 8.501 Thread 0x0000027bdd94cc00 Exception <a 'java/lang/NoSuchMethodError'{0x00000000886dd2f0}: 'void java.lang.invoke.DirectMethodHandle$Holder.invokeVirtual(java.lang.Object, java.lang.Object, java.lang.Object, java.lang.Object)'> (0x00000000886dd2f0) 
thrown [./open/src/hotspot/share/interpreter/linkResolver.cpp, line 782]

Events (20 events):
Event: 9.069 loading class sun/reflect/generics/tree/ByteSignature
Event: 9.069 loading class sun/reflect/generics/tree/ByteSignature done
Event: 9.148 loading class java/beans/PropertyEditorSupport
Event: 9.148 loading class java/beans/PropertyEditor
Event: 9.148 loading class java/beans/PropertyEditor done
Event: 9.148 loading class java/beans/PropertyEditorSupport done
Event: 9.161 loading class java/util/function/UnaryOperator
Event: 9.161 loading class java/util/function/UnaryOperator done
Event: 9.162 loading class java/util/ConcurrentModificationException
Event: 9.162 loading class java/util/ConcurrentModificationException done
Event: 9.241 Executing VM operation: G1CollectForAllocation
Event: 9.247 Executing VM operation: G1CollectForAllocation done
Event: 9.393 loading class jdk/internal/reflect/UnsafeFieldAccessorFactory
Event: 9.393 loading class jdk/internal/reflect/UnsafeFieldAccessorFactory done
Event: 9.393 loading class jdk/internal/reflect/UnsafeQualifiedStaticIntegerFieldAccessorImpl
Event: 9.395 loading class jdk/internal/reflect/UnsafeQualifiedStaticFieldAccessorImpl
Event: 9.395 loading class jdk/internal/reflect/UnsafeQualifiedStaticFieldAccessorImpl done
Event: 9.395 loading class jdk/internal/reflect/UnsafeQualifiedStaticIntegerFieldAccessorImpl done
Event: 9.417 loading class java/util/EventObject
Event: 9.418 loading class java/util/EventObject done


Dynamic libraries:
0x00007ff66a230000 - 0x00007ff66a23f000 	C:\Program Files\Java\jdk-15.0.2\bin\java.exe
0x00007ffea0fa0000 - 0x00007ffea1190000 	C:\Windows\SYSTEM32\ntdll.dll
0x00007ffea0600000 - 0x00007ffea06b2000 	C:\Windows\System32\KERNEL32.DLL
0x00007ffe9e340000 - 0x00007ffe9e5e5000 	C:\Windows\System32\KERNELBASE.dll
0x00007ffe9e240000 - 0x00007ffe9e33a000 	C:\Windows\System32\ucrtbase.dll
0x00007ffe98ca0000 - 0x00007ffe98cb8000 	C:\Program Files\Java\jdk-15.0.2\bin\jli.dll
0x00007ffea0da0000 - 0x00007ffea0e43000 	C:\Windows\System32\ADVAPI32.dll
0x00007ffea0870000 - 0x00007ffea090e000 	C:\Windows\System32\msvcrt.dll
0x00007ffea0560000 - 0x00007ffea05f7000 	C:\Windows\System32\sechost.dll
0x00007ffe9fdc0000 - 0x00007ffe9fedf000 	C:\Windows\System32\RPCRT4.dll
0x00007ffe9fad0000 - 0x00007ffe9fc64000 	C:\Windows\System32\USER32.dll
0x00007ffe9e210000 - 0x00007ffe9e231000 	C:\Windows\System32\win32u.dll
0x00007ffe9f1d0000 - 0x00007ffe9f1f6000 	C:\Windows\System32\GDI32.dll
0x00007ffe9e6a0000 - 0x00007ffe9e838000 	C:\Windows\System32\gdi32full.dll
0x00007ffe9e010000 - 0x00007ffe9e0ae000 	C:\Windows\System32\msvcp_win.dll
0x00007ffe98c80000 - 0x00007ffe98c99000 	C:\Program Files\Java\jdk-15.0.2\bin\VCRUNTIME140.dll
0x00007ffe8b1f0000 - 0x00007ffe8b474000 	C:\Windows\WinSxS\amd64_microsoft.windows.common-controls_6595b64144ccf1df_6.0.18362.1556_none_9e7e372fe45e41d5\COMCTL32.dll
0x00007ffea0990000 - 0x00007ffea0cc6000 	C:\Windows\System32\combase.dll
0x00007ffe9e610000 - 0x00007ffe9e691000 	C:\Windows\System32\bcryptPrimitives.dll
0x00007ffe93ad0000 - 0x00007ffe93ada000 	C:\Windows\SYSTEM32\VERSION.dll
0x00007ffe9f200000 - 0x00007ffe9f22e000 	C:\Windows\System32\IMM32.DLL
0x00007ffe98c70000 - 0x00007ffe98c7c000 	C:\Program Files\Java\jdk-15.0.2\bin\vcruntime140_1.dll
0x00007ffe830c0000 - 0x00007ffe83151000 	C:\Program Files\Java\jdk-15.0.2\bin\msvcp140.dll
0x00007ffe46610000 - 0x00007ffe4716e000 	C:\Program Files\Java\jdk-15.0.2\bin\server\jvm.dll
0x00007ffe9fee0000 - 0x00007ffe9fee8000 	C:\Windows\System32\PSAPI.DLL
0x00007ffe98bf0000 - 0x00007ffe98bf9000 	C:\Windows\SYSTEM32\WSOCK32.dll
0x00007ffe9f920000 - 0x00007ffe9f98f000 	C:\Windows\System32\WS2_32.dll
0x00007ffe98b90000 - 0x00007ffe98bb4000 	C:\Windows\SYSTEM32\WINMM.dll
0x00007ffe98ad0000 - 0x00007ffe98afd000 	C:\Windows\SYSTEM32\WINMMBASE.dll
0x00007ffe9df10000 - 0x00007ffe9df5a000 	C:\Windows\System32\cfgmgr32.dll
0x00007ffe9deb0000 - 0x00007ffe9dec1000 	C:\Windows\System32\kernel.appcore.dll
0x00007ffe98c60000 - 0x00007ffe98c6a000 	C:\Program Files\Java\jdk-15.0.2\bin\jimage.dll
0x00007ffe99230000 - 0x00007ffe99424000 	C:\Windows\SYSTEM32\DBGHELP.DLL
0x00007ffe8bae0000 - 0x00007ffe8bb0a000 	C:\Windows\SYSTEM32\dbgcore.DLL
0x00007ffe98c20000 - 0x00007ffe98c2e000 	C:\Program Files\Java\jdk-15.0.2\bin\instrument.dll
0x00007ffe98c30000 - 0x00007ffe98c55000 	C:\Program Files\Java\jdk-15.0.2\bin\java.dll
0x00007ffe9f230000 - 0x00007ffe9f917000 	C:\Windows\System32\SHELL32.dll
0x00007ffea0e50000 - 0x00007ffea0ef8000 	C:\Windows\System32\shcore.dll
0x00007ffe9e870000 - 0x00007ffe9efeb000 	C:\Windows\System32\windows.storage.dll
0x00007ffe9ded0000 - 0x00007ffe9deee000 	C:\Windows\System32\profapi.dll
0x00007ffe9de60000 - 0x00007ffe9deaa000 	C:\Windows\System32\powrprof.dll
0x00007ffe9de50000 - 0x00007ffe9de60000 	C:\Windows\System32\UMPDC.dll
0x00007ffe9f9f0000 - 0x00007ffe9fa42000 	C:\Windows\System32\shlwapi.dll
0x00007ffe9e5f0000 - 0x00007ffe9e607000 	C:\Windows\System32\cryptsp.dll
0x00007ffe916e0000 - 0x00007ffe916f8000 	C:\Program Files\Java\jdk-15.0.2\bin\zip.dll
0x00007ffe96f00000 - 0x00007ffe96f19000 	C:\Program Files\Java\jdk-15.0.2\bin\net.dll
0x00007ffe930d0000 - 0x00007ffe931ca000 	C:\Windows\SYSTEM32\WINHTTP.dll
0x00007ffe9d640000 - 0x00007ffe9d6a7000 	C:\Windows\system32\mswsock.dll
0x00007ffe96c10000 - 0x00007ffe96c22000 	C:\Program Files\Java\jdk-15.0.2\bin\nio.dll
0x00007ffe8fed0000 - 0x00007ffe8feea000 	C:\Program Files\JetBrains\IntelliJ IDEA Community Edition 2020.3.2\bin\breakgen64.dll
0x00007ffe98c00000 - 0x00007ffe98c10000 	C:\Program Files\Java\jdk-15.0.2\bin\verify.dll

dbghelp: loaded successfully - version: 4.0.5 - missing functions: none
symbol engine: initialized successfully - sym options: 0x614 - pdb path: .;C:\Program Files\Java\jdk-15.0.2\bin;C:\Windows\SYSTEM32;C:\Windows\WinSxS\amd64_microsoft.windows.common-controls_6595b64144ccf1df_6.0.18362.1556_none_9e7e372fe45e41d5;C:\Program Files\Java\jdk-15.0.2\bin\server;C:\Program Files\JetBrains\IntelliJ IDEA Community Edition 2020.3.2\bin

VM Arguments:
jvm_args: -ea -Didea.test.cyclic.buffer.size=1048576 -javaagent:C:\Program Files\JetBrains\IntelliJ IDEA Community Edition 2020.3.2\lib\idea_rt.jar=54025:C:\Program Files\JetBrains\IntelliJ IDEA Community Edition 2020.3.2\bin -Dfile.encoding=UTF-8 
java_command: com.intellij.rt.junit.JUnitStarter -ideVersion5 -junit5 dev.fenix.application.api.treatment.DocumentResourceTest
java_class_path (initial): C:\Program Files\JetBrains\IntelliJ IDEA Community Edition 2020.3.2\lib\idea_rt.jar;C:\Users\PC-FAYSSAL\.m2\repository\org\junit\platform\junit-platform-launcher\1.7.0\junit-platform-launcher-1.7.0.jar;C:\Users\PC-FAYSSAL\.m2\repository\org\junit\vintage\junit-vintage-engine\5.7.0\junit-vintage-engine-5.7.0.jar;C:\Program Files\JetBrains\IntelliJ IDEA Community Edition 2020.3.2\plugins\junit\lib\junit5-rt.jar;C:\Program Files\JetBrains\IntelliJ IDEA Community Edition 2020.3.2\plugins\junit\lib\junit-rt.jar;C:\Users\PC-FAYSSAL\IdeaProjects\appProduction_tc\target\test-classes;C:\Users\PC-FAYSSAL\IdeaProjects\appProduction_tc\target\classes;C:\Users\PC-FAYSSAL\.m2\repository\org\springframework\boot\spring-boot-starter-data-jpa\2.4.1\spring-boot-starter-data-jpa-2.4.1.jar;C:\Users\PC-FAYSSAL\.m2\repository\org\springframework\boot\spring-boot-starter-aop\2.4.1\spring-boot-starter-aop-2.4.1.jar;C:\Users\PC-FAYSSAL\.m2\repository\org\aspectj\aspectjweaver\1.9.6\aspectjweaver-1.9.6.jar;C:\Users\PC-FAYSSAL\.m2\repository\org\springframework\boot\spring-boot-starter-jdbc\2.4.1\spring-boot-starter-jdbc-2.4.1.jar;C:\Users\PC-FAYSSAL\.m2\repository\com\zaxxer\HikariCP\3.4.5\HikariCP-3.4.5.jar;C:\Users\PC-FAYSSAL\.m2\repository\org\springframework\spring-jdbc\5.3.2\spring-jdbc-5.3.2.jar;C:\Users\PC-FAYSSAL\.m2\repository\jakarta\transaction\jakarta.transaction-api\1.3.3\jakarta.transaction-api-1.3.3.jar;C:\Users\PC-FAYSSAL\.m2\repository\jakarta\persistence\jakarta.persistence-api\2.2.3\jakarta.persistence-api-2.2.3.jar;C:\Users\PC-FAYSSAL\.m2\repository\org\hibernate\hibernate-core\5.4.25.Final\hibernate-core-5.4.25.Final.jar;C:\Users\PC-FAYSSAL\.m2\repository\org\javassist\javassist\3.27.0-GA\javassist-3.27.0-GA.jar;C:\Users\PC-FAYSSAL\.m2\repository\net\bytebuddy\byte-buddy\1.10.18\byte-buddy-1.10.18.jar;C:\Users\PC-FAYSSAL\.m2\repository\antlr\antlr\2.7.7\antlr-2.7.7.jar;C:\Users\PC-FAYSSAL\.m2\repository\org\jboss\jandex\2.1.3.Final\jandex-2.1
Launcher Type: SUN_STANDARD

[Global flags]
     intx CICompilerCount                          = 3                                         {product} {ergonomic}
     uint ConcGCThreads                            = 1                                         {product} {ergonomic}
     uint G1ConcRefinementThreads                  = 4                                         {product} {ergonomic}
   size_t G1HeapRegionSize                         = 1048576                                   {product} {ergonomic}
    uintx GCDrainStackTargetSize                   = 64                                        {product} {ergonomic}
   size_t InitialHeapSize                          = 134217728                                 {product} {ergonomic}
   size_t MarkStackSize                            = 4194304                                   {product} {ergonomic}
   size_t MaxHeapSize                              = 2122317824                                {product} {ergonomic}
   size_t MaxNewSize                               = 1272971264                                {product} {ergonomic}
   size_t MinHeapDeltaBytes                        = 1048576                                   {product} {ergonomic}
   size_t MinHeapSize                              = 8388608                                   {product} {ergonomic}
    uintx NonNMethodCodeHeapSize                   = 5832780                                {pd product} {ergonomic}
    uintx NonProfiledCodeHeapSize                  = 122912730                              {pd product} {ergonomic}
    uintx ProfiledCodeHeapSize                     = 122912730                              {pd product} {ergonomic}
    uintx ReservedCodeCacheSize                    = 251658240                              {pd product} {ergonomic}
     bool SegmentedCodeCache                       = true                                      {product} {ergonomic}
   size_t SoftMaxHeapSize                          = 2122317824                             {manageable} {ergonomic}
     bool UseCompressedClassPointers               = true                                 {lp64_product} {ergonomic}
     bool UseCompressedOops                        = true                                 {lp64_product} {ergonomic}
     bool UseG1GC                                  = true                                      {product} {ergonomic}
     bool UseLargePagesIndividualAllocation        = false                                  {pd product} {ergonomic}

Logging:
Log output configuration:
 #0: stdout all=warning uptime,level,tags
 #1: stderr all=off uptime,level,tags

Environment Variables:
JAVA_HOME=C:\Program Files\Java\jdk-15.0.2
PATH=C:\Program Files\Common Files\Oracle\Java\javapath;C:\Program Files (x86)\Common Files\Oracle\Java\javapath;C:\Program Files\AdoptOpenJDK\jre-11.0.7.10-hotspot\bin;C:\Program Files\AdoptOpenJDK\jre-8.0.252.09-hotspot\bin;C:\Program Files (x86)\AdoptOpenJDK\jre-8.0.252.09-hotspot\bin;C:\Windows\system32;C:\Windows;C:\Windows\System32\Wbem;C:\Windows\System32\WindowsPowerShell\v1.0\;C:\Windows\System32\OpenSSH\;C:\Program Files (x86)\AMD\ATI.ACE\Core-Static;C:\Program Files\Git\cmd;C:\flutter\bin;C:\xampp\php;C:\ProgramData\ComposerSetup\bin;C:\Program Files\nodejs\;C:\xlaminas\php;C:\Program Files (x86)\Intel\Intel(R) Management Engine Components\DAL;C:\Program Files\Intel\Intel(R) Management Engine Components\DAL;C:\Program Files\PuTTY\;C:\Program Files\Docker\Docker\resources\bin;C:\ProgramData\DockerDesktop\version-bin;C:\Program Files\MySQL\MySQL Shell 8.0\bin\;C:\Users\PC-FAYSSAL\AppData\Local\Microsoft\WindowsApps;C:\Program Files\JetBrains\PhpStorm 2021.2.4\bin;;C:\Users\PC-FAYSSAL\AppData\Roaming\Composer\vendor\bin;C:\Users\PC-FAYSSAL\AppData\Roaming\npm;C:\xlaminas\php;C:\dev\htdocs\laminas-mvc-skeleton;C:\Users\PC-FAYSSAL\AppData\Local\GitHubDesktop\bin;C:\Program Files\JetBrains\IntelliJ IDEA Community Edition 2020.3.2\bin;;C:\src\flutter\bin;C:\Users\PC-FAYSSAL\AppData\Local\Programs\Microsoft VS Code _ 2\bin;C:\Users\PC-FAYSSAL\AppData\Local\Programs\Microsoft VS Code Insiders\bin
USERNAME=PC-FAYSSAL
OS=Windows_NT
PROCESSOR_IDENTIFIER=Intel64 Family 6 Model 78 Stepping 3, GenuineIntel



---------------  S Y S T E M  ---------------

OS:
 Windows 10 , 64 bit Build 18362 (10.0.18362.1500)
OS uptime: 4 days 15:42 hours
HyperV virtualization detected

CPU: total 4 (initial active 4) (2 cores per cpu, 2 threads per core) family 6 model 78 stepping 3 microcode 0xd6, cmov, cx8, fxsr, mmx, sse, sse2, sse3, ssse3, sse4.1, sse4.2, popcnt, vzeroupper, avx, avx2, aes, clmul, erms, 3dnowpref, lzcnt, ht, tsc, tscinvbit, bmi1, bmi2, adx, fma, clflush, clflushopt

Memory: 4k page, system-wide physical 8089M (545M free)
TotalPageFile size 32665M (AvailPageFile size 4M)
current process WorkingSet (physical memory assigned to process): 104M, peak: 104M
current process commit charge ("private bytes"): 241M, peak: 243M

vm_info: Java HotSpot(TM) 64-Bit Server VM (15.0.2+7-27) for windows-amd64 JRE (15.0.2+7-27), built on Dec  7 2020 20:07:01 by "mach5one" with unknown MS VC++:1925

END.
