#
# There is insufficient memory for the Java Runtime Environment to continue.
# Native memory allocation (malloc) failed to allocate 569200 bytes for Chunk::new
# Possible reasons:
#   The system is out of physical RAM or swap space
#   The process is running with CompressedOops enabled, and the Java Heap may be blocking the growth of the native heap
# Possible solutions:
#   Reduce memory load on the system
#   Increase physical memory or swap space
#   Check if swap backing store is full
#   Decrease Java heap size (-Xmx/-Xms)
#   Decrease number of Java threads
#   Decrease Java thread stack sizes (-Xss)
#   Set larger code cache with -XX:ReservedCodeCacheSize=
#   JVM is running with Unscaled Compressed Oops mode in which the Java heap is
#     placed in the first 4GB address space. The Java Heap base address is the
#     maximum limit for the native heap growth. Please use -XX:HeapBaseMinAddress
#     to set the Java Heap base and to place the Java Heap above 4GB virtual address.
# This output file may be truncated or incomplete.
#
#  Out of Memory Error (./open/src/hotspot/share/memory/arena.cpp:195), pid=11528, tid=11364
#
# JRE version: Java(TM) SE Runtime Environment (15.0.2+7) (build 15.0.2+7-27)
# Java VM: Java HotSpot(TM) 64-Bit Server VM (15.0.2+7-27, mixed mode, sharing, tiered, compressed oops, g1 gc, windows-amd64)
# No core dump will be written. Minidumps are not enabled by default on client versions of Windows
#

---------------  S U M M A R Y ------------

Command Line: -ea -Didea.test.cyclic.buffer.size=1048576 -javaagent:C:\Program Files\JetBrains\IntelliJ IDEA Community Edition 2020.3.2\lib\idea_rt.jar=60190:C:\Program Files\JetBrains\IntelliJ IDEA Community Edition 2020.3.2\bin -Dfile.encoding=UTF-8 com.intellij.rt.junit.JUnitStarter -ideVersion5 -junit5 dev.fenix.application.api.business.JobResourceTest

Host: Intel(R) Core(TM) i7-6500U CPU @ 2.50GHz, 4 cores, 7G,  Windows 10 , 64 bit Build 18362 (10.0.18362.1500)
Time: Sat Mar  5 09:34:28 2022 Maroc (heure d?été) elapsed time: 23.258882 seconds (0d 0h 0m 23s)

---------------  T H R E A D  ---------------

Current thread (0x000001c62f942590):  JavaThread "C2 CompilerThread0" daemon [_thread_in_native, id=11364, stack(0x0000001e69700000,0x0000001e69800000)]


Current CompileTask:
C2:  23259 5552   !   4       java.net.URL::<init> (543 bytes)

Stack: [0x0000001e69700000,0x0000001e69800000]
Native frames: (J=compiled Java code, j=interpreted, Vv=VM code, C=native code)
V  [jvm.dll+0x62ae9a]
V  [jvm.dll+0x7817a9]
V  [jvm.dll+0x782f03]
V  [jvm.dll+0x783563]
V  [jvm.dll+0x216325]
V  [jvm.dll+0x97f3a]
V  [jvm.dll+0x9861c]
V  [jvm.dll+0x32e305]
V  [jvm.dll+0x18e3b1]
V  [jvm.dll+0x1ea822]
V  [jvm.dll+0x1e996e]
V  [jvm.dll+0x178567]
V  [jvm.dll+0x1f9225]
V  [jvm.dll+0x1f72cc]
V  [jvm.dll+0x74495d]
V  [jvm.dll+0x73d75a]
V  [jvm.dll+0x629c56]
C  [ucrtbase.dll+0x210b2]
C  [KERNEL32.DLL+0x17c24]
C  [ntdll.dll+0x6d721]


---------------  P R O C E S S  ---------------

Threads class SMR info:
_java_thread_list=0x000001c6314a3430, length=15, elements={
0x000001c60f7aef00, 0x000001c62f92a380, 0x000001c62f92af50, 0x000001c62f92dfd0,
0x000001c62f93ffd0, 0x000001c62f9418a0, 0x000001c62f942590, 0x000001c62f944140,
0x000001c62f97e790, 0x000001c62f90bcd0, 0x000001c630505c60, 0x000001c630521610,
0x000001c63118d1e0, 0x000001c631a55740, 0x000001c636223880
}

Java Threads: ( => current thread )
  0x000001c60f7aef00 JavaThread "main" [_thread_in_native, id=23312, stack(0x0000001e68b00000,0x0000001e68c00000)]
  0x000001c62f92a380 JavaThread "Reference Handler" daemon [_thread_blocked, id=14612, stack(0x0000001e69200000,0x0000001e69300000)]
  0x000001c62f92af50 JavaThread "Finalizer" daemon [_thread_blocked, id=17384, stack(0x0000001e69300000,0x0000001e69400000)]
  0x000001c62f92dfd0 JavaThread "Signal Dispatcher" daemon [_thread_blocked, id=24340, stack(0x0000001e69400000,0x0000001e69500000)]
  0x000001c62f93ffd0 JavaThread "Attach Listener" daemon [_thread_blocked, id=2504, stack(0x0000001e69500000,0x0000001e69600000)]
  0x000001c62f9418a0 JavaThread "Service Thread" daemon [_thread_blocked, id=12008, stack(0x0000001e69600000,0x0000001e69700000)]
=>0x000001c62f942590 JavaThread "C2 CompilerThread0" daemon [_thread_in_native, id=11364, stack(0x0000001e69700000,0x0000001e69800000)]
  0x000001c62f944140 JavaThread "C1 CompilerThread0" daemon [_thread_blocked, id=19248, stack(0x0000001e69800000,0x0000001e69900000)]
  0x000001c62f97e790 JavaThread "Sweeper thread" daemon [_thread_blocked, id=15644, stack(0x0000001e69900000,0x0000001e69a00000)]
  0x000001c62f90bcd0 JavaThread "Common-Cleaner" daemon [_thread_blocked, id=5280, stack(0x0000001e69a00000,0x0000001e69b00000)]
  0x000001c630505c60 JavaThread "Monitor Ctrl-Break" daemon [_thread_in_native, id=18220, stack(0x0000001e69b00000,0x0000001e69c00000)]
  0x000001c630521610 JavaThread "Notification Thread" daemon [_thread_blocked, id=22680, stack(0x0000001e69c00000,0x0000001e69d00000)]
  0x000001c63118d1e0 JavaThread "mysql-cj-abandoned-connection-cleanup" daemon [_thread_blocked, id=23160, stack(0x0000001e6a100000,0x0000001e6a200000)]
  0x000001c631a55740 JavaThread "HikariPool-1 housekeeper" daemon [_thread_blocked, id=21740, stack(0x0000001e6a200000,0x0000001e6a300000)]
  0x000001c636223880 JavaThread "HikariPool-1 connection adder" daemon [_thread_blocked, id=10000, stack(0x0000001e6a500000,0x0000001e6a600000)]

Other Threads:
  0x000001c62f924f40 VMThread "VM Thread" [stack: 0x0000001e69100000,0x0000001e69200000] [id=2744]
  0x000001c60f7afec0 WatcherThread [stack: 0x0000001e69d00000,0x0000001e69e00000] [id=12708]
  0x000001c60f7ee0c0 GCTaskThread "GC Thread#0" [stack: 0x0000001e68c00000,0x0000001e68d00000] [id=18996]
  0x000001c630b0ed30 GCTaskThread "GC Thread#1" [stack: 0x0000001e69e00000,0x0000001e69f00000] [id=21240]
  0x000001c630b0f6c0 GCTaskThread "GC Thread#2" [stack: 0x0000001e69f00000,0x0000001e6a000000] [id=10192]
  0x000001c630b10050 GCTaskThread "GC Thread#3" [stack: 0x0000001e6a300000,0x0000001e6a400000] [id=22992]
  0x000001c60f7ff090 ConcurrentGCThread "G1 Main Marker" [stack: 0x0000001e68d00000,0x0000001e68e00000] [id=16836]
  0x000001c60f800d10 ConcurrentGCThread "G1 Conc#0" [stack: 0x0000001e68e00000,0x0000001e68f00000] [id=12020]
  0x000001c62f7a20b0 ConcurrentGCThread "G1 Refine#0" [stack: 0x0000001e68f00000,0x0000001e69000000] [id=21124]
  0x000001c630b83070 ConcurrentGCThread "G1 Refine#1" [stack: 0x0000001e6a000000,0x0000001e6a100000] [id=13760]
  0x000001c60f8581f0 ConcurrentGCThread "G1 Young RemSet Sampling" [stack: 0x0000001e69000000,0x0000001e69100000] [id=8736]

Threads with active compile tasks:
C2 CompilerThread0    23337 5552   !   4       java.net.URL::<init> (543 bytes)

VM state: not at safepoint (normal execution)

VM Mutex/Monitor currently owned by a thread: None

Heap address: 0x0000000081800000, size: 2024 MB, Compressed Oops mode: 32-bit
CDS archive(s) mapped at: [0x0000000800000000-0x0000000800b50000-0x0000000800b50000), size 11862016, SharedBaseAddress: 0x0000000800000000, ArchiveRelocationMode: 0.
Compressed class space mapped at: 0x0000000800b50000-0x0000000840b50000, size: 1073741824
Narrow klass base: 0x0000000800000000, Narrow klass shift: 3, Narrow klass range: 0x100000000

GC Precious Log:
 CPUs: 4 total, 4 available
 Memory: 8089M
 Large Page Support: Disabled
 NUMA Support: Disabled
 Compressed Oops: Enabled (32-bit)
 Heap Region Size: 1M
 Heap Min Capacity: 8M
 Heap Initial Capacity: 128M
 Heap Max Capacity: 2024M
 Pre-touch: Disabled
 Parallel Workers: 4
 Concurrent Workers: 1
 Concurrent Refinement Workers: 4
 Periodic GC: Disabled

Heap:
 garbage-first heap   total 58368K, used 42084K [0x0000000081800000, 0x0000000100000000)
  region size 1024K, 18 young (18432K), 2 survivors (2048K)
 Metaspace       used 48936K, capacity 49406K, committed 49536K, reserved 1091584K
  class space    used 6322K, capacity 6494K, committed 6528K, reserved 1048576K

Heap Regions: E=young(eden), S=young(survivor), O=old, HS=humongous(starts), HC=humongous(continues), CS=collection set, F=free, OA=open archive, CA=closed archive, TAMS=top-at-mark-start (previous, next)
|   0|0x0000000081800000, 0x0000000081900000, 0x0000000081900000|100%|HS|  |TAMS 0x0000000081900000, 0x0000000081800000| Complete 
|   1|0x0000000081900000, 0x0000000081a00000, 0x0000000081a00000|100%| O|  |TAMS 0x0000000081a00000, 0x0000000081900000| Untracked 
|   2|0x0000000081a00000, 0x0000000081b00000, 0x0000000081b00000|100%| O|  |TAMS 0x0000000081b00000, 0x0000000081a00000| Untracked 
|   3|0x0000000081b00000, 0x0000000081c00000, 0x0000000081c00000|100%| O|  |TAMS 0x0000000081c00000, 0x0000000081b00000| Untracked 
|   4|0x0000000081c00000, 0x0000000081d00000, 0x0000000081d00000|100%| O|  |TAMS 0x0000000081d00000, 0x0000000081c00000| Untracked 
|   5|0x0000000081d00000, 0x0000000081e00000, 0x0000000081e00000|100%| O|  |TAMS 0x0000000081e00000, 0x0000000081d00000| Untracked 
|   6|0x0000000081e00000, 0x0000000081f00000, 0x0000000081f00000|100%| O|  |TAMS 0x0000000081f00000, 0x0000000081e00000| Untracked 
|   7|0x0000000081f00000, 0x0000000082000000, 0x0000000082000000|100%| O|  |TAMS 0x0000000082000000, 0x0000000081f00000| Untracked 
|   8|0x0000000082000000, 0x0000000082100000, 0x0000000082100000|100%| O|  |TAMS 0x0000000082100000, 0x0000000082000000| Untracked 
|   9|0x0000000082100000, 0x0000000082200000, 0x0000000082200000|100%| O|  |TAMS 0x0000000082200000, 0x0000000082100000| Untracked 
|  10|0x0000000082200000, 0x0000000082300000, 0x0000000082300000|100%| O|  |TAMS 0x0000000082300000, 0x0000000082200000| Untracked 
|  11|0x0000000082300000, 0x0000000082400000, 0x0000000082400000|100%| O|  |TAMS 0x0000000082400000, 0x0000000082300000| Untracked 
|  12|0x0000000082400000, 0x0000000082500000, 0x0000000082500000|100%| O|  |TAMS 0x0000000082500000, 0x0000000082400000| Untracked 
|  13|0x0000000082500000, 0x0000000082600000, 0x0000000082600000|100%| O|  |TAMS 0x0000000082600000, 0x0000000082500000| Untracked 
|  14|0x0000000082600000, 0x0000000082700000, 0x0000000082700000|100%| O|  |TAMS 0x0000000082700000, 0x0000000082600000| Untracked 
|  15|0x0000000082700000, 0x0000000082800000, 0x0000000082800000|100%| O|  |TAMS 0x0000000082800000, 0x0000000082700000| Untracked 
|  16|0x0000000082800000, 0x0000000082900000, 0x0000000082900000|100%| O|  |TAMS 0x0000000082900000, 0x0000000082800000| Untracked 
|  17|0x0000000082900000, 0x0000000082a00000, 0x0000000082a00000|100%| O|  |TAMS 0x0000000082a00000, 0x0000000082900000| Untracked 
|  18|0x0000000082a00000, 0x0000000082b00000, 0x0000000082b00000|100%| O|  |TAMS 0x0000000082b00000, 0x0000000082a00000| Untracked 
|  19|0x0000000082b00000, 0x0000000082c00000, 0x0000000082c00000|100%| O|  |TAMS 0x0000000082c00000, 0x0000000082b00000| Untracked 
|  20|0x0000000082c00000, 0x0000000082d00000, 0x0000000082d00000|100%| O|  |TAMS 0x0000000082c5de00, 0x0000000082c00000| Untracked 
|  21|0x0000000082d00000, 0x0000000082e00000, 0x0000000082e00000|100%| O|  |TAMS 0x0000000082d00000, 0x0000000082d00000| Untracked 
|  22|0x0000000082e00000, 0x0000000082f00000, 0x0000000082f00000|100%| O|  |TAMS 0x0000000082e00000, 0x0000000082e00000| Untracked 
|  23|0x0000000082f00000, 0x0000000083000000, 0x0000000083000000|100%| O|  |TAMS 0x0000000082f00000, 0x0000000082f00000| Untracked 
|  24|0x0000000083000000, 0x000000008303c400, 0x0000000083100000| 23%| O|  |TAMS 0x0000000083000000, 0x0000000083000000| Untracked 
|  25|0x0000000083100000, 0x0000000083100000, 0x0000000083200000|  0%| F|  |TAMS 0x0000000083100000, 0x0000000083100000| Untracked 
|  26|0x0000000083200000, 0x0000000083200000, 0x0000000083300000|  0%| F|  |TAMS 0x0000000083200000, 0x0000000083200000| Untracked 
|  27|0x0000000083300000, 0x0000000083300000, 0x0000000083400000|  0%| F|  |TAMS 0x0000000083300000, 0x0000000083300000| Untracked 
|  28|0x0000000083400000, 0x0000000083400000, 0x0000000083500000|  0%| F|  |TAMS 0x0000000083400000, 0x0000000083400000| Untracked 
|  29|0x0000000083500000, 0x0000000083500000, 0x0000000083600000|  0%| F|  |TAMS 0x0000000083500000, 0x0000000083500000| Untracked 
|  30|0x0000000083600000, 0x0000000083600000, 0x0000000083700000|  0%| F|  |TAMS 0x0000000083600000, 0x0000000083600000| Untracked 
|  31|0x0000000083700000, 0x0000000083700000, 0x0000000083800000|  0%| F|  |TAMS 0x0000000083700000, 0x0000000083700000| Untracked 
|  32|0x0000000083800000, 0x0000000083800000, 0x0000000083900000|  0%| F|  |TAMS 0x0000000083800000, 0x0000000083800000| Untracked 
|  33|0x0000000083900000, 0x0000000083900000, 0x0000000083a00000|  0%| F|  |TAMS 0x0000000083900000, 0x0000000083900000| Untracked 
|  34|0x0000000083a00000, 0x0000000083adcfe0, 0x0000000083b00000| 86%| S|CS|TAMS 0x0000000083a00000, 0x0000000083a00000| Complete 
|  35|0x0000000083b00000, 0x0000000083c00000, 0x0000000083c00000|100%| S|CS|TAMS 0x0000000083b00000, 0x0000000083b00000| Complete 
|  36|0x0000000083c00000, 0x0000000083c00000, 0x0000000083d00000|  0%| F|  |TAMS 0x0000000083c00000, 0x0000000083c00000| Untracked 
|  37|0x0000000083d00000, 0x0000000083d00000, 0x0000000083e00000|  0%| F|  |TAMS 0x0000000083d00000, 0x0000000083d00000| Untracked 
|  38|0x0000000083e00000, 0x0000000083e00000, 0x0000000083f00000|  0%| F|  |TAMS 0x0000000083e00000, 0x0000000083e00000| Untracked 
|  39|0x0000000083f00000, 0x0000000083f00000, 0x0000000084000000|  0%| F|  |TAMS 0x0000000083f00000, 0x0000000083f00000| Untracked 
|  40|0x0000000084000000, 0x0000000084000000, 0x0000000084100000|  0%| F|  |TAMS 0x0000000084000000, 0x0000000084000000| Untracked 
|  41|0x0000000084100000, 0x00000000841b9aa8, 0x0000000084200000| 72%| E|  |TAMS 0x0000000084100000, 0x0000000084100000| Complete 
|  42|0x0000000084200000, 0x0000000084300000, 0x0000000084300000|100%| E|CS|TAMS 0x0000000084200000, 0x0000000084200000| Complete 
|  43|0x0000000084300000, 0x0000000084400000, 0x0000000084400000|100%| E|CS|TAMS 0x0000000084300000, 0x0000000084300000| Complete 
|  44|0x0000000084400000, 0x0000000084500000, 0x0000000084500000|100%| E|CS|TAMS 0x0000000084400000, 0x0000000084400000| Complete 
|  45|0x0000000084500000, 0x0000000084600000, 0x0000000084600000|100%| E|CS|TAMS 0x0000000084500000, 0x0000000084500000| Complete 
|  46|0x0000000084600000, 0x0000000084700000, 0x0000000084700000|100%| E|CS|TAMS 0x0000000084600000, 0x0000000084600000| Complete 
|  47|0x0000000084700000, 0x0000000084800000, 0x0000000084800000|100%| E|CS|TAMS 0x0000000084700000, 0x0000000084700000| Complete 
|  48|0x0000000084800000, 0x0000000084900000, 0x0000000084900000|100%| E|CS|TAMS 0x0000000084800000, 0x0000000084800000| Complete 
|  49|0x0000000084900000, 0x0000000084a00000, 0x0000000084a00000|100%| E|CS|TAMS 0x0000000084900000, 0x0000000084900000| Complete 
|  50|0x0000000084a00000, 0x0000000084b00000, 0x0000000084b00000|100%| E|CS|TAMS 0x0000000084a00000, 0x0000000084a00000| Complete 
|  68|0x0000000085c00000, 0x0000000085d00000, 0x0000000085d00000|100%| E|CS|TAMS 0x0000000085c00000, 0x0000000085c00000| Complete 
|  69|0x0000000085d00000, 0x0000000085e00000, 0x0000000085e00000|100%| E|CS|TAMS 0x0000000085d00000, 0x0000000085d00000| Complete 
|  70|0x0000000085e00000, 0x0000000085f00000, 0x0000000085f00000|100%| E|CS|TAMS 0x0000000085e00000, 0x0000000085e00000| Complete 
|  71|0x0000000085f00000, 0x0000000086000000, 0x0000000086000000|100%| E|CS|TAMS 0x0000000085f00000, 0x0000000085f00000| Complete 
|  72|0x0000000086000000, 0x0000000086100000, 0x0000000086100000|100%| E|CS|TAMS 0x0000000086000000, 0x0000000086000000| Complete 
| 127|0x0000000089700000, 0x0000000089800000, 0x0000000089800000|100%| E|CS|TAMS 0x0000000089700000, 0x0000000089700000| Complete 

Card table byte_map: [0x000001c628bf0000,0x000001c628ff0000] _byte_map_base: 0x000001c6287e4000

Marking Bits (Prev, Next): (CMBitMap*) 0x000001c60f7ee930, (CMBitMap*) 0x000001c60f7ee970
 Prev Bits: [0x000001c6293f0000, 0x000001c62b390000)
 Next Bits: [0x000001c62b390000, 0x000001c62d330000)

Polling page: 0x000001c60f550000

Metaspace:

Usage:
  Non-class:     41.91 MB capacity,    41.62 MB (>99%) used,   232.93 KB ( <1%) free+waste,    64.13 KB ( <1%) overhead. 
      Class:      6.34 MB capacity,     6.17 MB ( 97%) used,   147.31 KB (  2%) free+waste,    24.69 KB ( <1%) overhead. 
       Both:     48.25 MB capacity,    47.79 MB (>99%) used,   380.24 KB ( <1%) free+waste,    88.81 KB ( <1%) overhead. 

Virtual space:
  Non-class space:       42.00 MB reserved,      42.00 MB (100%) committed 
      Class space:        1.00 GB reserved,       6.38 MB ( <1%) committed 
             Both:        1.04 GB reserved,      48.38 MB (  5%) committed 

Chunk freelists:
   Non-Class:  32.00 KB
       Class:  2.00 KB
        Both:  34.00 KB

MaxMetaspaceSize: 17179869184.00 GB
CompressedClassSpaceSize: 1.00 GB

CodeHeap 'non-profiled nmethods': size=120000Kb used=2678Kb max_used=3050Kb free=117321Kb
 bounds [0x000001c620ca0000, 0x000001c620fa0000, 0x000001c6281d0000]
CodeHeap 'profiled nmethods': size=120000Kb used=9366Kb max_used=11159Kb free=110633Kb
 bounds [0x000001c619770000, 0x000001c61a260000, 0x000001c620ca0000]
CodeHeap 'non-nmethods': size=5760Kb used=1307Kb max_used=1350Kb free=4452Kb
 bounds [0x000001c6191d0000, 0x000001c619440000, 0x000001c619770000]
 total_blobs=5317 nmethods=4717 adapters=511
 compilation: enabled
              stopped_count=0, restarted_count=0
 full_count=0

Compilation events (20 events):
Event: 22.988 Thread 0x000001c62f944140 5541       3       org.hibernate.mapping.PersistentClass::getPropertyIterator (75 bytes)
Event: 22.989 Thread 0x000001c62f944140 nmethod 5541 0x000001c619780b90 code [0x000001c619780e80, 0x000001c619782518]
Event: 22.998 Thread 0x000001c62f942590 nmethod 5536% 0x000001c620e70010 code [0x000001c620e701e0, 0x000001c620e70b78]
Event: 23.006 Thread 0x000001c62f944140 5542       1       org.hibernate.type.AbstractStandardBasicType::getColumnSpan (2 bytes)
Event: 23.007 Thread 0x000001c62f944140 nmethod 5542 0x000001c620e6fd10 code [0x000001c620e6fea0, 0x000001c620e6ff58]
Event: 23.007 Thread 0x000001c62f944140 5543       3       org.hibernate.mapping.SimpleValue::getType (250 bytes)
Event: 23.010 Thread 0x000001c62f944140 nmethod 5543 0x000001c6198c1910 code [0x000001c6198c1da0, 0x000001c6198c3d58]
Event: 23.010 Thread 0x000001c62f944140 5544       3       org.hibernate.mapping.SimpleValue::getColumnSpan (10 bytes)
Event: 23.012 Thread 0x000001c62f944140 nmethod 5544 0x000001c61a0e2490 code [0x000001c61a0e2640, 0x000001c61a0e2808]
Event: 23.072 Thread 0x000001c62f942590 5546       4       java.security.SecureClassLoader$CodeSourceKey::equals (56 bytes)
Event: 23.076 Thread 0x000001c62f942590 nmethod 5546 0x000001c620d16390 code [0x000001c620d16520, 0x000001c620d167f8]
Event: 23.081 Thread 0x000001c62f944140 5547       3       java.lang.ClassLoader::getResources (55 bytes)
Event: 23.082 Thread 0x000001c62f944140 nmethod 5547 0x000001c619849890 code [0x000001c619849ae0, 0x000001c61984a7b8]
Event: 23.082 Thread 0x000001c62f944140 5549       3       java.util.List::of (4 bytes)
Event: 23.082 Thread 0x000001c62f944140 nmethod 5549 0x000001c6198b9210 code [0x000001c6198b93a0, 0x000001c6198b9498]
Event: 23.082 Thread 0x000001c62f944140 5548       3       java.lang.CompoundEnumeration::<init> (10 bytes)
Event: 23.082 Thread 0x000001c62f944140 nmethod 5548 0x000001c6198c7a10 code [0x000001c6198c7ba0, 0x000001c6198c7d58]
Event: 23.119 Thread 0x000001c62f942590 5550       4       java.security.SecureClassLoader$CodeSourceKey::hashCode (21 bytes)
Event: 23.127 Thread 0x000001c62f942590 nmethod 5550 0x000001c620e6f410 code [0x000001c620e6f5a0, 0x000001c620e6f838]
Event: 23.128 Thread 0x000001c62f942590 5552   !   4       java.net.URL::<init> (543 bytes)

GC Heap History (20 events):
Event: 8.724 GC heap before
{Heap before GC invocations=7 (full 0):
 garbage-first heap   total 48128K, used 32937K [0x0000000081800000, 0x0000000100000000)
  region size 1024K, 19 young (19456K), 1 survivors (1024K)
 Metaspace       used 23267K, capacity 23544K, committed 23680K, reserved 1069056K
  class space    used 3010K, capacity 3100K, committed 3200K, reserved 1048576K
}
Event: 8.725 GC heap after
{Heap after GC invocations=8 (full 0):
 garbage-first heap   total 48128K, used 15190K [0x0000000081800000, 0x0000000100000000)
  region size 1024K, 1 young (1024K), 1 survivors (1024K)
 Metaspace       used 23267K, capacity 23544K, committed 23680K, reserved 1069056K
  class space    used 3010K, capacity 3100K, committed 3200K, reserved 1048576K
}
Event: 9.863 GC heap before
{Heap before GC invocations=8 (full 0):
 garbage-first heap   total 48128K, used 35670K [0x0000000081800000, 0x0000000100000000)
  region size 1024K, 21 young (21504K), 1 survivors (1024K)
 Metaspace       used 24953K, capacity 25264K, committed 25344K, reserved 1071104K
  class space    used 3197K, capacity 3281K, committed 3328K, reserved 1048576K
}
Event: 9.867 GC heap after
{Heap after GC invocations=9 (full 0):
 garbage-first heap   total 48128K, used 16395K [0x0000000081800000, 0x0000000100000000)
  region size 1024K, 2 young (2048K), 2 survivors (2048K)
 Metaspace       used 24953K, capacity 25264K, committed 25344K, reserved 1071104K
  class space    used 3197K, capacity 3281K, committed 3328K, reserved 1048576K
}
Event: 12.195 GC heap before
{Heap before GC invocations=9 (full 0):
 garbage-first heap   total 48128K, used 35851K [0x0000000081800000, 0x0000000100000000)
  region size 1024K, 21 young (21504K), 2 survivors (2048K)
 Metaspace       used 27295K, capacity 27635K, committed 27776K, reserved 1073152K
  class space    used 3504K, capacity 3619K, committed 3712K, reserved 1048576K
}
Event: 12.204 GC heap after
{Heap after GC invocations=10 (full 0):
 garbage-first heap   total 48128K, used 17612K [0x0000000081800000, 0x0000000100000000)
  region size 1024K, 3 young (3072K), 3 survivors (3072K)
 Metaspace       used 27295K, capacity 27635K, committed 27776K, reserved 1073152K
  class space    used 3504K, capacity 3619K, committed 3712K, reserved 1048576K
}
Event: 14.267 GC heap before
{Heap before GC invocations=10 (full 0):
 garbage-first heap   total 48128K, used 37068K [0x0000000081800000, 0x0000000100000000)
  region size 1024K, 22 young (22528K), 3 survivors (3072K)
 Metaspace       used 29477K, capacity 29871K, committed 30080K, reserved 1075200K
  class space    used 3780K, capacity 3912K, committed 3968K, reserved 1048576K
}
Event: 14.280 GC heap after
{Heap after GC invocations=11 (full 0):
 garbage-first heap   total 48128K, used 19259K [0x0000000081800000, 0x0000000100000000)
  region size 1024K, 3 young (3072K), 3 survivors (3072K)
 Metaspace       used 29477K, capacity 29871K, committed 30080K, reserved 1075200K
  class space    used 3780K, capacity 3912K, committed 3968K, reserved 1048576K
}
Event: 15.153 GC heap before
{Heap before GC invocations=11 (full 0):
 garbage-first heap   total 48128K, used 37691K [0x0000000081800000, 0x0000000100000000)
  region size 1024K, 21 young (21504K), 3 survivors (3072K)
 Metaspace       used 31434K, capacity 31853K, committed 32128K, reserved 1077248K
  class space    used 4032K, capacity 4182K, committed 4224K, reserved 1048576K
}
Event: 15.168 GC heap after
{Heap after GC invocations=12 (full 0):
 garbage-first heap   total 48128K, used 20849K [0x0000000081800000, 0x0000000100000000)
  region size 1024K, 3 young (3072K), 3 survivors (3072K)
 Metaspace       used 31434K, capacity 31853K, committed 32128K, reserved 1077248K
  class space    used 4032K, capacity 4182K, committed 4224K, reserved 1048576K
}
Event: 16.006 GC heap before
{Heap before GC invocations=12 (full 0):
 garbage-first heap   total 48128K, used 37233K [0x0000000081800000, 0x0000000100000000)
  region size 1024K, 19 young (19456K), 3 survivors (3072K)
 Metaspace       used 34141K, capacity 34592K, committed 34816K, reserved 1079296K
  class space    used 4403K, capacity 4540K, committed 4608K, reserved 1048576K
}
Event: 16.019 GC heap after
{Heap after GC invocations=13 (full 0):
 garbage-first heap   total 58368K, used 22170K [0x0000000081800000, 0x0000000100000000)
  region size 1024K, 2 young (2048K), 2 survivors (2048K)
 Metaspace       used 34141K, capacity 34592K, committed 34816K, reserved 1079296K
  class space    used 4403K, capacity 4540K, committed 4608K, reserved 1048576K
}
Event: 17.076 GC heap before
{Heap before GC invocations=13 (full 0):
 garbage-first heap   total 58368K, used 27290K [0x0000000081800000, 0x0000000100000000)
  region size 1024K, 8 young (8192K), 2 survivors (2048K)
 Metaspace       used 35291K, capacity 35730K, committed 35840K, reserved 1081344K
  class space    used 4594K, capacity 4769K, committed 4864K, reserved 1048576K
}
Event: 17.082 GC heap after
{Heap after GC invocations=14 (full 0):
 garbage-first heap   total 58368K, used 22016K [0x0000000081800000, 0x0000000100000000)
  region size 1024K, 2 young (2048K), 2 survivors (2048K)
 Metaspace       used 35291K, capacity 35730K, committed 35840K, reserved 1081344K
  class space    used 4594K, capacity 4769K, committed 4864K, reserved 1048576K
}
Event: 19.559 GC heap before
{Heap before GC invocations=15 (full 0):
 garbage-first heap   total 58368K, used 45568K [0x0000000081800000, 0x0000000100000000)
  region size 1024K, 25 young (25600K), 2 survivors (2048K)
 Metaspace       used 43514K, capacity 43963K, committed 44288K, reserved 1087488K
  class space    used 5651K, capacity 5804K, committed 5888K, reserved 1048576K
}
Event: 19.570 GC heap after
{Heap after GC invocations=16 (full 0):
 garbage-first heap   total 58368K, used 24951K [0x0000000081800000, 0x0000000100000000)
  region size 1024K, 4 young (4096K), 4 survivors (4096K)
 Metaspace       used 43514K, capacity 43963K, committed 44288K, reserved 1087488K
  class space    used 5651K, capacity 5804K, committed 5888K, reserved 1048576K
}
Event: 20.475 GC heap before
{Heap before GC invocations=16 (full 0):
 garbage-first heap   total 58368K, used 45431K [0x0000000081800000, 0x0000000100000000)
  region size 1024K, 24 young (24576K), 4 survivors (4096K)
 Metaspace       used 45725K, capacity 46105K, committed 46336K, reserved 1089536K
  class space    used 5919K, capacity 6066K, committed 6144K, reserved 1048576K
}
Event: 20.488 GC heap after
{Heap after GC invocations=17 (full 0):
 garbage-first heap   total 58368K, used 25841K [0x0000000081800000, 0x0000000100000000)
  region size 1024K, 1 young (1024K), 1 survivors (1024K)
 Metaspace       used 45725K, capacity 46105K, committed 46336K, reserved 1089536K
  class space    used 5919K, capacity 6066K, committed 6144K, reserved 1048576K
}
Event: 22.082 GC heap before
{Heap before GC invocations=17 (full 0):
 garbage-first heap   total 58368K, used 46321K [0x0000000081800000, 0x0000000100000000)
  region size 1024K, 21 young (21504K), 1 survivors (1024K)
 Metaspace       used 46863K, capacity 47279K, committed 47488K, reserved 1091584K
  class space    used 6066K, capacity 6235K, committed 6272K, reserved 1048576K
}
Event: 22.089 GC heap after
{Heap after GC invocations=18 (full 0):
 garbage-first heap   total 58368K, used 26724K [0x0000000081800000, 0x0000000100000000)
  region size 1024K, 2 young (2048K), 2 survivors (2048K)
 Metaspace       used 46863K, capacity 47279K, committed 47488K, reserved 1091584K
  class space    used 6066K, capacity 6235K, committed 6272K, reserved 1048576K
}

Deoptimization events (20 events):
Event: 20.839 Thread 0x000001c60f7aef00 Uncommon trap: trap_request=0xffffffbe fr.pc=0x000001c620f8ea88 relative=0x00000000000006c8
Event: 20.839 Thread 0x000001c60f7aef00 Uncommon trap: reason=profile_predicate action=maybe_recompile pc=0x000001c620f8ea88 method=java.lang.PublicMethods$MethodList.filter([Ljava/lang/reflect/Method;Ljava/lang/String;[Ljava/lang/Class;Z)Ljava/lang/PublicMethods$MethodList; @ 21 c2
Event: 20.839 Thread 0x000001c60f7aef00 DEOPT PACKING pc=0x000001c620f8ea88 sp=0x0000001e68bfa0b0
Event: 20.839 Thread 0x000001c60f7aef00 DEOPT UNPACKING pc=0x000001c61921e42f sp=0x0000001e68bfa068 mode 2
Event: 21.136 Thread 0x000001c60f7aef00 Uncommon trap: trap_request=0xfffffff4 fr.pc=0x000001c620f94aec relative=0x00000000000025ec
Event: 21.136 Thread 0x000001c60f7aef00 Uncommon trap: reason=null_check action=make_not_entrant pc=0x000001c620f94aec method=java.lang.Class.createAnnotationData(I)Ljava/lang/Class$AnnotationData; @ 14 c2
Event: 21.136 Thread 0x000001c60f7aef00 DEOPT PACKING pc=0x000001c620f94aec sp=0x0000001e68bfb3b0
Event: 21.136 Thread 0x000001c60f7aef00 DEOPT UNPACKING pc=0x000001c61921e42f sp=0x0000001e68bfb350 mode 2
Event: 21.636 Thread 0x000001c60f7aef00 Uncommon trap: trap_request=0xffffffec fr.pc=0x000001c620f8e42c relative=0x000000000000008c
Event: 21.636 Thread 0x000001c60f7aef00 Uncommon trap: reason=null_assert_or_unreached0 action=make_not_entrant pc=0x000001c620f8e42c method=org.hibernate.annotations.common.reflection.java.generics.TypeSwitch.doSwitch(Ljava/lang/reflect/Type;)Ljava/lang/Object; @ 17 c2
Event: 21.636 Thread 0x000001c60f7aef00 DEOPT PACKING pc=0x000001c620f8e42c sp=0x0000001e68bfb090
Event: 21.636 Thread 0x000001c60f7aef00 DEOPT UNPACKING pc=0x000001c61921e42f sp=0x0000001e68bfb020 mode 2
Event: 22.322 Thread 0x000001c636223880 Uncommon trap: trap_request=0xffffffcc fr.pc=0x000001c620e9ed14 relative=0x0000000000002b34
Event: 22.322 Thread 0x000001c636223880 Uncommon trap: reason=intrinsic_or_type_checked_inlining action=make_not_entrant pc=0x000001c620e9ed14 method=java.util.ArrayList$SubList.toArray([Ljava/lang/Object;)[Ljava/lang/Object; @ 58 c2
Event: 22.322 Thread 0x000001c636223880 DEOPT PACKING pc=0x000001c620e9ed14 sp=0x0000001e6a5fe050
Event: 22.322 Thread 0x000001c636223880 DEOPT UNPACKING pc=0x000001c61921e42f sp=0x0000001e6a5fdfd0 mode 2
Event: 22.740 Thread 0x000001c60f7aef00 Uncommon trap: trap_request=0xffffff45 fr.pc=0x000001c620f4a188 relative=0x00000000000006c8
Event: 22.740 Thread 0x000001c60f7aef00 Uncommon trap: reason=unstable_if action=reinterpret pc=0x000001c620f4a188 method=java.util.HashMap$HashIterator.<init>(Ljava/util/HashMap;)V @ 45 c2
Event: 22.740 Thread 0x000001c60f7aef00 DEOPT PACKING pc=0x000001c620f4a188 sp=0x0000001e68bfb8c0
Event: 22.740 Thread 0x000001c60f7aef00 DEOPT UNPACKING pc=0x000001c61921e42f sp=0x0000001e68bfb750 mode 2

Classes unloaded (0 events):
No events

Classes redefined (0 events):
No events

Internal exceptions (20 events):
Event: 15.356 Thread 0x000001c60f7aef00 Exception <a 'java/lang/ClassNotFoundException'{0x0000000085ef2948}: org/springframework/beans/factory/AwareCustomizer> (0x0000000085ef2948) 
thrown [./open/src/hotspot/share/classfile/systemDictionary.cpp, line 295]
Event: 15.357 Thread 0x000001c60f7aef00 Exception <a 'java/lang/ClassNotFoundException'{0x0000000085ef7f28}: org/springframework/context/weaving/LoadTimeWeaverAwareCustomizer> (0x0000000085ef7f28) 
thrown [./open/src/hotspot/share/classfile/systemDictionary.cpp, line 295]
Event: 15.358 Thread 0x000001c60f7aef00 Exception <a 'java/lang/ClassNotFoundException'{0x0000000085efe478}: org/springframework/beans/factory/AwareCustomizer> (0x0000000085efe478) 
thrown [./open/src/hotspot/share/classfile/systemDictionary.cpp, line 295]
Event: 15.359 Thread 0x000001c60f7aef00 Exception <a 'java/lang/ClassNotFoundException'{0x0000000085d03ec8}: org/springframework/beans/factory/FactoryBeanCustomizer> (0x0000000085d03ec8) 
thrown [./open/src/hotspot/share/classfile/systemDictionary.cpp, line 295]
Event: 15.361 Thread 0x000001c60f7aef00 Exception <a 'java/lang/ClassNotFoundException'{0x0000000085d0d6a0}: org/springframework/beans/factory/BeanClassLoaderAwareCustomizer> (0x0000000085d0d6a0) 
thrown [./open/src/hotspot/share/classfile/systemDictionary.cpp, line 295]
Event: 15.361 Thread 0x000001c60f7aef00 Exception <a 'java/lang/ClassNotFoundException'{0x0000000085d13760}: org/springframework/beans/factory/AwareCustomizer> (0x0000000085d13760) 
thrown [./open/src/hotspot/share/classfile/systemDictionary.cpp, line 295]
Event: 15.362 Thread 0x000001c60f7aef00 Exception <a 'java/lang/ClassNotFoundException'{0x0000000085d18bb0}: org/springframework/beans/factory/BeanFactoryAwareCustomizer> (0x0000000085d18bb0) 
thrown [./open/src/hotspot/share/classfile/systemDictionary.cpp, line 295]
Event: 15.382 Thread 0x000001c60f7aef00 Exception <a 'java/lang/ClassNotFoundException'{0x0000000085d1f3c0}: org/springframework/beans/factory/AwareCustomizer> (0x0000000085d1f3c0) 
thrown [./open/src/hotspot/share/classfile/systemDictionary.cpp, line 295]
Event: 15.384 Thread 0x000001c60f7aef00 Exception <a 'java/lang/ClassNotFoundException'{0x0000000085d247f0}: org/springframework/beans/factory/BeanNameAwareCustomizer> (0x0000000085d247f0) 
thrown [./open/src/hotspot/share/classfile/systemDictionary.cpp, line 295]
Event: 15.388 Thread 0x000001c60f7aef00 Exception <a 'java/lang/ClassNotFoundException'{0x0000000085d2ac60}: org/springframework/beans/factory/AwareCustomizer> (0x0000000085d2ac60) 
thrown [./open/src/hotspot/share/classfile/systemDictionary.cpp, line 295]
Event: 15.389 Thread 0x000001c60f7aef00 Exception <a 'java/lang/ClassNotFoundException'{0x0000000085d300b0}: org/springframework/beans/factory/InitializingBeanCustomizer> (0x0000000085d300b0) 
thrown [./open/src/hotspot/share/classfile/systemDictionary.cpp, line 295]
Event: 15.390 Thread 0x000001c60f7aef00 Exception <a 'java/lang/ClassNotFoundException'{0x0000000085d35da8}: org/springframework/beans/factory/DisposableBeanCustomizer> (0x0000000085d35da8) 
thrown [./open/src/hotspot/share/classfile/systemDictionary.cpp, line 295]
Event: 15.390 Thread 0x000001c60f7aef00 Exception <a 'java/lang/ClassNotFoundException'{0x0000000085d3bdd8}: org/springframework/orm/jpa/EntityManagerFactoryInfoCustomizer> (0x0000000085d3bdd8) 
thrown [./open/src/hotspot/share/classfile/systemDictionary.cpp, line 295]
Event: 15.391 Thread 0x000001c60f7aef00 Exception <a 'java/lang/ClassNotFoundException'{0x0000000085d4bd08}: org/springframework/dao/support/PersistenceExceptionTranslatorCustomizer> (0x0000000085d4bd08) 
thrown [./open/src/hotspot/share/classfile/systemDictionary.cpp, line 295]
Event: 16.234 Thread 0x000001c60f7aef00 Exception <a 'java/lang/NoSuchMethodError'{0x0000000085d4eef8}: 'java.lang.Object java.lang.invoke.DirectMethodHandle$Holder.invokeStaticInit(java.lang.Object, int, int, int, int)'> (0x0000000085d4eef8) 
thrown [./open/src/hotspot/share/interpreter/linkResolver.cpp, line 782]
Event: 17.045 Thread 0x000001c60f7aef00 Exception <a 'java/lang/NoSuchMethodError'{0x0000000085d99420}: 'java.lang.Object java.lang.invoke.DirectMethodHandle$Holder.invokeStaticInit(java.lang.Object, java.lang.Object, int, int, int, int)'> (0x0000000085d99420) 
thrown [./open/src/hotspot/share/interpreter/linkResolver.cpp, line 782]
Event: 18.174 Thread 0x000001c60f7aef00 Exception <a 'sun/nio/fs/WindowsException'{0x00000000840253c8}> (0x00000000840253c8) 
thrown [./open/src/hotspot/share/prims/jni.cpp, line 578]
Event: 18.207 Thread 0x000001c60f7aef00 Exception <a 'java/lang/NoSuchMethodError'{0x000000008404aa38}: 'int java.lang.invoke.DirectMethodHandle$Holder.invokeStaticInit(java.lang.Object, java.lang.Object, java.lang.Object, java.lang.Object)'> (0x000000008404aa38) 
thrown [./open/src/hotspot/share/interpreter/linkResolver.cpp, line 782]
Event: 19.811 Thread 0x000001c60f7aef00 Exception <a 'java/lang/NoSuchMethodError'{0x0000000085cd5598}: 'java.lang.Object java.lang.invoke.DirectMethodHandle$Holder.invokeStaticInit(java.lang.Object, java.lang.Object, java.lang.Object, java.lang.Object)'> (0x0000000085cd5598) 
thrown [./open/src/hotspot/share/interpreter/linkResolver.cpp, line 782]
Event: 21.136 Thread 0x000001c60f7aef00 Implicit null exception at 0x000001c620f927a0 to 0x000001c620f94ac4

Events (20 events):
Event: 21.468 Thread 0x000001c62f97e790 flushing nmethod 0x000001c61a222010
Event: 21.468 Thread 0x000001c62f97e790 flushing nmethod 0x000001c61a226710
Event: 21.468 Thread 0x000001c62f97e790 flushing nmethod 0x000001c61a22a290
Event: 21.468 Thread 0x000001c62f97e790 flushing nmethod 0x000001c61a22ab10
Event: 21.973 loading class sun/security/provider/MD5
Event: 21.974 loading class sun/security/provider/MD5 done
Event: 22.082 Executing VM operation: G1CollectForAllocation
Event: 22.089 Executing VM operation: G1CollectForAllocation done
Event: 22.400 Executing VM operation: ICBufferFull
Event: 22.400 Executing VM operation: ICBufferFull done
Event: 22.622 Executing VM operation: ICBufferFull
Event: 22.622 Executing VM operation: ICBufferFull done
Event: 22.757 Executing VM operation: HandshakeAllThreads
Event: 22.757 Executing VM operation: HandshakeAllThreads done
Event: 23.018 loading class javax/naming/RefAddr
Event: 23.018 loading class javax/naming/RefAddr done
Event: 23.018 loading class javax/naming/StringRefAddr
Event: 23.018 loading class javax/naming/StringRefAddr done
Event: 23.022 loading class java/io/InvalidObjectException
Event: 23.022 loading class java/io/InvalidObjectException done


Dynamic libraries:
0x00007ff627c90000 - 0x00007ff627c9f000 	C:\Program Files\Java\jdk-15.0.2\bin\java.exe
0x00007ffe82820000 - 0x00007ffe82a10000 	C:\Windows\SYSTEM32\ntdll.dll
0x00007ffe80fc0000 - 0x00007ffe81072000 	C:\Windows\System32\KERNEL32.DLL
0x00007ffe7fa30000 - 0x00007ffe7fcd5000 	C:\Windows\System32\KERNELBASE.dll
0x00007ffe7f830000 - 0x00007ffe7f92a000 	C:\Windows\System32\ucrtbase.dll
0x00007ffe70e90000 - 0x00007ffe70ea8000 	C:\Program Files\Java\jdk-15.0.2\bin\jli.dll
0x00007ffe70eb0000 - 0x00007ffe70ec9000 	C:\Program Files\Java\jdk-15.0.2\bin\VCRUNTIME140.dll
0x00007ffe81ba0000 - 0x00007ffe81c43000 	C:\Windows\System32\ADVAPI32.dll
0x00007ffe82490000 - 0x00007ffe8252e000 	C:\Windows\System32\msvcrt.dll
0x00007ffe812f0000 - 0x00007ffe81387000 	C:\Windows\System32\sechost.dll
0x00007ffe826c0000 - 0x00007ffe827df000 	C:\Windows\System32\RPCRT4.dll
0x00007ffe81400000 - 0x00007ffe81594000 	C:\Windows\System32\USER32.dll
0x00007ffe808a0000 - 0x00007ffe808c1000 	C:\Windows\System32\win32u.dll
0x00007ffe81b70000 - 0x00007ffe81b96000 	C:\Windows\System32\GDI32.dll
0x00007ffe80700000 - 0x00007ffe80898000 	C:\Windows\System32\gdi32full.dll
0x00007ffe7f790000 - 0x00007ffe7f82e000 	C:\Windows\System32\msvcp_win.dll
0x00007ffe6cf60000 - 0x00007ffe6d1e4000 	C:\Windows\WinSxS\amd64_microsoft.windows.common-controls_6595b64144ccf1df_6.0.18362.1556_none_9e7e372fe45e41d5\COMCTL32.dll
0x00007ffe816e0000 - 0x00007ffe81a16000 	C:\Windows\System32\combase.dll
0x00007ffe7fef0000 - 0x00007ffe7ff71000 	C:\Windows\System32\bcryptPrimitives.dll
0x00007ffe75060000 - 0x00007ffe7506a000 	C:\Windows\SYSTEM32\VERSION.dll
0x00007ffe82530000 - 0x00007ffe8255e000 	C:\Windows\System32\IMM32.DLL
0x00007ffe79e00000 - 0x00007ffe79e0c000 	C:\Program Files\Java\jdk-15.0.2\bin\vcruntime140_1.dll
0x00007ffe3f1c0000 - 0x00007ffe3f251000 	C:\Program Files\Java\jdk-15.0.2\bin\msvcp140.dll
0x00007ffe2cbc0000 - 0x00007ffe2d71e000 	C:\Program Files\Java\jdk-15.0.2\bin\server\jvm.dll
0x00007ffe812e0000 - 0x00007ffe812e8000 	C:\Windows\System32\PSAPI.DLL
0x00007ffe768f0000 - 0x00007ffe768f9000 	C:\Windows\SYSTEM32\WSOCK32.dll
0x00007ffe81b00000 - 0x00007ffe81b6f000 	C:\Windows\System32\WS2_32.dll
0x00007ffe79dd0000 - 0x00007ffe79df4000 	C:\Windows\SYSTEM32\WINMM.dll
0x00007ffe79d70000 - 0x00007ffe79d9d000 	C:\Windows\SYSTEM32\WINMMBASE.dll
0x00007ffe7f9e0000 - 0x00007ffe7fa2a000 	C:\Windows\System32\cfgmgr32.dll
0x00007ffe7f750000 - 0x00007ffe7f761000 	C:\Windows\System32\kernel.appcore.dll
0x00007ffe78560000 - 0x00007ffe7856a000 	C:\Program Files\Java\jdk-15.0.2\bin\jimage.dll
0x00007ffe7af30000 - 0x00007ffe7b124000 	C:\Windows\SYSTEM32\DBGHELP.DLL
0x00007ffe6d3a0000 - 0x00007ffe6d3ca000 	C:\Windows\SYSTEM32\dbgcore.DLL
0x00007ffe768d0000 - 0x00007ffe768de000 	C:\Program Files\Java\jdk-15.0.2\bin\instrument.dll
0x00007ffe6cc50000 - 0x00007ffe6cc75000 	C:\Program Files\Java\jdk-15.0.2\bin\java.dll
0x00007ffe808d0000 - 0x00007ffe80fb7000 	C:\Windows\System32\SHELL32.dll
0x00007ffe81230000 - 0x00007ffe812d8000 	C:\Windows\System32\shcore.dll
0x00007ffe7ff80000 - 0x00007ffe806fb000 	C:\Windows\System32\windows.storage.dll
0x00007ffe7f770000 - 0x00007ffe7f78e000 	C:\Windows\System32\profapi.dll
0x00007ffe7f700000 - 0x00007ffe7f74a000 	C:\Windows\System32\powrprof.dll
0x00007ffe7f6d0000 - 0x00007ffe7f6e0000 	C:\Windows\System32\UMPDC.dll
0x00007ffe81d10000 - 0x00007ffe81d62000 	C:\Windows\System32\shlwapi.dll
0x00007ffe7fd10000 - 0x00007ffe7fd27000 	C:\Windows\System32\cryptsp.dll
0x00007ffe6c300000 - 0x00007ffe6c318000 	C:\Program Files\Java\jdk-15.0.2\bin\zip.dll
0x00007ffe6cc00000 - 0x00007ffe6cc19000 	C:\Program Files\Java\jdk-15.0.2\bin\net.dll
0x00007ffe6ce60000 - 0x00007ffe6cf5a000 	C:\Windows\SYSTEM32\WINHTTP.dll
0x00007ffe7eec0000 - 0x00007ffe7ef27000 	C:\Windows\system32\mswsock.dll
0x00007ffe6c350000 - 0x00007ffe6c362000 	C:\Program Files\Java\jdk-15.0.2\bin\nio.dll
0x00007ffe56fa0000 - 0x00007ffe56fba000 	C:\Program Files\JetBrains\IntelliJ IDEA Community Edition 2020.3.2\bin\breakgen64.dll
0x00007ffe73100000 - 0x00007ffe73110000 	C:\Program Files\Java\jdk-15.0.2\bin\verify.dll
0x00007ffe6cc40000 - 0x00007ffe6cc49000 	C:\Program Files\Java\jdk-15.0.2\bin\management.dll
0x00007ffe6c340000 - 0x00007ffe6c34b000 	C:\Program Files\Java\jdk-15.0.2\bin\management_ext.dll
0x00007ffe63c70000 - 0x00007ffe63c86000 	C:\Windows\system32\napinsp.dll
0x00007ffe63b30000 - 0x00007ffe63b4a000 	C:\Windows\system32\pnrpnsp.dll
0x00007ffe7ec20000 - 0x00007ffe7eceb000 	C:\Windows\SYSTEM32\DNSAPI.dll
0x00007ffe81af0000 - 0x00007ffe81af8000 	C:\Windows\System32\NSI.dll
0x00007ffe7ebe0000 - 0x00007ffe7ec1a000 	C:\Windows\SYSTEM32\IPHLPAPI.DLL
0x00007ffe63b00000 - 0x00007ffe63b0e000 	C:\Windows\System32\winrnr.dll
0x00007ffe783f0000 - 0x00007ffe7840c000 	C:\Windows\system32\NLAapi.dll
0x00007ffe77110000 - 0x00007ffe77125000 	C:\Windows\system32\wshbth.dll
0x00000000565a0000 - 0x00000000565c6000 	C:\Program Files\Bonjour\mdnsNSP.dll
0x00007ffe74300000 - 0x00007ffe7430a000 	C:\Windows\System32\rasadhlp.dll
0x00007ffe77130000 - 0x00007ffe771a7000 	C:\Windows\System32\fwpuclnt.dll
0x00007ffe7fce0000 - 0x00007ffe7fd06000 	C:\Windows\System32\bcrypt.dll
0x00007ffe7ea50000 - 0x00007ffe7ea83000 	C:\Windows\system32\rsaenh.dll
0x00007ffe7f5c0000 - 0x00007ffe7f5e5000 	C:\Windows\SYSTEM32\USERENV.dll
0x00007ffe7f040000 - 0x00007ffe7f04c000 	C:\Windows\SYSTEM32\CRYPTBASE.dll
0x00007ffe7ac80000 - 0x00007ffe7ac96000 	C:\Windows\SYSTEM32\dhcpcsvc6.DLL
0x00007ffe7ac60000 - 0x00007ffe7ac7c000 	C:\Windows\SYSTEM32\dhcpcsvc.DLL
0x00007ffe6c2a0000 - 0x00007ffe6c2ad000 	C:\Program Files\Java\jdk-15.0.2\bin\sunmscapi.dll
0x00007ffe7fd90000 - 0x00007ffe7fee1000 	C:\Windows\System32\CRYPT32.dll
0x00007ffe7f6e0000 - 0x00007ffe7f6f2000 	C:\Windows\System32\MSASN1.dll
0x00007ffe7f1f0000 - 0x00007ffe7f216000 	C:\Windows\SYSTEM32\ncrypt.dll
0x00007ffe7f1b0000 - 0x00007ffe7f1eb000 	C:\Windows\SYSTEM32\NTASN1.dll

dbghelp: loaded successfully - version: 4.0.5 - missing functions: none
symbol engine: initialized successfully - sym options: 0x614 - pdb path: .;C:\Program Files\Java\jdk-15.0.2\bin;C:\Windows\SYSTEM32;C:\Windows\WinSxS\amd64_microsoft.windows.common-controls_6595b64144ccf1df_6.0.18362.1556_none_9e7e372fe45e41d5;C:\Program Files\Java\jdk-15.0.2\bin\server;C:\Program Files\JetBrains\IntelliJ IDEA Community Edition 2020.3.2\bin;C:\Program Files\Bonjour

VM Arguments:
jvm_args: -ea -Didea.test.cyclic.buffer.size=1048576 -javaagent:C:\Program Files\JetBrains\IntelliJ IDEA Community Edition 2020.3.2\lib\idea_rt.jar=60190:C:\Program Files\JetBrains\IntelliJ IDEA Community Edition 2020.3.2\bin -Dfile.encoding=UTF-8 
java_command: com.intellij.rt.junit.JUnitStarter -ideVersion5 -junit5 dev.fenix.application.api.business.JobResourceTest
java_class_path (initial): C:\Program Files\JetBrains\IntelliJ IDEA Community Edition 2020.3.2\lib\idea_rt.jar;C:\Users\PC-FAYSSAL\.m2\repository\org\junit\platform\junit-platform-launcher\1.7.0\junit-platform-launcher-1.7.0.jar;C:\Users\PC-FAYSSAL\.m2\repository\org\junit\vintage\junit-vintage-engine\5.7.0\junit-vintage-engine-5.7.0.jar;C:\Program Files\JetBrains\IntelliJ IDEA Community Edition 2020.3.2\plugins\junit\lib\junit5-rt.jar;C:\Program Files\JetBrains\IntelliJ IDEA Community Edition 2020.3.2\plugins\junit\lib\junit-rt.jar;C:\Users\PC-FAYSSAL\IdeaProjects\appProduction_tc\target\test-classes;C:\Users\PC-FAYSSAL\IdeaProjects\appProduction_tc\target\classes;C:\Users\PC-FAYSSAL\.m2\repository\org\springframework\boot\spring-boot-starter-data-jpa\2.4.1\spring-boot-starter-data-jpa-2.4.1.jar;C:\Users\PC-FAYSSAL\.m2\repository\org\springframework\boot\spring-boot-starter-aop\2.4.1\spring-boot-starter-aop-2.4.1.jar;C:\Users\PC-FAYSSAL\.m2\repository\org\aspectj\aspectjweaver\1.9.6\aspectjweaver-1.9.6.jar;C:\Users\PC-FAYSSAL\.m2\repository\org\springframework\boot\spring-boot-starter-jdbc\2.4.1\spring-boot-starter-jdbc-2.4.1.jar;C:\Users\PC-FAYSSAL\.m2\repository\com\zaxxer\HikariCP\3.4.5\HikariCP-3.4.5.jar;C:\Users\PC-FAYSSAL\.m2\repository\org\springframework\spring-jdbc\5.3.2\spring-jdbc-5.3.2.jar;C:\Users\PC-FAYSSAL\.m2\repository\jakarta\transaction\jakarta.transaction-api\1.3.3\jakarta.transaction-api-1.3.3.jar;C:\Users\PC-FAYSSAL\.m2\repository\jakarta\persistence\jakarta.persistence-api\2.2.3\jakarta.persistence-api-2.2.3.jar;C:\Users\PC-FAYSSAL\.m2\repository\org\hibernate\hibernate-core\5.4.25.Final\hibernate-core-5.4.25.Final.jar;C:\Users\PC-FAYSSAL\.m2\repository\org\javassist\javassist\3.27.0-GA\javassist-3.27.0-GA.jar;C:\Users\PC-FAYSSAL\.m2\repository\net\bytebuddy\byte-buddy\1.10.18\byte-buddy-1.10.18.jar;C:\Users\PC-FAYSSAL\.m2\repository\antlr\antlr\2.7.7\antlr-2.7.7.jar;C:\Users\PC-FAYSSAL\.m2\repository\org\jboss\jandex\2.1.3.Final\jandex-2.1
Launcher Type: SUN_STANDARD

[Global flags]
     intx CICompilerCount                          = 3                                         {product} {ergonomic}
     uint ConcGCThreads                            = 1                                         {product} {ergonomic}
     uint G1ConcRefinementThreads                  = 4                                         {product} {ergonomic}
   size_t G1HeapRegionSize                         = 1048576                                   {product} {ergonomic}
    uintx GCDrainStackTargetSize                   = 64                                        {product} {ergonomic}
   size_t InitialHeapSize                          = 134217728                                 {product} {ergonomic}
   size_t MarkStackSize                            = 4194304                                   {product} {ergonomic}
   size_t MaxHeapSize                              = 2122317824                                {product} {ergonomic}
   size_t MaxNewSize                               = 1272971264                                {product} {ergonomic}
   size_t MinHeapDeltaBytes                        = 1048576                                   {product} {ergonomic}
   size_t MinHeapSize                              = 8388608                                   {product} {ergonomic}
    uintx NonNMethodCodeHeapSize                   = 5832780                                {pd product} {ergonomic}
    uintx NonProfiledCodeHeapSize                  = 122912730                              {pd product} {ergonomic}
    uintx ProfiledCodeHeapSize                     = 122912730                              {pd product} {ergonomic}
    uintx ReservedCodeCacheSize                    = 251658240                              {pd product} {ergonomic}
     bool SegmentedCodeCache                       = true                                      {product} {ergonomic}
   size_t SoftMaxHeapSize                          = 2122317824                             {manageable} {ergonomic}
     bool UseCompressedClassPointers               = true                                 {lp64_product} {ergonomic}
     bool UseCompressedOops                        = true                                 {lp64_product} {ergonomic}
     bool UseG1GC                                  = true                                      {product} {ergonomic}
     bool UseLargePagesIndividualAllocation        = false                                  {pd product} {ergonomic}

Logging:
Log output configuration:
 #0: stdout all=warning uptime,level,tags
 #1: stderr all=off uptime,level,tags

Environment Variables:
JAVA_HOME=C:\Program Files\Java\jdk-15.0.2
PATH=C:\Program Files\Common Files\Oracle\Java\javapath;C:\Program Files (x86)\Common Files\Oracle\Java\javapath;C:\Program Files\AdoptOpenJDK\jre-11.0.7.10-hotspot\bin;C:\Program Files\AdoptOpenJDK\jre-8.0.252.09-hotspot\bin;C:\Program Files (x86)\AdoptOpenJDK\jre-8.0.252.09-hotspot\bin;C:\Windows\system32;C:\Windows;C:\Windows\System32\Wbem;C:\Windows\System32\WindowsPowerShell\v1.0\;C:\Windows\System32\OpenSSH\;C:\Program Files (x86)\AMD\ATI.ACE\Core-Static;C:\Program Files\Git\cmd;C:\flutter\bin;C:\xampp\php;C:\ProgramData\ComposerSetup\bin;C:\Program Files\nodejs\;C:\xlaminas\php;C:\Program Files (x86)\Intel\Intel(R) Management Engine Components\DAL;C:\Program Files\Intel\Intel(R) Management Engine Components\DAL;C:\Program Files\PuTTY\;C:\Program Files\Docker\Docker\resources\bin;C:\ProgramData\DockerDesktop\version-bin;C:\Program Files\MySQL\MySQL Shell 8.0\bin\;C:\Users\PC-FAYSSAL\AppData\Local\Microsoft\WindowsApps;C:\Program Files\JetBrains\PhpStorm 2021.2.4\bin;;C:\Users\PC-FAYSSAL\AppData\Roaming\Composer\vendor\bin;C:\Users\PC-FAYSSAL\AppData\Roaming\npm;C:\xlaminas\php;C:\dev\htdocs\laminas-mvc-skeleton;C:\Users\PC-FAYSSAL\AppData\Local\GitHubDesktop\bin;C:\Program Files\JetBrains\IntelliJ IDEA Community Edition 2020.3.2\bin;;C:\src\flutter\bin;C:\Users\PC-FAYSSAL\AppData\Local\Programs\Microsoft VS Code _ 2\bin;C:\Users\PC-FAYSSAL\AppData\Local\Programs\Microsoft VS Code Insiders\bin
USERNAME=PC-FAYSSAL
OS=Windows_NT
PROCESSOR_IDENTIFIER=Intel64 Family 6 Model 78 Stepping 3, GenuineIntel



---------------  S Y S T E M  ---------------

OS:
 Windows 10 , 64 bit Build 18362 (10.0.18362.1500)
OS uptime: 3 days 20:38 hours
HyperV virtualization detected

CPU: total 4 (initial active 4) (2 cores per cpu, 2 threads per core) family 6 model 78 stepping 3 microcode 0xd6, cmov, cx8, fxsr, mmx, sse, sse2, sse3, ssse3, sse4.1, sse4.2, popcnt, vzeroupper, avx, avx2, aes, clmul, erms, 3dnowpref, lzcnt, ht, tsc, tscinvbit, bmi1, bmi2, adx, fma, clflush, clflushopt

Memory: 4k page, system-wide physical 8089M (326M free)
TotalPageFile size 32665M (AvailPageFile size 12M)
current process WorkingSet (physical memory assigned to process): 206M, peak: 236M
current process commit charge ("private bytes"): 238M, peak: 269M

vm_info: Java HotSpot(TM) 64-Bit Server VM (15.0.2+7-27) for windows-amd64 JRE (15.0.2+7-27), built on Dec  7 2020 20:07:01 by "mach5one" with unknown MS VC++:1925

END.
