#
# There is insufficient memory for the Java Runtime Environment to continue.
# Native memory allocation (mmap) failed to map 134217728 bytes for G1 virtual space
# Possible reasons:
#   The system is out of physical RAM or swap space
#   The process is running with CompressedOops enabled, and the Java Heap may be blocking the growth of the native heap
# Possible solutions:
#   Reduce memory load on the system
#   Increase physical memory or swap space
#   Check if swap backing store is full
#   Decrease Java heap size (-Xmx/-Xms)
#   Decrease number of Java threads
#   Decrease Java thread stack sizes (-Xss)
#   Set larger code cache with -XX:ReservedCodeCacheSize=
#   JVM is running with Unscaled Compressed Oops mode in which the Java heap is
#     placed in the first 4GB address space. The Java Heap base address is the
#     maximum limit for the native heap growth. Please use -XX:HeapBaseMinAddress
#     to set the Java Heap base and to place the Java Heap above 4GB virtual address.
# This output file may be truncated or incomplete.
#
#  Out of Memory Error (os_windows.cpp:3747), pid=8392, tid=11864
#
# JRE version:  (17.0.3+7) (build )
# Java VM: OpenJDK 64-Bit Server VM (17.0.3+7-b469.32, mixed mode, sharing, tiered, compressed oops, compressed class ptrs, g1 gc, windows-amd64)
# No core dump will be written. Minidumps are not enabled by default on client versions of Windows
#

---------------  S U M M A R Y ------------

Command Line: git4idea.http.GitAskPassApp Username for 'https://github.com': 

Host: Intel(R) Core(TM) i7-6500U CPU @ 2.50GHz, 4 cores, 7G,  Windows 10 , 64 bit Build 19041 (10.0.19041.2546)
Time: Tue Mar 28 15:52:39 2023 Maroc elapsed time: 0.160589 seconds (0d 0h 0m 0s)

---------------  T H R E A D  ---------------

Current thread (0x0000021438163220):  JavaThread "Unknown thread" [_thread_in_vm, id=11864, stack(0x000000ff37300000,0x000000ff37400000)]

Stack: [0x000000ff37300000,0x000000ff37400000]
Native frames: (J=compiled Java code, j=interpreted, Vv=VM code, C=native code)
V  [jvm.dll+0x681f8a]
V  [jvm.dll+0x83e374]
V  [jvm.dll+0x83fb1e]
V  [jvm.dll+0x840183]
V  [jvm.dll+0x2492a5]
V  [jvm.dll+0x67ee59]
V  [jvm.dll+0x67355a]
V  [jvm.dll+0x308fab]
V  [jvm.dll+0x310466]
V  [jvm.dll+0x3601de]
V  [jvm.dll+0x36040f]
V  [jvm.dll+0x2df098]
V  [jvm.dll+0x2e0004]
V  [jvm.dll+0x80fc61]
V  [jvm.dll+0x36df61]
V  [jvm.dll+0x7ef17c]
V  [jvm.dll+0x3f10ef]
V  [jvm.dll+0x3f2c31]
C  [jli.dll+0x526b]
C  [ucrtbase.dll+0x21bb2]
C  [KERNEL32.DLL+0x17614]
C  [ntdll.dll+0x526a1]


---------------  P R O C E S S  ---------------

Threads class SMR info:
_java_thread_list=0x00007ffbdc6b6f18, length=0, elements={
}

Java Threads: ( => current thread )

Other Threads:
  0x00000214381bec30 GCTaskThread "GC Thread#0" [stack: 0x000000ff37400000,0x000000ff37500000] [id=17620]
  0x00000214381cf870 ConcurrentGCThread "G1 Main Marker" [stack: 0x000000ff37500000,0x000000ff37600000] [id=1776]
  0x00000214381d0280 ConcurrentGCThread "G1 Conc#0" [stack: 0x000000ff37600000,0x000000ff37700000] [id=18948]

[error occurred during error reporting (printing all threads), id 0xc0000005, EXCEPTION_ACCESS_VIOLATION (0xc0000005) at pc=0x00007ffbdbe6fc57]

VM state: not at safepoint (not fully initialized)

VM Mutex/Monitor currently owned by a thread:  ([mutex/lock_event])
[0x000002143815eba0] Heap_lock - owner thread: 0x0000021438163220

Heap address: 0x0000000081800000, size: 2024 MB, Compressed Oops mode: 32-bit

CDS archive(s) mapped at: [0x0000000000000000-0x0000000000000000-0x0000000000000000), size 0, SharedBaseAddress: 0x0000000800000000, ArchiveRelocationMode: 0.
Narrow klass base: 0x0000000000000000, Narrow klass shift: 0, Narrow klass range: 0x0

GC Precious Log:
<Empty>

Heap:
 garbage-first heap   total 0K, used 0K [0x0000000081800000, 0x0000000100000000)
  region size 1024K, 0 young (0K), 0 survivors (0K)

[error occurred during error reporting (printing heap information), id 0xc0000005, EXCEPTION_ACCESS_VIOLATION (0xc0000005) at pc=0x00007ffbdc25bbd9]

GC Heap History (0 events):
No events

Deoptimization events (0 events):
No events

Classes unloaded (0 events):
No events

Classes redefined (0 events):
No events

Internal exceptions (0 events):
No events

VM Operations (0 events):
No events

Events (1 events):
Event: 0.097 Loaded shared library C:\Program Files\JetBrains\IntelliJ IDEA\jbr\bin\java.dll


Dynamic libraries:
0x00007ff602df0000 - 0x00007ff602dfa000 	C:\Program Files\JetBrains\IntelliJ IDEA\jbr\bin\java.exe
0x00007ffc2e5f0000 - 0x00007ffc2e7e8000 	C:\WINDOWS\SYSTEM32\ntdll.dll
0x00007ffc2d3a0000 - 0x00007ffc2d45f000 	C:\WINDOWS\System32\KERNEL32.DLL
0x00007ffc2c000000 - 0x00007ffc2c2d2000 	C:\WINDOWS\System32\KERNELBASE.dll
0x00007ffc2c2e0000 - 0x00007ffc2c3e0000 	C:\WINDOWS\System32\ucrtbase.dll
0x00007ffc02180000 - 0x00007ffc02197000 	C:\Program Files\JetBrains\IntelliJ IDEA\jbr\bin\jli.dll
0x00007ffbd3e10000 - 0x00007ffbd3e2b000 	C:\Program Files\JetBrains\IntelliJ IDEA\jbr\bin\VCRUNTIME140.dll
0x00007ffc2d7e0000 - 0x00007ffc2d981000 	C:\WINDOWS\System32\USER32.dll
0x00007ffc16b60000 - 0x00007ffc16dfa000 	C:\WINDOWS\WinSxS\amd64_microsoft.windows.common-controls_6595b64144ccf1df_6.0.19041.1110_none_60b5254171f9507e\COMCTL32.dll
0x00007ffc2bec0000 - 0x00007ffc2bee2000 	C:\WINDOWS\System32\win32u.dll
0x00007ffc2c8f0000 - 0x00007ffc2c91b000 	C:\WINDOWS\System32\GDI32.dll
0x00007ffc2bef0000 - 0x00007ffc2bfff000 	C:\WINDOWS\System32\gdi32full.dll
0x00007ffc2bd20000 - 0x00007ffc2bdbd000 	C:\WINDOWS\System32\msvcp_win.dll
0x00007ffc2c850000 - 0x00007ffc2c8ee000 	C:\WINDOWS\System32\msvcrt.dll
0x00007ffc2ce30000 - 0x00007ffc2ce60000 	C:\WINDOWS\System32\IMM32.DLL
0x00007ffc15d80000 - 0x00007ffc15d8c000 	C:\Program Files\JetBrains\IntelliJ IDEA\jbr\bin\vcruntime140_1.dll
0x00007ffb78f20000 - 0x00007ffb78fad000 	C:\Program Files\JetBrains\IntelliJ IDEA\jbr\bin\msvcp140.dll
0x00007ffbdbb80000 - 0x00007ffbdc7e8000 	C:\Program Files\JetBrains\IntelliJ IDEA\jbr\bin\server\jvm.dll
0x00007ffc2dbb0000 - 0x00007ffc2dc5e000 	C:\WINDOWS\System32\ADVAPI32.dll
0x00007ffc2d6e0000 - 0x00007ffc2d77c000 	C:\WINDOWS\System32\sechost.dll
0x00007ffc2c720000 - 0x00007ffc2c844000 	C:\WINDOWS\System32\RPCRT4.dll
0x00007ffc2ddf0000 - 0x00007ffc2ddf8000 	C:\WINDOWS\System32\PSAPI.DLL
0x00007ffc1b7a0000 - 0x00007ffc1b7a9000 	C:\WINDOWS\SYSTEM32\WSOCK32.dll
0x00007ffc2dd80000 - 0x00007ffc2ddeb000 	C:\WINDOWS\System32\WS2_32.dll
0x00007ffc10530000 - 0x00007ffc10557000 	C:\WINDOWS\SYSTEM32\WINMM.dll
0x00007ffc20ee0000 - 0x00007ffc20eea000 	C:\WINDOWS\SYSTEM32\VERSION.dll
0x00007ffc2a550000 - 0x00007ffc2a562000 	C:\WINDOWS\SYSTEM32\kernel.appcore.dll
0x00007ffc164d0000 - 0x00007ffc164da000 	C:\Program Files\JetBrains\IntelliJ IDEA\jbr\bin\jimage.dll
0x00007ffc26a20000 - 0x00007ffc26c04000 	C:\WINDOWS\SYSTEM32\DBGHELP.DLL
0x00007ffc172c0000 - 0x00007ffc172f5000 	C:\WINDOWS\SYSTEM32\dbgcore.DLL
0x00007ffc2c3e0000 - 0x00007ffc2c462000 	C:\WINDOWS\System32\bcryptPrimitives.dll
0x00007ffbdea30000 - 0x00007ffbdea55000 	C:\Program Files\JetBrains\IntelliJ IDEA\jbr\bin\java.dll

dbghelp: loaded successfully - version: 4.0.5 - missing functions: none
symbol engine: initialized successfully - sym options: 0x614 - pdb path: .;C:\Program Files\JetBrains\IntelliJ IDEA\jbr\bin;C:\WINDOWS\SYSTEM32;C:\WINDOWS\WinSxS\amd64_microsoft.windows.common-controls_6595b64144ccf1df_6.0.19041.1110_none_60b5254171f9507e;C:\Program Files\JetBrains\IntelliJ IDEA\jbr\bin\server

VM Arguments:
java_command: git4idea.http.GitAskPassApp Username for 'https://github.com': 
java_class_path (initial): C:/Program Files/JetBrains/IntelliJ IDEA/plugins/git4idea/lib/git4idea-rt.jar;C:/Program Files/JetBrains/IntelliJ IDEA/lib/externalProcess-rt.jar;C:/Program Files/JetBrains/IntelliJ IDEA/lib/app.jar;C:/Program Files/JetBrains/IntelliJ IDEA/lib/3rd-party-rt.jar
Launcher Type: SUN_STANDARD

[Global flags]
     intx CICompilerCount                          = 3                                         {product} {ergonomic}
     uint ConcGCThreads                            = 1                                         {product} {ergonomic}
     uint G1ConcRefinementThreads                  = 4                                         {product} {ergonomic}
   size_t G1HeapRegionSize                         = 1048576                                   {product} {ergonomic}
    uintx GCDrainStackTargetSize                   = 64                                        {product} {ergonomic}
   size_t InitialHeapSize                          = 134217728                                 {product} {ergonomic}
   size_t MarkStackSize                            = 4194304                                   {product} {ergonomic}
   size_t MaxHeapSize                              = 2122317824                                {product} {ergonomic}
   size_t MinHeapDeltaBytes                        = 1048576                                   {product} {ergonomic}
   size_t MinHeapSize                              = 8388608                                   {product} {ergonomic}
    uintx NonNMethodCodeHeapSize                   = 5832780                                {pd product} {ergonomic}
    uintx NonProfiledCodeHeapSize                  = 122912730                              {pd product} {ergonomic}
    uintx ProfiledCodeHeapSize                     = 122912730                              {pd product} {ergonomic}
    uintx ReservedCodeCacheSize                    = 251658240                              {pd product} {ergonomic}
     bool SegmentedCodeCache                       = true                                      {product} {ergonomic}
   size_t SoftMaxHeapSize                          = 2122317824                             {manageable} {ergonomic}
     bool UseCompressedClassPointers               = true                           {product lp64_product} {ergonomic}
     bool UseCompressedOops                        = true                           {product lp64_product} {ergonomic}
     bool UseG1GC                                  = true                                      {product} {ergonomic}
     bool UseLargePagesIndividualAllocation        = false                                  {pd product} {ergonomic}

Logging:
Log output configuration:
 #0: stdout all=warning uptime,level,tags
 #1: stderr all=off uptime,level,tags

Environment Variables:
JAVA_HOME=C:\Program Files\Java\jdk-15.0.2
PATH=C:\Program Files\Git\mingw64\libexec\git-core;C:\Program Files\Git\mingw64\libexec\git-core;C:\Program Files\Git\mingw64\bin;C:\Program Files\Git\usr\bin;C:\Users\PC-FAYSSAL\bin;C:\Program Files\Common Files\Oracle\Java\javapath;C:\Program Files (x86)\Common Files\Oracle\Java\javapath;C:\WINDOWS\system32;C:\WINDOWS;C:\WINDOWS\System32\Wbem;C:\WINDOWS\System32\WindowsPowerShell\v1.0;C:\WINDOWS\System32\OpenSSH;C:\Program Files (x86)\AMD\ATI.ACE\Core-Static;C:\flutter\bin;C:\xampp\php;C:\ProgramData\ComposerSetup\bin;C:\xlaminas\php;C:\Program Files (x86)\Intel\Intel(R) Management Engine Components\DAL;C:\Program Files\Intel\Intel(R) Management Engine Components\DAL;C:\Program Files\PuTTY;C:\Program Files\Docker\Docker\resources\bin;C:\ProgramData\DockerDesktop\version-bin;C:\Program Files\Azure Data Studio\bin;C:\Program Files\Git\cmd;C:\Program Files\nodejs;C:\Program Files\MySQL\MySQL Shell 8.0\bin;C:\Users\PC-FAYSSAL\AppData\Local\Microsoft\WindowsApps;C:\Program Files\JetBrains\PhpStorm 2021.2.4\bin;C:\Users\PC-FAYSSAL\AppData\Roaming\Composer\vendor\bin;C:\xlaminas\php;C:\dev\htdocs\laminas-mvc-skeleton;C:\Users\PC-FAYSSAL\AppData\Local\GitHubDesktop\bin;C:\Program Files\JetBrains\IntelliJ IDEA Community Edition 2020.3.2\bin;C:\src\flutter\bin;C:\Program Files\Azure Data Studio\bin;C:\Users\PC-FAYSSAL\AppData\Roaming\npm;C:\Program Files (x86)\BrowserStackLocal;C:\Users\PC-FAYSSAL\AppData\Local\Programs\Microsoft VS Code v2\bin;C:\Program Files\JetBrains\IntelliJ IDEA\bin
USERNAME=PC-FAYSSAL
DISPLAY=:0.0
LC_ALL=en_US.UTF-8
OS=Windows_NT
PROCESSOR_IDENTIFIER=Intel64 Family 6 Model 78 Stepping 3, GenuineIntel



---------------  S Y S T E M  ---------------

OS:
 Windows 10 , 64 bit Build 19041 (10.0.19041.2546)
OS uptime: 12 days 7:24 hours
Hyper-V role detected

CPU: total 4 (initial active 4) (2 cores per cpu, 2 threads per core) family 6 model 78 stepping 3 microcode 0xcc, cx8, cmov, fxsr, ht, mmx, 3dnowpref, sse, sse2, sse3, ssse3, sse4.1, sse4.2, popcnt, lzcnt, tsc, tscinvbit, avx, avx2, aes, erms, clmul, bmi1, bmi2, adx, fma, vzeroupper, clflush, clflushopt, hv

Memory: 4k page, system-wide physical 8089M (135M free)
TotalPageFile size 32665M (AvailPageFile size 32M)
current process WorkingSet (physical memory assigned to process): 9M, peak: 9M
current process commit charge ("private bytes"): 51M, peak: 179M

vm_info: OpenJDK 64-Bit Server VM (17.0.3+7-b469.32) for windows-amd64 JRE (17.0.3+7-b469.32), built on 2022-07-19 by "builduser" with MS VC++ 16.10 / 16.11 (VS2019)

END.
