#
# There is insufficient memory for the Java Runtime Environment to continue.
# Native memory allocation (malloc) failed to allocate 311056 bytes for Chunk::new
# Possible reasons:
#   The system is out of physical RAM or swap space
#   The process is running with CompressedOops enabled, and the Java Heap may be blocking the growth of the native heap
# Possible solutions:
#   Reduce memory load on the system
#   Increase physical memory or swap space
#   Check if swap backing store is full
#   Decrease Java heap size (-Xmx/-Xms)
#   Decrease number of Java threads
#   Decrease Java thread stack sizes (-Xss)
#   Set larger code cache with -XX:ReservedCodeCacheSize=
#   JVM is running with Unscaled Compressed Oops mode in which the Java heap is
#     placed in the first 4GB address space. The Java Heap base address is the
#     maximum limit for the native heap growth. Please use -XX:HeapBaseMinAddress
#     to set the Java Heap base and to place the Java Heap above 4GB virtual address.
# This output file may be truncated or incomplete.
#
#  Out of Memory Error (./open/src/hotspot/share/memory/arena.cpp:195), pid=14328, tid=19308
#
# JRE version: Java(TM) SE Runtime Environment (15.0.2+7) (build 15.0.2+7-27)
# Java VM: Java HotSpot(TM) 64-Bit Server VM (15.0.2+7-27, mixed mode, sharing, tiered, compressed oops, g1 gc, windows-amd64)
# No core dump will be written. Minidumps are not enabled by default on client versions of Windows
#

---------------  S U M M A R Y ------------

Command Line: -javaagent:C:\Program Files\JetBrains\IntelliJ IDEA Community Edition 2020.3.2\lib\idea_rt.jar=55973:C:\Program Files\JetBrains\IntelliJ IDEA Community Edition 2020.3.2\bin -Dfile.encoding=UTF-8 dev.fenix.application.Application

Host: Intel(R) Core(TM) i7-6500U CPU @ 2.50GHz, 4 cores, 7G,  Windows 10 , 64 bit Build 18362 (10.0.18362.1500)
Time: Thu Dec 16 11:57:36 2021 Maroc (heure d?été) elapsed time: 1121.366109 seconds (0d 0h 18m 41s)

---------------  T H R E A D  ---------------

Current thread (0x0000028764b4d1c0):  JavaThread "C2 CompilerThread0" daemon [_thread_in_native, id=19308, stack(0x000000bc3fa00000,0x000000bc3fb00000)]


Current CompileTask:
C2:1121366 10957       4       com.sun.crypto.provider.CipherCore::init (562 bytes)

Stack: [0x000000bc3fa00000,0x000000bc3fb00000]
Native frames: (J=compiled Java code, j=interpreted, Vv=VM code, C=native code)
V  [jvm.dll+0x62ae9a]
V  [jvm.dll+0x7817a9]
V  [jvm.dll+0x782f03]
V  [jvm.dll+0x783563]
V  [jvm.dll+0x216325]
V  [jvm.dll+0x97f3a]
V  [jvm.dll+0x9861c]
V  [jvm.dll+0x279f9f]
V  [jvm.dll+0x540794]
V  [jvm.dll+0x1f2cd4]
V  [jvm.dll+0x1ec588]
V  [jvm.dll+0x1e9867]
V  [jvm.dll+0x178567]
V  [jvm.dll+0x1f9225]
V  [jvm.dll+0x1f72cc]
V  [jvm.dll+0x74495d]
V  [jvm.dll+0x73d75a]
V  [jvm.dll+0x629c56]
C  [ucrtbase.dll+0x210b2]
C  [KERNEL32.DLL+0x17c24]
C  [ntdll.dll+0x6d721]


---------------  P R O C E S S  ---------------

Threads class SMR info:
_java_thread_list=0x0000028769bc2ee0, length=31, elements={
0x0000028764b33080, 0x0000028764b33c50, 0x0000028764b45da0, 0x0000028764b4a870,
0x0000028764b4c330, 0x0000028764b4d1c0, 0x0000028764b8ea40, 0x00000287654e6660,
0x0000028764b113a0, 0x000002876590e960, 0x00000287655ec9a0, 0x000002876717e480,
0x000002876b149030, 0x0000028766c4fd90, 0x0000028766c50260, 0x0000028766c50730,
0x0000028766c510d0, 0x0000028766c52410, 0x000002876c643080, 0x000002876c646a40,
0x000002876c645bd0, 0x000002876c6460a0, 0x000002876c640a00, 0x000002876c643550,
0x000002876c6443c0, 0x000002876c646f10, 0x000002876c644d60, 0x000002876c644890,
0x000002876c645700, 0x000002876c643a20, 0x000002876c646570
}

Java Threads: ( => current thread )
  0x0000028764b33080 JavaThread "Reference Handler" daemon [_thread_blocked, id=17744, stack(0x000000bc3f500000,0x000000bc3f600000)]
  0x0000028764b33c50 JavaThread "Finalizer" daemon [_thread_blocked, id=13940, stack(0x000000bc3f600000,0x000000bc3f700000)]
  0x0000028764b45da0 JavaThread "Signal Dispatcher" daemon [_thread_blocked, id=10672, stack(0x000000bc3f700000,0x000000bc3f800000)]
  0x0000028764b4a870 JavaThread "Attach Listener" daemon [_thread_blocked, id=14108, stack(0x000000bc3f800000,0x000000bc3f900000)]
  0x0000028764b4c330 JavaThread "Service Thread" daemon [_thread_blocked, id=18148, stack(0x000000bc3f900000,0x000000bc3fa00000)]
=>0x0000028764b4d1c0 JavaThread "C2 CompilerThread0" daemon [_thread_in_native, id=19308, stack(0x000000bc3fa00000,0x000000bc3fb00000)]
  0x0000028764b8ea40 JavaThread "C1 CompilerThread0" daemon [_thread_blocked, id=18556, stack(0x000000bc3fb00000,0x000000bc3fc00000)]
  0x00000287654e6660 JavaThread "Sweeper thread" daemon [_thread_blocked, id=16892, stack(0x000000bc3fc00000,0x000000bc3fd00000)]
  0x0000028764b113a0 JavaThread "Common-Cleaner" daemon [_thread_blocked, id=10180, stack(0x000000bc3fd00000,0x000000bc3fe00000)]
  0x000002876590e960 JavaThread "Monitor Ctrl-Break" daemon [_thread_in_native, id=4260, stack(0x000000bc3fe00000,0x000000bc3ff00000)]
  0x00000287655ec9a0 JavaThread "Notification Thread" daemon [_thread_blocked, id=14248, stack(0x000000bc3ff00000,0x000000bc40000000)]
  0x000002876717e480 JavaThread "mysql-cj-abandoned-connection-cleanup" daemon [_thread_blocked, id=9024, stack(0x000000bc40500000,0x000000bc40600000)]
  0x000002876b149030 JavaThread "HikariPool-1 housekeeper" daemon [_thread_blocked, id=15184, stack(0x000000bc40800000,0x000000bc40900000)]
  0x0000028766c4fd90 JavaThread "Catalina-utility-1" [_thread_blocked, id=1404, stack(0x000000bc40900000,0x000000bc40a00000)]
  0x0000028766c50260 JavaThread "Catalina-utility-2" [_thread_blocked, id=19136, stack(0x000000bc40a00000,0x000000bc40b00000)]
  0x0000028766c50730 JavaThread "container-0" [_thread_blocked, id=260, stack(0x000000bc40b00000,0x000000bc40c00000)]
  0x0000028766c510d0 JavaThread "pool-1-thread-1" [_thread_blocked, id=2436, stack(0x000000bc40c00000,0x000000bc40d00000)]
  0x0000028766c52410 JavaThread "http-nio-80-BlockPoller" daemon [_thread_in_native, id=6328, stack(0x000000bc40d00000,0x000000bc40e00000)]
  0x000002876c643080 JavaThread "http-nio-80-exec-1" daemon [_thread_blocked, id=13916, stack(0x000000bc40e00000,0x000000bc40f00000)]
  0x000002876c646a40 JavaThread "http-nio-80-exec-2" daemon [_thread_blocked, id=6836, stack(0x000000bc40f00000,0x000000bc41000000)]
  0x000002876c645bd0 JavaThread "http-nio-80-exec-3" daemon [_thread_blocked, id=18428, stack(0x000000bc41000000,0x000000bc41100000)]
  0x000002876c6460a0 JavaThread "http-nio-80-exec-4" daemon [_thread_blocked, id=17708, stack(0x000000bc41100000,0x000000bc41200000)]
  0x000002876c640a00 JavaThread "http-nio-80-exec-5" daemon [_thread_blocked, id=12852, stack(0x000000bc41200000,0x000000bc41300000)]
  0x000002876c643550 JavaThread "http-nio-80-exec-6" daemon [_thread_blocked, id=7380, stack(0x000000bc41300000,0x000000bc41400000)]
  0x000002876c6443c0 JavaThread "http-nio-80-exec-7" daemon [_thread_blocked, id=5868, stack(0x000000bc41400000,0x000000bc41500000)]
  0x000002876c646f10 JavaThread "http-nio-80-exec-8" daemon [_thread_blocked, id=19032, stack(0x000000bc41500000,0x000000bc41600000)]
  0x000002876c644d60 JavaThread "http-nio-80-exec-9" daemon [_thread_blocked, id=5656, stack(0x000000bc41600000,0x000000bc41700000)]
  0x000002876c644890 JavaThread "http-nio-80-exec-10" daemon [_thread_blocked, id=12184, stack(0x000000bc41700000,0x000000bc41800000)]
  0x000002876c645700 JavaThread "http-nio-80-ClientPoller" daemon [_thread_in_native, id=11472, stack(0x000000bc41800000,0x000000bc41900000)]
  0x000002876c643a20 JavaThread "http-nio-80-Acceptor" daemon [_thread_in_native, id=16968, stack(0x000000bc41900000,0x000000bc41a00000)]
  0x000002876c646570 JavaThread "DestroyJavaVM" [_thread_blocked, id=10424, stack(0x000000bc3ee00000,0x000000bc3ef00000)]

Other Threads:
  0x0000028764b2dc40 VMThread "VM Thread" [stack: 0x000000bc3f400000,0x000000bc3f500000] [id=16960]
  0x0000028746908cd0 WatcherThread [stack: 0x000000bc40000000,0x000000bc40100000] [id=18468]
  0x0000028746946ed0 GCTaskThread "GC Thread#0" [stack: 0x000000bc3ef00000,0x000000bc3f000000] [id=20368]
  0x0000028765e55d80 GCTaskThread "GC Thread#1" [stack: 0x000000bc40200000,0x000000bc40300000] [id=13196]
  0x0000028765e56a40 GCTaskThread "GC Thread#2" [stack: 0x000000bc40300000,0x000000bc40400000] [id=3752]
  0x0000028765e55720 GCTaskThread "GC Thread#3" [stack: 0x000000bc40600000,0x000000bc40700000] [id=2988]
  0x0000028746957ea0 ConcurrentGCThread "G1 Main Marker" [stack: 0x000000bc3f000000,0x000000bc3f100000] [id=17432]
  0x0000028746959b20 ConcurrentGCThread "G1 Conc#0" [stack: 0x000000bc3f100000,0x000000bc3f200000] [id=17592]
  0x00000287469be0c0 ConcurrentGCThread "G1 Refine#0" [stack: 0x000000bc3f200000,0x000000bc3f300000] [id=18304]
  0x0000028766256ad0 ConcurrentGCThread "G1 Refine#1" [stack: 0x000000bc40100000,0x000000bc40200000] [id=10028]
  0x00000287649a40b0 ConcurrentGCThread "G1 Young RemSet Sampling" [stack: 0x000000bc3f300000,0x000000bc3f400000] [id=18820]

Threads with active compile tasks:
C2 CompilerThread0  1121447 10957       4       com.sun.crypto.provider.CipherCore::init (562 bytes)

VM state: not at safepoint (normal execution)

VM Mutex/Monitor currently owned by a thread: None

Heap address: 0x0000000081800000, size: 2024 MB, Compressed Oops mode: 32-bit
CDS archive(s) mapped at: [0x0000000800000000-0x0000000800b50000-0x0000000800b50000), size 11862016, SharedBaseAddress: 0x0000000800000000, ArchiveRelocationMode: 0.
Compressed class space mapped at: 0x0000000800b50000-0x0000000840b50000, size: 1073741824
Narrow klass base: 0x0000000800000000, Narrow klass shift: 3, Narrow klass range: 0x100000000

GC Precious Log:
 CPUs: 4 total, 4 available
 Memory: 8089M
 Large Page Support: Disabled
 NUMA Support: Disabled
 Compressed Oops: Enabled (32-bit)
 Heap Region Size: 1M
 Heap Min Capacity: 8M
 Heap Initial Capacity: 128M
 Heap Max Capacity: 2024M
 Pre-touch: Disabled
 Parallel Workers: 4
 Concurrent Workers: 1
 Concurrent Refinement Workers: 4
 Periodic GC: Disabled

Heap:
 garbage-first heap   total 89088K, used 61055K [0x0000000081800000, 0x0000000100000000)
  region size 1024K, 25 young (25600K), 3 survivors (3072K)
 Metaspace       used 76194K, capacity 76858K, committed 76976K, reserved 1116160K
  class space    used 9462K, capacity 9673K, committed 9728K, reserved 1048576K

Heap Regions: E=young(eden), S=young(survivor), O=old, HS=humongous(starts), HC=humongous(continues), CS=collection set, F=free, OA=open archive, CA=closed archive, TAMS=top-at-mark-start (previous, next)
|   0|0x0000000081800000, 0x0000000081900000, 0x0000000081900000|100%|HS|  |TAMS 0x0000000081900000, 0x0000000081800000| Complete 
|   1|0x0000000081900000, 0x0000000081a00000, 0x0000000081a00000|100%| O|  |TAMS 0x0000000081a00000, 0x0000000081900000| Untracked 
|   2|0x0000000081a00000, 0x0000000081b00000, 0x0000000081b00000|100%| O|  |TAMS 0x0000000081b00000, 0x0000000081a00000| Untracked 
|   3|0x0000000081b00000, 0x0000000081c00000, 0x0000000081c00000|100%| O|  |TAMS 0x0000000081c00000, 0x0000000081b00000| Untracked 
|   4|0x0000000081c00000, 0x0000000081d00000, 0x0000000081d00000|100%| O|  |TAMS 0x0000000081d00000, 0x0000000081c00000| Untracked 
|   5|0x0000000081d00000, 0x0000000081e00000, 0x0000000081e00000|100%| O|  |TAMS 0x0000000081e00000, 0x0000000081d00000| Untracked 
|   6|0x0000000081e00000, 0x0000000081f00000, 0x0000000081f00000|100%| O|  |TAMS 0x0000000081f00000, 0x0000000081e00000| Untracked 
|   7|0x0000000081f00000, 0x0000000081fcc000, 0x0000000082000000| 79%| O|  |TAMS 0x0000000081fcc000, 0x0000000081f00000| Untracked 
|   8|0x0000000082000000, 0x0000000082100000, 0x0000000082100000|100%| O|  |TAMS 0x0000000082100000, 0x0000000082000000| Untracked 
|   9|0x0000000082100000, 0x0000000082200000, 0x0000000082200000|100%| O|  |TAMS 0x0000000082200000, 0x0000000082100000| Untracked 
|  10|0x0000000082200000, 0x0000000082300000, 0x0000000082300000|100%| O|  |TAMS 0x0000000082300000, 0x0000000082200000| Untracked 
|  11|0x0000000082300000, 0x0000000082400000, 0x0000000082400000|100%| O|  |TAMS 0x0000000082400000, 0x0000000082300000| Untracked 
|  12|0x0000000082400000, 0x0000000082500000, 0x0000000082500000|100%| O|  |TAMS 0x0000000082500000, 0x0000000082400000| Untracked 
|  13|0x0000000082500000, 0x0000000082600000, 0x0000000082600000|100%| O|  |TAMS 0x0000000082600000, 0x0000000082500000| Untracked 
|  14|0x0000000082600000, 0x0000000082700000, 0x0000000082700000|100%| O|  |TAMS 0x0000000082700000, 0x0000000082600000| Untracked 
|  15|0x0000000082700000, 0x0000000082800000, 0x0000000082800000|100%| O|  |TAMS 0x0000000082800000, 0x0000000082700000| Untracked 
|  16|0x0000000082800000, 0x0000000082900000, 0x0000000082900000|100%| O|  |TAMS 0x0000000082900000, 0x0000000082800000| Untracked 
|  17|0x0000000082900000, 0x0000000082a00000, 0x0000000082a00000|100%| O|  |TAMS 0x0000000082a00000, 0x0000000082900000| Untracked 
|  18|0x0000000082a00000, 0x0000000082b00000, 0x0000000082b00000|100%| O|  |TAMS 0x0000000082b00000, 0x0000000082a00000| Untracked 
|  19|0x0000000082b00000, 0x0000000082c00000, 0x0000000082c00000|100%| O|  |TAMS 0x0000000082c00000, 0x0000000082b00000| Untracked 
|  20|0x0000000082c00000, 0x0000000082d00000, 0x0000000082d00000|100%| O|  |TAMS 0x0000000082d00000, 0x0000000082c00000| Untracked 
|  21|0x0000000082d00000, 0x0000000082e00000, 0x0000000082e00000|100%| O|  |TAMS 0x0000000082e00000, 0x0000000082d00000| Untracked 
|  22|0x0000000082e00000, 0x0000000082f00000, 0x0000000082f00000|100%| O|  |TAMS 0x0000000082f00000, 0x0000000082e00000| Untracked 
|  23|0x0000000082f00000, 0x0000000083000000, 0x0000000083000000|100%| O|  |TAMS 0x0000000083000000, 0x0000000082f00000| Untracked 
|  24|0x0000000083000000, 0x0000000083100000, 0x0000000083100000|100%| O|  |TAMS 0x00000000830b4200, 0x0000000083000000| Untracked 
|  25|0x0000000083100000, 0x0000000083200000, 0x0000000083200000|100%| O|  |TAMS 0x0000000083100000, 0x0000000083100000| Untracked 
|  26|0x0000000083200000, 0x0000000083300000, 0x0000000083300000|100%| O|  |TAMS 0x0000000083200000, 0x0000000083200000| Untracked 
|  27|0x0000000083300000, 0x0000000083400000, 0x0000000083400000|100%| O|  |TAMS 0x0000000083300000, 0x0000000083300000| Untracked 
|  28|0x0000000083400000, 0x0000000083500000, 0x0000000083500000|100%| O|  |TAMS 0x0000000083400000, 0x0000000083400000| Untracked 
|  29|0x0000000083500000, 0x0000000083600000, 0x0000000083600000|100%| O|  |TAMS 0x0000000083500000, 0x0000000083500000| Untracked 
|  30|0x0000000083600000, 0x0000000083700000, 0x0000000083700000|100%| O|  |TAMS 0x0000000083600000, 0x0000000083600000| Untracked 
|  31|0x0000000083700000, 0x0000000083800000, 0x0000000083800000|100%| O|  |TAMS 0x0000000083700000, 0x0000000083700000| Untracked 
|  32|0x0000000083800000, 0x0000000083900000, 0x0000000083900000|100%| O|  |TAMS 0x0000000083800000, 0x0000000083800000| Untracked 
|  33|0x0000000083900000, 0x0000000083a00000, 0x0000000083a00000|100%| O|  |TAMS 0x0000000083900000, 0x0000000083900000| Untracked 
|  34|0x0000000083a00000, 0x0000000083b00000, 0x0000000083b00000|100%| O|  |TAMS 0x0000000083a00000, 0x0000000083a00000| Untracked 
|  35|0x0000000083b00000, 0x0000000083c00000, 0x0000000083c00000|100%| O|  |TAMS 0x0000000083b00000, 0x0000000083b00000| Untracked 
|  36|0x0000000083c00000, 0x0000000083cf3200, 0x0000000083d00000| 94%| O|  |TAMS 0x0000000083c00000, 0x0000000083c00000| Untracked 
|  37|0x0000000083d00000, 0x0000000083d00000, 0x0000000083e00000|  0%| F|  |TAMS 0x0000000083d00000, 0x0000000083d00000| Untracked 
|  38|0x0000000083e00000, 0x0000000083e00000, 0x0000000083f00000|  0%| F|  |TAMS 0x0000000083e00000, 0x0000000083e00000| Untracked 
|  39|0x0000000083f00000, 0x0000000083f00000, 0x0000000084000000|  0%| F|  |TAMS 0x0000000083f00000, 0x0000000083f00000| Untracked 
|  40|0x0000000084000000, 0x0000000084000000, 0x0000000084100000|  0%| F|  |TAMS 0x0000000084000000, 0x0000000084000000| Untracked 
|  41|0x0000000084100000, 0x0000000084100000, 0x0000000084200000|  0%| F|  |TAMS 0x0000000084100000, 0x0000000084100000| Untracked 
|  42|0x0000000084200000, 0x0000000084200000, 0x0000000084300000|  0%| F|  |TAMS 0x0000000084200000, 0x0000000084200000| Untracked 
|  43|0x0000000084300000, 0x0000000084300000, 0x0000000084400000|  0%| F|  |TAMS 0x0000000084300000, 0x0000000084300000| Untracked 
|  44|0x0000000084400000, 0x0000000084400000, 0x0000000084500000|  0%| F|  |TAMS 0x0000000084400000, 0x0000000084400000| Untracked 
|  45|0x0000000084500000, 0x0000000084500000, 0x0000000084600000|  0%| F|  |TAMS 0x0000000084500000, 0x0000000084500000| Untracked 
|  46|0x0000000084600000, 0x0000000084600000, 0x0000000084700000|  0%| F|  |TAMS 0x0000000084600000, 0x0000000084600000| Untracked 
|  47|0x0000000084700000, 0x0000000084700000, 0x0000000084800000|  0%| F|  |TAMS 0x0000000084700000, 0x0000000084700000| Untracked 
|  48|0x0000000084800000, 0x0000000084800000, 0x0000000084900000|  0%| F|  |TAMS 0x0000000084800000, 0x0000000084800000| Untracked 
|  49|0x0000000084900000, 0x0000000084900000, 0x0000000084a00000|  0%| F|  |TAMS 0x0000000084900000, 0x0000000084900000| Untracked 
|  50|0x0000000084a00000, 0x0000000084a00000, 0x0000000084b00000|  0%| F|  |TAMS 0x0000000084a00000, 0x0000000084a00000| Untracked 
|  51|0x0000000084b00000, 0x0000000084b00000, 0x0000000084c00000|  0%| F|  |TAMS 0x0000000084b00000, 0x0000000084b00000| Untracked 
|  52|0x0000000084c00000, 0x0000000084c00000, 0x0000000084d00000|  0%| F|  |TAMS 0x0000000084c00000, 0x0000000084c00000| Untracked 
|  53|0x0000000084d00000, 0x0000000084d00000, 0x0000000084e00000|  0%| F|  |TAMS 0x0000000084d00000, 0x0000000084d00000| Untracked 
|  54|0x0000000084e00000, 0x0000000084ee0b28, 0x0000000084f00000| 87%| S|CS|TAMS 0x0000000084e00000, 0x0000000084e00000| Complete 
|  55|0x0000000084f00000, 0x0000000085000000, 0x0000000085000000|100%| S|CS|TAMS 0x0000000084f00000, 0x0000000084f00000| Complete 
|  56|0x0000000085000000, 0x0000000085100000, 0x0000000085100000|100%| S|CS|TAMS 0x0000000085000000, 0x0000000085000000| Complete 
|  57|0x0000000085100000, 0x0000000085100000, 0x0000000085200000|  0%| F|  |TAMS 0x0000000085100000, 0x0000000085100000| Untracked 
|  58|0x0000000085200000, 0x0000000085200000, 0x0000000085300000|  0%| F|  |TAMS 0x0000000085200000, 0x0000000085200000| Untracked 
|  59|0x0000000085300000, 0x0000000085300000, 0x0000000085400000|  0%| F|  |TAMS 0x0000000085300000, 0x0000000085300000| Untracked 
|  60|0x0000000085400000, 0x0000000085400000, 0x0000000085500000|  0%| F|  |TAMS 0x0000000085400000, 0x0000000085400000| Untracked 
|  61|0x0000000085500000, 0x0000000085500000, 0x0000000085600000|  0%| F|  |TAMS 0x0000000085500000, 0x0000000085500000| Untracked 
|  62|0x0000000085600000, 0x0000000085600000, 0x0000000085700000|  0%| F|  |TAMS 0x0000000085600000, 0x0000000085600000| Untracked 
|  63|0x0000000085700000, 0x0000000085700000, 0x0000000085800000|  0%| F|  |TAMS 0x0000000085700000, 0x0000000085700000| Untracked 
|  64|0x0000000085800000, 0x0000000085800000, 0x0000000085900000|  0%| F|  |TAMS 0x0000000085800000, 0x0000000085800000| Untracked 
|  65|0x0000000085900000, 0x0000000085916c98, 0x0000000085a00000|  8%| E|  |TAMS 0x0000000085900000, 0x0000000085900000| Complete 
|  66|0x0000000085a00000, 0x0000000085b00000, 0x0000000085b00000|100%| E|CS|TAMS 0x0000000085a00000, 0x0000000085a00000| Complete 
|  67|0x0000000085b00000, 0x0000000085c00000, 0x0000000085c00000|100%| E|CS|TAMS 0x0000000085b00000, 0x0000000085b00000| Complete 
|  68|0x0000000085c00000, 0x0000000085d00000, 0x0000000085d00000|100%| E|CS|TAMS 0x0000000085c00000, 0x0000000085c00000| Complete 
|  69|0x0000000085d00000, 0x0000000085e00000, 0x0000000085e00000|100%| E|  |TAMS 0x0000000085d00000, 0x0000000085d00000| Complete 
|  70|0x0000000085e00000, 0x0000000085f00000, 0x0000000085f00000|100%| E|CS|TAMS 0x0000000085e00000, 0x0000000085e00000| Complete 
|  71|0x0000000085f00000, 0x0000000086000000, 0x0000000086000000|100%| E|CS|TAMS 0x0000000085f00000, 0x0000000085f00000| Complete 
|  72|0x0000000086000000, 0x0000000086100000, 0x0000000086100000|100%| E|CS|TAMS 0x0000000086000000, 0x0000000086000000| Complete 
|  73|0x0000000086100000, 0x0000000086200000, 0x0000000086200000|100%| E|CS|TAMS 0x0000000086100000, 0x0000000086100000| Complete 
|  74|0x0000000086200000, 0x0000000086300000, 0x0000000086300000|100%| E|CS|TAMS 0x0000000086200000, 0x0000000086200000| Complete 
|  75|0x0000000086300000, 0x0000000086400000, 0x0000000086400000|100%| E|CS|TAMS 0x0000000086300000, 0x0000000086300000| Complete 
|  76|0x0000000086400000, 0x0000000086500000, 0x0000000086500000|100%| E|CS|TAMS 0x0000000086400000, 0x0000000086400000| Complete 
|  77|0x0000000086500000, 0x0000000086600000, 0x0000000086600000|100%| E|CS|TAMS 0x0000000086500000, 0x0000000086500000| Complete 
|  78|0x0000000086600000, 0x0000000086700000, 0x0000000086700000|100%| E|CS|TAMS 0x0000000086600000, 0x0000000086600000| Complete 
|  79|0x0000000086700000, 0x0000000086800000, 0x0000000086800000|100%| E|CS|TAMS 0x0000000086700000, 0x0000000086700000| Complete 
| 103|0x0000000087f00000, 0x0000000088000000, 0x0000000088000000|100%| E|CS|TAMS 0x0000000087f00000, 0x0000000087f00000| Complete 
| 104|0x0000000088000000, 0x0000000088100000, 0x0000000088100000|100%| E|CS|TAMS 0x0000000088000000, 0x0000000088000000| Complete 
| 105|0x0000000088100000, 0x0000000088200000, 0x0000000088200000|100%| E|CS|TAMS 0x0000000088100000, 0x0000000088100000| Complete 
| 106|0x0000000088200000, 0x0000000088300000, 0x0000000088300000|100%| E|CS|TAMS 0x0000000088200000, 0x0000000088200000| Complete 
| 107|0x0000000088300000, 0x0000000088400000, 0x0000000088400000|100%| E|CS|TAMS 0x0000000088300000, 0x0000000088300000| Complete 
| 108|0x0000000088400000, 0x0000000088500000, 0x0000000088500000|100%| E|CS|TAMS 0x0000000088400000, 0x0000000088400000| Complete 
| 127|0x0000000089700000, 0x0000000089800000, 0x0000000089800000|100%| E|CS|TAMS 0x0000000089700000, 0x0000000089700000| Complete 

Card table byte_map: [0x000002875df20000,0x000002875e320000] _byte_map_base: 0x000002875db14000

Marking Bits (Prev, Next): (CMBitMap*) 0x0000028746947740, (CMBitMap*) 0x0000028746947780
 Prev Bits: [0x000002875e720000, 0x00000287606c0000)
 Next Bits: [0x00000287606c0000, 0x0000028762660000)

Polling page: 0x0000028744770000

Metaspace:

Usage:
  Non-class:     65.61 MB capacity,    65.17 MB (>99%) used,   347.31 KB ( <1%) free+waste,   105.19 KB ( <1%) overhead. 
      Class:      9.45 MB capacity,     9.24 MB ( 98%) used,   171.24 KB (  2%) free+waste,    39.31 KB ( <1%) overhead. 
       Both:     75.06 MB capacity,    74.41 MB (>99%) used,   518.55 KB ( <1%) free+waste,   144.50 KB ( <1%) overhead. 

Virtual space:
  Non-class space:       66.00 MB reserved,      65.67 MB (>99%) committed 
      Class space:        1.00 GB reserved,       9.50 MB ( <1%) committed 
             Both:        1.06 GB reserved,      75.17 MB (  7%) committed 

Chunk freelists:
   Non-Class:  63.00 KB
       Class:  0 bytes
        Both:  63.00 KB

MaxMetaspaceSize: 17179869184.00 GB
CompressedClassSpaceSize: 1.00 GB

CodeHeap 'non-profiled nmethods': size=120000Kb used=5537Kb max_used=5537Kb free=114462Kb
 bounds [0x00000287565f0000, 0x0000028756b60000, 0x000002875db20000]
CodeHeap 'profiled nmethods': size=120000Kb used=18124Kb max_used=18124Kb free=101875Kb
 bounds [0x000002874f0c0000, 0x0000028750280000, 0x00000287565f0000]
CodeHeap 'non-nmethods': size=5760Kb used=1383Kb max_used=1456Kb free=4376Kb
 bounds [0x000002874eb20000, 0x000002874ed90000, 0x000002874f0c0000]
 total_blobs=10052 nmethods=9361 adapters=602
 compilation: enabled
              stopped_count=0, restarted_count=0
 full_count=0

Compilation events (20 events):
Event: 1121.068 Thread 0x0000028764b8ea40 nmethod 10951 0x000002874f9be110 code [0x000002874f9be2e0, 0x000002874f9be698]
Event: 1121.068 Thread 0x0000028764b8ea40 10952       3       jdk.internal.misc.Unsafe::getAndSetReference (24 bytes)
Event: 1121.068 Thread 0x0000028764b8ea40 nmethod 10952 0x000002874f9bdb90 code [0x000002874f9bdd40, 0x000002874f9bdfe8]
Event: 1121.069 Thread 0x0000028764b8ea40 10953       3       com.fasterxml.jackson.databind.ObjectMapper::_assertNotNull (27 bytes)
Event: 1121.076 Thread 0x0000028764b8ea40 nmethod 10953 0x000002874f9bca10 code [0x000002874f9bcc80, 0x000002874f9bd7e8]
Event: 1121.086 Thread 0x0000028764b8ea40 10954       1       org.springframework.web.servlet.HandlerExecutionChain::getHandler (5 bytes)
Event: 1121.087 Thread 0x0000028764b8ea40 nmethod 10954 0x0000028756b57d10 code [0x0000028756b57ea0, 0x0000028756b57f58]
Event: 1121.120 Thread 0x0000028764b8ea40 10956       3       java.util.concurrent.ConcurrentLinkedQueue::offer (120 bytes)
Event: 1121.131 Thread 0x0000028764b8ea40 nmethod 10956 0x000002875026fb10 code [0x000002875026ff00, 0x0000028750271ce8]
Event: 1121.131 Thread 0x0000028764b8ea40 10955       3       java.util.concurrent.ConcurrentLinkedQueue::add (6 bytes)
Event: 1121.131 Thread 0x0000028764b8ea40 nmethod 10955 0x000002874f9bc610 code [0x000002874f9bc7c0, 0x000002874f9bc988]
Event: 1121.178 Thread 0x0000028764b4d1c0 10957       4       com.sun.crypto.provider.CipherCore::init (562 bytes)
Event: 1121.180 Thread 0x0000028764b8ea40 10958       1       dev.fenix.application.security.model.Route::getSubRoutes (5 bytes)
Event: 1121.185 Thread 0x0000028764b8ea40 nmethod 10958 0x0000028756b58010 code [0x0000028756b581a0, 0x0000028756b58258]
Event: 1121.189 Thread 0x0000028764b8ea40 10960       3       com.mysql.cj.protocol.a.NativeProtocol::sendQueryString (257 bytes)
Event: 1121.308 Thread 0x0000028764b8ea40 nmethod 10960 0x0000028750272690 code [0x0000028750272a80, 0x00000287502743c8]
Event: 1121.309 Thread 0x0000028764b8ea40 10961       3       com.mysql.cj.protocol.a.result.NativeResultset::<init> (66 bytes)
Event: 1121.312 Thread 0x0000028764b8ea40 nmethod 10961 0x000002874f9bbe90 code [0x000002874f9bc060, 0x000002874f9bc4c8]
Event: 1121.357 Thread 0x0000028764b8ea40 10962       1       dev.fenix.application.security.model.Route::getLevel (5 bytes)
Event: 1121.357 Thread 0x0000028764b8ea40 nmethod 10962 0x0000028756b58310 code [0x0000028756b584a0, 0x0000028756b58558]

GC Heap History (20 events):
Event: 11.139 GC heap before
{Heap before GC invocations=14 (full 0):
 garbage-first heap   total 73728K, used 57719K [0x0000000081800000, 0x0000000100000000)
  region size 1024K, 38 young (38912K), 5 survivors (5120K)
 Metaspace       used 47580K, capacity 48037K, committed 48176K, reserved 1091584K
  class space    used 6035K, capacity 6193K, committed 6272K, reserved 1048576K
}
Event: 11.153 GC heap after
{Heap after GC invocations=15 (full 0):
 garbage-first heap   total 73728K, used 25675K [0x0000000081800000, 0x0000000100000000)
  region size 1024K, 2 young (2048K), 2 survivors (2048K)
 Metaspace       used 47580K, capacity 48037K, committed 48176K, reserved 1091584K
  class space    used 6035K, capacity 6193K, committed 6272K, reserved 1048576K
}
Event: 12.046 GC heap before
{Heap before GC invocations=15 (full 0):
 garbage-first heap   total 73728K, used 57419K [0x0000000081800000, 0x0000000100000000)
  region size 1024K, 33 young (33792K), 2 survivors (2048K)
 Metaspace       used 52803K, capacity 53273K, committed 53552K, reserved 1095680K
  class space    used 6770K, capacity 6950K, committed 7040K, reserved 1048576K
}
Event: 12.056 GC heap after
{Heap after GC invocations=16 (full 0):
 garbage-first heap   total 73728K, used 26699K [0x0000000081800000, 0x0000000100000000)
  region size 1024K, 3 young (3072K), 3 survivors (3072K)
 Metaspace       used 52803K, capacity 53273K, committed 53552K, reserved 1095680K
  class space    used 6770K, capacity 6950K, committed 7040K, reserved 1048576K
}
Event: 16.692 GC heap before
{Heap before GC invocations=16 (full 0):
 garbage-first heap   total 73728K, used 57419K [0x0000000081800000, 0x0000000100000000)
  region size 1024K, 34 young (34816K), 3 survivors (3072K)
 Metaspace       used 57523K, capacity 58007K, committed 58160K, reserved 1099776K
  class space    used 7318K, capacity 7501K, committed 7552K, reserved 1048576K
}
Event: 16.703 GC heap after
{Heap after GC invocations=17 (full 0):
 garbage-first heap   total 89088K, used 28140K [0x0000000081800000, 0x0000000100000000)
  region size 1024K, 3 young (3072K), 3 survivors (3072K)
 Metaspace       used 57523K, capacity 58007K, committed 58160K, reserved 1099776K
  class space    used 7318K, capacity 7501K, committed 7552K, reserved 1048576K
}
Event: 17.251 GC heap before
{Heap before GC invocations=17 (full 0):
 garbage-first heap   total 89088K, used 44524K [0x0000000081800000, 0x0000000100000000)
  region size 1024K, 20 young (20480K), 3 survivors (3072K)
 Metaspace       used 59721K, capacity 60196K, committed 60208K, reserved 1101824K
  class space    used 7605K, capacity 7800K, committed 7808K, reserved 1048576K
}
Event: 17.262 GC heap after
{Heap after GC invocations=18 (full 0):
 garbage-first heap   total 89088K, used 29184K [0x0000000081800000, 0x0000000100000000)
  region size 1024K, 4 young (4096K), 4 survivors (4096K)
 Metaspace       used 59721K, capacity 60196K, committed 60208K, reserved 1101824K
  class space    used 7605K, capacity 7800K, committed 7808K, reserved 1048576K
}
Event: 18.637 GC heap before
{Heap before GC invocations=19 (full 0):
 garbage-first heap   total 89088K, used 71168K [0x0000000081800000, 0x0000000100000000)
  region size 1024K, 45 young (46080K), 4 survivors (4096K)
 Metaspace       used 62245K, capacity 62812K, committed 62896K, reserved 1103872K
  class space    used 7912K, capacity 8109K, committed 8192K, reserved 1048576K
}
Event: 18.650 GC heap after
{Heap after GC invocations=20 (full 0):
 garbage-first heap   total 89088K, used 31350K [0x0000000081800000, 0x0000000100000000)
  region size 1024K, 5 young (5120K), 5 survivors (5120K)
 Metaspace       used 62245K, capacity 62812K, committed 62896K, reserved 1103872K
  class space    used 7912K, capacity 8109K, committed 8192K, reserved 1048576K
}
Event: 19.602 GC heap before
{Heap before GC invocations=21 (full 0):
 garbage-first heap   total 89088K, used 71286K [0x0000000081800000, 0x0000000100000000)
  region size 1024K, 44 young (45056K), 5 survivors (5120K)
 Metaspace       used 62928K, capacity 63497K, committed 63664K, reserved 1105920K
  class space    used 7957K, capacity 8167K, committed 8192K, reserved 1048576K
}
Event: 19.612 GC heap after
{Heap after GC invocations=22 (full 0):
 garbage-first heap   total 89088K, used 32922K [0x0000000081800000, 0x0000000100000000)
  region size 1024K, 4 young (4096K), 4 survivors (4096K)
 Metaspace       used 62928K, capacity 63497K, committed 63664K, reserved 1105920K
  class space    used 7957K, capacity 8167K, committed 8192K, reserved 1048576K
}
Event: 21.056 GC heap before
{Heap before GC invocations=22 (full 0):
 garbage-first heap   total 89088K, used 71834K [0x0000000081800000, 0x0000000100000000)
  region size 1024K, 42 young (43008K), 4 survivors (4096K)
 Metaspace       used 67752K, capacity 68385K, committed 68528K, reserved 1110016K
  class space    used 8619K, capacity 8845K, committed 8960K, reserved 1048576K
}
Event: 21.067 GC heap after
{Heap after GC invocations=23 (full 0):
 garbage-first heap   total 89088K, used 36553K [0x0000000081800000, 0x0000000100000000)
  region size 1024K, 6 young (6144K), 6 survivors (6144K)
 Metaspace       used 67752K, capacity 68385K, committed 68528K, reserved 1110016K
  class space    used 8619K, capacity 8845K, committed 8960K, reserved 1048576K
}
Event: 40.092 GC heap before
{Heap before GC invocations=23 (full 0):
 garbage-first heap   total 89088K, used 71369K [0x0000000081800000, 0x0000000100000000)
  region size 1024K, 40 young (40960K), 6 survivors (6144K)
 Metaspace       used 71441K, capacity 72038K, committed 72240K, reserved 1112064K
  class space    used 9045K, capacity 9272K, committed 9344K, reserved 1048576K
}
Event: 40.106 GC heap after
{Heap after GC invocations=24 (full 0):
 garbage-first heap   total 89088K, used 37995K [0x0000000081800000, 0x0000000100000000)
  region size 1024K, 2 young (2048K), 2 survivors (2048K)
 Metaspace       used 71441K, capacity 72038K, committed 72240K, reserved 1112064K
  class space    used 9045K, capacity 9272K, committed 9344K, reserved 1048576K
}
Event: 392.400 GC heap before
{Heap before GC invocations=24 (full 0):
 garbage-first heap   total 89088K, used 70763K [0x0000000081800000, 0x0000000100000000)
  region size 1024K, 35 young (35840K), 2 survivors (2048K)
 Metaspace       used 75617K, capacity 76307K, committed 76464K, reserved 1116160K
  class space    used 9454K, capacity 9664K, committed 9728K, reserved 1048576K
}
Event: 392.409 GC heap after
{Heap after GC invocations=25 (full 0):
 garbage-first heap   total 89088K, used 40218K [0x0000000081800000, 0x0000000100000000)
  region size 1024K, 5 young (5120K), 5 survivors (5120K)
 Metaspace       used 75617K, capacity 76307K, committed 76464K, reserved 1116160K
  class space    used 9454K, capacity 9664K, committed 9728K, reserved 1048576K
}
Event: 805.741 GC heap before
{Heap before GC invocations=25 (full 0):
 garbage-first heap   total 89088K, used 70938K [0x0000000081800000, 0x0000000100000000)
  region size 1024K, 35 young (35840K), 5 survivors (5120K)
 Metaspace       used 75982K, capacity 76590K, committed 76720K, reserved 1116160K
  class space    used 9460K, capacity 9669K, committed 9728K, reserved 1048576K
}
Event: 805.753 GC heap after
{Heap after GC invocations=26 (full 0):
 garbage-first heap   total 89088K, used 40575K [0x0000000081800000, 0x0000000100000000)
  region size 1024K, 3 young (3072K), 3 survivors (3072K)
 Metaspace       used 75982K, capacity 76590K, committed 76720K, reserved 1116160K
  class space    used 9460K, capacity 9669K, committed 9728K, reserved 1048576K
}

Deoptimization events (20 events):
Event: 808.163 Thread 0x000002876c6443c0 DEOPT PACKING pc=0x000002875024ec09 sp=0x000000bc414fb140
Event: 808.163 Thread 0x000002876c6443c0 DEOPT UNPACKING pc=0x000002874eb6e23f sp=0x000000bc414fa6c0 mode 0
Event: 811.981 Thread 0x000002876c646f10 DEOPT PACKING pc=0x000002874fee9254 sp=0x000000bc415fbb10
Event: 811.981 Thread 0x000002876c646f10 DEOPT UNPACKING pc=0x000002874eb6e23f sp=0x000000bc415fb090 mode 0
Event: 812.035 Thread 0x000002876c644d60 Uncommon trap: trap_request=0xffffffbe fr.pc=0x000002875690ae8c relative=0x0000000000004c0c
Event: 812.035 Thread 0x000002876c644d60 Uncommon trap: reason=profile_predicate action=maybe_recompile pc=0x000002875690ae8c method=org.springframework.util.AntPathMatcher.doMatch(Ljava/lang/String;Ljava/lang/String;ZLjava/util/Map;)Z @ 86 c2
Event: 812.035 Thread 0x000002876c644d60 DEOPT PACKING pc=0x000002875690ae8c sp=0x000000bc416fcf60
Event: 812.035 Thread 0x000002876c644d60 DEOPT UNPACKING pc=0x000002874eb6e42f sp=0x000000bc416fcf10 mode 2
Event: 812.035 Thread 0x000002876c644d60 Uncommon trap: trap_request=0xffffffbe fr.pc=0x000002875690ae8c relative=0x0000000000004c0c
Event: 812.035 Thread 0x000002876c644d60 Uncommon trap: reason=profile_predicate action=maybe_recompile pc=0x000002875690ae8c method=org.springframework.util.AntPathMatcher.doMatch(Ljava/lang/String;Ljava/lang/String;ZLjava/util/Map;)Z @ 86 c2
Event: 812.035 Thread 0x000002876c644d60 DEOPT PACKING pc=0x000002875690ae8c sp=0x000000bc416fcf60
Event: 812.035 Thread 0x000002876c644d60 DEOPT UNPACKING pc=0x000002874eb6e42f sp=0x000000bc416fcf10 mode 2
Event: 812.036 Thread 0x000002876c644d60 Uncommon trap: trap_request=0xffffffbe fr.pc=0x000002875690ae8c relative=0x0000000000004c0c
Event: 812.036 Thread 0x000002876c644d60 Uncommon trap: reason=profile_predicate action=maybe_recompile pc=0x000002875690ae8c method=org.springframework.util.AntPathMatcher.doMatch(Ljava/lang/String;Ljava/lang/String;ZLjava/util/Map;)Z @ 86 c2
Event: 812.036 Thread 0x000002876c644d60 DEOPT PACKING pc=0x000002875690ae8c sp=0x000000bc416fcf60
Event: 812.036 Thread 0x000002876c644d60 DEOPT UNPACKING pc=0x000002874eb6e42f sp=0x000000bc416fcf10 mode 2
Event: 812.036 Thread 0x000002876c644d60 Uncommon trap: trap_request=0xffffffbe fr.pc=0x000002875690ae8c relative=0x0000000000004c0c
Event: 812.036 Thread 0x000002876c644d60 Uncommon trap: reason=profile_predicate action=maybe_recompile pc=0x000002875690ae8c method=org.springframework.util.AntPathMatcher.doMatch(Ljava/lang/String;Ljava/lang/String;ZLjava/util/Map;)Z @ 86 c2
Event: 812.036 Thread 0x000002876c644d60 DEOPT PACKING pc=0x000002875690ae8c sp=0x000000bc416fcf60
Event: 812.036 Thread 0x000002876c644d60 DEOPT UNPACKING pc=0x000002874eb6e42f sp=0x000000bc416fcf10 mode 2

Classes unloaded (0 events):
No events

Classes redefined (0 events):
No events

Internal exceptions (20 events):
Event: 594.758 Thread 0x000002876c6443c0 Exception <a 'java/lang/ArrayIndexOutOfBoundsException'{0x0000000085600120}> (0x0000000085600120) 
thrown [./open/src/hotspot/share/runtime/sharedRuntime.cpp, line 585]
Event: 596.539 Thread 0x000002876c646f10 Exception <a 'java/lang/ArrayIndexOutOfBoundsException'{0x000000008627c248}> (0x000000008627c248) 
thrown [./open/src/hotspot/share/runtime/sharedRuntime.cpp, line 585]
Event: 611.479 Thread 0x000002876c644890 Exception <a 'java/lang/ArrayIndexOutOfBoundsException'{0x0000000085dc96c8}> (0x0000000085dc96c8) 
thrown [./open/src/hotspot/share/runtime/sharedRuntime.cpp, line 585]
Event: 717.275 Thread 0x000002876c646a40 Exception <a 'java/lang/ArrayIndexOutOfBoundsException'{0x0000000085a64190}> (0x0000000085a64190) 
thrown [./open/src/hotspot/share/runtime/sharedRuntime.cpp, line 585]
Event: 717.627 Thread 0x000002876c645bd0 Exception <a 'java/lang/ArrayIndexOutOfBoundsException'{0x00000000880acb20}> (0x00000000880acb20) 
thrown [./open/src/hotspot/share/runtime/sharedRuntime.cpp, line 585]
Event: 805.724 Thread 0x000002876c640a00 Exception <a 'java/lang/ArrayIndexOutOfBoundsException'{0x0000000085969338}> (0x0000000085969338) 
thrown [./open/src/hotspot/share/runtime/sharedRuntime.cpp, line 585]
Event: 806.093 Thread 0x000002876c643550 Exception <a 'java/lang/ArrayIndexOutOfBoundsException'{0x000000008841f660}> (0x000000008841f660) 
thrown [./open/src/hotspot/share/runtime/sharedRuntime.cpp, line 585]
Event: 807.879 Thread 0x000002876c6443c0 Exception <a 'java/lang/ArrayIndexOutOfBoundsException'{0x00000000884e43e0}> (0x00000000884e43e0) 
thrown [./open/src/hotspot/share/runtime/sharedRuntime.cpp, line 585]
Event: 811.951 Thread 0x000002876c646f10 Exception <a 'java/lang/ArrayIndexOutOfBoundsException'{0x00000000881a1db0}> (0x00000000881a1db0) 
thrown [./open/src/hotspot/share/runtime/sharedRuntime.cpp, line 585]
Event: 812.034 Thread 0x000002876c644d60 Exception <a 'java/lang/ArrayIndexOutOfBoundsException'{0x0000000088064358}> (0x0000000088064358) 
thrown [./open/src/hotspot/share/runtime/sharedRuntime.cpp, line 585]
Event: 812.041 Thread 0x000002876c644890 Exception <a 'java/lang/ArrayIndexOutOfBoundsException'{0x00000000880c7658}> (0x00000000880c7658) 
thrown [./open/src/hotspot/share/runtime/sharedRuntime.cpp, line 585]
Event: 813.899 Thread 0x000002876c643080 Exception <a 'java/lang/ArrayIndexOutOfBoundsException'{0x0000000087f63e48}> (0x0000000087f63e48) 
thrown [./open/src/hotspot/share/runtime/sharedRuntime.cpp, line 585]
Event: 823.954 Thread 0x000002876c646a40 Exception <a 'java/lang/ArrayIndexOutOfBoundsException'{0x000000008651cd60}> (0x000000008651cd60) 
thrown [./open/src/hotspot/share/runtime/sharedRuntime.cpp, line 585]
Event: 826.838 Thread 0x000002876c645bd0 Exception <a 'java/lang/ArrayIndexOutOfBoundsException'{0x00000000863cde30}> (0x00000000863cde30) 
thrown [./open/src/hotspot/share/runtime/sharedRuntime.cpp, line 585]
Event: 855.527 Thread 0x000002876c6460a0 Exception <a 'java/lang/ArrayIndexOutOfBoundsException'{0x000000008604bba8}> (0x000000008604bba8) 
thrown [./open/src/hotspot/share/runtime/sharedRuntime.cpp, line 585]
Event: 860.857 Thread 0x000002876c640a00 Exception <a 'java/lang/ArrayIndexOutOfBoundsException'{0x000000008840f3a8}> (0x000000008840f3a8) 
thrown [./open/src/hotspot/share/runtime/sharedRuntime.cpp, line 585]
Event: 908.876 Thread 0x000002876c6443c0 Exception <a 'java/lang/ArrayIndexOutOfBoundsException'{0x0000000088188060}> (0x0000000088188060) 
thrown [./open/src/hotspot/share/runtime/sharedRuntime.cpp, line 585]
Event: 909.314 Thread 0x000002876c646f10 Exception <a 'java/lang/ArrayIndexOutOfBoundsException'{0x0000000088048548}> (0x0000000088048548) 
thrown [./open/src/hotspot/share/runtime/sharedRuntime.cpp, line 585]
Event: 1120.454 Thread 0x000002876c644890 Exception <a 'java/lang/ArrayIndexOutOfBoundsException'{0x0000000087f58078}> (0x0000000087f58078) 
thrown [./open/src/hotspot/share/runtime/sharedRuntime.cpp, line 585]
Event: 1120.701 Thread 0x000002876c644890 Exception <a 'java/lang/ArrayIndexOutOfBoundsException'{0x0000000085be9480}> (0x0000000085be9480) 
thrown [./open/src/hotspot/share/runtime/sharedRuntime.cpp, line 585]

Events (20 events):
Event: 806.754 Executing VM operation: HandshakeAllThreads done
Event: 808.756 Executing VM operation: HandshakeAllThreads
Event: 808.756 Executing VM operation: HandshakeAllThreads done
Event: 812.759 Executing VM operation: HandshakeAllThreads
Event: 812.759 Executing VM operation: HandshakeAllThreads done
Event: 814.760 Executing VM operation: HandshakeAllThreads
Event: 814.760 Executing VM operation: HandshakeAllThreads done
Event: 824.765 Executing VM operation: HandshakeAllThreads
Event: 824.765 Executing VM operation: HandshakeAllThreads done
Event: 827.767 Executing VM operation: HandshakeAllThreads
Event: 827.767 Executing VM operation: HandshakeAllThreads done
Event: 856.785 Executing VM operation: HandshakeAllThreads
Event: 856.785 Executing VM operation: HandshakeAllThreads done
Event: 861.787 Executing VM operation: HandshakeAllThreads
Event: 861.788 Executing VM operation: HandshakeAllThreads done
Event: 909.340 Loaded shared library C:\Program Files\Java\jdk-15.0.2\bin\nio.dll
Event: 909.816 Executing VM operation: HandshakeAllThreads
Event: 909.816 Executing VM operation: HandshakeAllThreads done
Event: 1120.931 Executing VM operation: HandshakeAllThreads
Event: 1120.933 Executing VM operation: HandshakeAllThreads done


Dynamic libraries:
0x00007ff664970000 - 0x00007ff66497f000 	C:\Program Files\Java\jdk-15.0.2\bin\java.exe
0x00007ff8ee4a0000 - 0x00007ff8ee690000 	C:\Windows\SYSTEM32\ntdll.dll
0x00007ff8ee340000 - 0x00007ff8ee3f2000 	C:\Windows\System32\KERNEL32.DLL
0x00007ff8ec100000 - 0x00007ff8ec3a5000 	C:\Windows\System32\KERNELBASE.dll
0x00007ff8eb520000 - 0x00007ff8eb61a000 	C:\Windows\System32\ucrtbase.dll
0x00007ff8df480000 - 0x00007ff8df498000 	C:\Program Files\Java\jdk-15.0.2\bin\jli.dll
0x00007ff8ed050000 - 0x00007ff8ed0f3000 	C:\Windows\System32\ADVAPI32.dll
0x00007ff8ec550000 - 0x00007ff8ec5ee000 	C:\Windows\System32\msvcrt.dll
0x00007ff8edfc0000 - 0x00007ff8ee057000 	C:\Windows\System32\sechost.dll
0x00007ff8ecf30000 - 0x00007ff8ed04f000 	C:\Windows\System32\RPCRT4.dll
0x00007ff8ec960000 - 0x00007ff8ecaf4000 	C:\Windows\System32\USER32.dll
0x00007ff8eb410000 - 0x00007ff8eb431000 	C:\Windows\System32\win32u.dll
0x00007ff8ed100000 - 0x00007ff8ed126000 	C:\Windows\System32\GDI32.dll
0x00007ff8ec3b0000 - 0x00007ff8ec548000 	C:\Windows\System32\gdi32full.dll
0x00007ff8ec060000 - 0x00007ff8ec0fe000 	C:\Windows\System32\msvcp_win.dll
0x00007ff8d86f0000 - 0x00007ff8d8974000 	C:\Windows\WinSxS\amd64_microsoft.windows.common-controls_6595b64144ccf1df_6.0.18362.1556_none_9e7e372fe45e41d5\COMCTL32.dll
0x00007ff8ecbf0000 - 0x00007ff8ecf26000 	C:\Windows\System32\combase.dll
0x00007ff8eb490000 - 0x00007ff8eb511000 	C:\Windows\System32\bcryptPrimitives.dll
0x00007ff8df240000 - 0x00007ff8df259000 	C:\Program Files\Java\jdk-15.0.2\bin\VCRUNTIME140.dll
0x00007ff8e0890000 - 0x00007ff8e089a000 	C:\Windows\SYSTEM32\VERSION.dll
0x00007ff8ecb00000 - 0x00007ff8ecb2e000 	C:\Windows\System32\IMM32.DLL
0x00007ff8e2420000 - 0x00007ff8e242c000 	C:\Program Files\Java\jdk-15.0.2\bin\vcruntime140_1.dll
0x00007ff8cb430000 - 0x00007ff8cb4c1000 	C:\Program Files\Java\jdk-15.0.2\bin\msvcp140.dll
0x00007ff8a95b0000 - 0x00007ff8aa10e000 	C:\Program Files\Java\jdk-15.0.2\bin\server\jvm.dll
0x00007ff8ecb30000 - 0x00007ff8ecb38000 	C:\Windows\System32\PSAPI.DLL
0x00007ff8e5b40000 - 0x00007ff8e5b49000 	C:\Windows\SYSTEM32\WSOCK32.dll
0x00007ff8ee140000 - 0x00007ff8ee1af000 	C:\Windows\System32\WS2_32.dll
0x00007ff8e59d0000 - 0x00007ff8e59f4000 	C:\Windows\SYSTEM32\WINMM.dll
0x00007ff8e5970000 - 0x00007ff8e599d000 	C:\Windows\SYSTEM32\WINMMBASE.dll
0x00007ff8eb7e0000 - 0x00007ff8eb82a000 	C:\Windows\System32\cfgmgr32.dll
0x00007ff8eb380000 - 0x00007ff8eb391000 	C:\Windows\System32\kernel.appcore.dll
0x00007ff8e23c0000 - 0x00007ff8e23ca000 	C:\Program Files\Java\jdk-15.0.2\bin\jimage.dll
0x00007ff8e6bb0000 - 0x00007ff8e6da4000 	C:\Windows\SYSTEM32\DBGHELP.DLL
0x00007ff8ddc70000 - 0x00007ff8ddc9a000 	C:\Windows\SYSTEM32\dbgcore.DLL
0x00007ff8e22f0000 - 0x00007ff8e22fe000 	C:\Program Files\Java\jdk-15.0.2\bin\instrument.dll
0x00007ff8df210000 - 0x00007ff8df235000 	C:\Program Files\Java\jdk-15.0.2\bin\java.dll
0x00007ff8ed320000 - 0x00007ff8eda07000 	C:\Windows\System32\SHELL32.dll
0x00007ff8ee1b0000 - 0x00007ff8ee258000 	C:\Windows\System32\shcore.dll
0x00007ff8eb830000 - 0x00007ff8ebfab000 	C:\Windows\System32\windows.storage.dll
0x00007ff8eb360000 - 0x00007ff8eb37e000 	C:\Windows\System32\profapi.dll
0x00007ff8eb3c0000 - 0x00007ff8eb40a000 	C:\Windows\System32\powrprof.dll
0x00007ff8eb350000 - 0x00007ff8eb360000 	C:\Windows\System32\UMPDC.dll
0x00007ff8ed150000 - 0x00007ff8ed1a2000 	C:\Windows\System32\shlwapi.dll
0x00007ff8eb470000 - 0x00007ff8eb487000 	C:\Windows\System32\cryptsp.dll
0x00007ff8cb410000 - 0x00007ff8cb428000 	C:\Program Files\Java\jdk-15.0.2\bin\zip.dll
0x00007ff8df1f0000 - 0x00007ff8df209000 	C:\Program Files\Java\jdk-15.0.2\bin\net.dll
0x00007ff8ddb70000 - 0x00007ff8ddc6a000 	C:\Windows\SYSTEM32\WINHTTP.dll
0x00007ff8eab40000 - 0x00007ff8eaba7000 	C:\Windows\system32\mswsock.dll
0x00007ff8dd3a0000 - 0x00007ff8dd3b2000 	C:\Program Files\Java\jdk-15.0.2\bin\nio.dll
0x00007ff8cb3f0000 - 0x00007ff8cb40a000 	C:\Program Files\JetBrains\IntelliJ IDEA Community Edition 2020.3.2\bin\breakgen64.dll
0x00007ff8e1cd0000 - 0x00007ff8e1ce0000 	C:\Program Files\Java\jdk-15.0.2\bin\verify.dll
0x00007ff8dfa90000 - 0x00007ff8dfa99000 	C:\Program Files\Java\jdk-15.0.2\bin\management.dll
0x00007ff8df470000 - 0x00007ff8df47b000 	C:\Program Files\Java\jdk-15.0.2\bin\management_ext.dll
0x00007ff8d4a70000 - 0x00007ff8d4a86000 	C:\Windows\system32\napinsp.dll
0x00007ff8d4a50000 - 0x00007ff8d4a6a000 	C:\Windows\system32\pnrpnsp.dll
0x00007ff8ea8a0000 - 0x00007ff8ea96b000 	C:\Windows\SYSTEM32\DNSAPI.dll
0x00007ff8ee330000 - 0x00007ff8ee338000 	C:\Windows\System32\NSI.dll
0x00007ff8ea860000 - 0x00007ff8ea89a000 	C:\Windows\SYSTEM32\IPHLPAPI.DLL
0x00007ff8d4a40000 - 0x00007ff8d4a4e000 	C:\Windows\System32\winrnr.dll
0x00007ff8e4090000 - 0x00007ff8e40ac000 	C:\Windows\system32\NLAapi.dll
0x00007ff8e2ef0000 - 0x00007ff8e2f05000 	C:\Windows\system32\wshbth.dll
0x000000005fae0000 - 0x000000005fb06000 	C:\Program Files\Bonjour\mdnsNSP.dll
0x00007ff8e0860000 - 0x00007ff8e086a000 	C:\Windows\System32\rasadhlp.dll
0x00007ff8e3940000 - 0x00007ff8e39b7000 	C:\Windows\System32\fwpuclnt.dll
0x00007ff8eb440000 - 0x00007ff8eb466000 	C:\Windows\System32\bcrypt.dll
0x00007ff8ea6d0000 - 0x00007ff8ea703000 	C:\Windows\system32\rsaenh.dll
0x00007ff8eb270000 - 0x00007ff8eb295000 	C:\Windows\SYSTEM32\USERENV.dll
0x00007ff8eacc0000 - 0x00007ff8eaccc000 	C:\Windows\SYSTEM32\CRYPTBASE.dll
0x00007ff8e6940000 - 0x00007ff8e6956000 	C:\Windows\SYSTEM32\dhcpcsvc6.DLL
0x00007ff8e6920000 - 0x00007ff8e693c000 	C:\Windows\SYSTEM32\dhcpcsvc.DLL
0x00007ff8df360000 - 0x00007ff8df36d000 	C:\Program Files\Java\jdk-15.0.2\bin\sunmscapi.dll
0x00007ff8eb620000 - 0x00007ff8eb771000 	C:\Windows\System32\CRYPT32.dll
0x00007ff8eb3a0000 - 0x00007ff8eb3b2000 	C:\Windows\System32\MSASN1.dll
0x00007ff8eae70000 - 0x00007ff8eae96000 	C:\Windows\SYSTEM32\ncrypt.dll
0x00007ff8eae30000 - 0x00007ff8eae6b000 	C:\Windows\SYSTEM32\NTASN1.dll

dbghelp: loaded successfully - version: 4.0.5 - missing functions: none
symbol engine: initialized successfully - sym options: 0x614 - pdb path: .;C:\Program Files\Java\jdk-15.0.2\bin;C:\Windows\SYSTEM32;C:\Windows\WinSxS\amd64_microsoft.windows.common-controls_6595b64144ccf1df_6.0.18362.1556_none_9e7e372fe45e41d5;C:\Program Files\Java\jdk-15.0.2\bin\server;C:\Program Files\JetBrains\IntelliJ IDEA Community Edition 2020.3.2\bin;C:\Program Files\Bonjour

VM Arguments:
jvm_args: -javaagent:C:\Program Files\JetBrains\IntelliJ IDEA Community Edition 2020.3.2\lib\idea_rt.jar=55973:C:\Program Files\JetBrains\IntelliJ IDEA Community Edition 2020.3.2\bin -Dfile.encoding=UTF-8 
java_command: dev.fenix.application.Application
java_class_path (initial): C:\Users\PC-FAYSSAL\IdeaProjects\appProduction_tc\target\classes;C:\Users\PC-FAYSSAL\.m2\repository\org\springframework\boot\spring-boot-starter-data-jpa\2.4.1\spring-boot-starter-data-jpa-2.4.1.jar;C:\Users\PC-FAYSSAL\.m2\repository\org\springframework\boot\spring-boot-starter-aop\2.4.1\spring-boot-starter-aop-2.4.1.jar;C:\Users\PC-FAYSSAL\.m2\repository\org\aspectj\aspectjweaver\1.9.6\aspectjweaver-1.9.6.jar;C:\Users\PC-FAYSSAL\.m2\repository\org\springframework\boot\spring-boot-starter-jdbc\2.4.1\spring-boot-starter-jdbc-2.4.1.jar;C:\Users\PC-FAYSSAL\.m2\repository\com\zaxxer\HikariCP\3.4.5\HikariCP-3.4.5.jar;C:\Users\PC-FAYSSAL\.m2\repository\org\springframework\spring-jdbc\5.3.2\spring-jdbc-5.3.2.jar;C:\Users\PC-FAYSSAL\.m2\repository\jakarta\transaction\jakarta.transaction-api\1.3.3\jakarta.transaction-api-1.3.3.jar;C:\Users\PC-FAYSSAL\.m2\repository\jakarta\persistence\jakarta.persistence-api\2.2.3\jakarta.persistence-api-2.2.3.jar;C:\Users\PC-FAYSSAL\.m2\repository\org\hibernate\hibernate-core\5.4.25.Final\hibernate-core-5.4.25.Final.jar;C:\Users\PC-FAYSSAL\.m2\repository\org\javassist\javassist\3.27.0-GA\javassist-3.27.0-GA.jar;C:\Users\PC-FAYSSAL\.m2\repository\net\bytebuddy\byte-buddy\1.10.18\byte-buddy-1.10.18.jar;C:\Users\PC-FAYSSAL\.m2\repository\antlr\antlr\2.7.7\antlr-2.7.7.jar;C:\Users\PC-FAYSSAL\.m2\repository\org\jboss\jandex\2.1.3.Final\jandex-2.1.3.Final.jar;C:\Users\PC-FAYSSAL\.m2\repository\org\hibernate\common\hibernate-commons-annotations\5.1.2.Final\hibernate-commons-annotations-5.1.2.Final.jar;C:\Users\PC-FAYSSAL\.m2\repository\org\springframework\data\spring-data-jpa\2.4.2\spring-data-jpa-2.4.2.jar;C:\Users\PC-FAYSSAL\.m2\repository\org\springframework\data\spring-data-commons\2.4.2\spring-data-commons-2.4.2.jar;C:\Users\PC-FAYSSAL\.m2\repository\org\springframework\spring-orm\5.3.2\spring-orm-5.3.2.jar;C:\Users\PC-FAYSSAL\.m2\repository\org\springframework\spring-context\5.3.2\spring-context-5.3.2.jar;C:\User
Launcher Type: SUN_STANDARD

[Global flags]
     intx CICompilerCount                          = 3                                         {product} {ergonomic}
     uint ConcGCThreads                            = 1                                         {product} {ergonomic}
     uint G1ConcRefinementThreads                  = 4                                         {product} {ergonomic}
   size_t G1HeapRegionSize                         = 1048576                                   {product} {ergonomic}
    uintx GCDrainStackTargetSize                   = 64                                        {product} {ergonomic}
   size_t InitialHeapSize                          = 134217728                                 {product} {ergonomic}
   size_t MarkStackSize                            = 4194304                                   {product} {ergonomic}
   size_t MaxHeapSize                              = 2122317824                                {product} {ergonomic}
   size_t MaxNewSize                               = 1272971264                                {product} {ergonomic}
   size_t MinHeapDeltaBytes                        = 1048576                                   {product} {ergonomic}
   size_t MinHeapSize                              = 8388608                                   {product} {ergonomic}
    uintx NonNMethodCodeHeapSize                   = 5832780                                {pd product} {ergonomic}
    uintx NonProfiledCodeHeapSize                  = 122912730                              {pd product} {ergonomic}
    uintx ProfiledCodeHeapSize                     = 122912730                              {pd product} {ergonomic}
    uintx ReservedCodeCacheSize                    = 251658240                              {pd product} {ergonomic}
     bool SegmentedCodeCache                       = true                                      {product} {ergonomic}
   size_t SoftMaxHeapSize                          = 2122317824                             {manageable} {ergonomic}
     bool UseCompressedClassPointers               = true                                 {lp64_product} {ergonomic}
     bool UseCompressedOops                        = true                                 {lp64_product} {ergonomic}
     bool UseG1GC                                  = true                                      {product} {ergonomic}
     bool UseLargePagesIndividualAllocation        = false                                  {pd product} {ergonomic}

Logging:
Log output configuration:
 #0: stdout all=warning uptime,level,tags
 #1: stderr all=off uptime,level,tags

Environment Variables:
JAVA_HOME=C:\Program Files\Java\jdk-15.0.2
PATH=C:\Program Files\Common Files\Oracle\Java\javapath;C:\Program Files (x86)\Common Files\Oracle\Java\javapath;C:\Program Files\AdoptOpenJDK\jre-11.0.7.10-hotspot\bin;C:\Program Files\AdoptOpenJDK\jre-8.0.252.09-hotspot\bin;C:\Program Files (x86)\AdoptOpenJDK\jre-8.0.252.09-hotspot\bin;C:\Windows\system32;C:\Windows;C:\Windows\System32\Wbem;C:\Windows\System32\WindowsPowerShell\v1.0\;C:\Windows\System32\OpenSSH\;C:\Program Files (x86)\AMD\ATI.ACE\Core-Static;C:\Program Files\Git\cmd;C:\flutter\bin;C:\xampp\php;C:\ProgramData\ComposerSetup\bin;C:\Program Files\nodejs\;C:\xlaminas\php;C:\Program Files (x86)\Intel\Intel(R) Management Engine Components\DAL;C:\Program Files\Intel\Intel(R) Management Engine Components\DAL;C:\Program Files\PuTTY\;C:\Program Files\Docker\Docker\resources\bin;C:\ProgramData\DockerDesktop\version-bin;C:\Program Files\MySQL\MySQL Shell 8.0\bin\;C:\Users\PC-FAYSSAL\AppData\Local\Microsoft\WindowsApps;C:\Program Files\JetBrains\PhpStorm 2021.1.4\bin;;C:\Users\PC-FAYSSAL\AppData\Roaming\Composer\vendor\bin;C:\Users\PC-FAYSSAL\AppData\Roaming\npm;C:\xlaminas\php;C:\dev\htdocs\laminas-mvc-skeleton;C:\Users\PC-FAYSSAL\AppData\Local\GitHubDesktop\bin;C:\Program Files\JetBrains\IntelliJ IDEA Community Edition 2020.3.2\bin;;C:\src\flutter\bin;C:\Users\PC-FAYSSAL\AppData\Local\Programs\Microsoft VS Code _ 2\bin
USERNAME=PC-FAYSSAL
OS=Windows_NT
PROCESSOR_IDENTIFIER=Intel64 Family 6 Model 78 Stepping 3, GenuineIntel



---------------  S Y S T E M  ---------------

OS:
 Windows 10 , 64 bit Build 18362 (10.0.18362.1500)
OS uptime: 5 days 3:12 hours
HyperV virtualization detected

CPU: total 4 (initial active 4) (2 cores per cpu, 2 threads per core) family 6 model 78 stepping 3 microcode 0xd6, cmov, cx8, fxsr, mmx, sse, sse2, sse3, ssse3, sse4.1, sse4.2, popcnt, vzeroupper, avx, avx2, aes, clmul, erms, 3dnowpref, lzcnt, ht, tsc, tscinvbit, bmi1, bmi2, adx, fma, clflush, clflushopt

Memory: 4k page, system-wide physical 8089M (424M free)
TotalPageFile size 32665M (AvailPageFile size 0M)
current process WorkingSet (physical memory assigned to process): 121M, peak: 305M
current process commit charge ("private bytes"): 302M, peak: 339M

vm_info: Java HotSpot(TM) 64-Bit Server VM (15.0.2+7-27) for windows-amd64 JRE (15.0.2+7-27), built on Dec  7 2020 20:07:01 by "mach5one" with unknown MS VC++:1925

END.
