#
# There is insufficient memory for the Java Runtime Environment to continue.
# Native memory allocation (mmap) failed to map 134217728 bytes for Failed to commit area from 0x0000000081800000 to 0x0000000089800000 of length 134217728.
# Possible reasons:
#   The system is out of physical RAM or swap space
#   The process is running with CompressedOops enabled, and the Java Heap may be blocking the growth of the native heap
# Possible solutions:
#   Reduce memory load on the system
#   Increase physical memory or swap space
#   Check if swap backing store is full
#   Decrease Java heap size (-Xmx/-Xms)
#   Decrease number of Java threads
#   Decrease Java thread stack sizes (-Xss)
#   Set larger code cache with -XX:ReservedCodeCacheSize=
# This output file may be truncated or incomplete.
#
#  Out of Memory Error (./src/hotspot/os/windows/os_windows.cpp:3301), pid=16524, tid=18588
#
# JRE version:  (11.0.10+8) (build )
# Java VM: OpenJDK 64-Bit Server VM (11.0.10+8-b1145.96, mixed mode, sharing, tiered, compressed oops, g1 gc, windows-amd64)
# No core dump will be written. Minidumps are not enabled by default on client versions of Windows
#

---------------  S U M M A R Y ------------

Command Line: org.jetbrains.git4idea.http.GitAskPassApp Username for 'https://github.com': 

Host: Intel(R) Core(TM) i7-6500U CPU @ 2.50GHz, 4 cores, 7G,  Windows 10 , 64 bit Build 18362 (10.0.18362.1500)
Time: Wed Jan 12 04:47:21 2022 Maroc (heure d?été) elapsed time: 0.019943 seconds (0d 0h 0m 0s)

---------------  T H R E A D  ---------------

Current thread (0x000001664096b000):  JavaThread "Unknown thread" [_thread_in_vm, id=18588, stack(0x00000050c8000000,0x00000050c8100000)]

Stack: [0x00000050c8000000,0x00000050c8100000]
Native frames: (J=compiled Java code, j=interpreted, Vv=VM code, C=native code)
V  [jvm.dll+0x5ece6a]
V  [jvm.dll+0x722cd5]
V  [jvm.dll+0x72422d]
V  [jvm.dll+0x7248e3]
V  [jvm.dll+0x2428d8]
V  [jvm.dll+0x5ea244]
V  [jvm.dll+0x5df2e5]
V  [jvm.dll+0x2fdddb]
V  [jvm.dll+0x2fdd4a]
V  [jvm.dll+0x2fdc22]
V  [jvm.dll+0x302b06]
V  [jvm.dll+0x34b033]
V  [jvm.dll+0x34b736]
V  [jvm.dll+0x34b133]
V  [jvm.dll+0x2d87d8]
V  [jvm.dll+0x2d9987]
V  [jvm.dll+0x701817]
V  [jvm.dll+0x70300c]
V  [jvm.dll+0x3585a9]
V  [jvm.dll+0x6e516e]
V  [jvm.dll+0x3c09e3]
V  [jvm.dll+0x3c2c71]
C  [jli.dll+0x5373]
C  [ucrtbase.dll+0x210b2]
C  [KERNEL32.DLL+0x17c24]
C  [ntdll.dll+0x6d721]


---------------  P R O C E S S  ---------------

Threads class SMR info:
_java_thread_list=0x0000016640898a80, length=0, elements={
}

Java Threads: ( => current thread )

Other Threads:
  0x00000166429c6000 GCTaskThread "GC Thread#0" [stack: 0x00000050c8100000,0x00000050c8200000] [id=16760]
  0x00000166429f9000 ConcurrentGCThread "G1 Main Marker" [stack: 0x00000050c8200000,0x00000050c8300000] [id=15776]
  0x00000166429fa000 ConcurrentGCThread "G1 Conc#0" [stack: 0x00000050c8300000,0x00000050c8400000] [id=17400]

[error occurred during error reporting (printing all threads), id 0xc0000005, EXCEPTION_ACCESS_VIOLATION (0xc0000005) at pc=0x00007ffe15988db7]

VM state:not at safepoint (not fully initialized)

VM Mutex/Monitor currently owned by a thread:  ([mutex/lock_event])
[0x00000166429aed10] Heap_lock - owner thread: 0x000001664096b000

Heap address: 0x0000000081800000, size: 2024 MB, Compressed Oops mode: Non-zero based: 0x0000000081800000
Narrow klass base: 0x0000000000000000, Narrow klass shift: 0

GC Heap History (0 events):
No events

Deoptimization events (0 events):
No events

Classes redefined (0 events):
No events

Internal exceptions (0 events):
No events

Events (1 events):
Event: 0.012 Loaded shared library C:\Program Files\JetBrains\IntelliJ IDEA Community Edition 2020.3.2\jbr\bin\zip.dll


Dynamic libraries:
0x00007ff7b3680000 - 0x00007ff7b368a000 	C:\Program Files\JetBrains\IntelliJ IDEA Community Edition 2020.3.2\jbr\bin\java.exe
0x00007ffe90d20000 - 0x00007ffe90f10000 	C:\Windows\SYSTEM32\ntdll.dll
0x00007ffe8f940000 - 0x00007ffe8f9f2000 	C:\Windows\System32\KERNEL32.DLL
0x00007ffe8e0d0000 - 0x00007ffe8e375000 	C:\Windows\System32\KERNELBASE.dll
0x00007ffe8e550000 - 0x00007ffe8e64a000 	C:\Windows\System32\ucrtbase.dll
0x00007ffe651d0000 - 0x00007ffe651e7000 	C:\Program Files\JetBrains\IntelliJ IDEA Community Edition 2020.3.2\jbr\bin\VCRUNTIME140.dll
0x00007ffe651f0000 - 0x00007ffe65209000 	C:\Program Files\JetBrains\IntelliJ IDEA Community Edition 2020.3.2\jbr\bin\jli.dll
0x00007ffe901b0000 - 0x00007ffe90344000 	C:\Windows\System32\USER32.dll
0x00007ffe7f610000 - 0x00007ffe7f894000 	C:\Windows\WinSxS\amd64_microsoft.windows.common-controls_6595b64144ccf1df_6.0.18362.1556_none_9e7e372fe45e41d5\COMCTL32.dll
0x00007ffe8dfe0000 - 0x00007ffe8e001000 	C:\Windows\System32\win32u.dll
0x00007ffe906e0000 - 0x00007ffe9077e000 	C:\Windows\System32\msvcrt.dll
0x00007ffe90170000 - 0x00007ffe90196000 	C:\Windows\System32\GDI32.dll
0x00007ffe8fab0000 - 0x00007ffe8fde6000 	C:\Windows\System32\combase.dll
0x00007ffe905c0000 - 0x00007ffe906df000 	C:\Windows\System32\RPCRT4.dll
0x00007ffe8e3b0000 - 0x00007ffe8e548000 	C:\Windows\System32\gdi32full.dll
0x00007ffe8dce0000 - 0x00007ffe8dd61000 	C:\Windows\System32\bcryptPrimitives.dll
0x00007ffe8e010000 - 0x00007ffe8e0ae000 	C:\Windows\System32\msvcp_win.dll
0x00007ffe90780000 - 0x00007ffe907ae000 	C:\Windows\System32\IMM32.DLL
0x00007ffe65130000 - 0x00007ffe651cd000 	C:\Program Files\JetBrains\IntelliJ IDEA Community Edition 2020.3.2\jbr\bin\msvcp140.dll
0x00007ffe156a0000 - 0x00007ffe16170000 	C:\Program Files\JetBrains\IntelliJ IDEA Community Edition 2020.3.2\jbr\bin\server\jvm.dll
0x00007ffe90b60000 - 0x00007ffe90c03000 	C:\Windows\System32\ADVAPI32.dll
0x00007ffe8fa10000 - 0x00007ffe8faa7000 	C:\Windows\System32\sechost.dll
0x00007ffe8fa00000 - 0x00007ffe8fa08000 	C:\Windows\System32\PSAPI.DLL
0x00007ffe894b0000 - 0x00007ffe894ba000 	C:\Windows\SYSTEM32\VERSION.dll
0x00007ffe8a840000 - 0x00007ffe8a849000 	C:\Windows\SYSTEM32\WSOCK32.dll
0x00007ffe8a610000 - 0x00007ffe8a634000 	C:\Windows\SYSTEM32\WINMM.dll
0x00007ffe909c0000 - 0x00007ffe90a2f000 	C:\Windows\System32\WS2_32.dll
0x00007ffe8a5e0000 - 0x00007ffe8a60d000 	C:\Windows\SYSTEM32\WINMMBASE.dll
0x00007ffe8dc90000 - 0x00007ffe8dcda000 	C:\Windows\System32\cfgmgr32.dll
0x00007ffe8dc00000 - 0x00007ffe8dc11000 	C:\Windows\System32\kernel.appcore.dll
0x00007ffe89dd0000 - 0x00007ffe89de1000 	C:\Program Files\JetBrains\IntelliJ IDEA Community Edition 2020.3.2\jbr\bin\verify.dll
0x00007ffe83780000 - 0x00007ffe83974000 	C:\Windows\SYSTEM32\DBGHELP.DLL
0x00007ffe83510000 - 0x00007ffe8353a000 	C:\Windows\SYSTEM32\dbgcore.DLL
0x00007ffe877b0000 - 0x00007ffe877d9000 	C:\Program Files\JetBrains\IntelliJ IDEA Community Edition 2020.3.2\jbr\bin\java.dll
0x00007ffe8a7e0000 - 0x00007ffe8a7eb000 	C:\Program Files\JetBrains\IntelliJ IDEA Community Edition 2020.3.2\jbr\bin\jimage.dll
0x00007ffe87560000 - 0x00007ffe87578000 	C:\Program Files\JetBrains\IntelliJ IDEA Community Edition 2020.3.2\jbr\bin\zip.dll

dbghelp: loaded successfully - version: 4.0.5 - missing functions: none
symbol engine: initialized successfully - sym options: 0x614 - pdb path: .;C:\Program Files\JetBrains\IntelliJ IDEA Community Edition 2020.3.2\jbr\bin;C:\Windows\SYSTEM32;C:\Windows\WinSxS\amd64_microsoft.windows.common-controls_6595b64144ccf1df_6.0.18362.1556_none_9e7e372fe45e41d5;C:\Program Files\JetBrains\IntelliJ IDEA Community Edition 2020.3.2\jbr\bin\server

VM Arguments:
java_command: org.jetbrains.git4idea.http.GitAskPassApp Username for 'https://github.com': 
java_class_path (initial): C:/Program Files/JetBrains/IntelliJ IDEA Community Edition 2020.3.2/plugins/git4idea/lib/git4idea-rt.jar;C:/Program Files/JetBrains/IntelliJ IDEA Community Edition 2020.3.2/lib/xmlrpc-2.0.1.jar;C:/Program Files/JetBrains/IntelliJ IDEA Community Edition 2020.3.2/lib/commons-codec-1.14.jar
Launcher Type: SUN_STANDARD

[Global flags]
     intx CICompilerCount                          = 3                                         {product} {ergonomic}
     uint ConcGCThreads                            = 1                                         {product} {ergonomic}
     uint G1ConcRefinementThreads                  = 4                                         {product} {ergonomic}
   size_t G1HeapRegionSize                         = 1048576                                   {product} {ergonomic}
    uintx GCDrainStackTargetSize                   = 64                                        {product} {ergonomic}
   size_t InitialHeapSize                          = 134217728                                 {product} {ergonomic}
   size_t MarkStackSize                            = 4194304                                   {product} {ergonomic}
   size_t MaxHeapSize                              = 2122317824                                {product} {ergonomic}
   size_t MinHeapDeltaBytes                        = 1048576                                   {product} {ergonomic}
    uintx NonNMethodCodeHeapSize                   = 5830732                                {pd product} {ergonomic}
    uintx NonProfiledCodeHeapSize                  = 122913754                              {pd product} {ergonomic}
    uintx ProfiledCodeHeapSize                     = 122913754                              {pd product} {ergonomic}
    uintx ReservedCodeCacheSize                    = 251658240                              {pd product} {ergonomic}
     bool SegmentedCodeCache                       = true                                      {product} {ergonomic}
     bool UseCompressedClassPointers               = true                                 {lp64_product} {ergonomic}
     bool UseCompressedOops                        = true                                 {lp64_product} {ergonomic}
     bool UseG1GC                                  = true                                      {product} {ergonomic}
     bool UseLargePagesIndividualAllocation        = false                                  {pd product} {ergonomic}

Logging:
Log output configuration:
 #0: stdout all=warning uptime,level,tags
 #1: stderr all=off uptime,level,tags

Environment Variables:
JAVA_HOME=C:\Program Files\Java\jdk-15.0.2
PATH=C:\Program Files\Git\mingw64\libexec\git-core;C:\Program Files\Git\mingw64\libexec\git-core;C:\Program Files\Git\mingw64\bin;C:\Program Files\Git\usr\bin;C:\Users\PC-FAYSSAL\bin;C:\Program Files\Common Files\Oracle\Java\javapath;C:\Program Files (x86)\Common Files\Oracle\Java\javapath;C:\Program Files\AdoptOpenJDK\jre-11.0.7.10-hotspot\bin;C:\Program Files\AdoptOpenJDK\jre-8.0.252.09-hotspot\bin;C:\Program Files (x86)\AdoptOpenJDK\jre-8.0.252.09-hotspot\bin;C:\Windows\system32;C:\Windows;C:\Windows\System32\Wbem;C:\Windows\System32\WindowsPowerShell\v1.0;C:\Windows\System32\OpenSSH;C:\Program Files (x86)\AMD\ATI.ACE\Core-Static;C:\Program Files\Git\cmd;C:\flutter\bin;C:\xampp\php;C:\ProgramData\ComposerSetup\bin;C:\Program Files\nodejs;C:\xlaminas\php;C:\Program Files (x86)\Intel\Intel(R) Management Engine Components\DAL;C:\Program Files\Intel\Intel(R) Management Engine Components\DAL;C:\Program Files\PuTTY;C:\Program Files\Docker\Docker\resources\bin;C:\ProgramData\DockerDesktop\version-bin;C:\Program Files\MySQL\MySQL Shell 8.0\bin;C:\Users\PC-FAYSSAL\AppData\Local\Microsoft\WindowsApps;C:\Program Files\JetBrains\PhpStorm 2021.1.4\bin;C:\Users\PC-FAYSSAL\AppData\Roaming\Composer\vendor\bin;C:\Users\PC-FAYSSAL\AppData\Roaming\npm;C:\xlaminas\php;C:\dev\htdocs\laminas-mvc-skeleton;C:\Users\PC-FAYSSAL\AppData\Local\GitHubDesktop\bin;C:\Program Files\JetBrains\IntelliJ IDEA Community Edition 2020.3.2\bin;C:\src\flutter\bin;C:\Users\PC-FAYSSAL\AppData\Local\Programs\Microsoft VS Code _ 2\bin;C:\Users\PC-FAYSSAL\AppData\Local\Programs\Microsoft VS Code Insiders\bin
USERNAME=PC-FAYSSAL
DISPLAY=:0.0
LC_ALL=en_US.UTF-8
OS=Windows_NT
PROCESSOR_IDENTIFIER=Intel64 Family 6 Model 78 Stepping 3, GenuineIntel



---------------  S Y S T E M  ---------------

OS: Windows 10 , 64 bit Build 18362 (10.0.18362.1500)
OS uptime: 3 days 20:48 hours
Hyper-V role detected

CPU:total 4 (initial active 4) (2 cores per cpu, 2 threads per core) family 6 model 78 stepping 3 microcode 0xd6, cmov, cx8, fxsr, mmx, sse, sse2, sse3, ssse3, sse4.1, sse4.2, popcnt, avx, avx2, aes, clmul, erms, 3dnowpref, lzcnt, ht, tsc, tscinvbit, bmi1, bmi2, adx, fma

Memory: 4k page, system-wide physical 8089M (687M free)
TotalPageFile size 32665M (AvailPageFile size 10M)
current process WorkingSet (physical memory assigned to process): 9M, peak: 10M
current process commit charge ("private bytes"): 51M, peak: 179M

vm_info: OpenJDK 64-Bit Server VM (11.0.10+8-b1145.96) for windows-amd64 JRE (11.0.10+8-b1145.96), built on Feb 18 2021 01:38:16 by "" with MS VC++ 14.0 (VS2015)

END.
