#
# There is insufficient memory for the Java Runtime Environment to continue.
# Native memory allocation (malloc) failed to allocate 32744 bytes for ChunkPool::allocate
# Possible reasons:
#   The system is out of physical RAM or swap space
#   The process is running with CompressedOops enabled, and the Java Heap may be blocking the growth of the native heap
# Possible solutions:
#   Reduce memory load on the system
#   Increase physical memory or swap space
#   Check if swap backing store is full
#   Decrease Java heap size (-Xmx/-Xms)
#   Decrease number of Java threads
#   Decrease Java thread stack sizes (-Xss)
#   Set larger code cache with -XX:ReservedCodeCacheSize=
#   JVM is running with Unscaled Compressed Oops mode in which the Java heap is
#     placed in the first 4GB address space. The Java Heap base address is the
#     maximum limit for the native heap growth. Please use -XX:HeapBaseMinAddress
#     to set the Java Heap base and to place the Java Heap above 4GB virtual address.
# This output file may be truncated or incomplete.
#
#  Out of Memory Error (./open/src/hotspot/share/memory/arena.cpp:79), pid=8712, tid=12360
#
# JRE version: Java(TM) SE Runtime Environment (15.0.2+7) (build 15.0.2+7-27)
# Java VM: Java HotSpot(TM) 64-Bit Server VM (15.0.2+7-27, mixed mode, sharing, tiered, compressed oops, g1 gc, windows-amd64)
# No core dump will be written. Minidumps are not enabled by default on client versions of Windows
#

---------------  S U M M A R Y ------------

Command Line: -javaagent:C:\Program Files\JetBrains\IntelliJ IDEA Community Edition 2020.3.2\lib\idea_rt.jar=51364:C:\Program Files\JetBrains\IntelliJ IDEA Community Edition 2020.3.2\bin -Dfile.encoding=UTF-8 dev.fenix.application.Application

Host: Intel(R) Core(TM) i7-6500U CPU @ 2.50GHz, 4 cores, 7G,  Windows 10 , 64 bit Build 18362 (10.0.18362.1500)
Time: Wed Jan 19 14:47:35 2022 Maroc (heure d?été) elapsed time: 97.241147 seconds (0d 0h 1m 37s)

---------------  T H R E A D  ---------------

Current thread (0x0000015f54af9a60):  JavaThread "C2 CompilerThread0" daemon [_thread_in_native, id=12360, stack(0x0000002a11700000,0x0000002a11800000)]


Current CompileTask:
C2:  97241 9601   !   4       com.mysql.cj.ParseInfo::<init> (1255 bytes)

Stack: [0x0000002a11700000,0x0000002a11800000]
Native frames: (J=compiled Java code, j=interpreted, Vv=VM code, C=native code)
V  [jvm.dll+0x62ae9a]
V  [jvm.dll+0x7817a9]
V  [jvm.dll+0x782f03]
V  [jvm.dll+0x783563]
V  [jvm.dll+0x216325]
V  [jvm.dll+0x982cf]
V  [jvm.dll+0x980ad]
V  [jvm.dll+0x609d14]
V  [jvm.dll+0x6552ca]
V  [jvm.dll+0x18e47d]
V  [jvm.dll+0x1ea822]
V  [jvm.dll+0x1e996e]
V  [jvm.dll+0x178567]
V  [jvm.dll+0x1f9225]
V  [jvm.dll+0x1f72cc]
V  [jvm.dll+0x74495d]
V  [jvm.dll+0x73d75a]
V  [jvm.dll+0x629c56]
C  [ucrtbase.dll+0x210b2]
C  [KERNEL32.DLL+0x17c24]
C  [ntdll.dll+0x6d721]


---------------  P R O C E S S  ---------------

Threads class SMR info:
_java_thread_list=0x0000015f58359720, length=33, elements={
0x0000015f54ae70a0, 0x0000015f54ae7c70, 0x0000015f54aec030, 0x0000015f54af71c0,
0x0000015f54af8c80, 0x0000015f54af9a60, 0x0000015f554900d0, 0x0000015f554987c0,
0x0000015f54ac8d10, 0x0000015f55aab6b0, 0x0000015f55aabb80, 0x0000015f587fa6b0,
0x0000015f587f0ef0, 0x0000015f59a88fd0, 0x0000015f57109e40, 0x0000015f58281110,
0x0000015f5601e1a0, 0x0000015f566b6f80, 0x0000015f5c0a53a0, 0x0000015f5c0a4a00,
0x0000015f5c0a66e0, 0x0000015f5c0a6bb0, 0x0000015f5c0a4ed0, 0x0000015f5c0a7080,
0x0000015f5c0a7550, 0x0000015f5d033140, 0x0000015f5d034480, 0x0000015f5d031460,
0x0000015f5d031930, 0x0000015f5d0357c0, 0x0000015f5d031e00, 0x0000015f5d0327a0,
0x0000015f5d030ac0
}

Java Threads: ( => current thread )
  0x0000015f54ae70a0 JavaThread "Reference Handler" daemon [_thread_blocked, id=14520, stack(0x0000002a11200000,0x0000002a11300000)]
  0x0000015f54ae7c70 JavaThread "Finalizer" daemon [_thread_blocked, id=16480, stack(0x0000002a11300000,0x0000002a11400000)]
  0x0000015f54aec030 JavaThread "Signal Dispatcher" daemon [_thread_blocked, id=15260, stack(0x0000002a11400000,0x0000002a11500000)]
  0x0000015f54af71c0 JavaThread "Attach Listener" daemon [_thread_blocked, id=18248, stack(0x0000002a11500000,0x0000002a11600000)]
  0x0000015f54af8c80 JavaThread "Service Thread" daemon [_thread_blocked, id=1188, stack(0x0000002a11600000,0x0000002a11700000)]
=>0x0000015f54af9a60 JavaThread "C2 CompilerThread0" daemon [_thread_in_native, id=12360, stack(0x0000002a11700000,0x0000002a11800000)]
  0x0000015f554900d0 JavaThread "C1 CompilerThread0" daemon [_thread_in_native, id=7372, stack(0x0000002a11800000,0x0000002a11900000)]
  0x0000015f554987c0 JavaThread "Sweeper thread" daemon [_thread_blocked, id=17232, stack(0x0000002a11900000,0x0000002a11a00000)]
  0x0000015f54ac8d10 JavaThread "Common-Cleaner" daemon [_thread_blocked, id=9356, stack(0x0000002a11a00000,0x0000002a11b00000)]
  0x0000015f55aab6b0 JavaThread "Monitor Ctrl-Break" daemon [_thread_in_native, id=6808, stack(0x0000002a11b00000,0x0000002a11c00000)]
  0x0000015f55aabb80 JavaThread "Notification Thread" daemon [_thread_blocked, id=3860, stack(0x0000002a11c00000,0x0000002a11d00000)]
  0x0000015f587fa6b0 JavaThread "mysql-cj-abandoned-connection-cleanup" daemon [_thread_blocked, id=15240, stack(0x0000002a12400000,0x0000002a12500000)]
  0x0000015f587f0ef0 JavaThread "HikariPool-1 housekeeper" daemon [_thread_blocked, id=12072, stack(0x0000002a12700000,0x0000002a12800000)]
  0x0000015f59a88fd0 JavaThread "Catalina-utility-1" [_thread_blocked, id=18428, stack(0x0000002a12800000,0x0000002a12900000)]
  0x0000015f57109e40 JavaThread "Catalina-utility-2" [_thread_blocked, id=5156, stack(0x0000002a12900000,0x0000002a12a00000)]
  0x0000015f58281110 JavaThread "container-0" [_thread_blocked, id=17736, stack(0x0000002a12a00000,0x0000002a12b00000)]
  0x0000015f5601e1a0 JavaThread "Live Reload Server" daemon [_thread_in_native, id=14600, stack(0x0000002a12b00000,0x0000002a12c00000)]
  0x0000015f566b6f80 JavaThread "pool-1-thread-1" [_thread_blocked, id=9496, stack(0x0000002a12c00000,0x0000002a12d00000)]
  0x0000015f5c0a53a0 JavaThread "File Watcher" daemon [_thread_blocked, id=16324, stack(0x0000002a12d00000,0x0000002a12e00000)]
  0x0000015f5c0a4a00 JavaThread "http-nio-80-BlockPoller" daemon [_thread_in_native, id=15896, stack(0x0000002a12e00000,0x0000002a12f00000)]
  0x0000015f5c0a66e0 JavaThread "http-nio-80-exec-1" daemon [_thread_blocked, id=15704, stack(0x0000002a12f00000,0x0000002a13000000)]
  0x0000015f5c0a6bb0 JavaThread "http-nio-80-exec-2" daemon [_thread_blocked, id=3604, stack(0x0000002a13000000,0x0000002a13100000)]
  0x0000015f5c0a4ed0 JavaThread "http-nio-80-exec-3" daemon [_thread_blocked, id=17048, stack(0x0000002a13100000,0x0000002a13200000)]
  0x0000015f5c0a7080 JavaThread "http-nio-80-exec-4" daemon [_thread_blocked, id=11796, stack(0x0000002a13200000,0x0000002a13300000)]
  0x0000015f5c0a7550 JavaThread "http-nio-80-exec-5" daemon [_thread_blocked, id=12156, stack(0x0000002a13300000,0x0000002a13400000)]
  0x0000015f5d033140 JavaThread "http-nio-80-exec-6" daemon [_thread_blocked, id=6852, stack(0x0000002a13400000,0x0000002a13500000)]
  0x0000015f5d034480 JavaThread "http-nio-80-exec-7" daemon [_thread_blocked, id=10168, stack(0x0000002a13500000,0x0000002a13600000)]
  0x0000015f5d031460 JavaThread "http-nio-80-exec-8" daemon [_thread_blocked, id=6676, stack(0x0000002a13600000,0x0000002a13700000)]
  0x0000015f5d031930 JavaThread "http-nio-80-exec-9" daemon [_thread_in_native, id=6844, stack(0x0000002a13700000,0x0000002a13800000)]
  0x0000015f5d0357c0 JavaThread "http-nio-80-exec-10" daemon [_thread_blocked, id=2568, stack(0x0000002a13800000,0x0000002a13900000)]
  0x0000015f5d031e00 JavaThread "http-nio-80-ClientPoller" daemon [_thread_in_native, id=9560, stack(0x0000002a13900000,0x0000002a13a00000)]
  0x0000015f5d0327a0 JavaThread "http-nio-80-Acceptor" daemon [_thread_in_native, id=12724, stack(0x0000002a13a00000,0x0000002a13b00000)]
  0x0000015f5d030ac0 JavaThread "DestroyJavaVM" [_thread_blocked, id=5712, stack(0x0000002a10b00000,0x0000002a10c00000)]

Other Threads:
  0x0000015f54ae2060 VMThread "VM Thread" [stack: 0x0000002a11100000,0x0000002a11200000] [id=4744]
  0x0000015f55b592b0 WatcherThread [stack: 0x0000002a11d00000,0x0000002a11e00000] [id=6452]
  0x0000015f368e8960 GCTaskThread "GC Thread#0" [stack: 0x0000002a10c00000,0x0000002a10d00000] [id=11788]
  0x0000015f55c62090 GCTaskThread "GC Thread#1" [stack: 0x0000002a11e00000,0x0000002a11f00000] [id=5244]
  0x0000015f55c623c0 GCTaskThread "GC Thread#2" [stack: 0x0000002a12000000,0x0000002a12100000] [id=668]
  0x0000015f55c5f0c0 GCTaskThread "GC Thread#3" [stack: 0x0000002a12500000,0x0000002a12600000] [id=18312]
  0x0000015f368f9930 ConcurrentGCThread "G1 Main Marker" [stack: 0x0000002a10d00000,0x0000002a10e00000] [id=15396]
  0x0000015f368fbd50 ConcurrentGCThread "G1 Conc#0" [stack: 0x0000002a10e00000,0x0000002a10f00000] [id=11416]
  0x0000015f36956aa0 ConcurrentGCThread "G1 Refine#0" [stack: 0x0000002a10f00000,0x0000002a11000000] [id=10084]
  0x0000015f55e96f10 ConcurrentGCThread "G1 Refine#1" [stack: 0x0000002a12100000,0x0000002a12200000] [id=13128]
  0x0000015f54960850 ConcurrentGCThread "G1 Young RemSet Sampling" [stack: 0x0000002a11000000,0x0000002a11100000] [id=17600]

Threads with active compile tasks:
C2 CompilerThread0    97321 9601   !   4       com.mysql.cj.ParseInfo::<init> (1255 bytes)
C1 CompilerThread0    97321 9639       3       org.hibernate.type.CollectionType::getCollection (243 bytes)

VM state: not at safepoint (normal execution)

VM Mutex/Monitor currently owned by a thread: None

Heap address: 0x0000000081800000, size: 2024 MB, Compressed Oops mode: 32-bit
CDS archive(s) mapped at: [0x0000000800000000-0x0000000800b50000-0x0000000800b50000), size 11862016, SharedBaseAddress: 0x0000000800000000, ArchiveRelocationMode: 0.
Compressed class space mapped at: 0x0000000800b50000-0x0000000840b50000, size: 1073741824
Narrow klass base: 0x0000000800000000, Narrow klass shift: 3, Narrow klass range: 0x100000000

GC Precious Log:
 CPUs: 4 total, 4 available
 Memory: 8089M
 Large Page Support: Disabled
 NUMA Support: Disabled
 Compressed Oops: Enabled (32-bit)
 Heap Region Size: 1M
 Heap Min Capacity: 8M
 Heap Initial Capacity: 128M
 Heap Max Capacity: 2024M
 Pre-touch: Disabled
 Parallel Workers: 4
 Concurrent Workers: 1
 Concurrent Refinement Workers: 4
 Periodic GC: Disabled

Heap:
 garbage-first heap   total 80896K, used 51907K [0x0000000081800000, 0x0000000100000000)
  region size 1024K, 15 young (15360K), 2 survivors (2048K)
 Metaspace       used 72792K, capacity 73523K, committed 73676K, reserved 1114112K
  class space    used 9158K, capacity 9421K, committed 9472K, reserved 1048576K

Heap Regions: E=young(eden), S=young(survivor), O=old, HS=humongous(starts), HC=humongous(continues), CS=collection set, F=free, OA=open archive, CA=closed archive, TAMS=top-at-mark-start (previous, next)
|   0|0x0000000081800000, 0x0000000081900000, 0x0000000081900000|100%|HS|  |TAMS 0x0000000081900000, 0x0000000081800000| Complete 
|   1|0x0000000081900000, 0x0000000081a00000, 0x0000000081a00000|100%| O|  |TAMS 0x0000000081a00000, 0x0000000081900000| Untracked 
|   2|0x0000000081a00000, 0x0000000081b00000, 0x0000000081b00000|100%| O|  |TAMS 0x0000000081b00000, 0x0000000081a00000| Untracked 
|   3|0x0000000081b00000, 0x0000000081c00000, 0x0000000081c00000|100%| O|  |TAMS 0x0000000081c00000, 0x0000000081b00000| Untracked 
|   4|0x0000000081c00000, 0x0000000081d00000, 0x0000000081d00000|100%| O|  |TAMS 0x0000000081d00000, 0x0000000081c00000| Untracked 
|   5|0x0000000081d00000, 0x0000000081e00000, 0x0000000081e00000|100%| O|  |TAMS 0x0000000081e00000, 0x0000000081d00000| Untracked 
|   6|0x0000000081e00000, 0x0000000081f00000, 0x0000000081f00000|100%| O|  |TAMS 0x0000000081f00000, 0x0000000081e00000| Untracked 
|   7|0x0000000081f00000, 0x0000000081fa5400, 0x0000000082000000| 64%| O|  |TAMS 0x0000000081fa5400, 0x0000000081f00000| Complete 
|   8|0x0000000082000000, 0x0000000082100000, 0x0000000082100000|100%| O|  |TAMS 0x0000000082100000, 0x0000000082000000| Untracked 
|   9|0x0000000082100000, 0x0000000082200000, 0x0000000082200000|100%| O|  |TAMS 0x0000000082200000, 0x0000000082100000| Untracked 
|  10|0x0000000082200000, 0x0000000082300000, 0x0000000082300000|100%| O|  |TAMS 0x0000000082300000, 0x0000000082200000| Untracked 
|  11|0x0000000082300000, 0x0000000082400000, 0x0000000082400000|100%| O|  |TAMS 0x0000000082400000, 0x0000000082300000| Complete 
|  12|0x0000000082400000, 0x0000000082500000, 0x0000000082500000|100%| O|  |TAMS 0x0000000082500000, 0x0000000082400000| Complete 
|  13|0x0000000082500000, 0x0000000082600000, 0x0000000082600000|100%| O|  |TAMS 0x0000000082600000, 0x0000000082500000| Complete 
|  14|0x0000000082600000, 0x0000000082700000, 0x0000000082700000|100%| O|  |TAMS 0x0000000082700000, 0x0000000082600000| Complete 
|  15|0x0000000082700000, 0x0000000082800000, 0x0000000082800000|100%| O|  |TAMS 0x0000000082800000, 0x0000000082700000| Untracked 
|  16|0x0000000082800000, 0x0000000082900000, 0x0000000082900000|100%| O|  |TAMS 0x0000000082900000, 0x0000000082800000| Complete 
|  17|0x0000000082900000, 0x0000000082a00000, 0x0000000082a00000|100%| O|  |TAMS 0x0000000082a00000, 0x0000000082900000| Complete 
|  18|0x0000000082a00000, 0x0000000082b00000, 0x0000000082b00000|100%| O|  |TAMS 0x0000000082b00000, 0x0000000082a00000| Complete 
|  19|0x0000000082b00000, 0x0000000082c00000, 0x0000000082c00000|100%| O|  |TAMS 0x0000000082c00000, 0x0000000082b00000| Untracked 
|  20|0x0000000082c00000, 0x0000000082d00000, 0x0000000082d00000|100%| O|  |TAMS 0x0000000082d00000, 0x0000000082c00000| Untracked 
|  21|0x0000000082d00000, 0x0000000082e00000, 0x0000000082e00000|100%| O|  |TAMS 0x0000000082e00000, 0x0000000082d00000| Untracked 
|  22|0x0000000082e00000, 0x0000000082f00000, 0x0000000082f00000|100%| O|  |TAMS 0x0000000082f00000, 0x0000000082e00000| Untracked 
|  23|0x0000000082f00000, 0x0000000083000000, 0x0000000083000000|100%| O|  |TAMS 0x0000000083000000, 0x0000000082f00000| Untracked 
|  24|0x0000000083000000, 0x0000000083100000, 0x0000000083100000|100%| O|  |TAMS 0x0000000083100000, 0x0000000083000000| Untracked 
|  25|0x0000000083100000, 0x0000000083200000, 0x0000000083200000|100%| O|  |TAMS 0x0000000083200000, 0x0000000083100000| Complete 
|  26|0x0000000083200000, 0x0000000083300000, 0x0000000083300000|100%| O|  |TAMS 0x0000000083300000, 0x0000000083200000| Untracked 
|  27|0x0000000083300000, 0x0000000083400000, 0x0000000083400000|100%| O|  |TAMS 0x0000000083400000, 0x0000000083300000| Untracked 
|  28|0x0000000083400000, 0x0000000083500000, 0x0000000083500000|100%| O|  |TAMS 0x0000000083500000, 0x0000000083400000| Complete 
|  29|0x0000000083500000, 0x0000000083600000, 0x0000000083600000|100%| O|  |TAMS 0x0000000083600000, 0x0000000083500000| Complete 
|  30|0x0000000083600000, 0x0000000083700000, 0x0000000083700000|100%| O|  |TAMS 0x0000000083700000, 0x0000000083600000| Complete 
|  31|0x0000000083700000, 0x0000000083800000, 0x0000000083800000|100%| O|  |TAMS 0x0000000083800000, 0x0000000083700000| Untracked 
|  32|0x0000000083800000, 0x0000000083900000, 0x0000000083900000|100%| O|  |TAMS 0x0000000083900000, 0x0000000083800000| Complete 
|  33|0x0000000083900000, 0x0000000083a00000, 0x0000000083a00000|100%| O|  |TAMS 0x0000000083a00000, 0x0000000083900000| Untracked 
|  34|0x0000000083a00000, 0x0000000083b00000, 0x0000000083b00000|100%| O|  |TAMS 0x0000000083b00000, 0x0000000083a00000| Untracked 
|  35|0x0000000083b00000, 0x0000000083c00000, 0x0000000083c00000|100%| O|  |TAMS 0x0000000083c00000, 0x0000000083b00000| Untracked 
|  36|0x0000000083c00000, 0x0000000083d00000, 0x0000000083d00000|100%| O|  |TAMS 0x0000000083d00000, 0x0000000083c00000| Complete 
|  37|0x0000000083d00000, 0x0000000083d2c600, 0x0000000083e00000| 17%| O|  |TAMS 0x0000000083d2c600, 0x0000000083d00000| Untracked 
|  38|0x0000000083e00000, 0x0000000083e00000, 0x0000000083f00000|  0%| F|  |TAMS 0x0000000083e00000, 0x0000000083e00000| Untracked 
|  39|0x0000000083f00000, 0x0000000083f00000, 0x0000000084000000|  0%| F|  |TAMS 0x0000000083f00000, 0x0000000083f00000| Untracked 
|  40|0x0000000084000000, 0x0000000084000000, 0x0000000084100000|  0%| F|  |TAMS 0x0000000084000000, 0x0000000084000000| Untracked 
|  41|0x0000000084100000, 0x0000000084100000, 0x0000000084200000|  0%| F|  |TAMS 0x0000000084100000, 0x0000000084100000| Untracked 
|  42|0x0000000084200000, 0x0000000084200000, 0x0000000084300000|  0%| F|  |TAMS 0x0000000084200000, 0x0000000084200000| Untracked 
|  43|0x0000000084300000, 0x0000000084300000, 0x0000000084400000|  0%| F|  |TAMS 0x0000000084300000, 0x0000000084300000| Untracked 
|  44|0x0000000084400000, 0x0000000084400000, 0x0000000084500000|  0%| F|  |TAMS 0x0000000084400000, 0x0000000084400000| Untracked 
|  45|0x0000000084500000, 0x0000000084500000, 0x0000000084600000|  0%| F|  |TAMS 0x0000000084500000, 0x0000000084500000| Untracked 
|  46|0x0000000084600000, 0x0000000084600000, 0x0000000084700000|  0%| F|  |TAMS 0x0000000084600000, 0x0000000084600000| Untracked 
|  47|0x0000000084700000, 0x0000000084700000, 0x0000000084800000|  0%| F|  |TAMS 0x0000000084700000, 0x0000000084700000| Untracked 
|  48|0x0000000084800000, 0x0000000084800000, 0x0000000084900000|  0%| F|  |TAMS 0x0000000084800000, 0x0000000084800000| Untracked 
|  49|0x0000000084900000, 0x00000000849df248, 0x0000000084a00000| 87%| S|CS|TAMS 0x0000000084900000, 0x0000000084900000| Complete 
|  50|0x0000000084a00000, 0x0000000084b00000, 0x0000000084b00000|100%| S|CS|TAMS 0x0000000084a00000, 0x0000000084a00000| Complete 
|  51|0x0000000084b00000, 0x0000000084b00000, 0x0000000084c00000|  0%| F|  |TAMS 0x0000000084b00000, 0x0000000084b00000| Untracked 
|  52|0x0000000084c00000, 0x0000000084c00000, 0x0000000084d00000|  0%| F|  |TAMS 0x0000000084c00000, 0x0000000084c00000| Untracked 
|  53|0x0000000084d00000, 0x0000000084d00000, 0x0000000084e00000|  0%| F|  |TAMS 0x0000000084d00000, 0x0000000084d00000| Untracked 
|  54|0x0000000084e00000, 0x0000000084e00000, 0x0000000084f00000|  0%| F|  |TAMS 0x0000000084e00000, 0x0000000084e00000| Untracked 
|  55|0x0000000084f00000, 0x0000000084f00000, 0x0000000085000000|  0%| F|  |TAMS 0x0000000084f00000, 0x0000000084f00000| Untracked 
|  56|0x0000000085000000, 0x0000000085000000, 0x0000000085100000|  0%| F|  |TAMS 0x0000000085000000, 0x0000000085000000| Untracked 
|  57|0x0000000085100000, 0x0000000085100000, 0x0000000085200000|  0%| F|  |TAMS 0x0000000085100000, 0x0000000085100000| Untracked 
|  58|0x0000000085200000, 0x0000000085200000, 0x0000000085300000|  0%| F|  |TAMS 0x0000000085200000, 0x0000000085200000| Untracked 
|  59|0x0000000085300000, 0x0000000085300000, 0x0000000085400000|  0%| F|  |TAMS 0x0000000085300000, 0x0000000085300000| Untracked 
|  60|0x0000000085400000, 0x0000000085400000, 0x0000000085500000|  0%| F|  |TAMS 0x0000000085400000, 0x0000000085400000| Untracked 
|  61|0x0000000085500000, 0x0000000085500000, 0x0000000085600000|  0%| F|  |TAMS 0x0000000085500000, 0x0000000085500000| Untracked 
|  62|0x0000000085600000, 0x0000000085600000, 0x0000000085700000|  0%| F|  |TAMS 0x0000000085600000, 0x0000000085600000| Untracked 
|  63|0x0000000085700000, 0x0000000085700000, 0x0000000085800000|  0%| F|  |TAMS 0x0000000085700000, 0x0000000085700000| Untracked 
|  64|0x0000000085800000, 0x0000000085800000, 0x0000000085900000|  0%| F|  |TAMS 0x0000000085800000, 0x0000000085800000| Untracked 
|  65|0x0000000085900000, 0x0000000085900000, 0x0000000085a00000|  0%| F|  |TAMS 0x0000000085900000, 0x0000000085900000| Untracked 
|  66|0x0000000085a00000, 0x0000000085aa7998, 0x0000000085b00000| 65%| E|  |TAMS 0x0000000085a00000, 0x0000000085a00000| Complete 
|  67|0x0000000085b00000, 0x0000000085c00000, 0x0000000085c00000|100%| E|CS|TAMS 0x0000000085b00000, 0x0000000085b00000| Complete 
|  68|0x0000000085c00000, 0x0000000085d00000, 0x0000000085d00000|100%| E|CS|TAMS 0x0000000085c00000, 0x0000000085c00000| Complete 
|  69|0x0000000085d00000, 0x0000000085e00000, 0x0000000085e00000|100%| E|CS|TAMS 0x0000000085d00000, 0x0000000085d00000| Complete 
|  70|0x0000000085e00000, 0x0000000085f00000, 0x0000000085f00000|100%| E|CS|TAMS 0x0000000085e00000, 0x0000000085e00000| Complete 
|  71|0x0000000085f00000, 0x0000000086000000, 0x0000000086000000|100%| E|CS|TAMS 0x0000000085f00000, 0x0000000085f00000| Complete 
|  72|0x0000000086000000, 0x0000000086100000, 0x0000000086100000|100%| E|CS|TAMS 0x0000000086000000, 0x0000000086000000| Complete 
|  73|0x0000000086100000, 0x0000000086200000, 0x0000000086200000|100%| E|CS|TAMS 0x0000000086100000, 0x0000000086100000| Complete 
|  74|0x0000000086200000, 0x0000000086300000, 0x0000000086300000|100%| E|CS|TAMS 0x0000000086200000, 0x0000000086200000| Complete 
|  75|0x0000000086300000, 0x0000000086400000, 0x0000000086400000|100%| E|CS|TAMS 0x0000000086300000, 0x0000000086300000| Complete 
|  76|0x0000000086400000, 0x0000000086500000, 0x0000000086500000|100%| E|CS|TAMS 0x0000000086400000, 0x0000000086400000| Complete 
|  77|0x0000000086500000, 0x0000000086600000, 0x0000000086600000|100%| E|CS|TAMS 0x0000000086500000, 0x0000000086500000| Complete 
| 127|0x0000000089700000, 0x0000000089800000, 0x0000000089800000|100%| E|CS|TAMS 0x0000000089700000, 0x0000000089700000| Complete 

Card table byte_map: [0x0000015f4dec0000,0x0000015f4e2c0000] _byte_map_base: 0x0000015f4dab4000

Marking Bits (Prev, Next): (CMBitMap*) 0x0000015f368e91d0, (CMBitMap*) 0x0000015f368e9210
 Prev Bits: [0x0000015f4e6c0000, 0x0000015f50660000)
 Next Bits: [0x0000015f50660000, 0x0000015f52600000)

Polling page: 0x0000015f347e0000

Metaspace:

Usage:
  Non-class:     62.60 MB capacity,    62.14 MB (>99%) used,   365.69 KB ( <1%) free+waste,   101.88 KB ( <1%) overhead. 
      Class:      9.20 MB capacity,     8.94 MB ( 97%) used,   223.89 KB (  2%) free+waste,    38.81 KB ( <1%) overhead. 
       Both:     71.80 MB capacity,    71.09 MB (>99%) used,   589.58 KB ( <1%) free+waste,   140.69 KB ( <1%) overhead. 

Virtual space:
  Non-class space:       64.00 MB reserved,      62.70 MB ( 98%) committed 
      Class space:        1.00 GB reserved,       9.25 MB ( <1%) committed 
             Both:        1.06 GB reserved,      71.95 MB (  7%) committed 

Chunk freelists:
   Non-Class:  38.00 KB
       Class:  0 bytes
        Both:  38.00 KB

MaxMetaspaceSize: 17179869184.00 GB
CompressedClassSpaceSize: 1.00 GB

CodeHeap 'non-profiled nmethods': size=120000Kb used=5112Kb max_used=5112Kb free=114888Kb
 bounds [0x0000015f46590000, 0x0000015f46a90000, 0x0000015f4dac0000]
CodeHeap 'profiled nmethods': size=120000Kb used=16998Kb max_used=16998Kb free=103001Kb
 bounds [0x0000015f3f060000, 0x0000015f40100000, 0x0000015f46590000]
CodeHeap 'non-nmethods': size=5760Kb used=1366Kb max_used=1456Kb free=4393Kb
 bounds [0x0000015f3eac0000, 0x0000015f3ed30000, 0x0000015f3f060000]
 total_blobs=9441 nmethods=8773 adapters=579
 compilation: enabled
              stopped_count=0, restarted_count=0
 full_count=0

Compilation events (20 events):
Event: 97.146 Thread 0x0000015f554900d0 9624       3       org.hibernate.loader.plan.exec.process.internal.ResultSetProcessingContextImpl::resolveLockMode (38 bytes)
Event: 97.146 Thread 0x0000015f554900d0 nmethod 9624 0x0000015f400f5f10 code [0x0000015f400f60c0, 0x0000015f400f63d8]
Event: 97.147 Thread 0x0000015f554900d0 9625       3       java.util.concurrent.atomic.AtomicBoolean::<init> (18 bytes)
Event: 97.147 Thread 0x0000015f554900d0 nmethod 9625 0x0000015f400f6490 code [0x0000015f400f6620, 0x0000015f400f67d8]
Event: 97.156 Thread 0x0000015f554900d0 9626       3       org.hibernate.collection.internal.AbstractPersistentCollection::hasQueuedOperations (13 bytes)
Event: 97.156 Thread 0x0000015f554900d0 nmethod 9626 0x0000015f400f6890 code [0x0000015f400f6a20, 0x0000015f400f6b78]
Event: 97.156 Thread 0x0000015f554900d0 9627       1       org.hibernate.resource.jdbc.internal.LogicalConnectionManagedImpl::doConnectionsFromProviderHaveAutoCommitDisabled (5 bytes)
Event: 97.156 Thread 0x0000015f554900d0 nmethod 9627 0x0000015f46a8d410 code [0x0000015f46a8d5a0, 0x0000015f46a8d658]
Event: 97.158 Thread 0x0000015f554900d0 9629       1       org.hibernate.collection.internal.AbstractPersistentCollection::getKey (5 bytes)
Event: 97.158 Thread 0x0000015f554900d0 nmethod 9629 0x0000015f46a8d710 code [0x0000015f46a8d8a0, 0x0000015f46a8d958]
Event: 97.160 Thread 0x0000015f554900d0 9630       1       org.hibernate.internal.AbstractSharedSessionContract::getCurrentTransaction (5 bytes)
Event: 97.160 Thread 0x0000015f554900d0 nmethod 9630 0x0000015f46a8da10 code [0x0000015f46a8dba0, 0x0000015f46a8dc58]
Event: 97.162 Thread 0x0000015f554900d0 9631       3       org.hibernate.resource.jdbc.internal.LogicalConnectionManagedImpl::getConnectionForTransactionManagement (5 bytes)
Event: 97.162 Thread 0x0000015f554900d0 nmethod 9631 0x0000015f400f6c10 code [0x0000015f400f6dc0, 0x0000015f400f7038]
Event: 97.183 Thread 0x0000015f554900d0 9632       3       org.hibernate.type.CollectionType::hydrate (4 bytes)
Event: 97.184 Thread 0x0000015f554900d0 nmethod 9632 0x0000015f400f7110 code [0x0000015f400f72a0, 0x0000015f400f73b8]
Event: 97.184 Thread 0x0000015f554900d0 9633       1       org.hibernate.event.spi.EventType::ordinal (5 bytes)
Event: 97.185 Thread 0x0000015f554900d0 nmethod 9633 0x0000015f46a8dd10 code [0x0000015f46a8dea0, 0x0000015f46a8df58]
Event: 97.185 Thread 0x0000015f554900d0 9634       3       java.lang.String::valueOf (5 bytes)
Event: 97.185 Thread 0x0000015f554900d0 nmethod 9634 0x0000015f400f7490 code [0x0000015f400f7620, 0x0000015f400f7728]

GC Heap History (20 events):
Event: 11.848 GC heap before
{Heap before GC invocations=19 (full 0):
 garbage-first heap   total 61440K, used 49413K [0x0000000081800000, 0x0000000100000000)
  region size 1024K, 26 young (26624K), 4 survivors (4096K)
 Metaspace       used 53818K, capacity 54392K, committed 54732K, reserved 1097728K
  class space    used 6861K, capacity 7059K, committed 7168K, reserved 1048576K
}
Event: 11.854 GC heap after
{Heap after GC invocations=20 (full 0):
 garbage-first heap   total 61440K, used 27294K [0x0000000081800000, 0x0000000100000000)
  region size 1024K, 2 young (2048K), 2 survivors (2048K)
 Metaspace       used 53818K, capacity 54392K, committed 54732K, reserved 1097728K
  class space    used 6861K, capacity 7059K, committed 7168K, reserved 1048576K
}
Event: 17.176 GC heap before
{Heap before GC invocations=20 (full 0):
 garbage-first heap   total 61440K, used 48798K [0x0000000081800000, 0x0000000100000000)
  region size 1024K, 24 young (24576K), 2 survivors (2048K)
 Metaspace       used 57725K, capacity 58241K, committed 58444K, reserved 1099776K
  class space    used 7324K, capacity 7510K, committed 7552K, reserved 1048576K
}
Event: 17.181 GC heap after
{Heap after GC invocations=21 (full 0):
 garbage-first heap   total 73728K, used 28565K [0x0000000081800000, 0x0000000100000000)
  region size 1024K, 3 young (3072K), 3 survivors (3072K)
 Metaspace       used 57725K, capacity 58241K, committed 58444K, reserved 1099776K
  class space    used 7324K, capacity 7510K, committed 7552K, reserved 1048576K
}
Event: 17.608 GC heap before
{Heap before GC invocations=21 (full 0):
 garbage-first heap   total 73728K, used 44949K [0x0000000081800000, 0x0000000100000000)
  region size 1024K, 20 young (20480K), 3 survivors (3072K)
 Metaspace       used 59729K, capacity 60217K, committed 60236K, reserved 1101824K
  class space    used 7596K, capacity 7804K, committed 7808K, reserved 1048576K
}
Event: 17.614 GC heap after
{Heap after GC invocations=22 (full 0):
 garbage-first heap   total 73728K, used 29652K [0x0000000081800000, 0x0000000100000000)
  region size 1024K, 3 young (3072K), 3 survivors (3072K)
 Metaspace       used 59729K, capacity 60217K, committed 60236K, reserved 1101824K
  class space    used 7596K, capacity 7804K, committed 7808K, reserved 1048576K
}
Event: 18.218 GC heap before
{Heap before GC invocations=23 (full 0):
 garbage-first heap   total 73728K, used 59348K [0x0000000081800000, 0x0000000100000000)
  region size 1024K, 32 young (32768K), 3 survivors (3072K)
 Metaspace       used 61691K, capacity 62276K, committed 62540K, reserved 1103872K
  class space    used 7837K, capacity 8012K, committed 8064K, reserved 1048576K
}
Event: 18.227 GC heap after
{Heap after GC invocations=24 (full 0):
 garbage-first heap   total 73728K, used 31045K [0x0000000081800000, 0x0000000100000000)
  region size 1024K, 3 young (3072K), 3 survivors (3072K)
 Metaspace       used 61691K, capacity 62276K, committed 62540K, reserved 1103872K
  class space    used 7837K, capacity 8012K, committed 8064K, reserved 1048576K
}
Event: 18.985 GC heap before
{Heap before GC invocations=25 (full 0):
 garbage-first heap   total 73728K, used 58693K [0x0000000081800000, 0x0000000100000000)
  region size 1024K, 30 young (30720K), 3 survivors (3072K)
 Metaspace       used 63396K, capacity 64023K, committed 64332K, reserved 1105920K
  class space    used 8028K, capacity 8250K, committed 8320K, reserved 1048576K
}
Event: 18.994 GC heap after
{Heap after GC invocations=26 (full 0):
 garbage-first heap   total 73728K, used 32820K [0x0000000081800000, 0x0000000100000000)
  region size 1024K, 4 young (4096K), 4 survivors (4096K)
 Metaspace       used 63396K, capacity 64023K, committed 64332K, reserved 1105920K
  class space    used 8028K, capacity 8250K, committed 8320K, reserved 1048576K
}
Event: 19.221 GC heap before
{Heap before GC invocations=26 (full 0):
 garbage-first heap   total 73728K, used 58420K [0x0000000081800000, 0x0000000100000000)
  region size 1024K, 29 young (29696K), 4 survivors (4096K)
 Metaspace       used 63626K, capacity 64224K, committed 64332K, reserved 1105920K
  class space    used 8036K, capacity 8252K, committed 8320K, reserved 1048576K
}
Event: 19.228 GC heap after
{Heap after GC invocations=27 (full 0):
 garbage-first heap   total 73728K, used 33475K [0x0000000081800000, 0x0000000100000000)
  region size 1024K, 3 young (3072K), 3 survivors (3072K)
 Metaspace       used 63626K, capacity 64224K, committed 64332K, reserved 1105920K
  class space    used 8036K, capacity 8252K, committed 8320K, reserved 1048576K
}
Event: 20.357 GC heap before
{Heap before GC invocations=27 (full 0):
 garbage-first heap   total 73728K, used 60099K [0x0000000081800000, 0x0000000100000000)
  region size 1024K, 29 young (29696K), 3 survivors (3072K)
 Metaspace       used 66412K, capacity 67107K, committed 67276K, reserved 1107968K
  class space    used 8384K, capacity 8612K, committed 8704K, reserved 1048576K
}
Event: 20.364 GC heap after
{Heap after GC invocations=28 (full 0):
 garbage-first heap   total 73728K, used 35287K [0x0000000081800000, 0x0000000100000000)
  region size 1024K, 3 young (3072K), 3 survivors (3072K)
 Metaspace       used 66412K, capacity 67107K, committed 67276K, reserved 1107968K
  class space    used 8384K, capacity 8612K, committed 8704K, reserved 1048576K
}
Event: 21.239 GC heap before
{Heap before GC invocations=28 (full 0):
 garbage-first heap   total 73728K, used 58839K [0x0000000081800000, 0x0000000100000000)
  region size 1024K, 27 young (27648K), 3 survivors (3072K)
 Metaspace       used 68681K, capacity 69445K, committed 69708K, reserved 1110016K
  class space    used 8717K, capacity 8982K, committed 9088K, reserved 1048576K
}
Event: 21.248 GC heap after
{Heap after GC invocations=29 (full 0):
 garbage-first heap   total 73728K, used 37665K [0x0000000081800000, 0x0000000100000000)
  region size 1024K, 4 young (4096K), 4 survivors (4096K)
 Metaspace       used 68681K, capacity 69445K, committed 69708K, reserved 1110016K
  class space    used 8717K, capacity 8982K, committed 9088K, reserved 1048576K
}
Event: 21.807 GC heap before
{Heap before GC invocations=30 (full 0):
 garbage-first heap   total 80896K, used 59169K [0x0000000081800000, 0x0000000100000000)
  region size 1024K, 25 young (25600K), 4 survivors (4096K)
 Metaspace       used 69470K, capacity 70231K, committed 70476K, reserved 1110016K
  class space    used 8805K, capacity 9053K, committed 9088K, reserved 1048576K
}
Event: 21.816 GC heap after
{Heap after GC invocations=31 (full 0):
 garbage-first heap   total 80896K, used 39090K [0x0000000081800000, 0x0000000100000000)
  region size 1024K, 2 young (2048K), 2 survivors (2048K)
 Metaspace       used 69470K, capacity 70231K, committed 70476K, reserved 1110016K
  class space    used 8805K, capacity 9053K, committed 9088K, reserved 1048576K
}
Event: 72.997 GC heap before
{Heap before GC invocations=31 (full 0):
 garbage-first heap   total 80896K, used 65714K [0x0000000081800000, 0x0000000100000000)
  region size 1024K, 28 young (28672K), 2 survivors (2048K)
 Metaspace       used 72295K, capacity 73027K, committed 73164K, reserved 1114112K
  class space    used 9133K, capacity 9408K, committed 9472K, reserved 1048576K
}
Event: 73.002 GC heap after
{Heap after GC invocations=32 (full 0):
 garbage-first heap   total 80896K, used 39619K [0x0000000081800000, 0x0000000100000000)
  region size 1024K, 2 young (2048K), 2 survivors (2048K)
 Metaspace       used 72295K, capacity 73027K, committed 73164K, reserved 1114112K
  class space    used 9133K, capacity 9408K, committed 9472K, reserved 1048576K
}

Deoptimization events (20 events):
Event: 75.610 Thread 0x0000015f5d033140 DEOPT PACKING pc=0x0000015f3ffbf193 sp=0x0000002a134fa370
Event: 75.610 Thread 0x0000015f5d033140 DEOPT UNPACKING pc=0x0000015f3eb0e23f sp=0x0000002a134f99b0 mode 0
Event: 77.940 Thread 0x0000015f57109e40 Uncommon trap: trap_request=0xffffffbe fr.pc=0x0000015f46a30ebc relative=0x00000000000030fc
Event: 77.940 Thread 0x0000015f57109e40 Uncommon trap: reason=profile_predicate action=maybe_recompile pc=0x0000015f46a30ebc method=java.util.TreeMap.put(Ljava/lang/Object;Ljava/lang/Object;Z)Ljava/lang/Object; @ 27 c2
Event: 77.940 Thread 0x0000015f57109e40 DEOPT PACKING pc=0x0000015f46a30ebc sp=0x0000002a129feb10
Event: 77.940 Thread 0x0000015f57109e40 DEOPT UNPACKING pc=0x0000015f3eb0e42f sp=0x0000002a129feb10 mode 2
Event: 77.940 Thread 0x0000015f57109e40 Uncommon trap: trap_request=0xffffffbe fr.pc=0x0000015f46a30ebc relative=0x00000000000030fc
Event: 77.940 Thread 0x0000015f57109e40 Uncommon trap: reason=profile_predicate action=maybe_recompile pc=0x0000015f46a30ebc method=java.util.TreeMap.put(Ljava/lang/Object;Ljava/lang/Object;Z)Ljava/lang/Object; @ 27 c2
Event: 77.940 Thread 0x0000015f57109e40 DEOPT PACKING pc=0x0000015f46a30ebc sp=0x0000002a129feb10
Event: 77.940 Thread 0x0000015f57109e40 DEOPT UNPACKING pc=0x0000015f3eb0e42f sp=0x0000002a129feb10 mode 2
Event: 77.940 Thread 0x0000015f57109e40 Uncommon trap: trap_request=0xffffffbe fr.pc=0x0000015f46a30ebc relative=0x00000000000030fc
Event: 77.940 Thread 0x0000015f57109e40 Uncommon trap: reason=profile_predicate action=maybe_recompile pc=0x0000015f46a30ebc method=java.util.TreeMap.put(Ljava/lang/Object;Ljava/lang/Object;Z)Ljava/lang/Object; @ 27 c2
Event: 77.940 Thread 0x0000015f57109e40 DEOPT PACKING pc=0x0000015f46a30ebc sp=0x0000002a129feb10
Event: 77.941 Thread 0x0000015f57109e40 DEOPT UNPACKING pc=0x0000015f3eb0e42f sp=0x0000002a129feb10 mode 2
Event: 77.941 Thread 0x0000015f57109e40 Uncommon trap: trap_request=0xffffffbe fr.pc=0x0000015f46a30ebc relative=0x00000000000030fc
Event: 77.941 Thread 0x0000015f57109e40 Uncommon trap: reason=profile_predicate action=maybe_recompile pc=0x0000015f46a30ebc method=java.util.TreeMap.put(Ljava/lang/Object;Ljava/lang/Object;Z)Ljava/lang/Object; @ 27 c2
Event: 77.941 Thread 0x0000015f57109e40 DEOPT PACKING pc=0x0000015f46a30ebc sp=0x0000002a129feb10
Event: 77.941 Thread 0x0000015f57109e40 DEOPT UNPACKING pc=0x0000015f3eb0e42f sp=0x0000002a129feb10 mode 2
Event: 97.000 Thread 0x0000015f5d031930 DEOPT PACKING pc=0x0000015f3ffbf193 sp=0x0000002a137f98a0
Event: 97.000 Thread 0x0000015f5d031930 DEOPT UNPACKING pc=0x0000015f3eb0e23f sp=0x0000002a137f8ee0 mode 0

Classes unloaded (2 events):
Event: 21.353 Thread 0x0000015f54ae2060 Unloading class 0x0000000801312840 'jdk/internal/reflect/GeneratedSerializationConstructorAccessor1'
Event: 73.091 Thread 0x0000015f54ae2060 Unloading class 0x0000000801367840 'jdk/internal/reflect/GeneratedSerializationConstructorAccessor2'

Classes redefined (0 events):
No events

Internal exceptions (20 events):
Event: 21.233 Thread 0x0000015f5638b0b0 Exception <a 'java/lang/ClassNotFoundException'{0x00000000848797c0}: java/lang/ObjectCustomizer> (0x00000000848797c0) 
thrown [./open/src/hotspot/share/classfile/systemDictionary.cpp, line 295]
Event: 21.234 Thread 0x0000015f5638b0b0 Exception <a 'java/lang/ClassNotFoundException'{0x0000000084881d38}: dev/fenix/application/cascade/model/ACustomizer> (0x0000000084881d38) 
thrown [./open/src/hotspot/share/classfile/systemDictionary.cpp, line 295]
Event: 21.291 Thread 0x0000015f5638b0b0 Exception <a 'java/lang/ClassNotFoundException'{0x0000000085c68328}: java/lang/ObjectCustomizer> (0x0000000085c68328) 
thrown [./open/src/hotspot/share/classfile/systemDictionary.cpp, line 295]
Event: 21.292 Thread 0x0000015f5638b0b0 Exception <a 'java/lang/ClassNotFoundException'{0x0000000085c71670}: dev/fenix/application/app/model/NotificationCustomizer> (0x0000000085c71670) 
thrown [./open/src/hotspot/share/classfile/systemDictionary.cpp, line 295]
Event: 21.368 Thread 0x0000015f5638b0b0 Exception <a 'java/lang/ClassNotFoundException'{0x0000000085734558}: java/lang/ObjectCustomizer> (0x0000000085734558) 
thrown [./open/src/hotspot/share/classfile/systemDictionary.cpp, line 295]
Event: 21.387 Thread 0x0000015f5638b0b0 Exception <a 'java/lang/ClassNotFoundException'{0x000000008573cad0}: dev/fenix/application/cascade/model/BCustomizer> (0x000000008573cad0) 
thrown [./open/src/hotspot/share/classfile/systemDictionary.cpp, line 295]
Event: 21.709 Thread 0x0000015f5638b0b0 Exception <a 'java/lang/NoSuchMethodError'{0x00000000854403b8}: 'java.lang.Object java.lang.invoke.DirectMethodHandle$Holder.invokeSpecial(java.lang.Object, java.lang.Object, int, java.lang.Object, int, java.lang.Object)'> (0x00000000854403b8) 
thrown [./open/src/hotspot/share/interpreter/linkResolver.cpp, line 782]
Event: 21.711 Thread 0x0000015f5638b0b0 Exception <a 'java/lang/NoSuchMethodError'{0x0000000085448e48}: 'java.lang.Object java.lang.invoke.DirectMethodHandle$Holder.newInvokeSpecial(java.lang.Object, java.lang.Object, int, java.lang.Object, int)'> (0x0000000085448e48) 
thrown [./open/src/hotspot/share/interpreter/linkResolver.cpp, line 782]
Event: 21.713 Thread 0x0000015f5638b0b0 Exception <a 'java/lang/NoSuchMethodError'{0x000000008544d058}: 'java.lang.Object java.lang.invoke.DirectMethodHandle$Holder.invokeSpecial(java.lang.Object, java.lang.Object, java.lang.Object, int, java.lang.Object, int)'> (0x000000008544d058) 
thrown [./open/src/hotspot/share/interpreter/linkResolver.cpp, line 782]
Event: 21.717 Thread 0x0000015f5638b0b0 Exception <a 'java/lang/NoSuchMethodError'{0x00000000854572b8}: 'void java.lang.invoke.DirectMethodHandle$Holder.invokeVirtual(java.lang.Object, java.lang.Object)'> (0x00000000854572b8) 
thrown [./open/src/hotspot/share/interpreter/linkResolver.cpp, line 782]
Event: 71.095 Thread 0x0000015f5c0a66e0 Exception <a 'java/lang/ArrayIndexOutOfBoundsException'{0x0000000085ac1240}: Index -1 out of bounds for length 128> (0x0000000085ac1240) 
thrown [./open/src/hotspot/share/interpreter/interpreterRuntime.cpp, line 443]
Event: 71.349 Thread 0x0000015f5c0a66e0 Exception <a 'java/lang/ArrayIndexOutOfBoundsException'{0x000000008574f548}: Index -1 out of bounds for length 128> (0x000000008574f548) 
thrown [./open/src/hotspot/share/interpreter/interpreterRuntime.cpp, line 443]
Event: 71.651 Thread 0x0000015f5c0a66e0 Exception <a 'java/lang/NoSuchMethodError'{0x0000000085489e50}: 'void java.lang.invoke.DirectMethodHandle$Holder.invokeStaticInit(java.lang.Object, java.lang.Object, java.lang.Object)'> (0x0000000085489e50) 
thrown [./open/src/hotspot/share/interpreter/linkResolver.cpp, line 782]
Event: 71.909 Thread 0x0000015f5c0a66e0 Implicit null exception at 0x0000015f466f67d2 to 0x0000015f466f6920
Event: 74.247 Thread 0x0000015f5c0a4ed0 Exception <a 'java/lang/ArrayIndexOutOfBoundsException'{0x00000000897c7258}: Index -1 out of bounds for length 128> (0x00000000897c7258) 
thrown [./open/src/hotspot/share/interpreter/interpreterRuntime.cpp, line 443]
Event: 74.267 Thread 0x0000015f5c0a7080 Exception <a 'java/lang/ArrayIndexOutOfBoundsException'{0x00000000897e86e8}: Index -1 out of bounds for length 128> (0x00000000897e86e8) 
thrown [./open/src/hotspot/share/interpreter/interpreterRuntime.cpp, line 443]
Event: 74.292 Thread 0x0000015f5c0a7550 Exception <a 'java/lang/ArrayIndexOutOfBoundsException'{0x0000000086565148}: Index -1 out of bounds for length 128> (0x0000000086565148) 
thrown [./open/src/hotspot/share/interpreter/interpreterRuntime.cpp, line 443]
Event: 74.292 Thread 0x0000015f5d033140 Exception <a 'java/lang/ArrayIndexOutOfBoundsException'{0x000000008658ea00}: Index -1 out of bounds for length 128> (0x000000008658ea00) 
thrown [./open/src/hotspot/share/interpreter/interpreterRuntime.cpp, line 443]
Event: 75.364 Thread 0x0000015f5d033140 Exception <a 'java/lang/NoSuchMethodError'{0x0000000086105868}: 'java.lang.Object java.lang.invoke.DirectMethodHandle$Holder.newInvokeSpecial(java.lang.Object, long)'> (0x0000000086105868) 
thrown [./open/src/hotspot/share/interpreter/linkResolver.cpp, line 782]
Event: 96.595 Thread 0x0000015f5d031930 Exception <a 'java/lang/ArrayIndexOutOfBoundsException'{0x0000000085b3c718}: Index -1 out of bounds for length 128> (0x0000000085b3c718) 
thrown [./open/src/hotspot/share/interpreter/interpreterRuntime.cpp, line 443]

Events (20 events):
Event: 73.002 Executing VM operation: HandshakeAllThreads
Event: 73.003 Executing VM operation: HandshakeAllThreads done
Event: 73.090 Executing VM operation: G1Concurrent
Event: 73.103 Executing VM operation: G1Concurrent done
Event: 73.164 Executing VM operation: G1Concurrent
Event: 73.164 Executing VM operation: G1Concurrent done
Event: 74.694 Executing VM operation: ICBufferFull
Event: 74.695 Executing VM operation: ICBufferFull done
Event: 74.696 Executing VM operation: HandshakeAllThreads
Event: 74.697 Executing VM operation: HandshakeAllThreads done
Event: 75.020 loading class jdk/internal/reflect/UnsafeLongFieldAccessorImpl
Event: 75.020 loading class jdk/internal/reflect/UnsafeLongFieldAccessorImpl done
Event: 75.254 loading class java/util/function/LongSupplier
Event: 75.255 loading class java/util/function/LongSupplier done
Event: 75.696 Executing VM operation: HandshakeAllThreads
Event: 75.696 Executing VM operation: HandshakeAllThreads done
Event: 96.708 Executing VM operation: HandshakeAllThreads
Event: 96.708 Executing VM operation: HandshakeAllThreads done
Event: 96.835 Thread 0x0000015f5b471010 Thread added: 0x0000015f5b471010
Event: 97.072 Thread 0x0000015f5b471010 Thread exited: 0x0000015f5b471010


Dynamic libraries:
0x00007ff6246f0000 - 0x00007ff6246ff000 	C:\Program Files\Java\jdk-15.0.2\bin\java.exe
0x00007fffaea80000 - 0x00007fffaec70000 	C:\Windows\SYSTEM32\ntdll.dll
0x00007fffad900000 - 0x00007fffad9b2000 	C:\Windows\System32\KERNEL32.DLL
0x00007fffac6f0000 - 0x00007fffac995000 	C:\Windows\System32\KERNELBASE.dll
0x00007fffaca30000 - 0x00007fffacb2a000 	C:\Windows\System32\ucrtbase.dll
0x00007fffa4860000 - 0x00007fffa4878000 	C:\Program Files\Java\jdk-15.0.2\bin\jli.dll
0x00007fffad9c0000 - 0x00007fffada63000 	C:\Windows\System32\ADVAPI32.dll
0x00007fffadaf0000 - 0x00007fffadb8e000 	C:\Windows\System32\msvcrt.dll
0x00007fffacb90000 - 0x00007fffacc27000 	C:\Windows\System32\sechost.dll
0x00007fffacef0000 - 0x00007fffad00f000 	C:\Windows\System32\RPCRT4.dll
0x00007fffadc40000 - 0x00007fffaddd4000 	C:\Windows\System32\USER32.dll
0x00007fffac9a0000 - 0x00007fffac9c1000 	C:\Windows\System32\win32u.dll
0x00007fffad1d0000 - 0x00007fffad1f6000 	C:\Windows\System32\GDI32.dll
0x00007fffac2e0000 - 0x00007fffac478000 	C:\Windows\System32\gdi32full.dll
0x00007fffab9f0000 - 0x00007fffaba8e000 	C:\Windows\System32\msvcp_win.dll
0x00007fffa2950000 - 0x00007fffa295a000 	C:\Windows\SYSTEM32\VERSION.dll
0x00007fff986e0000 - 0x00007fff98964000 	C:\Windows\WinSxS\amd64_microsoft.windows.common-controls_6595b64144ccf1df_6.0.18362.1556_none_9e7e372fe45e41d5\COMCTL32.dll
0x00007fffae010000 - 0x00007fffae346000 	C:\Windows\System32\combase.dll
0x00007fffac480000 - 0x00007fffac501000 	C:\Windows\System32\bcryptPrimitives.dll
0x00007fffa48c0000 - 0x00007fffa48d9000 	C:\Program Files\Java\jdk-15.0.2\bin\VCRUNTIME140.dll
0x00007fffaea10000 - 0x00007fffaea3e000 	C:\Windows\System32\IMM32.DLL
0x00007fffa48f0000 - 0x00007fffa48fc000 	C:\Program Files\Java\jdk-15.0.2\bin\vcruntime140_1.dll
0x00007fff9e080000 - 0x00007fff9e111000 	C:\Program Files\Java\jdk-15.0.2\bin\msvcp140.dll
0x00007fff59260000 - 0x00007fff59dbe000 	C:\Program Files\Java\jdk-15.0.2\bin\server\jvm.dll
0x00007fffad1c0000 - 0x00007fffad1c8000 	C:\Windows\System32\PSAPI.DLL
0x00007fffa4b00000 - 0x00007fffa4b24000 	C:\Windows\SYSTEM32\WINMM.dll
0x00007fffa48e0000 - 0x00007fffa48e9000 	C:\Windows\SYSTEM32\WSOCK32.dll
0x00007fffa4ad0000 - 0x00007fffa4afd000 	C:\Windows\SYSTEM32\WINMMBASE.dll
0x00007fffada80000 - 0x00007fffadaef000 	C:\Windows\System32\WS2_32.dll
0x00007fffac6a0000 - 0x00007fffac6ea000 	C:\Windows\System32\cfgmgr32.dll
0x00007fffab990000 - 0x00007fffab9a1000 	C:\Windows\System32\kernel.appcore.dll
0x00007fffa47d0000 - 0x00007fffa47da000 	C:\Program Files\Java\jdk-15.0.2\bin\jimage.dll
0x00007fffa6d10000 - 0x00007fffa6f04000 	C:\Windows\SYSTEM32\DBGHELP.DLL
0x00007fff992d0000 - 0x00007fff992fa000 	C:\Windows\SYSTEM32\dbgcore.DLL
0x00007fffa47c0000 - 0x00007fffa47ce000 	C:\Program Files\Java\jdk-15.0.2\bin\instrument.dll
0x00007fffa2e40000 - 0x00007fffa2e65000 	C:\Program Files\Java\jdk-15.0.2\bin\java.dll
0x00007fffad210000 - 0x00007fffad8f7000 	C:\Windows\System32\SHELL32.dll
0x00007fffadb90000 - 0x00007fffadc38000 	C:\Windows\System32\shcore.dll
0x00007fffaba90000 - 0x00007fffac20b000 	C:\Windows\System32\windows.storage.dll
0x00007fffab9d0000 - 0x00007fffab9ee000 	C:\Windows\System32\profapi.dll
0x00007fffab940000 - 0x00007fffab98a000 	C:\Windows\System32\powrprof.dll
0x00007fffab930000 - 0x00007fffab940000 	C:\Windows\System32\UMPDC.dll
0x00007fffad0f0000 - 0x00007fffad142000 	C:\Windows\System32\shlwapi.dll
0x00007fffac2c0000 - 0x00007fffac2d7000 	C:\Windows\System32\cryptsp.dll
0x00007fffa2df0000 - 0x00007fffa2e08000 	C:\Program Files\Java\jdk-15.0.2\bin\zip.dll
0x00007fffa4600000 - 0x00007fffa4619000 	C:\Program Files\Java\jdk-15.0.2\bin\net.dll
0x00007fff9c1d0000 - 0x00007fff9c2ca000 	C:\Windows\SYSTEM32\WINHTTP.dll
0x00007fffab120000 - 0x00007fffab187000 	C:\Windows\system32\mswsock.dll
0x00007fffa2e10000 - 0x00007fffa2e22000 	C:\Program Files\Java\jdk-15.0.2\bin\nio.dll
0x00007fff9f580000 - 0x00007fff9f59a000 	C:\Program Files\JetBrains\IntelliJ IDEA Community Edition 2020.3.2\bin\breakgen64.dll
0x00007fffa3250000 - 0x00007fffa3260000 	C:\Program Files\Java\jdk-15.0.2\bin\verify.dll
0x00007fff9f570000 - 0x00007fff9f579000 	C:\Program Files\Java\jdk-15.0.2\bin\management.dll
0x00007fff9f0c0000 - 0x00007fff9f0cb000 	C:\Program Files\Java\jdk-15.0.2\bin\management_ext.dll
0x00007fff8f200000 - 0x00007fff8f216000 	C:\Windows\system32\napinsp.dll
0x00007fff8f1e0000 - 0x00007fff8f1fa000 	C:\Windows\system32\pnrpnsp.dll
0x00007fffaae80000 - 0x00007fffaaf4b000 	C:\Windows\SYSTEM32\DNSAPI.dll
0x00007fffad200000 - 0x00007fffad208000 	C:\Windows\System32\NSI.dll
0x00007fffaae40000 - 0x00007fffaae7a000 	C:\Windows\SYSTEM32\IPHLPAPI.DLL
0x00007fff8f1c0000 - 0x00007fff8f1ce000 	C:\Windows\System32\winrnr.dll
0x00007fffa45b0000 - 0x00007fffa45cc000 	C:\Windows\system32\NLAapi.dll
0x00007fffa3600000 - 0x00007fffa3615000 	C:\Windows\system32\wshbth.dll
0x000000006c650000 - 0x000000006c676000 	C:\Program Files\Bonjour\mdnsNSP.dll
0x00007fff98fc0000 - 0x00007fff98fca000 	C:\Windows\System32\rasadhlp.dll
0x00007fffa3b30000 - 0x00007fffa3ba7000 	C:\Windows\System32\fwpuclnt.dll
0x00007fffac510000 - 0x00007fffac536000 	C:\Windows\System32\bcrypt.dll
0x00007fffaacb0000 - 0x00007fffaace3000 	C:\Windows\system32\rsaenh.dll
0x00007fffab850000 - 0x00007fffab875000 	C:\Windows\SYSTEM32\USERENV.dll
0x00007fffab2a0000 - 0x00007fffab2ac000 	C:\Windows\SYSTEM32\CRYPTBASE.dll
0x00007fffa68c0000 - 0x00007fffa68d6000 	C:\Windows\SYSTEM32\dhcpcsvc6.DLL
0x00007fffa68a0000 - 0x00007fffa68bc000 	C:\Windows\SYSTEM32\dhcpcsvc.DLL
0x00007fff9f0b0000 - 0x00007fff9f0bd000 	C:\Program Files\Java\jdk-15.0.2\bin\sunmscapi.dll
0x00007fffac540000 - 0x00007fffac691000 	C:\Windows\System32\CRYPT32.dll
0x00007fffab9b0000 - 0x00007fffab9c2000 	C:\Windows\System32\MSASN1.dll
0x00007fffab450000 - 0x00007fffab476000 	C:\Windows\SYSTEM32\ncrypt.dll
0x00007fffab410000 - 0x00007fffab44b000 	C:\Windows\SYSTEM32\NTASN1.dll

dbghelp: loaded successfully - version: 4.0.5 - missing functions: none
symbol engine: initialized successfully - sym options: 0x614 - pdb path: .;C:\Program Files\Java\jdk-15.0.2\bin;C:\Windows\SYSTEM32;C:\Windows\WinSxS\amd64_microsoft.windows.common-controls_6595b64144ccf1df_6.0.18362.1556_none_9e7e372fe45e41d5;C:\Program Files\Java\jdk-15.0.2\bin\server;C:\Program Files\JetBrains\IntelliJ IDEA Community Edition 2020.3.2\bin;C:\Program Files\Bonjour

VM Arguments:
jvm_args: -javaagent:C:\Program Files\JetBrains\IntelliJ IDEA Community Edition 2020.3.2\lib\idea_rt.jar=51364:C:\Program Files\JetBrains\IntelliJ IDEA Community Edition 2020.3.2\bin -Dfile.encoding=UTF-8 
java_command: dev.fenix.application.Application
java_class_path (initial): C:\Users\PC-FAYSSAL\IdeaProjects\appProduction_tc\target\classes;C:\Users\PC-FAYSSAL\.m2\repository\org\springframework\boot\spring-boot-starter-data-jpa\2.4.1\spring-boot-starter-data-jpa-2.4.1.jar;C:\Users\PC-FAYSSAL\.m2\repository\org\springframework\boot\spring-boot-starter-aop\2.4.1\spring-boot-starter-aop-2.4.1.jar;C:\Users\PC-FAYSSAL\.m2\repository\org\aspectj\aspectjweaver\1.9.6\aspectjweaver-1.9.6.jar;C:\Users\PC-FAYSSAL\.m2\repository\org\springframework\boot\spring-boot-starter-jdbc\2.4.1\spring-boot-starter-jdbc-2.4.1.jar;C:\Users\PC-FAYSSAL\.m2\repository\com\zaxxer\HikariCP\3.4.5\HikariCP-3.4.5.jar;C:\Users\PC-FAYSSAL\.m2\repository\org\springframework\spring-jdbc\5.3.2\spring-jdbc-5.3.2.jar;C:\Users\PC-FAYSSAL\.m2\repository\jakarta\transaction\jakarta.transaction-api\1.3.3\jakarta.transaction-api-1.3.3.jar;C:\Users\PC-FAYSSAL\.m2\repository\jakarta\persistence\jakarta.persistence-api\2.2.3\jakarta.persistence-api-2.2.3.jar;C:\Users\PC-FAYSSAL\.m2\repository\org\hibernate\hibernate-core\5.4.25.Final\hibernate-core-5.4.25.Final.jar;C:\Users\PC-FAYSSAL\.m2\repository\org\javassist\javassist\3.27.0-GA\javassist-3.27.0-GA.jar;C:\Users\PC-FAYSSAL\.m2\repository\net\bytebuddy\byte-buddy\1.10.18\byte-buddy-1.10.18.jar;C:\Users\PC-FAYSSAL\.m2\repository\antlr\antlr\2.7.7\antlr-2.7.7.jar;C:\Users\PC-FAYSSAL\.m2\repository\org\jboss\jandex\2.1.3.Final\jandex-2.1.3.Final.jar;C:\Users\PC-FAYSSAL\.m2\repository\org\hibernate\common\hibernate-commons-annotations\5.1.2.Final\hibernate-commons-annotations-5.1.2.Final.jar;C:\Users\PC-FAYSSAL\.m2\repository\org\springframework\data\spring-data-jpa\2.4.2\spring-data-jpa-2.4.2.jar;C:\Users\PC-FAYSSAL\.m2\repository\org\springframework\data\spring-data-commons\2.4.2\spring-data-commons-2.4.2.jar;C:\Users\PC-FAYSSAL\.m2\repository\org\springframework\spring-orm\5.3.2\spring-orm-5.3.2.jar;C:\Users\PC-FAYSSAL\.m2\repository\org\springframework\spring-context\5.3.2\spring-context-5.3.2.jar;C:\User
Launcher Type: SUN_STANDARD

[Global flags]
     intx CICompilerCount                          = 3                                         {product} {ergonomic}
     uint ConcGCThreads                            = 1                                         {product} {ergonomic}
     uint G1ConcRefinementThreads                  = 4                                         {product} {ergonomic}
   size_t G1HeapRegionSize                         = 1048576                                   {product} {ergonomic}
    uintx GCDrainStackTargetSize                   = 64                                        {product} {ergonomic}
   size_t InitialHeapSize                          = 134217728                                 {product} {ergonomic}
   size_t MarkStackSize                            = 4194304                                   {product} {ergonomic}
   size_t MaxHeapSize                              = 2122317824                                {product} {ergonomic}
   size_t MaxNewSize                               = 1272971264                                {product} {ergonomic}
   size_t MinHeapDeltaBytes                        = 1048576                                   {product} {ergonomic}
   size_t MinHeapSize                              = 8388608                                   {product} {ergonomic}
    uintx NonNMethodCodeHeapSize                   = 5832780                                {pd product} {ergonomic}
    uintx NonProfiledCodeHeapSize                  = 122912730                              {pd product} {ergonomic}
    uintx ProfiledCodeHeapSize                     = 122912730                              {pd product} {ergonomic}
    uintx ReservedCodeCacheSize                    = 251658240                              {pd product} {ergonomic}
     bool SegmentedCodeCache                       = true                                      {product} {ergonomic}
   size_t SoftMaxHeapSize                          = 2122317824                             {manageable} {ergonomic}
     bool UseCompressedClassPointers               = true                                 {lp64_product} {ergonomic}
     bool UseCompressedOops                        = true                                 {lp64_product} {ergonomic}
     bool UseG1GC                                  = true                                      {product} {ergonomic}
     bool UseLargePagesIndividualAllocation        = false                                  {pd product} {ergonomic}

Logging:
Log output configuration:
 #0: stdout all=warning uptime,level,tags
 #1: stderr all=off uptime,level,tags

Environment Variables:
JAVA_HOME=C:\Program Files\Java\jdk-15.0.2
PATH=C:\Program Files\Common Files\Oracle\Java\javapath;C:\Program Files (x86)\Common Files\Oracle\Java\javapath;C:\Program Files\AdoptOpenJDK\jre-11.0.7.10-hotspot\bin;C:\Program Files\AdoptOpenJDK\jre-8.0.252.09-hotspot\bin;C:\Program Files (x86)\AdoptOpenJDK\jre-8.0.252.09-hotspot\bin;C:\Windows\system32;C:\Windows;C:\Windows\System32\Wbem;C:\Windows\System32\WindowsPowerShell\v1.0\;C:\Windows\System32\OpenSSH\;C:\Program Files (x86)\AMD\ATI.ACE\Core-Static;C:\Program Files\Git\cmd;C:\flutter\bin;C:\xampp\php;C:\ProgramData\ComposerSetup\bin;C:\Program Files\nodejs\;C:\xlaminas\php;C:\Program Files (x86)\Intel\Intel(R) Management Engine Components\DAL;C:\Program Files\Intel\Intel(R) Management Engine Components\DAL;C:\Program Files\PuTTY\;C:\Program Files\Docker\Docker\resources\bin;C:\ProgramData\DockerDesktop\version-bin;C:\Program Files\MySQL\MySQL Shell 8.0\bin\;C:\Users\PC-FAYSSAL\AppData\Local\Microsoft\WindowsApps;C:\Program Files\JetBrains\PhpStorm 2021.1.4\bin;;C:\Users\PC-FAYSSAL\AppData\Roaming\Composer\vendor\bin;C:\Users\PC-FAYSSAL\AppData\Roaming\npm;C:\xlaminas\php;C:\dev\htdocs\laminas-mvc-skeleton;C:\Users\PC-FAYSSAL\AppData\Local\GitHubDesktop\bin;C:\Program Files\JetBrains\IntelliJ IDEA Community Edition 2020.3.2\bin;;C:\src\flutter\bin;C:\Users\PC-FAYSSAL\AppData\Local\Programs\Microsoft VS Code _ 2\bin;C:\Users\PC-FAYSSAL\AppData\Local\Programs\Microsoft VS Code Insiders\bin
USERNAME=PC-FAYSSAL
OS=Windows_NT
PROCESSOR_IDENTIFIER=Intel64 Family 6 Model 78 Stepping 3, GenuineIntel



---------------  S Y S T E M  ---------------

OS:
 Windows 10 , 64 bit Build 18362 (10.0.18362.1500)
OS uptime: 4 days 3:04 hours
HyperV virtualization detected

CPU: total 4 (initial active 4) (2 cores per cpu, 2 threads per core) family 6 model 78 stepping 3 microcode 0xd6, cmov, cx8, fxsr, mmx, sse, sse2, sse3, ssse3, sse4.1, sse4.2, popcnt, vzeroupper, avx, avx2, aes, clmul, erms, 3dnowpref, lzcnt, ht, tsc, tscinvbit, bmi1, bmi2, adx, fma, clflush, clflushopt

Memory: 4k page, system-wide physical 8089M (609M free)
TotalPageFile size 32665M (AvailPageFile size 5M)
current process WorkingSet (physical memory assigned to process): 268M, peak: 306M
current process commit charge ("private bytes"): 302M, peak: 341M

vm_info: Java HotSpot(TM) 64-Bit Server VM (15.0.2+7-27) for windows-amd64 JRE (15.0.2+7-27), built on Dec  7 2020 20:07:01 by "mach5one" with unknown MS VC++:1925

END.
