#
# There is insufficient memory for the Java Runtime Environment to continue.
# Native memory allocation (malloc) failed to allocate 2052816 bytes for Chunk::new
# Possible reasons:
#   The system is out of physical RAM or swap space
#   The process is running with CompressedOops enabled, and the Java Heap may be blocking the growth of the native heap
# Possible solutions:
#   Reduce memory load on the system
#   Increase physical memory or swap space
#   Check if swap backing store is full
#   Decrease Java heap size (-Xmx/-Xms)
#   Decrease number of Java threads
#   Decrease Java thread stack sizes (-Xss)
#   Set larger code cache with -XX:ReservedCodeCacheSize=
#   JVM is running with Unscaled Compressed Oops mode in which the Java heap is
#     placed in the first 4GB address space. The Java Heap base address is the
#     maximum limit for the native heap growth. Please use -XX:HeapBaseMinAddress
#     to set the Java Heap base and to place the Java Heap above 4GB virtual address.
# This output file may be truncated or incomplete.
#
#  Out of Memory Error (./open/src/hotspot/share/memory/arena.cpp:195), pid=18856, tid=10672
#
# JRE version: Java(TM) SE Runtime Environment (15.0.2+7) (build 15.0.2+7-27)
# Java VM: Java HotSpot(TM) 64-Bit Server VM (15.0.2+7-27, mixed mode, sharing, tiered, compressed oops, g1 gc, windows-amd64)
# No core dump will be written. Minidumps are not enabled by default on client versions of Windows
#

---------------  S U M M A R Y ------------

Command Line: -javaagent:C:\Program Files\JetBrains\IntelliJ IDEA Community Edition 2020.3.2\lib\idea_rt.jar=51939:C:\Program Files\JetBrains\IntelliJ IDEA Community Edition 2020.3.2\bin -Dfile.encoding=UTF-8 dev.fenix.application.Application

Host: Intel(R) Core(TM) i7-6500U CPU @ 2.50GHz, 4 cores, 7G,  Windows 10 , 64 bit Build 18362 (10.0.18362.1500)
Time: Thu Dec 16 10:03:49 2021 Maroc (heure d?été) elapsed time: 26.228156 seconds (0d 0h 0m 26s)

---------------  T H R E A D  ---------------

Current thread (0x0000013160c18ac0):  JavaThread "C2 CompilerThread0" daemon [_thread_in_native, id=10672, stack(0x000000090a800000,0x000000090a900000)]


Current CompileTask:
C2:  26228 7460       4       org.springframework.core.annotation.AnnotationsScanner::getBaseTypeMethods (145 bytes)

Stack: [0x000000090a800000,0x000000090a900000]
Native frames: (J=compiled Java code, j=interpreted, Vv=VM code, C=native code)
V  [jvm.dll+0x62ae9a]
V  [jvm.dll+0x7817a9]
V  [jvm.dll+0x782f03]
V  [jvm.dll+0x783563]
V  [jvm.dll+0x216325]
V  [jvm.dll+0x97f3a]
V  [jvm.dll+0x9861c]
V  [jvm.dll+0x32e2a8]
V  [jvm.dll+0x2f768a]
V  [jvm.dll+0x2f6a4a]
V  [jvm.dll+0x1ea705]
V  [jvm.dll+0x1e996e]
V  [jvm.dll+0x178567]
V  [jvm.dll+0x1f9225]
V  [jvm.dll+0x1f72cc]
V  [jvm.dll+0x74495d]
V  [jvm.dll+0x73d75a]
V  [jvm.dll+0x629c56]
C  [ucrtbase.dll+0x210b2]
C  [KERNEL32.DLL+0x17c24]
C  [ntdll.dll+0x6d721]


---------------  P R O C E S S  ---------------

Threads class SMR info:
_java_thread_list=0x000001316769be40, length=18, elements={
0x00000131429d7db0, 0x0000013160bfe970, 0x0000013160bff540, 0x0000013160c0a270,
0x0000013160c16220, 0x0000013160c17ce0, 0x0000013160c18ac0, 0x00000131615b0e30,
0x00000131615b9520, 0x0000013160be0a60, 0x0000013161be2970, 0x0000013161be32c0,
0x00000131645769f0, 0x0000013164577860, 0x000001316439b3c0, 0x000001316439aef0,
0x000001316439bd60, 0x000001316439e3e0
}

Java Threads: ( => current thread )
  0x00000131429d7db0 JavaThread "main" [_thread_blocked, id=4188, stack(0x0000000909c00000,0x0000000909d00000)]
  0x0000013160bfe970 JavaThread "Reference Handler" daemon [_thread_blocked, id=13316, stack(0x000000090a300000,0x000000090a400000)]
  0x0000013160bff540 JavaThread "Finalizer" daemon [_thread_blocked, id=2876, stack(0x000000090a400000,0x000000090a500000)]
  0x0000013160c0a270 JavaThread "Signal Dispatcher" daemon [_thread_blocked, id=3764, stack(0x000000090a500000,0x000000090a600000)]
  0x0000013160c16220 JavaThread "Attach Listener" daemon [_thread_blocked, id=12072, stack(0x000000090a600000,0x000000090a700000)]
  0x0000013160c17ce0 JavaThread "Service Thread" daemon [_thread_blocked, id=19868, stack(0x000000090a700000,0x000000090a800000)]
=>0x0000013160c18ac0 JavaThread "C2 CompilerThread0" daemon [_thread_in_native, id=10672, stack(0x000000090a800000,0x000000090a900000)]
  0x00000131615b0e30 JavaThread "C1 CompilerThread0" daemon [_thread_blocked, id=260, stack(0x000000090a900000,0x000000090aa00000)]
  0x00000131615b9520 JavaThread "Sweeper thread" daemon [_thread_blocked, id=1124, stack(0x000000090aa00000,0x000000090ab00000)]
  0x0000013160be0a60 JavaThread "Common-Cleaner" daemon [_thread_blocked, id=5812, stack(0x000000090ab00000,0x000000090ac00000)]
  0x0000013161be2970 JavaThread "Monitor Ctrl-Break" daemon [_thread_in_native, id=7652, stack(0x000000090ac00000,0x000000090ad00000)]
  0x0000013161be32c0 JavaThread "Notification Thread" daemon [_thread_blocked, id=16932, stack(0x000000090ad00000,0x000000090ae00000)]
  0x00000131645769f0 JavaThread "mysql-cj-abandoned-connection-cleanup" daemon [_thread_blocked, id=17888, stack(0x000000090b300000,0x000000090b400000)]
  0x0000013164577860 JavaThread "HikariPool-1 housekeeper" daemon [_thread_blocked, id=17420, stack(0x000000090b600000,0x000000090b700000)]
  0x000001316439b3c0 JavaThread "Catalina-utility-1" [_thread_blocked, id=10760, stack(0x000000090b500000,0x000000090b600000)]
  0x000001316439aef0 JavaThread "Catalina-utility-2" [_thread_blocked, id=19560, stack(0x000000090b700000,0x000000090b800000)]
  0x000001316439bd60 JavaThread "container-0" [_thread_blocked, id=11440, stack(0x000000090b800000,0x000000090b900000)]
  0x000001316439e3e0 JavaThread "pool-1-thread-1" [_thread_blocked, id=17004, stack(0x000000090b900000,0x000000090ba00000)]

Other Threads:
  0x0000013160bf9cd0 VMThread "VM Thread" [stack: 0x000000090a200000,0x000000090a300000] [id=11756]
  0x0000013161be57a0 WatcherThread [stack: 0x000000090ae00000,0x000000090af00000] [id=880]
  0x0000013142a16ef0 GCTaskThread "GC Thread#0" [stack: 0x0000000909d00000,0x0000000909e00000] [id=18124]
  0x0000013161e9efc0 GCTaskThread "GC Thread#1" [stack: 0x000000090af00000,0x000000090b000000] [id=3176]
  0x0000013161e9f2f0 GCTaskThread "GC Thread#2" [stack: 0x000000090b100000,0x000000090b200000] [id=13272]
  0x0000013161e9f620 GCTaskThread "GC Thread#3" [stack: 0x000000090b400000,0x000000090b500000] [id=9428]
  0x0000013142a27ec0 ConcurrentGCThread "G1 Main Marker" [stack: 0x0000000909e00000,0x0000000909f00000] [id=12080]
  0x0000013142a29b40 ConcurrentGCThread "G1 Conc#0" [stack: 0x0000000909f00000,0x000000090a000000] [id=13280]
  0x0000013160a70090 ConcurrentGCThread "G1 Refine#0" [stack: 0x000000090a000000,0x000000090a100000] [id=2536]
  0x0000013161dac8b0 ConcurrentGCThread "G1 Refine#1" [stack: 0x000000090b200000,0x000000090b300000] [id=7420]
  0x0000013160a70d10 ConcurrentGCThread "G1 Young RemSet Sampling" [stack: 0x000000090a100000,0x000000090a200000] [id=19996]

Threads with active compile tasks:
C2 CompilerThread0    26298 7460       4       org.springframework.core.annotation.AnnotationsScanner::getBaseTypeMethods (145 bytes)

VM state: not at safepoint (normal execution)

VM Mutex/Monitor currently owned by a thread: None

Heap address: 0x0000000081800000, size: 2024 MB, Compressed Oops mode: 32-bit
CDS archive(s) mapped at: [0x0000000800000000-0x0000000800b50000-0x0000000800b50000), size 11862016, SharedBaseAddress: 0x0000000800000000, ArchiveRelocationMode: 0.
Compressed class space mapped at: 0x0000000800b50000-0x0000000840b50000, size: 1073741824
Narrow klass base: 0x0000000800000000, Narrow klass shift: 3, Narrow klass range: 0x100000000

GC Precious Log:
 CPUs: 4 total, 4 available
 Memory: 8089M
 Large Page Support: Disabled
 NUMA Support: Disabled
 Compressed Oops: Enabled (32-bit)
 Heap Region Size: 1M
 Heap Min Capacity: 8M
 Heap Initial Capacity: 128M
 Heap Max Capacity: 2024M
 Pre-touch: Disabled
 Parallel Workers: 4
 Concurrent Workers: 1
 Concurrent Refinement Workers: 4
 Periodic GC: Disabled

Heap:
 garbage-first heap   total 89088K, used 32099K [0x0000000081800000, 0x0000000100000000)
  region size 1024K, 5 young (5120K), 4 survivors (4096K)
 Metaspace       used 62695K, capacity 63212K, committed 63452K, reserved 1105920K
  class space    used 7941K, capacity 8114K, committed 8140K, reserved 1048576K

Heap Regions: E=young(eden), S=young(survivor), O=old, HS=humongous(starts), HC=humongous(continues), CS=collection set, F=free, OA=open archive, CA=closed archive, TAMS=top-at-mark-start (previous, next)
|   0|0x0000000081800000, 0x0000000081900000, 0x0000000081900000|100%|HS|  |TAMS 0x0000000081900000, 0x0000000081800000| Complete 
|   1|0x0000000081900000, 0x0000000081a00000, 0x0000000081a00000|100%| O|  |TAMS 0x0000000081a00000, 0x0000000081900000| Untracked 
|   2|0x0000000081a00000, 0x0000000081b00000, 0x0000000081b00000|100%| O|  |TAMS 0x0000000081b00000, 0x0000000081a00000| Untracked 
|   3|0x0000000081b00000, 0x0000000081c00000, 0x0000000081c00000|100%| O|  |TAMS 0x0000000081c00000, 0x0000000081b00000| Untracked 
|   4|0x0000000081c00000, 0x0000000081d00000, 0x0000000081d00000|100%| O|  |TAMS 0x0000000081d00000, 0x0000000081c00000| Untracked 
|   5|0x0000000081d00000, 0x0000000081e00000, 0x0000000081e00000|100%| O|  |TAMS 0x0000000081e00000, 0x0000000081d00000| Untracked 
|   6|0x0000000081e00000, 0x0000000081f00000, 0x0000000081f00000|100%| O|  |TAMS 0x0000000081f00000, 0x0000000081e00000| Untracked 
|   7|0x0000000081f00000, 0x0000000081fae400, 0x0000000082000000| 68%| O|  |TAMS 0x0000000081fae400, 0x0000000081f00000| Untracked 
|   8|0x0000000082000000, 0x0000000082100000, 0x0000000082100000|100%| O|  |TAMS 0x0000000082100000, 0x0000000082000000| Untracked 
|   9|0x0000000082100000, 0x0000000082200000, 0x0000000082200000|100%| O|  |TAMS 0x0000000082200000, 0x0000000082100000| Untracked 
|  10|0x0000000082200000, 0x0000000082300000, 0x0000000082300000|100%| O|  |TAMS 0x0000000082300000, 0x0000000082200000| Untracked 
|  11|0x0000000082300000, 0x0000000082400000, 0x0000000082400000|100%| O|  |TAMS 0x0000000082400000, 0x0000000082300000| Untracked 
|  12|0x0000000082400000, 0x0000000082500000, 0x0000000082500000|100%| O|  |TAMS 0x0000000082500000, 0x0000000082400000| Untracked 
|  13|0x0000000082500000, 0x0000000082600000, 0x0000000082600000|100%| O|  |TAMS 0x0000000082600000, 0x0000000082500000| Untracked 
|  14|0x0000000082600000, 0x0000000082700000, 0x0000000082700000|100%| O|  |TAMS 0x0000000082700000, 0x0000000082600000| Untracked 
|  15|0x0000000082700000, 0x0000000082800000, 0x0000000082800000|100%| O|  |TAMS 0x0000000082800000, 0x0000000082700000| Untracked 
|  16|0x0000000082800000, 0x0000000082900000, 0x0000000082900000|100%| O|  |TAMS 0x0000000082900000, 0x0000000082800000| Untracked 
|  17|0x0000000082900000, 0x0000000082a00000, 0x0000000082a00000|100%| O|  |TAMS 0x0000000082a00000, 0x0000000082900000| Untracked 
|  18|0x0000000082a00000, 0x0000000082b00000, 0x0000000082b00000|100%| O|  |TAMS 0x0000000082b00000, 0x0000000082a00000| Untracked 
|  19|0x0000000082b00000, 0x0000000082c00000, 0x0000000082c00000|100%| O|  |TAMS 0x0000000082c00000, 0x0000000082b00000| Untracked 
|  20|0x0000000082c00000, 0x0000000082d00000, 0x0000000082d00000|100%| O|  |TAMS 0x0000000082d00000, 0x0000000082c00000| Untracked 
|  21|0x0000000082d00000, 0x0000000082e00000, 0x0000000082e00000|100%| O|  |TAMS 0x0000000082e00000, 0x0000000082d00000| Untracked 
|  22|0x0000000082e00000, 0x0000000082f00000, 0x0000000082f00000|100%| O|  |TAMS 0x0000000082f00000, 0x0000000082e00000| Untracked 
|  23|0x0000000082f00000, 0x0000000083000000, 0x0000000083000000|100%| O|  |TAMS 0x0000000083000000, 0x0000000082f00000| Untracked 
|  24|0x0000000083000000, 0x0000000083100000, 0x0000000083100000|100%| O|  |TAMS 0x0000000083100000, 0x0000000083000000| Untracked 
|  25|0x0000000083100000, 0x0000000083200000, 0x0000000083200000|100%| O|  |TAMS 0x0000000083200000, 0x0000000083100000| Untracked 
|  26|0x0000000083200000, 0x0000000083300000, 0x0000000083300000|100%| O|  |TAMS 0x0000000083239e00, 0x0000000083200000| Untracked 
|  27|0x0000000083300000, 0x0000000083400000, 0x0000000083400000|100%| O|  |TAMS 0x0000000083300000, 0x0000000083300000| Untracked 
|  28|0x0000000083400000, 0x0000000083467000, 0x0000000083500000| 40%| O|  |TAMS 0x0000000083400000, 0x0000000083400000| Untracked 
|  29|0x0000000083500000, 0x0000000083500000, 0x0000000083600000|  0%| F|  |TAMS 0x0000000083500000, 0x0000000083500000| Untracked 
|  30|0x0000000083600000, 0x0000000083600000, 0x0000000083700000|  0%| F|  |TAMS 0x0000000083600000, 0x0000000083600000| Untracked 
|  31|0x0000000083700000, 0x0000000083700000, 0x0000000083800000|  0%| F|  |TAMS 0x0000000083700000, 0x0000000083700000| Untracked 
|  32|0x0000000083800000, 0x0000000083800000, 0x0000000083900000|  0%| F|  |TAMS 0x0000000083800000, 0x0000000083800000| Untracked 
|  33|0x0000000083900000, 0x0000000083900000, 0x0000000083a00000|  0%| F|  |TAMS 0x0000000083900000, 0x0000000083900000| Untracked 
|  34|0x0000000083a00000, 0x0000000083a00000, 0x0000000083b00000|  0%| F|  |TAMS 0x0000000083a00000, 0x0000000083a00000| Untracked 
|  35|0x0000000083b00000, 0x0000000083b00000, 0x0000000083c00000|  0%| F|  |TAMS 0x0000000083b00000, 0x0000000083b00000| Untracked 
|  36|0x0000000083c00000, 0x0000000083c00000, 0x0000000083d00000|  0%| F|  |TAMS 0x0000000083c00000, 0x0000000083c00000| Untracked 
|  37|0x0000000083d00000, 0x0000000083d00000, 0x0000000083e00000|  0%| F|  |TAMS 0x0000000083d00000, 0x0000000083d00000| Untracked 
|  38|0x0000000083e00000, 0x0000000083e00000, 0x0000000083f00000|  0%| F|  |TAMS 0x0000000083e00000, 0x0000000083e00000| Untracked 
|  39|0x0000000083f00000, 0x0000000083f00000, 0x0000000084000000|  0%| F|  |TAMS 0x0000000083f00000, 0x0000000083f00000| Untracked 
|  40|0x0000000084000000, 0x0000000084000000, 0x0000000084100000|  0%| F|  |TAMS 0x0000000084000000, 0x0000000084000000| Untracked 
|  41|0x0000000084100000, 0x0000000084100000, 0x0000000084200000|  0%| F|  |TAMS 0x0000000084100000, 0x0000000084100000| Untracked 
|  42|0x0000000084200000, 0x00000000842439e0, 0x0000000084300000| 26%| S|CS|TAMS 0x0000000084200000, 0x0000000084200000| Complete 
|  43|0x0000000084300000, 0x0000000084400000, 0x0000000084400000|100%| S|CS|TAMS 0x0000000084300000, 0x0000000084300000| Complete 
|  44|0x0000000084400000, 0x0000000084500000, 0x0000000084500000|100%| S|CS|TAMS 0x0000000084400000, 0x0000000084400000| Complete 
|  45|0x0000000084500000, 0x0000000084600000, 0x0000000084600000|100%| S|CS|TAMS 0x0000000084500000, 0x0000000084500000| Complete 
|  46|0x0000000084600000, 0x0000000084600000, 0x0000000084700000|  0%| F|  |TAMS 0x0000000084600000, 0x0000000084600000| Untracked 
|  47|0x0000000084700000, 0x0000000084700000, 0x0000000084800000|  0%| F|  |TAMS 0x0000000084700000, 0x0000000084700000| Untracked 
|  48|0x0000000084800000, 0x0000000084800000, 0x0000000084900000|  0%| F|  |TAMS 0x0000000084800000, 0x0000000084800000| Untracked 
|  49|0x0000000084900000, 0x0000000084900000, 0x0000000084a00000|  0%| F|  |TAMS 0x0000000084900000, 0x0000000084900000| Untracked 
|  50|0x0000000084a00000, 0x0000000084a00000, 0x0000000084b00000|  0%| F|  |TAMS 0x0000000084a00000, 0x0000000084a00000| Untracked 
|  51|0x0000000084b00000, 0x0000000084b00000, 0x0000000084c00000|  0%| F|  |TAMS 0x0000000084b00000, 0x0000000084b00000| Untracked 
|  52|0x0000000084c00000, 0x0000000084c00000, 0x0000000084d00000|  0%| F|  |TAMS 0x0000000084c00000, 0x0000000084c00000| Untracked 
|  53|0x0000000084d00000, 0x0000000084d00000, 0x0000000084e00000|  0%| F|  |TAMS 0x0000000084d00000, 0x0000000084d00000| Untracked 
|  54|0x0000000084e00000, 0x0000000084e00000, 0x0000000084f00000|  0%| F|  |TAMS 0x0000000084e00000, 0x0000000084e00000| Untracked 
|  55|0x0000000084f00000, 0x0000000084f00000, 0x0000000085000000|  0%| F|  |TAMS 0x0000000084f00000, 0x0000000084f00000| Untracked 
|  56|0x0000000085000000, 0x0000000085000000, 0x0000000085100000|  0%| F|  |TAMS 0x0000000085000000, 0x0000000085000000| Untracked 
|  57|0x0000000085100000, 0x0000000085100000, 0x0000000085200000|  0%| F|  |TAMS 0x0000000085100000, 0x0000000085100000| Untracked 
|  58|0x0000000085200000, 0x0000000085200000, 0x0000000085300000|  0%| F|  |TAMS 0x0000000085200000, 0x0000000085200000| Untracked 
|  59|0x0000000085300000, 0x0000000085300000, 0x0000000085400000|  0%| F|  |TAMS 0x0000000085300000, 0x0000000085300000| Untracked 
|  60|0x0000000085400000, 0x0000000085400000, 0x0000000085500000|  0%| F|  |TAMS 0x0000000085400000, 0x0000000085400000| Untracked 
|  61|0x0000000085500000, 0x0000000085500000, 0x0000000085600000|  0%| F|  |TAMS 0x0000000085500000, 0x0000000085500000| Untracked 
|  62|0x0000000085600000, 0x0000000085600000, 0x0000000085700000|  0%| F|  |TAMS 0x0000000085600000, 0x0000000085600000| Untracked 
|  63|0x0000000085700000, 0x0000000085700000, 0x0000000085800000|  0%| F|  |TAMS 0x0000000085700000, 0x0000000085700000| Untracked 
|  64|0x0000000085800000, 0x0000000085800000, 0x0000000085900000|  0%| F|  |TAMS 0x0000000085800000, 0x0000000085800000| Untracked 
|  65|0x0000000085900000, 0x0000000085900000, 0x0000000085a00000|  0%| F|  |TAMS 0x0000000085900000, 0x0000000085900000| Untracked 
|  66|0x0000000085a00000, 0x0000000085a00000, 0x0000000085b00000|  0%| F|  |TAMS 0x0000000085a00000, 0x0000000085a00000| Untracked 
|  67|0x0000000085b00000, 0x0000000085b00000, 0x0000000085c00000|  0%| F|  |TAMS 0x0000000085b00000, 0x0000000085b00000| Untracked 
|  68|0x0000000085c00000, 0x0000000085c00000, 0x0000000085d00000|  0%| F|  |TAMS 0x0000000085c00000, 0x0000000085c00000| Untracked 
|  69|0x0000000085d00000, 0x0000000085d00000, 0x0000000085e00000|  0%| F|  |TAMS 0x0000000085d00000, 0x0000000085d00000| Untracked 
|  70|0x0000000085e00000, 0x0000000085e00000, 0x0000000085f00000|  0%| F|  |TAMS 0x0000000085e00000, 0x0000000085e00000| Untracked 
|  71|0x0000000085f00000, 0x0000000085f00000, 0x0000000086000000|  0%| F|  |TAMS 0x0000000085f00000, 0x0000000085f00000| Untracked 
|  72|0x0000000086000000, 0x0000000086000000, 0x0000000086100000|  0%| F|  |TAMS 0x0000000086000000, 0x0000000086000000| Untracked 
|  73|0x0000000086100000, 0x0000000086100000, 0x0000000086200000|  0%| F|  |TAMS 0x0000000086100000, 0x0000000086100000| Untracked 
|  74|0x0000000086200000, 0x0000000086200000, 0x0000000086300000|  0%| F|  |TAMS 0x0000000086200000, 0x0000000086200000| Untracked 
|  75|0x0000000086300000, 0x0000000086300000, 0x0000000086400000|  0%| F|  |TAMS 0x0000000086300000, 0x0000000086300000| Untracked 
|  76|0x0000000086400000, 0x0000000086400000, 0x0000000086500000|  0%| F|  |TAMS 0x0000000086400000, 0x0000000086400000| Untracked 
|  77|0x0000000086500000, 0x0000000086500000, 0x0000000086600000|  0%| F|  |TAMS 0x0000000086500000, 0x0000000086500000| Untracked 
|  78|0x0000000086600000, 0x0000000086600000, 0x0000000086700000|  0%| F|  |TAMS 0x0000000086600000, 0x0000000086600000| Untracked 
|  79|0x0000000086700000, 0x0000000086700000, 0x0000000086800000|  0%| F|  |TAMS 0x0000000086700000, 0x0000000086700000| Untracked 
| 102|0x0000000087e00000, 0x0000000087e00000, 0x0000000087f00000|  0%| F|  |TAMS 0x0000000087e00000, 0x0000000087e00000| Untracked 
| 103|0x0000000087f00000, 0x0000000087f00000, 0x0000000088000000|  0%| F|  |TAMS 0x0000000087f00000, 0x0000000087f00000| Untracked 
| 104|0x0000000088000000, 0x0000000088000000, 0x0000000088100000|  0%| F|  |TAMS 0x0000000088000000, 0x0000000088000000| Untracked 
| 105|0x0000000088100000, 0x0000000088100000, 0x0000000088200000|  0%| F|  |TAMS 0x0000000088100000, 0x0000000088100000| Untracked 
| 106|0x0000000088200000, 0x0000000088200000, 0x0000000088300000|  0%| F|  |TAMS 0x0000000088200000, 0x0000000088200000| Untracked 
| 107|0x0000000088300000, 0x0000000088300000, 0x0000000088400000|  0%| F|  |TAMS 0x0000000088300000, 0x0000000088300000| Untracked 
| 127|0x0000000089700000, 0x0000000089800000, 0x0000000089800000|100%| E|  |TAMS 0x0000000089700000, 0x0000000089700000| Complete 

Card table byte_map: [0x0000013159ff0000,0x000001315a3f0000] _byte_map_base: 0x0000013159be4000

Marking Bits (Prev, Next): (CMBitMap*) 0x0000013142a17760, (CMBitMap*) 0x0000013142a177a0
 Prev Bits: [0x000001315a7f0000, 0x000001315c790000)
 Next Bits: [0x000001315c790000, 0x000001315e730000)

Polling page: 0x0000013142190000

Metaspace:

Usage:
  Non-class:     53.81 MB capacity,    53.47 MB (>99%) used,   261.00 KB ( <1%) free+waste,    82.31 KB ( <1%) overhead. 
      Class:      7.92 MB capacity,     7.75 MB ( 98%) used,   141.96 KB (  2%) free+waste,    31.00 KB ( <1%) overhead. 
       Both:     61.73 MB capacity,    61.23 MB (>99%) used,   402.96 KB ( <1%) free+waste,   113.31 KB ( <1%) overhead. 

Virtual space:
  Non-class space:       56.00 MB reserved,      54.02 MB ( 96%) committed 
      Class space:        1.00 GB reserved,       7.95 MB ( <1%) committed 
             Both:        1.05 GB reserved,      61.96 MB (  6%) committed 

Chunk freelists:
   Non-Class:  22.00 KB
       Class:  14.00 KB
        Both:  36.00 KB

MaxMetaspaceSize: 17179869184.00 GB
CompressedClassSpaceSize: 1.00 GB

CodeHeap 'non-profiled nmethods': size=120000Kb used=3599Kb max_used=3599Kb free=116400Kb
 bounds [0x00000131526c0000, 0x0000013152a50000, 0x0000013159bf0000]
CodeHeap 'profiled nmethods': size=120000Kb used=13258Kb max_used=13258Kb free=106741Kb
 bounds [0x000001314b190000, 0x000001314be90000, 0x00000131526c0000]
CodeHeap 'non-nmethods': size=5760Kb used=1349Kb max_used=1432Kb free=4410Kb
 bounds [0x000001314abf0000, 0x000001314ae60000, 0x000001314b190000]
 total_blobs=7446 nmethods=6798 adapters=559
 compilation: enabled
              stopped_count=0, restarted_count=0
 full_count=0

Compilation events (20 events):
Event: 26.096 Thread 0x00000131615b0e30 7617       2       java.lang.reflect.Method::specificToStringHeader (44 bytes)
Event: 26.097 Thread 0x00000131615b0e30 nmethod 7617 0x000001314be74410 code [0x000001314be74600, 0x000001314be74808]
Event: 26.097 Thread 0x00000131615b0e30 7618   !   2       java.lang.reflect.Executable::sharedToString (138 bytes)
Event: 26.098 Thread 0x00000131615b0e30 nmethod 7618 0x000001314be74a10 code [0x000001314be74d20, 0x000001314be755c8]
Event: 26.098 Thread 0x00000131615b0e30 7616       2       org.springframework.beans.AbstractNestablePropertyAccessor::getPropertyAccessorForPropertyPath (43 bytes)
Event: 26.098 Thread 0x00000131615b0e30 nmethod 7616 0x000001314be75e90 code [0x000001314be76060, 0x000001314be76288]
Event: 26.098 Thread 0x00000131615b0e30 7615       2       org.springframework.beans.factory.support.AbstractBeanDefinition::getConstructorArgumentValues (23 bytes)
Event: 26.099 Thread 0x00000131615b0e30 nmethod 7615 0x000001314be76490 code [0x000001314be76640, 0x000001314be76a18]
Event: 26.118 Thread 0x00000131615b0e30 7619       2       org.springframework.data.util.ClassTypeInformation::isCollectionLike (5 bytes)
Event: 26.118 Thread 0x00000131615b0e30 nmethod 7619 0x000001314be76b10 code [0x000001314be76ca0, 0x000001314be76da8]
Event: 26.121 Thread 0x00000131615b0e30 7620       1       org.springframework.orm.jpa.AbstractEntityManagerFactoryBean::getBeanClassLoader (5 bytes)
Event: 26.121 Thread 0x00000131615b0e30 nmethod 7620 0x0000013152a42690 code [0x0000013152a42820, 0x0000013152a428d8]
Event: 26.121 Thread 0x00000131615b0e30 7621       2       org.hibernate.internal.SessionImpl::delayedAfterCompletion (26 bytes)
Event: 26.122 Thread 0x00000131615b0e30 nmethod 7621 0x000001314be76e90 code [0x000001314be77040, 0x000001314be77218]
Event: 26.217 Thread 0x00000131615b0e30 7622   !   2       org.springframework.orm.jpa.AbstractEntityManagerFactoryBean$ManagedEntityManagerFactoryInvocationHandler::invoke (194 bytes)
Event: 26.218 Thread 0x00000131615b0e30 nmethod 7622 0x000001314be77310 code [0x000001314be77540, 0x000001314be77a68]
Event: 26.218 Thread 0x00000131615b0e30 7625       2       java.util.regex.Pattern::accept (43 bytes)
Event: 26.219 Thread 0x00000131615b0e30 nmethod 7625 0x000001314be77e10 code [0x000001314be77fc0, 0x000001314be78198]
Event: 26.219 Thread 0x00000131615b0e30 7623   !   2       org.springframework.orm.jpa.AbstractEntityManagerFactoryBean::invokeProxyMethod (195 bytes)
Event: 26.222 Thread 0x00000131615b0e30 nmethod 7623 0x000001314be78310 code [0x000001314be78680, 0x000001314be79588]

GC Heap History (20 events):
Event: 8.738 GC heap before
{Heap before GC invocations=9 (full 0):
 garbage-first heap   total 61440K, used 45610K [0x0000000081800000, 0x0000000100000000)
  region size 1024K, 29 young (29696K), 2 survivors (2048K)
 Metaspace       used 30579K, capacity 30967K, committed 31100K, reserved 1077248K
  class space    used 3803K, capacity 3915K, committed 4044K, reserved 1048576K
}
Event: 8.745 GC heap after
{Heap after GC invocations=10 (full 0):
 garbage-first heap   total 61440K, used 18794K [0x0000000081800000, 0x0000000100000000)
  region size 1024K, 2 young (2048K), 2 survivors (2048K)
 Metaspace       used 30579K, capacity 30967K, committed 31100K, reserved 1077248K
  class space    used 3803K, capacity 3915K, committed 4044K, reserved 1048576K
}
Event: 10.017 GC heap before
{Heap before GC invocations=10 (full 0):
 garbage-first heap   total 61440K, used 47466K [0x0000000081800000, 0x0000000100000000)
  region size 1024K, 31 young (31744K), 2 survivors (2048K)
 Metaspace       used 34451K, capacity 34836K, committed 34940K, reserved 1079296K
  class space    used 4358K, capacity 4501K, committed 4556K, reserved 1048576K
}
Event: 10.026 GC heap after
{Heap after GC invocations=11 (full 0):
 garbage-first heap   total 61440K, used 20095K [0x0000000081800000, 0x0000000100000000)
  region size 1024K, 3 young (3072K), 3 survivors (3072K)
 Metaspace       used 34451K, capacity 34836K, committed 34940K, reserved 1079296K
  class space    used 4358K, capacity 4501K, committed 4556K, reserved 1048576K
}
Event: 10.224 GC heap before
{Heap before GC invocations=11 (full 0):
 garbage-first heap   total 61440K, used 23167K [0x0000000081800000, 0x0000000100000000)
  region size 1024K, 7 young (7168K), 3 survivors (3072K)
 Metaspace       used 35448K, capacity 35802K, committed 35964K, reserved 1081344K
  class space    used 4554K, capacity 4694K, committed 4812K, reserved 1048576K
}
Event: 10.233 GC heap after
{Heap after GC invocations=12 (full 0):
 garbage-first heap   total 61440K, used 20373K [0x0000000081800000, 0x0000000100000000)
  region size 1024K, 2 young (2048K), 2 survivors (2048K)
 Metaspace       used 35448K, capacity 35802K, committed 35964K, reserved 1081344K
  class space    used 4554K, capacity 4694K, committed 4812K, reserved 1048576K
}
Event: 11.685 GC heap before
{Heap before GC invocations=13 (full 0):
 garbage-first heap   total 61440K, used 49045K [0x0000000081800000, 0x0000000100000000)
  region size 1024K, 30 young (30720K), 2 survivors (2048K)
 Metaspace       used 43724K, capacity 44175K, committed 44316K, reserved 1087488K
  class space    used 5557K, capacity 5731K, committed 5836K, reserved 1048576K
}
Event: 11.698 GC heap after
{Heap after GC invocations=14 (full 0):
 garbage-first heap   total 61440K, used 23340K [0x0000000081800000, 0x0000000100000000)
  region size 1024K, 4 young (4096K), 4 survivors (4096K)
 Metaspace       used 43724K, capacity 44175K, committed 44316K, reserved 1087488K
  class space    used 5557K, capacity 5731K, committed 5836K, reserved 1048576K
}
Event: 12.571 GC heap before
{Heap before GC invocations=14 (full 0):
 garbage-first heap   total 61440K, used 47916K [0x0000000081800000, 0x0000000100000000)
  region size 1024K, 28 young (28672K), 4 survivors (4096K)
 Metaspace       used 46046K, capacity 46437K, committed 46620K, reserved 1089536K
  class space    used 5855K, capacity 6029K, committed 6092K, reserved 1048576K
}
Event: 12.583 GC heap after
{Heap after GC invocations=15 (full 0):
 garbage-first heap   total 73728K, used 25004K [0x0000000081800000, 0x0000000100000000)
  region size 1024K, 2 young (2048K), 2 survivors (2048K)
 Metaspace       used 46046K, capacity 46437K, committed 46620K, reserved 1089536K
  class space    used 5855K, capacity 6029K, committed 6092K, reserved 1048576K
}
Event: 13.454 GC heap before
{Heap before GC invocations=15 (full 0):
 garbage-first heap   total 73728K, used 56748K [0x0000000081800000, 0x0000000100000000)
  region size 1024K, 33 young (33792K), 2 survivors (2048K)
 Metaspace       used 49449K, capacity 49895K, committed 50076K, reserved 1093632K
  class space    used 6255K, capacity 6428K, committed 6476K, reserved 1048576K
}
Event: 13.464 GC heap after
{Heap after GC invocations=16 (full 0):
 garbage-first heap   total 73728K, used 25869K [0x0000000081800000, 0x0000000100000000)
  region size 1024K, 3 young (3072K), 3 survivors (3072K)
 Metaspace       used 49449K, capacity 49895K, committed 50076K, reserved 1093632K
  class space    used 6255K, capacity 6428K, committed 6476K, reserved 1048576K
}
Event: 14.581 GC heap before
{Heap before GC invocations=16 (full 0):
 garbage-first heap   total 73728K, used 56589K [0x0000000081800000, 0x0000000100000000)
  region size 1024K, 34 young (34816K), 3 survivors (3072K)
 Metaspace       used 53678K, capacity 54121K, committed 54300K, reserved 1097728K
  class space    used 6850K, capacity 7019K, committed 7116K, reserved 1048576K
}
Event: 14.592 GC heap after
{Heap after GC invocations=17 (full 0):
 garbage-first heap   total 73728K, used 26807K [0x0000000081800000, 0x0000000100000000)
  region size 1024K, 4 young (4096K), 4 survivors (4096K)
 Metaspace       used 53678K, capacity 54121K, committed 54300K, reserved 1097728K
  class space    used 6850K, capacity 7019K, committed 7116K, reserved 1048576K
}
Event: 23.248 GC heap before
{Heap before GC invocations=17 (full 0):
 garbage-first heap   total 73728K, used 57527K [0x0000000081800000, 0x0000000100000000)
  region size 1024K, 35 young (35840K), 4 survivors (4096K)
 Metaspace       used 58643K, capacity 59143K, committed 59292K, reserved 1101824K
  class space    used 7489K, capacity 7667K, committed 7756K, reserved 1048576K
}
Event: 23.263 GC heap after
{Heap after GC invocations=18 (full 0):
 garbage-first heap   total 73728K, used 29082K [0x0000000081800000, 0x0000000100000000)
  region size 1024K, 5 young (5120K), 5 survivors (5120K)
 Metaspace       used 58643K, capacity 59143K, committed 59292K, reserved 1101824K
  class space    used 7489K, capacity 7667K, committed 7756K, reserved 1048576K
}
Event: 23.532 GC heap before
{Heap before GC invocations=18 (full 0):
 garbage-first heap   total 73728K, used 33178K [0x0000000081800000, 0x0000000100000000)
  region size 1024K, 10 young (10240K), 5 survivors (5120K)
 Metaspace       used 60063K, capacity 60540K, committed 60636K, reserved 1101824K
  class space    used 7643K, capacity 7832K, committed 7884K, reserved 1048576K
}
Event: 23.549 GC heap after
{Heap after GC invocations=19 (full 0):
 garbage-first heap   total 73728K, used 29346K [0x0000000081800000, 0x0000000100000000)
  region size 1024K, 3 young (3072K), 3 survivors (3072K)
 Metaspace       used 60063K, capacity 60540K, committed 60636K, reserved 1101824K
  class space    used 7643K, capacity 7832K, committed 7884K, reserved 1048576K
}
Event: 24.298 GC heap before
{Heap before GC invocations=20 (full 0):
 garbage-first heap   total 73728K, used 59042K [0x0000000081800000, 0x0000000100000000)
  region size 1024K, 32 young (32768K), 3 survivors (3072K)
 Metaspace       used 61513K, capacity 61979K, committed 62172K, reserved 1103872K
  class space    used 7828K, capacity 8005K, committed 8140K, reserved 1048576K
}
Event: 24.305 GC heap after
{Heap after GC invocations=21 (full 0):
 garbage-first heap   total 89088K, used 30593K [0x0000000081800000, 0x0000000100000000)
  region size 1024K, 2 young (2048K), 2 survivors (2048K)
 Metaspace       used 61513K, capacity 61979K, committed 62172K, reserved 1103872K
  class space    used 7828K, capacity 8005K, committed 8140K, reserved 1048576K
}

Deoptimization events (20 events):
Event: 25.105 Thread 0x00000131429d7db0 Uncommon trap: trap_request=0xffffffde fr.pc=0x000001315286d458 relative=0x00000000000007f8
Event: 25.105 Thread 0x00000131429d7db0 Uncommon trap: reason=class_check action=maybe_recompile pc=0x000001315286d458 method=org.springframework.core.ResolvableType.calculateHashCode()I @ 23 c2
Event: 25.105 Thread 0x00000131429d7db0 DEOPT PACKING pc=0x000001315286d458 sp=0x0000000909cfaa60
Event: 25.105 Thread 0x00000131429d7db0 DEOPT UNPACKING pc=0x000001314ac3e42f sp=0x0000000909cfa9a8 mode 2
Event: 25.123 Thread 0x00000131429d7db0 Uncommon trap: trap_request=0xffffffde fr.pc=0x000001315286d458 relative=0x00000000000007f8
Event: 25.123 Thread 0x00000131429d7db0 Uncommon trap: reason=class_check action=maybe_recompile pc=0x000001315286d458 method=org.springframework.core.ResolvableType.calculateHashCode()I @ 23 c2
Event: 25.123 Thread 0x00000131429d7db0 DEOPT PACKING pc=0x000001315286d458 sp=0x0000000909cfaa60
Event: 25.123 Thread 0x00000131429d7db0 DEOPT UNPACKING pc=0x000001314ac3e42f sp=0x0000000909cfa9a8 mode 2
Event: 25.184 Thread 0x00000131429d7db0 Uncommon trap: trap_request=0xffffff45 fr.pc=0x00000131529d78e8 relative=0x0000000000000ee8
Event: 25.184 Thread 0x00000131429d7db0 Uncommon trap: reason=unstable_if action=reinterpret pc=0x00000131529d78e8 method=org.springframework.core.annotation.AnnotationsScanner.processClassHierarchy(Ljava/lang/Object;[ILjava/lang/Class;Lorg/springframework/core/annotation/AnnotationsProcessor;Z
Event: 25.184 Thread 0x00000131429d7db0 DEOPT PACKING pc=0x00000131529d78e8 sp=0x0000000909cfbaf0
Event: 25.184 Thread 0x00000131429d7db0 DEOPT UNPACKING pc=0x000001314ac3e42f sp=0x0000000909cfbaa8 mode 2
Event: 25.221 Thread 0x00000131429d7db0 DEOPT PACKING pc=0x000001314bd8d887 sp=0x0000000909cfbd80
Event: 25.221 Thread 0x00000131429d7db0 DEOPT UNPACKING pc=0x000001314ac3e23f sp=0x0000000909cfb288 mode 0
Event: 25.566 Thread 0x00000131429d7db0 DEOPT PACKING pc=0x000001314be2a164 sp=0x0000000909cfe660
Event: 25.566 Thread 0x00000131429d7db0 DEOPT UNPACKING pc=0x000001314ac3e23f sp=0x0000000909cfdaa0 mode 0
Event: 25.911 Thread 0x00000131429d7db0 DEOPT PACKING pc=0x000001314be335dc sp=0x0000000909cfd070
Event: 25.911 Thread 0x00000131429d7db0 DEOPT UNPACKING pc=0x000001314ac3e23f sp=0x0000000909cfc588 mode 0
Event: 26.136 Thread 0x00000131429d7db0 DEOPT PACKING pc=0x000001314be335dc sp=0x0000000909cfd070
Event: 26.136 Thread 0x00000131429d7db0 DEOPT UNPACKING pc=0x000001314ac3e23f sp=0x0000000909cfc588 mode 0

Classes unloaded (0 events):
No events

Classes redefined (0 events):
No events

Internal exceptions (20 events):
Event: 24.921 Thread 0x00000131429d7db0 Exception <a 'java/lang/ClassNotFoundException'{0x0000000087eb4330}: org/springframework/beans/factory/BeanFactoryAwareCustomizer> (0x0000000087eb4330) 
thrown [./open/src/hotspot/share/classfile/systemDictionary.cpp, line 295]
Event: 24.921 Thread 0x00000131429d7db0 Exception <a 'java/lang/ClassNotFoundException'{0x0000000087eb8db8}: org/springframework/beans/factory/AwareCustomizer> (0x0000000087eb8db8) 
thrown [./open/src/hotspot/share/classfile/systemDictionary.cpp, line 295]
Event: 24.922 Thread 0x00000131429d7db0 Exception <a 'java/lang/ClassNotFoundException'{0x0000000087ebc648}: org/springframework/security/config/annotation/web/WebSecurityConfigurerCustomizer> (0x0000000087ebc648) 
thrown [./open/src/hotspot/share/classfile/systemDictionary.cpp, line 295]
Event: 24.924 Thread 0x00000131429d7db0 Exception <a 'java/lang/ClassNotFoundException'{0x0000000087ebffb8}: org/springframework/security/config/annotation/SecurityConfigurerCustomizer> (0x0000000087ebffb8) 
thrown [./open/src/hotspot/share/classfile/systemDictionary.cpp, line 295]
Event: 25.024 Thread 0x00000131429d7db0 Exception <a 'java/lang/ClassNotFoundException'{0x00000000867cef10}: java/lang/ObjectCustomizer> (0x00000000867cef10) 
thrown [./open/src/hotspot/share/classfile/systemDictionary.cpp, line 295]
Event: 25.027 Thread 0x00000131429d7db0 Exception <a 'java/lang/ClassNotFoundException'{0x00000000867d6490}: org/springframework/web/servlet/config/annotation/WebMvcConfigurationSupportCustomizer> (0x00000000867d6490) 
thrown [./open/src/hotspot/share/classfile/systemDictionary.cpp, line 295]
Event: 25.029 Thread 0x00000131429d7db0 Exception <a 'java/lang/ClassNotFoundException'{0x00000000867e9600}: org/springframework/web/servlet/config/annotation/DelegatingWebMvcConfigurationCustomizer> (0x00000000867e9600) 
thrown [./open/src/hotspot/share/classfile/systemDictionary.cpp, line 295]
Event: 25.039 Thread 0x00000131429d7db0 Exception <a 'java/lang/ClassNotFoundException'{0x00000000867f1e38}: org/springframework/boot/autoconfigure/web/servlet/WebMvcAutoConfiguration$EnableWebMvcConfigurationCustomizer> (0x00000000867f1e38) 
thrown [./open/src/hotspot/share/classfile/systemDictionary.cpp, line 295]
Event: 25.046 Thread 0x00000131429d7db0 Exception <a 'java/lang/ClassNotFoundException'{0x0000000086604108}: org/springframework/context/ResourceLoaderAwareCustomizer> (0x0000000086604108) 
thrown [./open/src/hotspot/share/classfile/systemDictionary.cpp, line 295]
Event: 25.046 Thread 0x00000131429d7db0 Exception <a 'java/lang/ClassNotFoundException'{0x0000000086608938}: org/springframework/beans/factory/AwareCustomizer> (0x0000000086608938) 
thrown [./open/src/hotspot/share/classfile/systemDictionary.cpp, line 295]
Event: 25.068 Thread 0x00000131429d7db0 Exception <a 'java/lang/ClassNotFoundException'{0x000000008660c4d8}: org/springframework/context/ApplicationContextAwareCustomizer> (0x000000008660c4d8) 
thrown [./open/src/hotspot/share/classfile/systemDictionary.cpp, line 295]
Event: 25.071 Thread 0x00000131429d7db0 Exception <a 'java/lang/ClassNotFoundException'{0x00000000866118d8}: org/springframework/beans/factory/AwareCustomizer> (0x00000000866118d8) 
thrown [./open/src/hotspot/share/classfile/systemDictionary.cpp, line 295]
Event: 25.072 Thread 0x00000131429d7db0 Exception <a 'java/lang/ClassNotFoundException'{0x0000000086615450}: org/springframework/web/context/ServletContextAwareCustomizer> (0x0000000086615450) 
thrown [./open/src/hotspot/share/classfile/systemDictionary.cpp, line 295]
Event: 25.076 Thread 0x00000131429d7db0 Exception <a 'java/lang/ClassNotFoundException'{0x000000008661a0d8}: org/springframework/beans/factory/AwareCustomizer> (0x000000008661a0d8) 
thrown [./open/src/hotspot/share/classfile/systemDictionary.cpp, line 295]
Event: 25.166 Thread 0x00000131429d7db0 Exception <a 'java/lang/ClassNotFoundException'{0x000000008651d070}: java/lang/ObjectCustomizer> (0x000000008651d070) 
thrown [./open/src/hotspot/share/classfile/systemDictionary.cpp, line 295]
Event: 25.168 Thread 0x00000131429d7db0 Exception <a 'java/lang/ClassNotFoundException'{0x0000000086524b80}: org/springframework/security/config/annotation/authentication/configuration/AuthenticationConfigurationCustomizer> (0x0000000086524b80) 
thrown [./open/src/hotspot/share/classfile/systemDictionary.cpp, line 295]
Event: 26.015 Thread 0x00000131429d7db0 Exception <a 'java/lang/ClassNotFoundException'{0x0000000085188520}: java/lang/ObjectCustomizer> (0x0000000085188520) 
thrown [./open/src/hotspot/share/classfile/systemDictionary.cpp, line 295]
Event: 26.016 Thread 0x00000131429d7db0 Exception <a 'java/lang/ClassNotFoundException'{0x000000008518ef18}: dev/fenix/application/production/product/model/SiUnitCustomizer> (0x000000008518ef18) 
thrown [./open/src/hotspot/share/classfile/systemDictionary.cpp, line 295]
Event: 26.096 Thread 0x00000131429d7db0 Exception <a 'java/lang/ClassNotFoundException'{0x0000000084d82c20}: java/lang/ObjectCustomizer> (0x0000000084d82c20) 
thrown [./open/src/hotspot/share/classfile/systemDictionary.cpp, line 295]
Event: 26.097 Thread 0x00000131429d7db0 Exception <a 'java/lang/ClassNotFoundException'{0x0000000084d89618}: dev/fenix/application/production/vendor/model/AddressCustomizer> (0x0000000084d89618) 
thrown [./open/src/hotspot/share/classfile/systemDictionary.cpp, line 295]

Events (20 events):
Event: 25.667 loading class sun/reflect/ReflectionFactory
Event: 25.668 loading class sun/reflect/ReflectionFactory done
Event: 25.668 loading class sun/reflect/ReflectionFactory$1
Event: 25.668 loading class sun/reflect/ReflectionFactory$1 done
Event: 25.668 loading class java/io/OptionalDataException
Event: 25.669 loading class java/io/OptionalDataException done
Event: 25.670 loading class jdk/internal/reflect/SerializationConstructorAccessorImpl
Event: 25.670 loading class jdk/internal/reflect/SerializationConstructorAccessorImpl done
Event: 25.996 Executing VM operation: ICBufferFull
Event: 25.996 Executing VM operation: ICBufferFull done
Event: 25.996 Executing VM operation: HandshakeAllThreads
Event: 25.996 Executing VM operation: HandshakeAllThreads done
Event: 26.015 loading class java/lang/ObjectCustomizer
Event: 26.015 loading class java/lang/ObjectCustomizer done
Event: 26.015 loading class java/lang/ObjectCustomizer
Event: 26.015 loading class java/lang/ObjectCustomizer done
Event: 26.095 loading class java/lang/ObjectCustomizer
Event: 26.096 loading class java/lang/ObjectCustomizer done
Event: 26.096 loading class java/lang/ObjectCustomizer
Event: 26.096 loading class java/lang/ObjectCustomizer done


Dynamic libraries:
0x00007ff664970000 - 0x00007ff66497f000 	C:\Program Files\Java\jdk-15.0.2\bin\java.exe
0x00007ff8ee4a0000 - 0x00007ff8ee690000 	C:\Windows\SYSTEM32\ntdll.dll
0x00007ff8ee340000 - 0x00007ff8ee3f2000 	C:\Windows\System32\KERNEL32.DLL
0x00007ff8ec100000 - 0x00007ff8ec3a5000 	C:\Windows\System32\KERNELBASE.dll
0x00007ff8eb520000 - 0x00007ff8eb61a000 	C:\Windows\System32\ucrtbase.dll
0x00007ff8c6e50000 - 0x00007ff8c6e68000 	C:\Program Files\Java\jdk-15.0.2\bin\jli.dll
0x00007ff8ed050000 - 0x00007ff8ed0f3000 	C:\Windows\System32\ADVAPI32.dll
0x00007ff8ec550000 - 0x00007ff8ec5ee000 	C:\Windows\System32\msvcrt.dll
0x00007ff8edfc0000 - 0x00007ff8ee057000 	C:\Windows\System32\sechost.dll
0x00007ff8bfac0000 - 0x00007ff8bfad9000 	C:\Program Files\Java\jdk-15.0.2\bin\VCRUNTIME140.dll
0x00007ff8ecf30000 - 0x00007ff8ed04f000 	C:\Windows\System32\RPCRT4.dll
0x00007ff8ec960000 - 0x00007ff8ecaf4000 	C:\Windows\System32\USER32.dll
0x00007ff8eb410000 - 0x00007ff8eb431000 	C:\Windows\System32\win32u.dll
0x00007ff8ed100000 - 0x00007ff8ed126000 	C:\Windows\System32\GDI32.dll
0x00007ff8ec3b0000 - 0x00007ff8ec548000 	C:\Windows\System32\gdi32full.dll
0x00007ff8d86f0000 - 0x00007ff8d8974000 	C:\Windows\WinSxS\amd64_microsoft.windows.common-controls_6595b64144ccf1df_6.0.18362.1556_none_9e7e372fe45e41d5\COMCTL32.dll
0x00007ff8ecbf0000 - 0x00007ff8ecf26000 	C:\Windows\System32\combase.dll
0x00007ff8eb490000 - 0x00007ff8eb511000 	C:\Windows\System32\bcryptPrimitives.dll
0x00007ff8ec060000 - 0x00007ff8ec0fe000 	C:\Windows\System32\msvcp_win.dll
0x00007ff8e0890000 - 0x00007ff8e089a000 	C:\Windows\SYSTEM32\VERSION.dll
0x00007ff8ecb00000 - 0x00007ff8ecb2e000 	C:\Windows\System32\IMM32.DLL
0x00007ff8e22f0000 - 0x00007ff8e22fc000 	C:\Program Files\Java\jdk-15.0.2\bin\vcruntime140_1.dll
0x00007ff8a3460000 - 0x00007ff8a34f1000 	C:\Program Files\Java\jdk-15.0.2\bin\msvcp140.dll
0x00007ff87b260000 - 0x00007ff87bdbe000 	C:\Program Files\Java\jdk-15.0.2\bin\server\jvm.dll
0x00007ff8ecb30000 - 0x00007ff8ecb38000 	C:\Windows\System32\PSAPI.DLL
0x00007ff8e59d0000 - 0x00007ff8e59f4000 	C:\Windows\SYSTEM32\WINMM.dll
0x00007ff8e5b40000 - 0x00007ff8e5b49000 	C:\Windows\SYSTEM32\WSOCK32.dll
0x00007ff8e5970000 - 0x00007ff8e599d000 	C:\Windows\SYSTEM32\WINMMBASE.dll
0x00007ff8ee140000 - 0x00007ff8ee1af000 	C:\Windows\System32\WS2_32.dll
0x00007ff8eb7e0000 - 0x00007ff8eb82a000 	C:\Windows\System32\cfgmgr32.dll
0x00007ff8eb380000 - 0x00007ff8eb391000 	C:\Windows\System32\kernel.appcore.dll
0x00007ff8dfa90000 - 0x00007ff8dfa9a000 	C:\Program Files\Java\jdk-15.0.2\bin\jimage.dll
0x00007ff8e6bb0000 - 0x00007ff8e6da4000 	C:\Windows\SYSTEM32\DBGHELP.DLL
0x00007ff8ddc70000 - 0x00007ff8ddc9a000 	C:\Windows\SYSTEM32\dbgcore.DLL
0x00007ff8df490000 - 0x00007ff8df49e000 	C:\Program Files\Java\jdk-15.0.2\bin\instrument.dll
0x00007ff8bfa90000 - 0x00007ff8bfab5000 	C:\Program Files\Java\jdk-15.0.2\bin\java.dll
0x00007ff8ed320000 - 0x00007ff8eda07000 	C:\Windows\System32\SHELL32.dll
0x00007ff8ee1b0000 - 0x00007ff8ee258000 	C:\Windows\System32\shcore.dll
0x00007ff8eb830000 - 0x00007ff8ebfab000 	C:\Windows\System32\windows.storage.dll
0x00007ff8eb360000 - 0x00007ff8eb37e000 	C:\Windows\System32\profapi.dll
0x00007ff8eb3c0000 - 0x00007ff8eb40a000 	C:\Windows\System32\powrprof.dll
0x00007ff8eb350000 - 0x00007ff8eb360000 	C:\Windows\System32\UMPDC.dll
0x00007ff8ed150000 - 0x00007ff8ed1a2000 	C:\Windows\System32\shlwapi.dll
0x00007ff8eb470000 - 0x00007ff8eb487000 	C:\Windows\System32\cryptsp.dll
0x00007ff8bf660000 - 0x00007ff8bf678000 	C:\Program Files\Java\jdk-15.0.2\bin\zip.dll
0x00007ff8bf8b0000 - 0x00007ff8bf8c9000 	C:\Program Files\Java\jdk-15.0.2\bin\net.dll
0x00007ff8ddb70000 - 0x00007ff8ddc6a000 	C:\Windows\SYSTEM32\WINHTTP.dll
0x00007ff8eab40000 - 0x00007ff8eaba7000 	C:\Windows\system32\mswsock.dll
0x00007ff8bf680000 - 0x00007ff8bf692000 	C:\Program Files\Java\jdk-15.0.2\bin\nio.dll
0x00007ff8b9a10000 - 0x00007ff8b9a2a000 	C:\Program Files\JetBrains\IntelliJ IDEA Community Edition 2020.3.2\bin\breakgen64.dll
0x00007ff8df470000 - 0x00007ff8df480000 	C:\Program Files\Java\jdk-15.0.2\bin\verify.dll
0x00007ff8df2d0000 - 0x00007ff8df2d9000 	C:\Program Files\Java\jdk-15.0.2\bin\management.dll
0x00007ff8de770000 - 0x00007ff8de77b000 	C:\Program Files\Java\jdk-15.0.2\bin\management_ext.dll
0x00007ff8d4a70000 - 0x00007ff8d4a86000 	C:\Windows\system32\napinsp.dll
0x00007ff8d4a50000 - 0x00007ff8d4a6a000 	C:\Windows\system32\pnrpnsp.dll
0x00007ff8ea8a0000 - 0x00007ff8ea96b000 	C:\Windows\SYSTEM32\DNSAPI.dll
0x00007ff8ee330000 - 0x00007ff8ee338000 	C:\Windows\System32\NSI.dll
0x00007ff8ea860000 - 0x00007ff8ea89a000 	C:\Windows\SYSTEM32\IPHLPAPI.DLL
0x00007ff8d4a40000 - 0x00007ff8d4a4e000 	C:\Windows\System32\winrnr.dll
0x00007ff8e4090000 - 0x00007ff8e40ac000 	C:\Windows\system32\NLAapi.dll
0x00007ff8e2ef0000 - 0x00007ff8e2f05000 	C:\Windows\system32\wshbth.dll
0x000000005fae0000 - 0x000000005fb06000 	C:\Program Files\Bonjour\mdnsNSP.dll
0x00007ff8e0860000 - 0x00007ff8e086a000 	C:\Windows\System32\rasadhlp.dll
0x00007ff8e3940000 - 0x00007ff8e39b7000 	C:\Windows\System32\fwpuclnt.dll
0x00007ff8eb440000 - 0x00007ff8eb466000 	C:\Windows\System32\bcrypt.dll
0x00007ff8ea6d0000 - 0x00007ff8ea703000 	C:\Windows\system32\rsaenh.dll
0x00007ff8eb270000 - 0x00007ff8eb295000 	C:\Windows\SYSTEM32\USERENV.dll
0x00007ff8eacc0000 - 0x00007ff8eaccc000 	C:\Windows\SYSTEM32\CRYPTBASE.dll
0x00007ff8e6940000 - 0x00007ff8e6956000 	C:\Windows\SYSTEM32\dhcpcsvc6.DLL
0x00007ff8e6920000 - 0x00007ff8e693c000 	C:\Windows\SYSTEM32\dhcpcsvc.DLL
0x00007ff8d5e20000 - 0x00007ff8d5e2d000 	C:\Program Files\Java\jdk-15.0.2\bin\sunmscapi.dll
0x00007ff8eb620000 - 0x00007ff8eb771000 	C:\Windows\System32\CRYPT32.dll
0x00007ff8eb3a0000 - 0x00007ff8eb3b2000 	C:\Windows\System32\MSASN1.dll
0x00007ff8eae70000 - 0x00007ff8eae96000 	C:\Windows\SYSTEM32\ncrypt.dll
0x00007ff8eae30000 - 0x00007ff8eae6b000 	C:\Windows\SYSTEM32\NTASN1.dll

dbghelp: loaded successfully - version: 4.0.5 - missing functions: none
symbol engine: initialized successfully - sym options: 0x614 - pdb path: .;C:\Program Files\Java\jdk-15.0.2\bin;C:\Windows\SYSTEM32;C:\Windows\WinSxS\amd64_microsoft.windows.common-controls_6595b64144ccf1df_6.0.18362.1556_none_9e7e372fe45e41d5;C:\Program Files\Java\jdk-15.0.2\bin\server;C:\Program Files\JetBrains\IntelliJ IDEA Community Edition 2020.3.2\bin;C:\Program Files\Bonjour

VM Arguments:
jvm_args: -javaagent:C:\Program Files\JetBrains\IntelliJ IDEA Community Edition 2020.3.2\lib\idea_rt.jar=51939:C:\Program Files\JetBrains\IntelliJ IDEA Community Edition 2020.3.2\bin -Dfile.encoding=UTF-8 
java_command: dev.fenix.application.Application
java_class_path (initial): C:\Users\PC-FAYSSAL\IdeaProjects\appProduction_tc\target\classes;C:\Users\PC-FAYSSAL\.m2\repository\org\springframework\boot\spring-boot-starter-data-jpa\2.4.1\spring-boot-starter-data-jpa-2.4.1.jar;C:\Users\PC-FAYSSAL\.m2\repository\org\springframework\boot\spring-boot-starter-aop\2.4.1\spring-boot-starter-aop-2.4.1.jar;C:\Users\PC-FAYSSAL\.m2\repository\org\aspectj\aspectjweaver\1.9.6\aspectjweaver-1.9.6.jar;C:\Users\PC-FAYSSAL\.m2\repository\org\springframework\boot\spring-boot-starter-jdbc\2.4.1\spring-boot-starter-jdbc-2.4.1.jar;C:\Users\PC-FAYSSAL\.m2\repository\com\zaxxer\HikariCP\3.4.5\HikariCP-3.4.5.jar;C:\Users\PC-FAYSSAL\.m2\repository\org\springframework\spring-jdbc\5.3.2\spring-jdbc-5.3.2.jar;C:\Users\PC-FAYSSAL\.m2\repository\jakarta\transaction\jakarta.transaction-api\1.3.3\jakarta.transaction-api-1.3.3.jar;C:\Users\PC-FAYSSAL\.m2\repository\jakarta\persistence\jakarta.persistence-api\2.2.3\jakarta.persistence-api-2.2.3.jar;C:\Users\PC-FAYSSAL\.m2\repository\org\hibernate\hibernate-core\5.4.25.Final\hibernate-core-5.4.25.Final.jar;C:\Users\PC-FAYSSAL\.m2\repository\org\javassist\javassist\3.27.0-GA\javassist-3.27.0-GA.jar;C:\Users\PC-FAYSSAL\.m2\repository\net\bytebuddy\byte-buddy\1.10.18\byte-buddy-1.10.18.jar;C:\Users\PC-FAYSSAL\.m2\repository\antlr\antlr\2.7.7\antlr-2.7.7.jar;C:\Users\PC-FAYSSAL\.m2\repository\org\jboss\jandex\2.1.3.Final\jandex-2.1.3.Final.jar;C:\Users\PC-FAYSSAL\.m2\repository\org\hibernate\common\hibernate-commons-annotations\5.1.2.Final\hibernate-commons-annotations-5.1.2.Final.jar;C:\Users\PC-FAYSSAL\.m2\repository\org\springframework\data\spring-data-jpa\2.4.2\spring-data-jpa-2.4.2.jar;C:\Users\PC-FAYSSAL\.m2\repository\org\springframework\data\spring-data-commons\2.4.2\spring-data-commons-2.4.2.jar;C:\Users\PC-FAYSSAL\.m2\repository\org\springframework\spring-orm\5.3.2\spring-orm-5.3.2.jar;C:\Users\PC-FAYSSAL\.m2\repository\org\springframework\spring-context\5.3.2\spring-context-5.3.2.jar;C:\User
Launcher Type: SUN_STANDARD

[Global flags]
     intx CICompilerCount                          = 3                                         {product} {ergonomic}
     uint ConcGCThreads                            = 1                                         {product} {ergonomic}
     uint G1ConcRefinementThreads                  = 4                                         {product} {ergonomic}
   size_t G1HeapRegionSize                         = 1048576                                   {product} {ergonomic}
    uintx GCDrainStackTargetSize                   = 64                                        {product} {ergonomic}
   size_t InitialHeapSize                          = 134217728                                 {product} {ergonomic}
   size_t MarkStackSize                            = 4194304                                   {product} {ergonomic}
   size_t MaxHeapSize                              = 2122317824                                {product} {ergonomic}
   size_t MaxNewSize                               = 1272971264                                {product} {ergonomic}
   size_t MinHeapDeltaBytes                        = 1048576                                   {product} {ergonomic}
   size_t MinHeapSize                              = 8388608                                   {product} {ergonomic}
    uintx NonNMethodCodeHeapSize                   = 5832780                                {pd product} {ergonomic}
    uintx NonProfiledCodeHeapSize                  = 122912730                              {pd product} {ergonomic}
    uintx ProfiledCodeHeapSize                     = 122912730                              {pd product} {ergonomic}
    uintx ReservedCodeCacheSize                    = 251658240                              {pd product} {ergonomic}
     bool SegmentedCodeCache                       = true                                      {product} {ergonomic}
   size_t SoftMaxHeapSize                          = 2122317824                             {manageable} {ergonomic}
     bool UseCompressedClassPointers               = true                                 {lp64_product} {ergonomic}
     bool UseCompressedOops                        = true                                 {lp64_product} {ergonomic}
     bool UseG1GC                                  = true                                      {product} {ergonomic}
     bool UseLargePagesIndividualAllocation        = false                                  {pd product} {ergonomic}

Logging:
Log output configuration:
 #0: stdout all=warning uptime,level,tags
 #1: stderr all=off uptime,level,tags

Environment Variables:
JAVA_HOME=C:\Program Files\Java\jdk-15.0.2
PATH=C:\Program Files\Common Files\Oracle\Java\javapath;C:\Program Files (x86)\Common Files\Oracle\Java\javapath;C:\Program Files\AdoptOpenJDK\jre-11.0.7.10-hotspot\bin;C:\Program Files\AdoptOpenJDK\jre-8.0.252.09-hotspot\bin;C:\Program Files (x86)\AdoptOpenJDK\jre-8.0.252.09-hotspot\bin;C:\Windows\system32;C:\Windows;C:\Windows\System32\Wbem;C:\Windows\System32\WindowsPowerShell\v1.0\;C:\Windows\System32\OpenSSH\;C:\Program Files (x86)\AMD\ATI.ACE\Core-Static;C:\Program Files\Git\cmd;C:\flutter\bin;C:\xampp\php;C:\ProgramData\ComposerSetup\bin;C:\Program Files\nodejs\;C:\xlaminas\php;C:\Program Files (x86)\Intel\Intel(R) Management Engine Components\DAL;C:\Program Files\Intel\Intel(R) Management Engine Components\DAL;C:\Program Files\PuTTY\;C:\Program Files\Docker\Docker\resources\bin;C:\ProgramData\DockerDesktop\version-bin;C:\Program Files\MySQL\MySQL Shell 8.0\bin\;C:\Users\PC-FAYSSAL\AppData\Local\Microsoft\WindowsApps;C:\Program Files\JetBrains\PhpStorm 2021.1.4\bin;;C:\Users\PC-FAYSSAL\AppData\Roaming\Composer\vendor\bin;C:\Users\PC-FAYSSAL\AppData\Roaming\npm;C:\xlaminas\php;C:\dev\htdocs\laminas-mvc-skeleton;C:\Users\PC-FAYSSAL\AppData\Local\GitHubDesktop\bin;C:\Program Files\JetBrains\IntelliJ IDEA Community Edition 2020.3.2\bin;;C:\src\flutter\bin;C:\Users\PC-FAYSSAL\AppData\Local\Programs\Microsoft VS Code _ 2\bin
USERNAME=PC-FAYSSAL
OS=Windows_NT
PROCESSOR_IDENTIFIER=Intel64 Family 6 Model 78 Stepping 3, GenuineIntel



---------------  S Y S T E M  ---------------

OS:
 Windows 10 , 64 bit Build 18362 (10.0.18362.1500)
OS uptime: 5 days 1:18 hours
HyperV virtualization detected

CPU: total 4 (initial active 4) (2 cores per cpu, 2 threads per core) family 6 model 78 stepping 3 microcode 0xd6, cmov, cx8, fxsr, mmx, sse, sse2, sse3, ssse3, sse4.1, sse4.2, popcnt, vzeroupper, avx, avx2, aes, clmul, erms, 3dnowpref, lzcnt, ht, tsc, tscinvbit, bmi1, bmi2, adx, fma, clflush, clflushopt

Memory: 4k page, system-wide physical 8089M (315M free)
TotalPageFile size 32665M (AvailPageFile size 2M)
current process WorkingSet (physical memory assigned to process): 269M, peak: 270M
current process commit charge ("private bytes"): 301M, peak: 304M

vm_info: Java HotSpot(TM) 64-Bit Server VM (15.0.2+7-27) for windows-amd64 JRE (15.0.2+7-27), built on Dec  7 2020 20:07:01 by "mach5one" with unknown MS VC++:1925

END.
